[ 2017-03-01T17:50:28+08:00 ] ::1 /train/images/200905/thumb_img/12_thumb_G_1241965978410.jpg
ERR: 无法加载模块:Images

[ 2017-03-01T17:50:28+08:00 ] ::1 /train/image/more.gif
ERR: 无法加载模块:Image

[ 2017-03-01T17:50:28+08:00 ] ::1 /train/images/200905/thumb_img/10_thumb_G_1242973436403.jpg
ERR: 无法加载模块:Images

[ 2017-03-01T17:50:28+08:00 ] ::1 /train/images/200905/thumb_img/20_thumb_G_1242106490058.jpg
ERR: 无法加载模块:Images

[ 2017-03-01T17:50:28+08:00 ] ::1 /train/images/200905/thumb_img/24_thumb_G_1241971981429.jpg
ERR: 无法加载模块:Images

[ 2017-03-01T17:50:28+08:00 ] ::1 /train/images/200905/thumb_img/8_thumb_G_1241425513488.jpg
ERR: 无法加载模块:Images

[ 2017-03-01T17:50:28+08:00 ] ::1 /train/images/200905/thumb_img/32_thumb_G_1242110760196.jpg
ERR: 无法加载模块:Images

[ 2017-03-01T17:50:28+08:00 ] ::1 /train/image/more.gif
ERR: 无法加载模块:Image

[ 2017-03-01T17:50:28+08:00 ] ::1 /train/images/200905/thumb_img/12_thumb_G_1241965978410.jpg
ERR: 无法加载模块:Images

[ 2017-03-01T17:50:28+08:00 ] ::1 /train/images/200905/thumb_img/24_thumb_G_1241971981429.jpg
ERR: 无法加载模块:Images

[ 2017-03-01T17:50:28+08:00 ] ::1 /train/images/200905/thumb_img/20_thumb_G_1242106490058.jpg
ERR: 无法加载模块:Images

[ 2017-03-01T17:50:28+08:00 ] ::1 /train/images/200905/thumb_img/8_thumb_G_1241425513488.jpg
ERR: 无法加载模块:Images

[ 2017-03-01T17:50:28+08:00 ] ::1 /train/images/200905/thumb_img/10_thumb_G_1242973436403.jpg
ERR: 无法加载模块:Images

[ 2017-03-01T17:50:28+08:00 ] ::1 /train/images/200905/thumb_img/32_thumb_G_1242110760196.jpg
ERR: 无法加载模块:Images

[ 2017-03-01T17:50:29+08:00 ] ::1 /train/Shop/Home/Public/image/animated_favicon.gif
ERR: 无法加载模块:Shop

[ 2017-03-01T17:50:29+08:00 ] ::1 /train/favicon.ico
ERR: 无法加载模块:Favicon

[ 2017-03-01T17:50:53+08:00 ] ::1 /train/train/Admin/Checkcode/index?&height=40&width=145&font_size=20&time=0.9395164598710268
ERR: 无法加载模块:Train

[ 2017-03-01T17:50:54+08:00 ] ::1 /train/train/Admin/Checkcode/index?&height=40&width=145&font_size=20&time=0.8329886828650408
ERR: 无法加载模块:Train

[ 2017-03-01T17:50:55+08:00 ] ::1 /train/train/Admin/Checkcode/index?&height=40&width=145&font_size=20&time=0.17682369934764264
ERR: 无法加载模块:Train

[ 2017-03-01T17:50:56+08:00 ] ::1 /train/train/Admin/Checkcode/index?&height=40&width=145&font_size=20&time=0.4820258876495096
ERR: 无法加载模块:Train

[ 2017-03-01T17:50:56+08:00 ] ::1 /train/train/Admin/Checkcode/index?&height=40&width=145&font_size=20&time=0.699125960180337
ERR: 无法加载模块:Train

[ 2017-03-01T17:50:56+08:00 ] ::1 /train/train/Admin/Checkcode/index?&height=40&width=145&font_size=20&time=0.45042720444790074
ERR: 无法加载模块:Train

[ 2017-03-01T17:51:00+08:00 ] ::1 /train/images/200905/thumb_img/12_thumb_G_1241965978410.jpg
ERR: 无法加载模块:Images

[ 2017-03-01T17:51:00+08:00 ] ::1 /train/image/more.gif
ERR: 无法加载模块:Image

[ 2017-03-01T17:51:00+08:00 ] ::1 /train/images/200905/thumb_img/20_thumb_G_1242106490058.jpg
ERR: 无法加载模块:Images

[ 2017-03-01T17:51:00+08:00 ] ::1 /train/images/200905/thumb_img/24_thumb_G_1241971981429.jpg
ERR: 无法加载模块:Images

[ 2017-03-01T17:51:00+08:00 ] ::1 /train/images/200905/thumb_img/10_thumb_G_1242973436403.jpg
ERR: 无法加载模块:Images

[ 2017-03-01T17:51:00+08:00 ] ::1 /train/images/200905/thumb_img/32_thumb_G_1242110760196.jpg
ERR: 无法加载模块:Images

[ 2017-03-01T17:51:01+08:00 ] ::1 /train/images/200905/thumb_img/8_thumb_G_1241425513488.jpg
ERR: 无法加载模块:Images

