[ 2017-03-07T11:30:37+08:00 ] ::1 /train/images/200905/thumb_img/24_thumb_G_1241971981429.jpg
ERR: 无法加载模块:Images

[ 2017-03-07T11:30:37+08:00 ] ::1 /train/images/200905/thumb_img/12_thumb_G_1241965978410.jpg
ERR: 无法加载模块:Images

[ 2017-03-07T11:30:37+08:00 ] ::1 /train/images/200905/thumb_img/10_thumb_G_1242973436403.jpg
ERR: 无法加载模块:Images

[ 2017-03-07T11:30:37+08:00 ] ::1 /train/image/more.gif
ERR: 无法加载模块:Image

[ 2017-03-07T11:30:37+08:00 ] ::1 /train/images/200905/thumb_img/20_thumb_G_1242106490058.jpg
ERR: 无法加载模块:Images

[ 2017-03-07T11:30:37+08:00 ] ::1 /train/images/200905/thumb_img/8_thumb_G_1241425513488.jpg
ERR: 无法加载模块:Images

[ 2017-03-07T11:30:37+08:00 ] ::1 /train/images/200905/thumb_img/32_thumb_G_1242110760196.jpg
ERR: 无法加载模块:Images

[ 2017-03-07T11:30:37+08:00 ] ::1 /train/images/200905/thumb_img/8_thumb_G_1241425513488.jpg
ERR: 无法加载模块:Images

[ 2017-03-07T11:30:37+08:00 ] ::1 /train/images/200905/thumb_img/10_thumb_G_1242973436403.jpg
ERR: 无法加载模块:Images

[ 2017-03-07T11:30:37+08:00 ] ::1 /train/images/200905/thumb_img/12_thumb_G_1241965978410.jpg
ERR: 无法加载模块:Images

[ 2017-03-07T11:30:37+08:00 ] ::1 /train/image/more.gif
ERR: 无法加载模块:Image

[ 2017-03-07T11:30:37+08:00 ] ::1 /train/images/200905/thumb_img/32_thumb_G_1242110760196.jpg
ERR: 无法加载模块:Images

[ 2017-03-07T11:30:37+08:00 ] ::1 /train/images/200905/thumb_img/20_thumb_G_1242106490058.jpg
ERR: 无法加载模块:Images

[ 2017-03-07T11:30:37+08:00 ] ::1 /train/images/200905/thumb_img/24_thumb_G_1241971981429.jpg
ERR: 无法加载模块:Images

[ 2017-03-07T11:30:38+08:00 ] ::1 /train/Shop/Home/Public/image/animated_favicon.gif
ERR: 无法加载模块:Shop

[ 2017-03-07T11:30:38+08:00 ] ::1 /train/favicon.ico
ERR: 无法加载模块:Favicon

[ 2017-03-07T14:06:33+08:00 ] ::1 /train/image/more.gif
ERR: 无法加载模块:Image

[ 2017-03-07T14:06:33+08:00 ] ::1 /train/images/200905/thumb_img/20_thumb_G_1242106490058.jpg
ERR: 无法加载模块:Images

[ 2017-03-07T14:06:33+08:00 ] ::1 /train/images/200905/thumb_img/8_thumb_G_1241425513488.jpg
ERR: 无法加载模块:Images

[ 2017-03-07T14:06:33+08:00 ] ::1 /train/images/200905/thumb_img/12_thumb_G_1241965978410.jpg
ERR: 无法加载模块:Images

[ 2017-03-07T14:06:34+08:00 ] ::1 /train/images/200905/thumb_img/32_thumb_G_1242110760196.jpg
ERR: 无法加载模块:Images

[ 2017-03-07T14:06:34+08:00 ] ::1 /train/images/200905/thumb_img/24_thumb_G_1241971981429.jpg
ERR: 无法加载模块:Images

[ 2017-03-07T14:06:34+08:00 ] ::1 /train/images/200905/thumb_img/10_thumb_G_1242973436403.jpg
ERR: 无法加载模块:Images

[ 2017-03-07T14:06:36+08:00 ] ::1 /train/category.php?id=3
ERR: 无法加载模块:Category

[ 2017-03-07T14:06:38+08:00 ] ::1 /train/category.php?id=5
ERR: 无法加载模块:Category

[ 2017-03-07T14:06:41+08:00 ] ::1 /train/user.php
ERR: 无法加载模块:User

[ 2017-03-07T14:06:43+08:00 ] ::1 /train/user.php?act=register
ERR: 无法加载模块:User

[ 2017-03-07T14:06:49+08:00 ] ::1 /train/flow.php
ERR: 无法加载模块:Flow

