[ 2017-03-16T11:02:40+08:00 ] ::1 /train/images/200905/thumb_img/10_thumb_G_1242973436403.jpg
ERR: 无法加载模块:Images

[ 2017-03-16T11:02:40+08:00 ] ::1 /train/image/more.gif
ERR: 无法加载模块:Image

[ 2017-03-16T11:02:40+08:00 ] ::1 /train/images/200905/thumb_img/24_thumb_G_1241971981429.jpg
ERR: 无法加载模块:Images

[ 2017-03-16T11:02:40+08:00 ] ::1 /train/images/200905/thumb_img/20_thumb_G_1242106490058.jpg
ERR: 无法加载模块:Images

[ 2017-03-16T11:02:40+08:00 ] ::1 /train/images/200905/thumb_img/12_thumb_G_1241965978410.jpg
ERR: 无法加载模块:Images

[ 2017-03-16T11:02:40+08:00 ] ::1 /train/images/200905/thumb_img/8_thumb_G_1241425513488.jpg
ERR: 无法加载模块:Images

[ 2017-03-16T11:02:40+08:00 ] ::1 /train/images/200905/thumb_img/32_thumb_G_1242110760196.jpg
ERR: 无法加载模块:Images

[ 2017-03-16T11:02:41+08:00 ] ::1 /train/images/200905/thumb_img/8_thumb_G_1241425513488.jpg
ERR: 无法加载模块:Images

[ 2017-03-16T11:02:41+08:00 ] ::1 /train/images/200905/thumb_img/12_thumb_G_1241965978410.jpg
ERR: 无法加载模块:Images

[ 2017-03-16T11:02:41+08:00 ] ::1 /train/images/200905/thumb_img/10_thumb_G_1242973436403.jpg
ERR: 无法加载模块:Images

[ 2017-03-16T11:02:41+08:00 ] ::1 /train/image/more.gif
ERR: 无法加载模块:Image

[ 2017-03-16T11:02:41+08:00 ] ::1 /train/images/200905/thumb_img/20_thumb_G_1242106490058.jpg
ERR: 无法加载模块:Images

[ 2017-03-16T11:02:41+08:00 ] ::1 /train/images/200905/thumb_img/24_thumb_G_1241971981429.jpg
ERR: 无法加载模块:Images

[ 2017-03-16T11:02:41+08:00 ] ::1 /train/images/200905/thumb_img/32_thumb_G_1242110760196.jpg
ERR: 无法加载模块:Images

[ 2017-03-16T11:02:41+08:00 ] ::1 /train/Shop/Home/Public/image/animated_favicon.gif
ERR: 无法加载模块:Shop

[ 2017-03-16T11:02:41+08:00 ] ::1 /train/favicon.ico
ERR: 无法加载模块:Favicon

[ 2017-03-16T11:02:50+08:00 ] ::1 /train/image/more.gif
ERR: 无法加载模块:Image

[ 2017-03-16T11:02:50+08:00 ] ::1 /train/images/200905/thumb_img/12_thumb_G_1241965978410.jpg
ERR: 无法加载模块:Images

[ 2017-03-16T11:02:50+08:00 ] ::1 /train/images/200905/thumb_img/32_thumb_G_1242110760196.jpg
ERR: 无法加载模块:Images

[ 2017-03-16T11:02:50+08:00 ] ::1 /train/images/200905/thumb_img/20_thumb_G_1242106490058.jpg
ERR: 无法加载模块:Images

[ 2017-03-16T11:02:50+08:00 ] ::1 /train/images/200905/thumb_img/10_thumb_G_1242973436403.jpg
ERR: 无法加载模块:Images

[ 2017-03-16T11:02:50+08:00 ] ::1 /train/images/200905/thumb_img/8_thumb_G_1241425513488.jpg
ERR: 无法加载模块:Images

[ 2017-03-16T11:02:50+08:00 ] ::1 /train/images/200905/thumb_img/24_thumb_G_1241971981429.jpg
ERR: 无法加载模块:Images

[ 2017-03-16T11:02:53+08:00 ] ::1 /train/image/more.gif
ERR: 无法加载模块:Image

[ 2017-03-16T11:02:53+08:00 ] ::1 /train/images/200905/thumb_img/24_thumb_G_1241971981429.jpg
ERR: 无法加载模块:Images

[ 2017-03-16T11:02:53+08:00 ] ::1 /train/images/200905/thumb_img/20_thumb_G_1242106490058.jpg
ERR: 无法加载模块:Images

[ 2017-03-16T11:02:53+08:00 ] ::1 /train/images/200905/thumb_img/8_thumb_G_1241425513488.jpg
ERR: 无法加载模块:Images

[ 2017-03-16T11:02:53+08:00 ] ::1 /train/images/200905/thumb_img/10_thumb_G_1242973436403.jpg
ERR: 无法加载模块:Images

[ 2017-03-16T11:02:53+08:00 ] ::1 /train/images/200905/thumb_img/12_thumb_G_1241965978410.jpg
ERR: 无法加载模块:Images

[ 2017-03-16T11:02:53+08:00 ] ::1 /train/images/200905/thumb_img/32_thumb_G_1242110760196.jpg
ERR: 无法加载模块:Images

[ 2017-03-16T11:02:57+08:00 ] ::1 /train/images/200905/thumb_img/24_thumb_G_1241971981429.jpg
ERR: 无法加载模块:Images

[ 2017-03-16T11:02:57+08:00 ] ::1 /train/images/200905/thumb_img/10_thumb_G_1242973436403.jpg
ERR: 无法加载模块:Images

[ 2017-03-16T11:02:57+08:00 ] ::1 /train/images/200905/thumb_img/12_thumb_G_1241965978410.jpg
ERR: 无法加载模块:Images

[ 2017-03-16T11:02:57+08:00 ] ::1 /train/image/more.gif
ERR: 无法加载模块:Image

[ 2017-03-16T11:02:57+08:00 ] ::1 /train/images/200905/thumb_img/20_thumb_G_1242106490058.jpg
ERR: 无法加载模块:Images

[ 2017-03-16T11:02:57+08:00 ] ::1 /train/images/200905/thumb_img/8_thumb_G_1241425513488.jpg
ERR: 无法加载模块:Images

[ 2017-03-16T11:02:58+08:00 ] ::1 /train/image/more.gif
ERR: 无法加载模块:Image

[ 2017-03-16T11:02:58+08:00 ] ::1 /train/images/200905/thumb_img/12_thumb_G_1241965978410.jpg
ERR: 无法加载模块:Images

[ 2017-03-16T11:02:58+08:00 ] ::1 /train/images/200905/thumb_img/32_thumb_G_1242110760196.jpg
ERR: 无法加载模块:Images

[ 2017-03-16T11:02:58+08:00 ] ::1 /train/images/200905/thumb_img/10_thumb_G_1242973436403.jpg
ERR: 无法加载模块:Images

[ 2017-03-16T11:02:58+08:00 ] ::1 /train/images/200905/thumb_img/20_thumb_G_1242106490058.jpg
ERR: 无法加载模块:Images

[ 2017-03-16T11:02:58+08:00 ] ::1 /train/images/200905/thumb_img/24_thumb_G_1241971981429.jpg
ERR: 无法加载模块:Images

[ 2017-03-16T11:02:58+08:00 ] ::1 /train/images/200905/thumb_img/8_thumb_G_1241425513488.jpg
ERR: 无法加载模块:Images

[ 2017-03-16T11:03:01+08:00 ] ::1 /train/image/more.gif
ERR: 无法加载模块:Image

[ 2017-03-16T11:03:01+08:00 ] ::1 /train/images/200905/thumb_img/20_thumb_G_1242106490058.jpg
ERR: 无法加载模块:Images

[ 2017-03-16T11:03:01+08:00 ] ::1 /train/images/200905/thumb_img/24_thumb_G_1241971981429.jpg
ERR: 无法加载模块:Images

[ 2017-03-16T11:03:01+08:00 ] ::1 /train/images/200905/thumb_img/10_thumb_G_1242973436403.jpg
ERR: 无法加载模块:Images

[ 2017-03-16T11:03:01+08:00 ] ::1 /train/images/200905/thumb_img/12_thumb_G_1241965978410.jpg
ERR: 无法加载模块:Images

[ 2017-03-16T11:03:01+08:00 ] ::1 /train/images/200905/thumb_img/8_thumb_G_1241425513488.jpg
ERR: 无法加载模块:Images

[ 2017-03-16T11:03:01+08:00 ] ::1 /train/images/200905/thumb_img/32_thumb_G_1242110760196.jpg
ERR: 无法加载模块:Images

[ 2017-03-16T11:03:02+08:00 ] ::1 /train/images/200905/thumb_img/8_thumb_G_1241425513488.jpg
ERR: 无法加载模块:Images

[ 2017-03-16T11:03:02+08:00 ] ::1 /train/image/more.gif
ERR: 无法加载模块:Image

[ 2017-03-16T11:03:02+08:00 ] ::1 /train/images/200905/thumb_img/24_thumb_G_1241971981429.jpg
ERR: 无法加载模块:Images

[ 2017-03-16T11:03:02+08:00 ] ::1 /train/images/200905/thumb_img/20_thumb_G_1242106490058.jpg
ERR: 无法加载模块:Images

[ 2017-03-16T11:03:03+08:00 ] ::1 /train/images/200905/thumb_img/10_thumb_G_1242973436403.jpg
ERR: 无法加载模块:Images

[ 2017-03-16T11:03:03+08:00 ] ::1 /train/images/200905/thumb_img/12_thumb_G_1241965978410.jpg
ERR: 无法加载模块:Images

[ 2017-03-16T11:03:03+08:00 ] ::1 /train/images/200905/thumb_img/32_thumb_G_1242110760196.jpg
ERR: 无法加载模块:Images

[ 2017-03-16T11:03:03+08:00 ] ::1 /train/images/200905/thumb_img/8_thumb_G_1241425513488.jpg
ERR: 无法加载模块:Images

[ 2017-03-16T11:03:03+08:00 ] ::1 /train/images/200905/thumb_img/10_thumb_G_1242973436403.jpg
ERR: 无法加载模块:Images

[ 2017-03-16T11:03:03+08:00 ] ::1 /train/images/200905/thumb_img/12_thumb_G_1241965978410.jpg
ERR: 无法加载模块:Images

[ 2017-03-16T11:03:03+08:00 ] ::1 /train/images/200905/thumb_img/24_thumb_G_1241971981429.jpg
ERR: 无法加载模块:Images

[ 2017-03-16T11:03:03+08:00 ] ::1 /train/images/200905/thumb_img/20_thumb_G_1242106490058.jpg
ERR: 无法加载模块:Images

[ 2017-03-16T11:03:03+08:00 ] ::1 /train/images/200905/thumb_img/32_thumb_G_1242110760196.jpg
ERR: 无法加载模块:Images

[ 2017-03-16T11:03:17+08:00 ] ::1 /train/images/200905/thumb_img/24_thumb_G_1241971981429.jpg
ERR: 无法加载模块:Images

[ 2017-03-16T11:03:17+08:00 ] ::1 /train/images/200905/thumb_img/8_thumb_G_1241425513488.jpg
ERR: 无法加载模块:Images

[ 2017-03-16T11:03:17+08:00 ] ::1 /train/images/200905/thumb_img/12_thumb_G_1241965978410.jpg
ERR: 无法加载模块:Images

[ 2017-03-16T11:03:17+08:00 ] ::1 /train/images/200905/thumb_img/20_thumb_G_1242106490058.jpg
ERR: 无法加载模块:Images

[ 2017-03-16T11:03:17+08:00 ] ::1 /train/image/more.gif
ERR: 无法加载模块:Image

[ 2017-03-16T11:03:17+08:00 ] ::1 /train/images/200905/thumb_img/10_thumb_G_1242973436403.jpg
ERR: 无法加载模块:Images

[ 2017-03-16T11:03:17+08:00 ] ::1 /train/images/200905/thumb_img/32_thumb_G_1242110760196.jpg
ERR: 无法加载模块:Images

[ 2017-03-16T11:03:17+08:00 ] ::1 /train/images/200905/thumb_img/12_thumb_G_1241965978410.jpg
ERR: 无法加载模块:Images

[ 2017-03-16T11:03:17+08:00 ] ::1 /train/images/200905/thumb_img/10_thumb_G_1242973436403.jpg
ERR: 无法加载模块:Images

[ 2017-03-16T11:03:17+08:00 ] ::1 /train/image/more.gif
ERR: 无法加载模块:Image

[ 2017-03-16T11:03:17+08:00 ] ::1 /train/images/200905/thumb_img/24_thumb_G_1241971981429.jpg
ERR: 无法加载模块:Images

[ 2017-03-16T11:03:17+08:00 ] ::1 /train/images/200905/thumb_img/8_thumb_G_1241425513488.jpg
ERR: 无法加载模块:Images

[ 2017-03-16T11:03:17+08:00 ] ::1 /train/images/200905/thumb_img/20_thumb_G_1242106490058.jpg
ERR: 无法加载模块:Images

[ 2017-03-16T11:03:17+08:00 ] ::1 /train/images/200905/thumb_img/32_thumb_G_1242110760196.jpg
ERR: 无法加载模块:Images

[ 2017-03-16T11:03:18+08:00 ] ::1 /train/images/200905/thumb_img/20_thumb_G_1242106490058.jpg
ERR: 无法加载模块:Images

[ 2017-03-16T11:03:18+08:00 ] ::1 /train/images/200905/thumb_img/10_thumb_G_1242973436403.jpg
ERR: 无法加载模块:Images

[ 2017-03-16T11:03:18+08:00 ] ::1 /train/images/200905/thumb_img/8_thumb_G_1241425513488.jpg
ERR: 无法加载模块:Images

[ 2017-03-16T11:03:18+08:00 ] ::1 /train/images/200905/thumb_img/12_thumb_G_1241965978410.jpg
ERR: 无法加载模块:Images

[ 2017-03-16T11:03:18+08:00 ] ::1 /train/images/200905/thumb_img/24_thumb_G_1241971981429.jpg
ERR: 无法加载模块:Images

[ 2017-03-16T11:03:18+08:00 ] ::1 /train/image/more.gif
ERR: 无法加载模块:Image

[ 2017-03-16T11:03:18+08:00 ] ::1 /train/images/200905/thumb_img/32_thumb_G_1242110760196.jpg
ERR: 无法加载模块:Images

[ 2017-03-16T11:03:23+08:00 ] ::1 /train/image/more.gif
ERR: 无法加载模块:Image

[ 2017-03-16T11:03:24+08:00 ] ::1 /train/images/200905/thumb_img/32_thumb_G_1242110760196.jpg
ERR: 无法加载模块:Images

[ 2017-03-16T11:03:24+08:00 ] ::1 /train/images/200905/thumb_img/10_thumb_G_1242973436403.jpg
ERR: 无法加载模块:Images

[ 2017-03-16T11:03:24+08:00 ] ::1 /train/images/200905/thumb_img/12_thumb_G_1241965978410.jpg
ERR: 无法加载模块:Images

[ 2017-03-16T11:03:24+08:00 ] ::1 /train/images/200905/thumb_img/20_thumb_G_1242106490058.jpg
ERR: 无法加载模块:Images

[ 2017-03-16T11:03:24+08:00 ] ::1 /train/images/200905/thumb_img/24_thumb_G_1241971981429.jpg
ERR: 无法加载模块:Images

[ 2017-03-16T11:03:24+08:00 ] ::1 /train/images/200905/thumb_img/8_thumb_G_1241425513488.jpg
ERR: 无法加载模块:Images

[ 2017-03-16T11:03:24+08:00 ] ::1 /train/images/200905/thumb_img/12_thumb_G_1241965978410.jpg
ERR: 无法加载模块:Images

[ 2017-03-16T11:03:24+08:00 ] ::1 /train/images/200905/thumb_img/8_thumb_G_1241425513488.jpg
ERR: 无法加载模块:Images

[ 2017-03-16T11:03:24+08:00 ] ::1 /train/image/more.gif
ERR: 无法加载模块:Image

[ 2017-03-16T11:03:24+08:00 ] ::1 /train/images/200905/thumb_img/10_thumb_G_1242973436403.jpg
ERR: 无法加载模块:Images

[ 2017-03-16T11:03:24+08:00 ] ::1 /train/images/200905/thumb_img/20_thumb_G_1242106490058.jpg
ERR: 无法加载模块:Images

[ 2017-03-16T11:03:24+08:00 ] ::1 /train/images/200905/thumb_img/32_thumb_G_1242110760196.jpg
ERR: 无法加载模块:Images

[ 2017-03-16T11:03:24+08:00 ] ::1 /train/images/200905/thumb_img/24_thumb_G_1241971981429.jpg
ERR: 无法加载模块:Images

[ 2017-03-16T11:32:42+08:00 ] ::1 /train/images/200905/thumb_img/12_thumb_G_1241965978410.jpg
ERR: 无法加载模块:Images

[ 2017-03-16T11:32:42+08:00 ] ::1 /train/images/200905/thumb_img/20_thumb_G_1242106490058.jpg
ERR: 无法加载模块:Images

[ 2017-03-16T11:32:42+08:00 ] ::1 /train/image/more.gif
ERR: 无法加载模块:Image

[ 2017-03-16T11:32:42+08:00 ] ::1 /train/images/200905/thumb_img/32_thumb_G_1242110760196.jpg
ERR: 无法加载模块:Images

[ 2017-03-16T11:32:42+08:00 ] ::1 /train/images/200905/thumb_img/24_thumb_G_1241971981429.jpg
ERR: 无法加载模块:Images

[ 2017-03-16T11:32:42+08:00 ] ::1 /train/images/200905/thumb_img/10_thumb_G_1242973436403.jpg
ERR: 无法加载模块:Images

[ 2017-03-16T11:32:42+08:00 ] ::1 /train/images/200905/thumb_img/8_thumb_G_1241425513488.jpg
ERR: 无法加载模块:Images

[ 2017-03-16T11:34:03+08:00 ] ::1 /train/image/more.gif
ERR: 无法加载模块:Image

[ 2017-03-16T11:34:03+08:00 ] ::1 /train/images/200905/thumb_img/32_thumb_G_1242110760196.jpg
ERR: 无法加载模块:Images

[ 2017-03-16T11:34:03+08:00 ] ::1 /train/images/200905/thumb_img/12_thumb_G_1241965978410.jpg
ERR: 无法加载模块:Images

[ 2017-03-16T11:34:03+08:00 ] ::1 /train/images/200905/thumb_img/10_thumb_G_1242973436403.jpg
ERR: 无法加载模块:Images

[ 2017-03-16T11:34:03+08:00 ] ::1 /train/images/200905/thumb_img/8_thumb_G_1241425513488.jpg
ERR: 无法加载模块:Images

[ 2017-03-16T11:34:03+08:00 ] ::1 /train/images/200905/thumb_img/20_thumb_G_1242106490058.jpg
ERR: 无法加载模块:Images

[ 2017-03-16T11:34:03+08:00 ] ::1 /train/images/200905/thumb_img/24_thumb_G_1241971981429.jpg
ERR: 无法加载模块:Images

[ 2017-03-16T11:34:07+08:00 ] ::1 /train/image/more.gif
ERR: 无法加载模块:Image

[ 2017-03-16T11:34:07+08:00 ] ::1 /train/images/200905/thumb_img/8_thumb_G_1241425513488.jpg
ERR: 无法加载模块:Images

[ 2017-03-16T11:34:07+08:00 ] ::1 /train/images/200905/thumb_img/10_thumb_G_1242973436403.jpg
ERR: 无法加载模块:Images

[ 2017-03-16T11:34:07+08:00 ] ::1 /train/images/200905/thumb_img/12_thumb_G_1241965978410.jpg
ERR: 无法加载模块:Images

[ 2017-03-16T11:34:07+08:00 ] ::1 /train/images/200905/thumb_img/24_thumb_G_1241971981429.jpg
ERR: 无法加载模块:Images

[ 2017-03-16T11:34:07+08:00 ] ::1 /train/images/200905/thumb_img/20_thumb_G_1242106490058.jpg
ERR: 无法加载模块:Images

[ 2017-03-16T11:34:07+08:00 ] ::1 /train/images/200905/thumb_img/32_thumb_G_1242110760196.jpg
ERR: 无法加载模块:Images

[ 2017-03-16T11:34:07+08:00 ] ::1 /train/image/more.gif
ERR: 无法加载模块:Image

[ 2017-03-16T11:34:07+08:00 ] ::1 /train/images/200905/thumb_img/12_thumb_G_1241965978410.jpg
ERR: 无法加载模块:Images

[ 2017-03-16T11:34:07+08:00 ] ::1 /train/images/200905/thumb_img/8_thumb_G_1241425513488.jpg
ERR: 无法加载模块:Images

[ 2017-03-16T11:34:07+08:00 ] ::1 /train/images/200905/thumb_img/10_thumb_G_1242973436403.jpg
ERR: 无法加载模块:Images

[ 2017-03-16T11:35:23+08:00 ] ::1 /train/image/more.gif
ERR: 无法加载模块:Image

[ 2017-03-16T11:35:23+08:00 ] ::1 /train/images/200905/thumb_img/10_thumb_G_1242973436403.jpg
ERR: 无法加载模块:Images

[ 2017-03-16T11:35:23+08:00 ] ::1 /train/images/200905/thumb_img/8_thumb_G_1241425513488.jpg
ERR: 无法加载模块:Images

[ 2017-03-16T11:35:23+08:00 ] ::1 /train/images/200905/thumb_img/32_thumb_G_1242110760196.jpg
ERR: 无法加载模块:Images

[ 2017-03-16T11:35:23+08:00 ] ::1 /train/images/200905/thumb_img/12_thumb_G_1241965978410.jpg
ERR: 无法加载模块:Images

[ 2017-03-16T11:35:23+08:00 ] ::1 /train/images/200905/thumb_img/20_thumb_G_1242106490058.jpg
ERR: 无法加载模块:Images

[ 2017-03-16T11:35:23+08:00 ] ::1 /train/images/200905/thumb_img/24_thumb_G_1241971981429.jpg
ERR: 无法加载模块:Images

[ 2017-03-16T11:35:47+08:00 ] ::1 /train/user.php
ERR: 无法加载模块:User

[ 2017-03-16T11:37:11+08:00 ] ::1 /train/image/more.gif
ERR: 无法加载模块:Image

[ 2017-03-16T11:37:11+08:00 ] ::1 /train/images/200905/thumb_img/20_thumb_G_1242106490058.jpg
ERR: 无法加载模块:Images

[ 2017-03-16T11:37:11+08:00 ] ::1 /train/images/200905/thumb_img/32_thumb_G_1242110760196.jpg
ERR: 无法加载模块:Images

[ 2017-03-16T11:37:11+08:00 ] ::1 /train/images/200905/thumb_img/24_thumb_G_1241971981429.jpg
ERR: 无法加载模块:Images

[ 2017-03-16T11:37:11+08:00 ] ::1 /train/images/200905/thumb_img/12_thumb_G_1241965978410.jpg
ERR: 无法加载模块:Images

[ 2017-03-16T11:37:11+08:00 ] ::1 /train/images/200905/thumb_img/10_thumb_G_1242973436403.jpg
ERR: 无法加载模块:Images

[ 2017-03-16T11:37:11+08:00 ] ::1 /train/images/200905/thumb_img/8_thumb_G_1241425513488.jpg
ERR: 无法加载模块:Images

[ 2017-03-16T11:41:52+08:00 ] ::1 /train/images/200905/thumb_img/8_thumb_G_1241425513488.jpg
ERR: 无法加载模块:Images

[ 2017-03-16T11:41:52+08:00 ] ::1 /train/image/more.gif
ERR: 无法加载模块:Image

[ 2017-03-16T11:41:52+08:00 ] ::1 /train/images/200905/thumb_img/24_thumb_G_1241971981429.jpg
ERR: 无法加载模块:Images

[ 2017-03-16T11:41:52+08:00 ] ::1 /train/images/200905/thumb_img/12_thumb_G_1241965978410.jpg
ERR: 无法加载模块:Images

[ 2017-03-16T11:41:52+08:00 ] ::1 /train/images/200905/thumb_img/10_thumb_G_1242973436403.jpg
ERR: 无法加载模块:Images

[ 2017-03-16T11:41:52+08:00 ] ::1 /train/images/200905/thumb_img/20_thumb_G_1242106490058.jpg
ERR: 无法加载模块:Images

[ 2017-03-16T11:41:52+08:00 ] ::1 /train/images/200905/thumb_img/32_thumb_G_1242110760196.jpg
ERR: 无法加载模块:Images

[ 2017-03-16T11:41:52+08:00 ] ::1 /train/image/more.gif
ERR: 无法加载模块:Image

[ 2017-03-16T11:41:52+08:00 ] ::1 /train/images/200905/thumb_img/24_thumb_G_1241971981429.jpg
ERR: 无法加载模块:Images

[ 2017-03-16T11:41:52+08:00 ] ::1 /train/images/200905/thumb_img/10_thumb_G_1242973436403.jpg
ERR: 无法加载模块:Images

[ 2017-03-16T11:41:52+08:00 ] ::1 /train/images/200905/thumb_img/20_thumb_G_1242106490058.jpg
ERR: 无法加载模块:Images

[ 2017-03-16T11:41:52+08:00 ] ::1 /train/images/200905/thumb_img/12_thumb_G_1241965978410.jpg
ERR: 无法加载模块:Images

[ 2017-03-16T11:41:52+08:00 ] ::1 /train/images/200905/thumb_img/8_thumb_G_1241425513488.jpg
ERR: 无法加载模块:Images

[ 2017-03-16T11:53:02+08:00 ] ::1 /train/images/note.gif
ERR: 无法加载模块:Images

[ 2017-03-16T13:35:12+08:00 ] ::1 /train/user.php?act=account_log
ERR: 无法加载模块:User

[ 2017-03-16T13:35:15+08:00 ] ::1 /train/user.php?act=bonus
ERR: 无法加载模块:User

[ 2017-03-16T13:35:18+08:00 ] ::1 /train/user.php?act=send_hash_mail&1489642518347347
ERR: 无法加载模块:User

[ 2017-03-16T13:35:34+08:00 ] ::1 /train/image/more.gif
ERR: 无法加载模块:Image

[ 2017-03-16T13:35:34+08:00 ] ::1 /train/images/200905/thumb_img/10_thumb_G_1242973436403.jpg
ERR: 无法加载模块:Images

[ 2017-03-16T13:35:34+08:00 ] ::1 /train/images/200905/thumb_img/20_thumb_G_1242106490058.jpg
ERR: 无法加载模块:Images

[ 2017-03-16T13:35:35+08:00 ] ::1 /train/images/200905/thumb_img/12_thumb_G_1241965978410.jpg
ERR: 无法加载模块:Images

[ 2017-03-16T13:35:35+08:00 ] ::1 /train/images/200905/thumb_img/24_thumb_G_1241971981429.jpg
ERR: 无法加载模块:Images

[ 2017-03-16T13:35:35+08:00 ] ::1 /train/images/200905/thumb_img/8_thumb_G_1241425513488.jpg
ERR: 无法加载模块:Images

[ 2017-03-16T13:35:35+08:00 ] ::1 /train/images/200905/thumb_img/32_thumb_G_1242110760196.jpg
ERR: 无法加载模块:Images

[ 2017-03-16T20:01:22+08:00 ] ::1 /train/images/200905/thumb_img/20_thumb_G_1242106490058.jpg
ERR: 无法加载模块:Images

[ 2017-03-16T20:01:22+08:00 ] ::1 /train/image/more.gif
ERR: 无法加载模块:Image

[ 2017-03-16T20:01:22+08:00 ] ::1 /train/images/200905/thumb_img/32_thumb_G_1242110760196.jpg
ERR: 无法加载模块:Images

[ 2017-03-16T20:01:22+08:00 ] ::1 /train/images/200905/thumb_img/24_thumb_G_1241971981429.jpg
ERR: 无法加载模块:Images

[ 2017-03-16T20:01:22+08:00 ] ::1 /train/images/200905/thumb_img/10_thumb_G_1242973436403.jpg
ERR: 无法加载模块:Images

[ 2017-03-16T20:01:22+08:00 ] ::1 /train/images/200905/thumb_img/12_thumb_G_1241965978410.jpg
ERR: 无法加载模块:Images

[ 2017-03-16T20:01:22+08:00 ] ::1 /train/images/200905/thumb_img/8_thumb_G_1241425513488.jpg
ERR: 无法加载模块:Images

[ 2017-03-16T20:01:33+08:00 ] ::1 /train/image/more.gif
ERR: 无法加载模块:Image

[ 2017-03-16T20:01:33+08:00 ] ::1 /train/images/200905/thumb_img/12_thumb_G_1241965978410.jpg
ERR: 无法加载模块:Images

[ 2017-03-16T20:01:33+08:00 ] ::1 /train/images/200905/thumb_img/20_thumb_G_1242106490058.jpg
ERR: 无法加载模块:Images

[ 2017-03-16T20:01:33+08:00 ] ::1 /train/images/200905/thumb_img/32_thumb_G_1242110760196.jpg
ERR: 无法加载模块:Images

[ 2017-03-16T20:01:33+08:00 ] ::1 /train/images/200905/thumb_img/10_thumb_G_1242973436403.jpg
ERR: 无法加载模块:Images

[ 2017-03-16T20:01:33+08:00 ] ::1 /train/images/200905/thumb_img/8_thumb_G_1241425513488.jpg
ERR: 无法加载模块:Images

[ 2017-03-16T20:01:33+08:00 ] ::1 /train/images/200905/thumb_img/24_thumb_G_1241971981429.jpg
ERR: 无法加载模块:Images

[ 2017-03-16T20:03:05+08:00 ] ::1 /train/images/200905/thumb_img/24_thumb_G_1241971981429.jpg
ERR: 无法加载模块:Images

[ 2017-03-16T20:03:05+08:00 ] ::1 /train/image/more.gif
ERR: 无法加载模块:Image

[ 2017-03-16T20:03:05+08:00 ] ::1 /train/images/200905/thumb_img/10_thumb_G_1242973436403.jpg
ERR: 无法加载模块:Images

[ 2017-03-16T20:03:05+08:00 ] ::1 /train/images/200905/thumb_img/12_thumb_G_1241965978410.jpg
ERR: 无法加载模块:Images

[ 2017-03-16T20:03:05+08:00 ] ::1 /train/images/200905/thumb_img/20_thumb_G_1242106490058.jpg
ERR: 无法加载模块:Images

[ 2017-03-16T20:03:05+08:00 ] ::1 /train/images/200905/thumb_img/32_thumb_G_1242110760196.jpg
ERR: 无法加载模块:Images

[ 2017-03-16T20:03:05+08:00 ] ::1 /train/images/200905/thumb_img/8_thumb_G_1241425513488.jpg
ERR: 无法加载模块:Images

[ 2017-03-16T20:03:17+08:00 ] ::1 /train/image/more.gif
ERR: 无法加载模块:Image

[ 2017-03-16T20:03:17+08:00 ] ::1 /train/images/200905/thumb_img/24_thumb_G_1241971981429.jpg
ERR: 无法加载模块:Images

[ 2017-03-16T20:03:17+08:00 ] ::1 /train/images/200905/thumb_img/20_thumb_G_1242106490058.jpg
ERR: 无法加载模块:Images

[ 2017-03-16T20:03:17+08:00 ] ::1 /train/images/200905/thumb_img/10_thumb_G_1242973436403.jpg
ERR: 无法加载模块:Images

[ 2017-03-16T20:03:17+08:00 ] ::1 /train/images/200905/thumb_img/12_thumb_G_1241965978410.jpg
ERR: 无法加载模块:Images

[ 2017-03-16T20:03:17+08:00 ] ::1 /train/images/200905/thumb_img/8_thumb_G_1241425513488.jpg
ERR: 无法加载模块:Images

[ 2017-03-16T20:03:17+08:00 ] ::1 /train/images/200905/thumb_img/32_thumb_G_1242110760196.jpg
ERR: 无法加载模块:Images

[ 2017-03-16T20:04:03+08:00 ] ::1 /train/images/200905/thumb_img/20_thumb_G_1242106490058.jpg
ERR: 无法加载模块:Images

[ 2017-03-16T20:04:03+08:00 ] ::1 /train/images/200905/thumb_img/10_thumb_G_1242973436403.jpg
ERR: 无法加载模块:Images

[ 2017-03-16T20:04:03+08:00 ] ::1 /train/images/200905/thumb_img/12_thumb_G_1241965978410.jpg
ERR: 无法加载模块:Images

[ 2017-03-16T20:04:03+08:00 ] ::1 /train/images/200905/thumb_img/8_thumb_G_1241425513488.jpg
ERR: 无法加载模块:Images

[ 2017-03-16T20:04:03+08:00 ] ::1 /train/images/200905/thumb_img/24_thumb_G_1241971981429.jpg
ERR: 无法加载模块:Images

[ 2017-03-16T20:04:03+08:00 ] ::1 /train/images/200905/thumb_img/32_thumb_G_1242110760196.jpg
ERR: 无法加载模块:Images

[ 2017-03-16T20:04:03+08:00 ] ::1 /train/image/more.gif
ERR: 无法加载模块:Image

[ 2017-03-16T20:04:03+08:00 ] ::1 /train/images/200905/thumb_img/12_thumb_G_1241965978410.jpg
ERR: 无法加载模块:Images

[ 2017-03-16T20:04:03+08:00 ] ::1 /train/images/200905/thumb_img/20_thumb_G_1242106490058.jpg
ERR: 无法加载模块:Images

[ 2017-03-16T20:04:03+08:00 ] ::1 /train/images/200905/thumb_img/8_thumb_G_1241425513488.jpg
ERR: 无法加载模块:Images

[ 2017-03-16T20:04:03+08:00 ] ::1 /train/images/200905/thumb_img/24_thumb_G_1241971981429.jpg
ERR: 无法加载模块:Images

[ 2017-03-16T20:04:03+08:00 ] ::1 /train/images/200905/thumb_img/10_thumb_G_1242973436403.jpg
ERR: 无法加载模块:Images

[ 2017-03-16T20:04:03+08:00 ] ::1 /train/images/200905/thumb_img/32_thumb_G_1242110760196.jpg
ERR: 无法加载模块:Images

[ 2017-03-16T20:04:58+08:00 ] ::1 /train/image/more.gif
ERR: 无法加载模块:Image

[ 2017-03-16T20:04:58+08:00 ] ::1 /train/images/200905/thumb_img/10_thumb_G_1242973436403.jpg
ERR: 无法加载模块:Images

[ 2017-03-16T20:04:58+08:00 ] ::1 /train/images/200905/thumb_img/8_thumb_G_1241425513488.jpg
ERR: 无法加载模块:Images

[ 2017-03-16T20:04:58+08:00 ] ::1 /train/images/200905/thumb_img/24_thumb_G_1241971981429.jpg
ERR: 无法加载模块:Images

[ 2017-03-16T20:04:58+08:00 ] ::1 /train/images/200905/thumb_img/12_thumb_G_1241965978410.jpg
ERR: 无法加载模块:Images

[ 2017-03-16T20:04:58+08:00 ] ::1 /train/images/200905/thumb_img/20_thumb_G_1242106490058.jpg
ERR: 无法加载模块:Images

[ 2017-03-16T20:04:58+08:00 ] ::1 /train/images/200905/thumb_img/32_thumb_G_1242110760196.jpg
ERR: 无法加载模块:Images

[ 2017-03-16T20:09:51+08:00 ] ::1 /train/image/more.gif
ERR: 无法加载模块:Image

[ 2017-03-16T20:09:51+08:00 ] ::1 /train/images/200905/thumb_img/20_thumb_G_1242106490058.jpg
ERR: 无法加载模块:Images

[ 2017-03-16T20:09:51+08:00 ] ::1 /train/images/200905/thumb_img/10_thumb_G_1242973436403.jpg
ERR: 无法加载模块:Images

[ 2017-03-16T20:09:51+08:00 ] ::1 /train/images/200905/thumb_img/24_thumb_G_1241971981429.jpg
ERR: 无法加载模块:Images

[ 2017-03-16T20:09:51+08:00 ] ::1 /train/images/200905/thumb_img/8_thumb_G_1241425513488.jpg
ERR: 无法加载模块:Images

[ 2017-03-16T20:09:51+08:00 ] ::1 /train/images/200905/thumb_img/32_thumb_G_1242110760196.jpg
ERR: 无法加载模块:Images

[ 2017-03-16T20:09:51+08:00 ] ::1 /train/images/200905/thumb_img/12_thumb_G_1241965978410.jpg
ERR: 无法加载模块:Images

[ 2017-03-16T20:13:27+08:00 ] ::1 /train/image/more.gif
ERR: 无法加载模块:Image

[ 2017-03-16T20:13:27+08:00 ] ::1 /train/images/200905/thumb_img/20_thumb_G_1242106490058.jpg
ERR: 无法加载模块:Images

[ 2017-03-16T20:13:27+08:00 ] ::1 /train/images/200905/thumb_img/12_thumb_G_1241965978410.jpg
ERR: 无法加载模块:Images

[ 2017-03-16T20:13:27+08:00 ] ::1 /train/images/200905/thumb_img/8_thumb_G_1241425513488.jpg
ERR: 无法加载模块:Images

[ 2017-03-16T20:13:27+08:00 ] ::1 /train/images/200905/thumb_img/32_thumb_G_1242110760196.jpg
ERR: 无法加载模块:Images

[ 2017-03-16T20:13:27+08:00 ] ::1 /train/images/200905/thumb_img/24_thumb_G_1241971981429.jpg
ERR: 无法加载模块:Images

[ 2017-03-16T20:13:27+08:00 ] ::1 /train/images/200905/thumb_img/10_thumb_G_1242973436403.jpg
ERR: 无法加载模块:Images

[ 2017-03-16T20:14:54+08:00 ] ::1 /train/images/200905/thumb_img/24_thumb_G_1241971981429.jpg
ERR: 无法加载模块:Images

[ 2017-03-16T20:14:54+08:00 ] ::1 /train/images/200905/thumb_img/20_thumb_G_1242106490058.jpg
ERR: 无法加载模块:Images

[ 2017-03-16T20:14:54+08:00 ] ::1 /train/image/more.gif
ERR: 无法加载模块:Image

[ 2017-03-16T20:14:54+08:00 ] ::1 /train/images/200905/thumb_img/12_thumb_G_1241965978410.jpg
ERR: 无法加载模块:Images

[ 2017-03-16T20:14:54+08:00 ] ::1 /train/images/200905/thumb_img/32_thumb_G_1242110760196.jpg
ERR: 无法加载模块:Images

[ 2017-03-16T20:14:54+08:00 ] ::1 /train/images/200905/thumb_img/10_thumb_G_1242973436403.jpg
ERR: 无法加载模块:Images

[ 2017-03-16T20:14:54+08:00 ] ::1 /train/images/200905/thumb_img/8_thumb_G_1241425513488.jpg
ERR: 无法加载模块:Images

[ 2017-03-16T20:21:11+08:00 ] ::1 /train/image/more.gif
ERR: 无法加载模块:Image

[ 2017-03-16T20:21:11+08:00 ] ::1 /train/images/200905/thumb_img/20_thumb_G_1242106490058.jpg
ERR: 无法加载模块:Images

[ 2017-03-16T20:21:11+08:00 ] ::1 /train/images/200905/thumb_img/12_thumb_G_1241965978410.jpg
ERR: 无法加载模块:Images

[ 2017-03-16T20:21:11+08:00 ] ::1 /train/images/200905/thumb_img/10_thumb_G_1242973436403.jpg
ERR: 无法加载模块:Images

[ 2017-03-16T20:21:11+08:00 ] ::1 /train/images/200905/thumb_img/24_thumb_G_1241971981429.jpg
ERR: 无法加载模块:Images

[ 2017-03-16T20:21:11+08:00 ] ::1 /train/images/200905/thumb_img/8_thumb_G_1241425513488.jpg
ERR: 无法加载模块:Images

[ 2017-03-16T20:21:11+08:00 ] ::1 /train/images/200905/thumb_img/32_thumb_G_1242110760196.jpg
ERR: 无法加载模块:Images

[ 2017-03-16T20:21:11+08:00 ] ::1 /train/images/200905/thumb_img/12_thumb_G_1241965978410.jpg
ERR: 无法加载模块:Images

[ 2017-03-16T20:21:11+08:00 ] ::1 /train/image/more.gif
ERR: 无法加载模块:Image

[ 2017-03-16T20:21:11+08:00 ] ::1 /train/images/200905/thumb_img/24_thumb_G_1241971981429.jpg
ERR: 无法加载模块:Images

[ 2017-03-16T20:21:11+08:00 ] ::1 /train/images/200905/thumb_img/8_thumb_G_1241425513488.jpg
ERR: 无法加载模块:Images

[ 2017-03-16T20:21:11+08:00 ] ::1 /train/images/200905/thumb_img/20_thumb_G_1242106490058.jpg
ERR: 无法加载模块:Images

[ 2017-03-16T20:21:11+08:00 ] ::1 /train/images/200905/thumb_img/32_thumb_G_1242110760196.jpg
ERR: 无法加载模块:Images

[ 2017-03-16T20:21:12+08:00 ] ::1 /train/images/200905/thumb_img/10_thumb_G_1242973436403.jpg
ERR: 无法加载模块:Images

[ 2017-03-16T20:55:00+08:00 ] ::1 /train/images/200905/thumb_img/10_thumb_G_1242973436403.jpg
ERR: 无法加载模块:Images

[ 2017-03-16T20:55:00+08:00 ] ::1 /train/images/200905/thumb_img/20_thumb_G_1242106490058.jpg
ERR: 无法加载模块:Images

[ 2017-03-16T20:55:00+08:00 ] ::1 /train/images/200905/thumb_img/24_thumb_G_1241971981429.jpg
ERR: 无法加载模块:Images

[ 2017-03-16T20:55:00+08:00 ] ::1 /train/images/200905/thumb_img/8_thumb_G_1241425513488.jpg
ERR: 无法加载模块:Images

[ 2017-03-16T20:55:00+08:00 ] ::1 /train/images/200905/thumb_img/32_thumb_G_1242110760196.jpg
ERR: 无法加载模块:Images

[ 2017-03-16T20:55:00+08:00 ] ::1 /train/images/200905/thumb_img/12_thumb_G_1241965978410.jpg
ERR: 无法加载模块:Images

[ 2017-03-16T20:55:00+08:00 ] ::1 /train/image/more.gif
ERR: 无法加载模块:Image

[ 2017-03-16T21:00:12+08:00 ] ::1 /train/images/200905/thumb_img/12_thumb_G_1241965978410.jpg
ERR: 无法加载模块:Images

[ 2017-03-16T21:00:12+08:00 ] ::1 /train/images/200905/thumb_img/8_thumb_G_1241425513488.jpg
ERR: 无法加载模块:Images

[ 2017-03-16T21:00:12+08:00 ] ::1 /train/images/200905/thumb_img/32_thumb_G_1242110760196.jpg
ERR: 无法加载模块:Images

[ 2017-03-16T21:00:12+08:00 ] ::1 /train/images/200905/thumb_img/24_thumb_G_1241971981429.jpg
ERR: 无法加载模块:Images

[ 2017-03-16T21:00:12+08:00 ] ::1 /train/image/more.gif
ERR: 无法加载模块:Image

[ 2017-03-16T21:00:12+08:00 ] ::1 /train/images/200905/thumb_img/20_thumb_G_1242106490058.jpg
ERR: 无法加载模块:Images

[ 2017-03-16T21:00:12+08:00 ] ::1 /train/images/200905/thumb_img/10_thumb_G_1242973436403.jpg
ERR: 无法加载模块:Images

[ 2017-03-16T21:01:45+08:00 ] ::1 /train/image/more.gif
ERR: 无法加载模块:Image

[ 2017-03-16T21:01:45+08:00 ] ::1 /train/images/200905/thumb_img/10_thumb_G_1242973436403.jpg
ERR: 无法加载模块:Images

[ 2017-03-16T21:01:45+08:00 ] ::1 /train/images/200905/thumb_img/8_thumb_G_1241425513488.jpg
ERR: 无法加载模块:Images

[ 2017-03-16T21:01:45+08:00 ] ::1 /train/images/200905/thumb_img/12_thumb_G_1241965978410.jpg
ERR: 无法加载模块:Images

[ 2017-03-16T21:01:45+08:00 ] ::1 /train/images/200905/thumb_img/20_thumb_G_1242106490058.jpg
ERR: 无法加载模块:Images

[ 2017-03-16T21:01:45+08:00 ] ::1 /train/images/200905/thumb_img/32_thumb_G_1242110760196.jpg
ERR: 无法加载模块:Images

[ 2017-03-16T21:01:45+08:00 ] ::1 /train/images/200905/thumb_img/24_thumb_G_1241971981429.jpg
ERR: 无法加载模块:Images

[ 2017-03-16T21:02:28+08:00 ] ::1 /train/image/more.gif
ERR: 无法加载模块:Image

[ 2017-03-16T21:02:28+08:00 ] ::1 /train/images/200905/thumb_img/20_thumb_G_1242106490058.jpg
ERR: 无法加载模块:Images

[ 2017-03-16T21:02:28+08:00 ] ::1 /train/images/200905/thumb_img/12_thumb_G_1241965978410.jpg
ERR: 无法加载模块:Images

[ 2017-03-16T21:02:28+08:00 ] ::1 /train/images/200905/thumb_img/24_thumb_G_1241971981429.jpg
ERR: 无法加载模块:Images

[ 2017-03-16T21:02:28+08:00 ] ::1 /train/images/200905/thumb_img/8_thumb_G_1241425513488.jpg
ERR: 无法加载模块:Images

[ 2017-03-16T21:02:28+08:00 ] ::1 /train/images/200905/thumb_img/32_thumb_G_1242110760196.jpg
ERR: 无法加载模块:Images

[ 2017-03-16T21:02:29+08:00 ] ::1 /train/images/200905/thumb_img/10_thumb_G_1242973436403.jpg
ERR: 无法加载模块:Images

[ 2017-03-16T21:06:06+08:00 ] ::1 /train/image/more.gif
ERR: 无法加载模块:Image

[ 2017-03-16T21:06:06+08:00 ] ::1 /train/images/200905/thumb_img/20_thumb_G_1242106490058.jpg
ERR: 无法加载模块:Images

[ 2017-03-16T21:06:06+08:00 ] ::1 /train/images/200905/thumb_img/12_thumb_G_1241965978410.jpg
ERR: 无法加载模块:Images

[ 2017-03-16T21:06:06+08:00 ] ::1 /train/images/200905/thumb_img/8_thumb_G_1241425513488.jpg
ERR: 无法加载模块:Images

[ 2017-03-16T21:06:06+08:00 ] ::1 /train/images/200905/thumb_img/32_thumb_G_1242110760196.jpg
ERR: 无法加载模块:Images

[ 2017-03-16T21:06:06+08:00 ] ::1 /train/images/200905/thumb_img/20_thumb_G_1242106490058.jpg
ERR: 无法加载模块:Images

[ 2017-03-16T21:06:06+08:00 ] ::1 /train/images/200905/thumb_img/10_thumb_G_1242973436403.jpg
ERR: 无法加载模块:Images

[ 2017-03-16T21:06:06+08:00 ] ::1 /train/images/200905/thumb_img/24_thumb_G_1241971981429.jpg
ERR: 无法加载模块:Images

[ 2017-03-16T21:06:06+08:00 ] ::1 /train/image/more.gif
ERR: 无法加载模块:Image

[ 2017-03-16T22:03:01+08:00 ] ::1 /train/user.php?act=account_deposit
ERR: 无法加载模块:User

