[ 2017-03-15T11:20:54+08:00 ] ::1 /train/Application/Visit/index
ERR: 无法加载模块:Application

[ 2017-03-15T12:15:02+08:00 ] ::1 /train/Shop/Home/Public/image/animated_favicon.gif
ERR: 无法加载模块:Shop

[ 2017-03-15T13:30:37+08:00 ] ::1 /train/image/more.gif
ERR: 无法加载模块:Image

[ 2017-03-15T13:30:37+08:00 ] ::1 /train/images/200905/thumb_img/12_thumb_G_1241965978410.jpg
ERR: 无法加载模块:Images

[ 2017-03-15T13:30:37+08:00 ] ::1 /train/images/200905/thumb_img/10_thumb_G_1242973436403.jpg
ERR: 无法加载模块:Images

[ 2017-03-15T13:30:37+08:00 ] ::1 /train/images/200905/thumb_img/20_thumb_G_1242106490058.jpg
ERR: 无法加载模块:Images

[ 2017-03-15T13:30:37+08:00 ] ::1 /train/images/200905/thumb_img/24_thumb_G_1241971981429.jpg
ERR: 无法加载模块:Images

[ 2017-03-15T13:30:37+08:00 ] ::1 /train/images/200905/thumb_img/32_thumb_G_1242110760196.jpg
ERR: 无法加载模块:Images

[ 2017-03-15T13:30:37+08:00 ] ::1 /train/images/200905/thumb_img/12_thumb_G_1241965978410.jpg
ERR: 无法加载模块:Images

[ 2017-03-15T13:30:37+08:00 ] ::1 /train/images/200905/thumb_img/20_thumb_G_1242106490058.jpg
ERR: 无法加载模块:Images

[ 2017-03-15T13:30:37+08:00 ] ::1 /train/images/200905/thumb_img/8_thumb_G_1241425513488.jpg
ERR: 无法加载模块:Images

[ 2017-03-15T13:30:37+08:00 ] ::1 /train/image/more.gif
ERR: 无法加载模块:Image

[ 2017-03-15T13:30:37+08:00 ] ::1 /train/images/200905/thumb_img/24_thumb_G_1241971981429.jpg
ERR: 无法加载模块:Images

[ 2017-03-15T13:30:37+08:00 ] ::1 /train/images/200905/thumb_img/10_thumb_G_1242973436403.jpg
ERR: 无法加载模块:Images

[ 2017-03-15T13:30:38+08:00 ] ::1 /train/favicon.ico
ERR: 无法加载模块:Favicon

[ 2017-03-15T14:01:58+08:00 ] ::1 /train/image/more.gif
ERR: 无法加载模块:Image

[ 2017-03-15T14:01:58+08:00 ] ::1 /train/images/200905/thumb_img/12_thumb_G_1241965978410.jpg
ERR: 无法加载模块:Images

[ 2017-03-15T14:01:58+08:00 ] ::1 /train/images/200905/thumb_img/24_thumb_G_1241971981429.jpg
ERR: 无法加载模块:Images

[ 2017-03-15T14:01:58+08:00 ] ::1 /train/images/200905/thumb_img/20_thumb_G_1242106490058.jpg
ERR: 无法加载模块:Images

[ 2017-03-15T14:01:58+08:00 ] ::1 /train/images/200905/thumb_img/8_thumb_G_1241425513488.jpg
ERR: 无法加载模块:Images

[ 2017-03-15T14:01:58+08:00 ] ::1 /train/images/200905/thumb_img/32_thumb_G_1242110760196.jpg
ERR: 无法加载模块:Images

[ 2017-03-15T14:01:58+08:00 ] ::1 /train/image/more.gif
ERR: 无法加载模块:Image

[ 2017-03-15T14:01:58+08:00 ] ::1 /train/images/200905/thumb_img/10_thumb_G_1242973436403.jpg
ERR: 无法加载模块:Images

[ 2017-03-15T14:10:26+08:00 ] ::1 /train/images/200905/thumb_img/20_thumb_G_1242106490058.jpg
ERR: 无法加载模块:Images

[ 2017-03-15T14:10:26+08:00 ] ::1 /train/images/200905/thumb_img/10_thumb_G_1242973436403.jpg
ERR: 无法加载模块:Images

[ 2017-03-15T14:10:26+08:00 ] ::1 /train/images/200905/thumb_img/24_thumb_G_1241971981429.jpg
ERR: 无法加载模块:Images

[ 2017-03-15T14:10:26+08:00 ] ::1 /train/images/200905/thumb_img/12_thumb_G_1241965978410.jpg
ERR: 无法加载模块:Images

[ 2017-03-15T14:10:26+08:00 ] ::1 /train/image/more.gif
ERR: 无法加载模块:Image

[ 2017-03-15T14:10:26+08:00 ] ::1 /train/images/200905/thumb_img/8_thumb_G_1241425513488.jpg
ERR: 无法加载模块:Images

[ 2017-03-15T14:10:26+08:00 ] ::1 /train/images/200905/thumb_img/20_thumb_G_1242106490058.jpg
ERR: 无法加载模块:Images

[ 2017-03-15T14:10:26+08:00 ] ::1 /train/images/200905/thumb_img/10_thumb_G_1242973436403.jpg
ERR: 无法加载模块:Images

[ 2017-03-15T14:10:26+08:00 ] ::1 /train/images/200905/thumb_img/24_thumb_G_1241971981429.jpg
ERR: 无法加载模块:Images

[ 2017-03-15T14:10:26+08:00 ] ::1 /train/images/200905/thumb_img/12_thumb_G_1241965978410.jpg
ERR: 无法加载模块:Images

[ 2017-03-15T14:17:58+08:00 ] ::1 /train/image/more.gif
ERR: 无法加载模块:Image

[ 2017-03-15T14:17:59+08:00 ] ::1 /train/images/200905/thumb_img/20_thumb_G_1242106490058.jpg
ERR: 无法加载模块:Images

[ 2017-03-15T14:17:59+08:00 ] ::1 /train/images/200905/thumb_img/12_thumb_G_1241965978410.jpg
ERR: 无法加载模块:Images

[ 2017-03-15T14:17:59+08:00 ] ::1 /train/images/200905/thumb_img/24_thumb_G_1241971981429.jpg
ERR: 无法加载模块:Images

[ 2017-03-15T14:17:59+08:00 ] ::1 /train/image/more.gif
ERR: 无法加载模块:Image

[ 2017-03-15T14:17:59+08:00 ] ::1 /train/images/200905/thumb_img/20_thumb_G_1242106490058.jpg
ERR: 无法加载模块:Images

[ 2017-03-15T14:17:59+08:00 ] ::1 /train/images/200905/thumb_img/10_thumb_G_1242973436403.jpg
ERR: 无法加载模块:Images

[ 2017-03-15T14:17:59+08:00 ] ::1 /train/images/200905/thumb_img/8_thumb_G_1241425513488.jpg
ERR: 无法加载模块:Images

[ 2017-03-15T14:37:12+08:00 ] ::1 /train/image/more.gif
ERR: 无法加载模块:Image

[ 2017-03-15T14:37:12+08:00 ] ::1 /train/images/200905/thumb_img/20_thumb_G_1242106490058.jpg
ERR: 无法加载模块:Images

[ 2017-03-15T14:37:12+08:00 ] ::1 /train/image/more.gif
ERR: 无法加载模块:Image

[ 2017-03-15T14:37:12+08:00 ] ::1 /train/images/200905/thumb_img/20_thumb_G_1242106490058.jpg
ERR: 无法加载模块:Images

[ 2017-03-15T14:37:12+08:00 ] ::1 /train/images/200905/thumb_img/24_thumb_G_1241971981429.jpg
ERR: 无法加载模块:Images

[ 2017-03-15T14:37:12+08:00 ] ::1 /train/images/200905/thumb_img/12_thumb_G_1241965978410.jpg
ERR: 无法加载模块:Images

[ 2017-03-15T14:37:12+08:00 ] ::1 /train/images/200905/thumb_img/10_thumb_G_1242973436403.jpg
ERR: 无法加载模块:Images

[ 2017-03-15T14:37:12+08:00 ] ::1 /train/images/200905/thumb_img/8_thumb_G_1241425513488.jpg
ERR: 无法加载模块:Images

[ 2017-03-15T14:37:45+08:00 ] ::1 /train/image/more.gif
ERR: 无法加载模块:Image

[ 2017-03-15T14:37:45+08:00 ] ::1 /train/images/200905/thumb_img/20_thumb_G_1242106490058.jpg
ERR: 无法加载模块:Images

[ 2017-03-15T14:37:45+08:00 ] ::1 /train/images/200905/thumb_img/10_thumb_G_1242973436403.jpg
ERR: 无法加载模块:Images

[ 2017-03-15T14:37:45+08:00 ] ::1 /train/images/200905/thumb_img/12_thumb_G_1241965978410.jpg
ERR: 无法加载模块:Images

[ 2017-03-15T14:37:45+08:00 ] ::1 /train/images/200905/thumb_img/32_thumb_G_1242110760196.jpg
ERR: 无法加载模块:Images

[ 2017-03-15T14:37:45+08:00 ] ::1 /train/images/200905/thumb_img/8_thumb_G_1241425513488.jpg
ERR: 无法加载模块:Images

[ 2017-03-15T14:37:45+08:00 ] ::1 /train/images/200905/thumb_img/24_thumb_G_1241971981429.jpg
ERR: 无法加载模块:Images

[ 2017-03-15T17:05:33+08:00 ] ::1 /train/image/more.gif
ERR: 无法加载模块:Image

[ 2017-03-15T17:05:33+08:00 ] ::1 /train/images/200905/thumb_img/20_thumb_G_1242106490058.jpg
ERR: 无法加载模块:Images

[ 2017-03-15T17:05:33+08:00 ] ::1 /train/images/200905/thumb_img/8_thumb_G_1241425513488.jpg
ERR: 无法加载模块:Images


[ 2017-03-15T17:05:34+08:00 ] ::1 /train/images/200905/thumb_img/32_thumb_G_1242110760196.jpg
ERR: 无法加载模块:Images

[ 2017-03-15T17:20:37+08:00 ] ::1 /train/image/more.gif
ERR: 无法加载模块:Image

[ 2017-03-15T17:20:37+08:00 ] ::1 /train/images/200905/thumb_img/20_thumb_G_1242106490058.jpg
ERR: 无法加载模块:Images

[ 2017-03-15T17:20:37+08:00 ] ::1 /train/images/200905/thumb_img/10_thumb_G_1242973436403.jpg
ERR: 无法加载模块:Images

[ 2017-03-15T17:20:37+08:00 ] ::1 /train/images/200905/thumb_img/12_thumb_G_1241965978410.jpg
ERR: 无法加载模块:Images

[ 2017-03-15T17:20:37+08:00 ] ::1 /train/images/200905/thumb_img/24_thumb_G_1241971981429.jpg
ERR: 无法加载模块:Images

[ 2017-03-15T17:20:37+08:00 ] ::1 /train/images/200905/thumb_img/8_thumb_G_1241425513488.jpg
ERR: 无法加载模块:Images

[ 2017-03-15T17:20:37+08:00 ] ::1 /train/images/200905/thumb_img/32_thumb_G_1242110760196.jpg
ERR: 无法加载模块:Images

[ 2017-03-15T17:21:37+08:00 ] ::1 /train/images/200905/thumb_img/10_thumb_G_1242973436403.jpg
ERR: 无法加载模块:Images

[ 2017-03-15T17:21:37+08:00 ] ::1 /train/image/more.gif
ERR: 无法加载模块:Image

[ 2017-03-15T17:21:37+08:00 ] ::1 /train/images/200905/thumb_img/20_thumb_G_1242106490058.jpg
ERR: 无法加载模块:Images

[ 2017-03-15T17:21:37+08:00 ] ::1 /train/images/200905/thumb_img/12_thumb_G_1241965978410.jpg
ERR: 无法加载模块:Images

[ 2017-03-15T17:21:37+08:00 ] ::1 /train/images/200905/thumb_img/24_thumb_G_1241971981429.jpg
ERR: 无法加载模块:Images

[ 2017-03-15T17:21:37+08:00 ] ::1 /train/image/more.gif
ERR: 无法加载模块:Image

[ 2017-03-15T17:21:37+08:00 ] ::1 /train/images/200905/thumb_img/32_thumb_G_1242110760196.jpg
ERR: 无法加载模块:Images

[ 2017-03-15T17:21:37+08:00 ] ::1 /train/images/200905/thumb_img/8_thumb_G_1241425513488.jpg
ERR: 无法加载模块:Images

[ 2017-03-15T17:23:28+08:00 ] ::1 /train/image/more.gif
ERR: 无法加载模块:Image

[ 2017-03-15T17:23:28+08:00 ] ::1 /train/images/200905/thumb_img/10_thumb_G_1242973436403.jpg
ERR: 无法加载模块:Images

[ 2017-03-15T17:23:28+08:00 ] ::1 /train/images/200905/thumb_img/20_thumb_G_1242106490058.jpg
ERR: 无法加载模块:Images

[ 2017-03-15T17:23:28+08:00 ] ::1 /train/images/200905/thumb_img/12_thumb_G_1241965978410.jpg
ERR: 无法加载模块:Images

[ 2017-03-15T17:23:29+08:00 ] ::1 /train/images/200905/thumb_img/8_thumb_G_1241425513488.jpg
ERR: 无法加载模块:Images

[ 2017-03-15T17:23:29+08:00 ] ::1 /train/images/200905/thumb_img/32_thumb_G_1242110760196.jpg
ERR: 无法加载模块:Images

[ 2017-03-15T17:23:29+08:00 ] ::1 /train/images/200905/thumb_img/10_thumb_G_1242973436403.jpg
ERR: 无法加载模块:Images

[ 2017-03-15T17:23:29+08:00 ] ::1 /train/images/200905/thumb_img/12_thumb_G_1241965978410.jpg
ERR: 无法加载模块:Images

[ 2017-03-15T17:23:29+08:00 ] ::1 /train/image/more.gif
ERR: 无法加载模块:Image

[ 2017-03-15T17:23:29+08:00 ] ::1 /train/images/200905/thumb_img/20_thumb_G_1242106490058.jpg
ERR: 无法加载模块:Images

[ 2017-03-15T17:23:29+08:00 ] ::1 /train/images/200905/thumb_img/32_thumb_G_1242110760196.jpg
ERR: 无法加载模块:Images

[ 2017-03-15T17:23:29+08:00 ] ::1 /train/images/200905/thumb_img/8_thumb_G_1241425513488.jpg
ERR: 无法加载模块:Images

[ 2017-03-15T17:23:29+08:00 ] ::1 /train/images/200905/thumb_img/24_thumb_G_1241971981429.jpg
ERR: 无法加载模块:Images

[ 2017-03-15T17:23:57+08:00 ] ::1 /train/images/200905/thumb_img/24_thumb_G_1241971981429.jpg
ERR: 无法加载模块:Images

[ 2017-03-15T17:23:57+08:00 ] ::1 /train/image/more.gif
ERR: 无法加载模块:Image

[ 2017-03-15T17:23:57+08:00 ] ::1 /train/images/200905/thumb_img/10_thumb_G_1242973436403.jpg
ERR: 无法加载模块:Images

[ 2017-03-15T17:23:57+08:00 ] ::1 /train/images/200905/thumb_img/20_thumb_G_1242106490058.jpg
ERR: 无法加载模块:Images

[ 2017-03-15T17:23:57+08:00 ] ::1 /train/images/200905/thumb_img/12_thumb_G_1241965978410.jpg
ERR: 无法加载模块:Images

[ 2017-03-15T17:23:57+08:00 ] ::1 /train/images/200905/thumb_img/8_thumb_G_1241425513488.jpg
ERR: 无法加载模块:Images

[ 2017-03-15T17:23:57+08:00 ] ::1 /train/images/200905/thumb_img/32_thumb_G_1242110760196.jpg
ERR: 无法加载模块:Images

[ 2017-03-15T17:23:58+08:00 ] ::1 /train/images/200905/thumb_img/20_thumb_G_1242106490058.jpg
ERR: 无法加载模块:Images

[ 2017-03-15T17:23:58+08:00 ] ::1 /train/images/200905/thumb_img/12_thumb_G_1241965978410.jpg
ERR: 无法加载模块:Images

[ 2017-03-15T17:23:58+08:00 ] ::1 /train/images/200905/thumb_img/10_thumb_G_1242973436403.jpg
ERR: 无法加载模块:Images

[ 2017-03-15T17:23:58+08:00 ] ::1 /train/image/more.gif
ERR: 无法加载模块:Image

[ 2017-03-15T17:23:58+08:00 ] ::1 /train/images/200905/thumb_img/8_thumb_G_1241425513488.jpg
ERR: 无法加载模块:Images

[ 2017-03-15T17:23:58+08:00 ] ::1 /train/images/200905/thumb_img/24_thumb_G_1241971981429.jpg
ERR: 无法加载模块:Images

[ 2017-03-15T17:23:58+08:00 ] ::1 /train/images/200905/thumb_img/32_thumb_G_1242110760196.jpg
ERR: 无法加载模块:Images

[ 2017-03-15T17:24:37+08:00 ] ::1 /train/image/more.gif
ERR: 无法加载模块:Image

[ 2017-03-15T17:24:37+08:00 ] ::1 /train/images/200905/thumb_img/10_thumb_G_1242973436403.jpg
ERR: 无法加载模块:Images

[ 2017-03-15T17:24:37+08:00 ] ::1 /train/images/200905/thumb_img/24_thumb_G_1241971981429.jpg
ERR: 无法加载模块:Images

[ 2017-03-15T17:24:37+08:00 ] ::1 /train/images/200905/thumb_img/20_thumb_G_1242106490058.jpg
ERR: 无法加载模块:Images

[ 2017-03-15T17:24:37+08:00 ] ::1 /train/images/200905/thumb_img/12_thumb_G_1241965978410.jpg
ERR: 无法加载模块:Images

[ 2017-03-15T17:24:37+08:00 ] ::1 /train/images/200905/thumb_img/8_thumb_G_1241425513488.jpg
ERR: 无法加载模块:Images

[ 2017-03-15T17:24:37+08:00 ] ::1 /train/images/200905/thumb_img/32_thumb_G_1242110760196.jpg
ERR: 无法加载模块:Images

