[ 2017-03-03T12:58:44+08:00 ] ::1 /train/images/200905/thumb_img/24_thumb_G_1241971981429.jpg
ERR: 无法加载模块:Images

[ 2017-03-03T12:58:44+08:00 ] ::1 /train/images/200905/thumb_img/10_thumb_G_1242973436403.jpg
ERR: 无法加载模块:Images

[ 2017-03-03T12:58:44+08:00 ] ::1 /train/images/200905/thumb_img/8_thumb_G_1241425513488.jpg
ERR: 无法加载模块:Images

[ 2017-03-03T12:58:44+08:00 ] ::1 /train/image/more.gif
ERR: 无法加载模块:Image

[ 2017-03-03T12:58:44+08:00 ] ::1 /train/images/200905/thumb_img/32_thumb_G_1242110760196.jpg
ERR: 无法加载模块:Images

[ 2017-03-03T12:58:44+08:00 ] ::1 /train/images/200905/thumb_img/12_thumb_G_1241965978410.jpg
ERR: 无法加载模块:Images

[ 2017-03-03T12:58:44+08:00 ] ::1 /train/images/200905/thumb_img/20_thumb_G_1242106490058.jpg
ERR: 无法加载模块:Images

[ 2017-03-03T12:58:45+08:00 ] ::1 /train/image/more.gif
ERR: 无法加载模块:Image

[ 2017-03-03T12:58:45+08:00 ] ::1 /train/images/200905/thumb_img/24_thumb_G_1241971981429.jpg
ERR: 无法加载模块:Images

[ 2017-03-03T12:58:45+08:00 ] ::1 /train/images/200905/thumb_img/20_thumb_G_1242106490058.jpg
ERR: 无法加载模块:Images

[ 2017-03-03T12:58:45+08:00 ] ::1 /train/images/200905/thumb_img/8_thumb_G_1241425513488.jpg
ERR: 无法加载模块:Images

[ 2017-03-03T12:58:45+08:00 ] ::1 /train/images/200905/thumb_img/32_thumb_G_1242110760196.jpg
ERR: 无法加载模块:Images

[ 2017-03-03T12:58:45+08:00 ] ::1 /train/images/200905/thumb_img/12_thumb_G_1241965978410.jpg
ERR: 无法加载模块:Images

[ 2017-03-03T12:58:45+08:00 ] ::1 /train/images/200905/thumb_img/10_thumb_G_1242973436403.jpg
ERR: 无法加载模块:Images

[ 2017-03-03T12:58:45+08:00 ] ::1 /train/Shop/Home/Public/image/animated_favicon.gif
ERR: 无法加载模块:Shop

[ 2017-03-03T12:58:45+08:00 ] ::1 /train/favicon.ico
ERR: 无法加载模块:Favicon

[ 2017-03-03T16:20:20+08:00 ] ::1 /train/image/more.gif
ERR: 无法加载模块:Image

[ 2017-03-03T16:20:20+08:00 ] ::1 /train/images/200905/thumb_img/20_thumb_G_1242106490058.jpg
ERR: 无法加载模块:Images

[ 2017-03-03T16:20:20+08:00 ] ::1 /train/images/200905/thumb_img/8_thumb_G_1241425513488.jpg
ERR: 无法加载模块:Images

[ 2017-03-03T16:20:20+08:00 ] ::1 /train/images/200905/thumb_img/32_thumb_G_1242110760196.jpg
ERR: 无法加载模块:Images

[ 2017-03-03T16:20:20+08:00 ] ::1 /train/images/200905/thumb_img/12_thumb_G_1241965978410.jpg
ERR: 无法加载模块:Images

[ 2017-03-03T16:20:20+08:00 ] ::1 /train/images/200905/thumb_img/24_thumb_G_1241971981429.jpg
ERR: 无法加载模块:Images

[ 2017-03-03T16:20:20+08:00 ] ::1 /train/images/200905/thumb_img/10_thumb_G_1242973436403.jpg
ERR: 无法加载模块:Images

[ 2017-03-03T16:20:23+08:00 ] ::1 /train/styles/general.css
ERR: 无法加载模块:Styles

[ 2017-03-03T16:20:23+08:00 ] ::1 /train/images/arrow_right.gif
ERR: 无法加载模块:Images

[ 2017-03-03T16:20:34+08:00 ] ::1 /train/styles/general.css
ERR: 无法加载模块:Styles

[ 2017-03-03T16:20:34+08:00 ] ::1 /train/images/arrow_right.gif
ERR: 无法加载模块:Images

