[ 2017-03-02T10:33:26+08:00 ] ::1 /train/image/more.gif
ERR: 无法加载模块:Image

[ 2017-03-02T10:33:26+08:00 ] ::1 /train/images/200905/thumb_img/20_thumb_G_1242106490058.jpg
ERR: 无法加载模块:Images

[ 2017-03-02T10:33:26+08:00 ] ::1 /train/images/200905/thumb_img/12_thumb_G_1241965978410.jpg
ERR: 无法加载模块:Images

[ 2017-03-02T10:33:26+08:00 ] ::1 /train/images/200905/thumb_img/24_thumb_G_1241971981429.jpg
ERR: 无法加载模块:Images

[ 2017-03-02T10:33:26+08:00 ] ::1 /train/images/200905/thumb_img/32_thumb_G_1242110760196.jpg
ERR: 无法加载模块:Images

[ 2017-03-02T10:33:26+08:00 ] ::1 /train/images/200905/thumb_img/10_thumb_G_1242973436403.jpg
ERR: 无法加载模块:Images

[ 2017-03-02T10:33:26+08:00 ] ::1 /train/images/200905/thumb_img/8_thumb_G_1241425513488.jpg
ERR: 无法加载模块:Images

[ 2017-03-02T10:33:26+08:00 ] ::1 /train/Shop/Home/Public/image/animated_favicon.gif
ERR: 无法加载模块:Shop

[ 2017-03-02T10:33:26+08:00 ] ::1 /train/favicon.ico
ERR: 无法加载模块:Favicon

[ 2017-03-02T10:56:14+08:00 ] ::1 /train/train/Admin/Checkcode/index?&height=40&width=145&font_size=20&time=0.15262975704408466
ERR: 无法加载模块:Train

[ 2017-03-02T10:56:15+08:00 ] ::1 /train/train/Admin/Checkcode/index?&height=40&width=145&font_size=20&time=0.7454989136316383
ERR: 无法加载模块:Train

[ 2017-03-02T10:56:15+08:00 ] ::1 /train/train/Admin/Checkcode/index?&height=40&width=145&font_size=20&time=0.7470152780294712
ERR: 无法加载模块:Train

[ 2017-03-02T10:57:04+08:00 ] ::1 /train/train/Admin/Checkcode/index?&height=40&width=145&font_size=20&time=0.6522688143314508
ERR: 无法加载模块:Train

[ 2017-03-02T10:57:06+08:00 ] ::1 /train/train/Admin/Checkcode/index?&height=40&width=145&font_size=20&time=0.45002858393693446
ERR: 无法加载模块:Train

[ 2017-03-02T10:57:06+08:00 ] ::1 /train/train/Admin/Checkcode/index?&height=40&width=145&font_size=20&time=0.5067856858475237
ERR: 无法加载模块:Train

[ 2017-03-02T10:57:07+08:00 ] ::1 /train/train/Admin/Checkcode/index?&height=40&width=145&font_size=20&time=0.6148849092399358
ERR: 无法加载模块:Train

[ 2017-03-02T10:59:55+08:00 ] ::1 /train/Checkcode/index?&height=40&width=145&font_size=20&time=0.29294161837717025
ERR: 无法加载模块:Checkcode

[ 2017-03-02T11:00:25+08:00 ] ::1 /train/image/more.gif
ERR: 无法加载模块:Image

[ 2017-03-02T11:00:25+08:00 ] ::1 /train/images/200905/thumb_img/24_thumb_G_1241971981429.jpg
ERR: 无法加载模块:Images

[ 2017-03-02T11:00:25+08:00 ] ::1 /train/images/200905/thumb_img/20_thumb_G_1242106490058.jpg
ERR: 无法加载模块:Images

[ 2017-03-02T11:00:25+08:00 ] ::1 /train/images/200905/thumb_img/12_thumb_G_1241965978410.jpg
ERR: 无法加载模块:Images

[ 2017-03-02T11:00:25+08:00 ] ::1 /train/images/200905/thumb_img/10_thumb_G_1242973436403.jpg
ERR: 无法加载模块:Images

[ 2017-03-02T11:00:25+08:00 ] ::1 /train/images/200905/thumb_img/32_thumb_G_1242110760196.jpg
ERR: 无法加载模块:Images

[ 2017-03-02T11:00:25+08:00 ] ::1 /train/images/200905/thumb_img/8_thumb_G_1241425513488.jpg
ERR: 无法加载模块:Images

[ 2017-03-02T11:00:33+08:00 ] ::1 /train/train/Admin/Checkcode/index?&height=40&width=145&font_size=20&time=0.05312947299645088
ERR: 无法加载模块:Train

[ 2017-03-02T11:00:34+08:00 ] ::1 /train/train/Admin/Checkcode/index?&height=40&width=145&font_size=20&time=0.26081554807301743
ERR: 无法加载模块:Train

[ 2017-03-02T11:01:14+08:00 ] ::1 /train/Checkcode/index?&height=40&width=145&font_size=20&time=0.7451596007807171
ERR: 无法加载模块:Checkcode

[ 2017-03-02T11:01:16+08:00 ] ::1 /train/Checkcode/index?&height=40&width=145&font_size=20&time=0.21133967834430956
ERR: 无法加载模块:Checkcode

[ 2017-03-02T11:01:21+08:00 ] ::1 /train/image/more.gif
ERR: 无法加载模块:Image

[ 2017-03-02T11:01:21+08:00 ] ::1 /train/images/200905/thumb_img/20_thumb_G_1242106490058.jpg
ERR: 无法加载模块:Images

[ 2017-03-02T11:01:21+08:00 ] ::1 /train/images/200905/thumb_img/10_thumb_G_1242973436403.jpg
ERR: 无法加载模块:Images

[ 2017-03-02T11:01:21+08:00 ] ::1 /train/images/200905/thumb_img/24_thumb_G_1241971981429.jpg
ERR: 无法加载模块:Images

[ 2017-03-02T11:01:21+08:00 ] ::1 /train/images/200905/thumb_img/12_thumb_G_1241965978410.jpg
ERR: 无法加载模块:Images

[ 2017-03-02T11:01:21+08:00 ] ::1 /train/images/200905/thumb_img/32_thumb_G_1242110760196.jpg
ERR: 无法加载模块:Images

[ 2017-03-02T11:01:21+08:00 ] ::1 /train/images/200905/thumb_img/8_thumb_G_1241425513488.jpg
ERR: 无法加载模块:Images

[ 2017-03-02T11:01:21+08:00 ] ::1 /train/image/more.gif
ERR: 无法加载模块:Image

[ 2017-03-02T11:01:21+08:00 ] ::1 /train/images/200905/thumb_img/20_thumb_G_1242106490058.jpg
ERR: 无法加载模块:Images

[ 2017-03-02T11:01:21+08:00 ] ::1 /train/images/200905/thumb_img/12_thumb_G_1241965978410.jpg
ERR: 无法加载模块:Images

[ 2017-03-02T11:01:21+08:00 ] ::1 /train/images/200905/thumb_img/24_thumb_G_1241971981429.jpg
ERR: 无法加载模块:Images

[ 2017-03-02T11:01:21+08:00 ] ::1 /train/images/200905/thumb_img/32_thumb_G_1242110760196.jpg
ERR: 无法加载模块:Images

[ 2017-03-02T11:01:21+08:00 ] ::1 /train/images/200905/thumb_img/10_thumb_G_1242973436403.jpg
ERR: 无法加载模块:Images

[ 2017-03-02T11:01:25+08:00 ] ::1 /train/Checkcode/index?&height=40&width=145&font_size=20&time=0.846382189646304
ERR: 无法加载模块:Checkcode

[ 2017-03-02T11:01:26+08:00 ] ::1 /train/Checkcode/index?&height=40&width=145&font_size=20&time=0.7415279906129104
ERR: 无法加载模块:Checkcode

[ 2017-03-02T11:01:27+08:00 ] ::1 /train/Checkcode/index?&height=40&width=145&font_size=20&time=0.4887890005884865
ERR: 无法加载模块:Checkcode

[ 2017-03-02T11:01:27+08:00 ] ::1 /train/Checkcode/index?&height=40&width=145&font_size=20&time=0.14918786502868198
ERR: 无法加载模块:Checkcode

[ 2017-03-02T11:01:27+08:00 ] ::1 /train/Checkcode/index?&height=40&width=145&font_size=20&time=0.3154648718629405
ERR: 无法加载模块:Checkcode

[ 2017-03-02T11:01:27+08:00 ] ::1 /train/Checkcode/index?&height=40&width=145&font_size=20&time=0.650323088659275
ERR: 无法加载模块:Checkcode

[ 2017-03-02T11:05:14+08:00 ] ::1 /train/%7B__ROOT_PATH__%7D/Admin/Checkcode/index?&height=40&width=145&font_size=20&time=0.368988722139199
ERR: 无法加载模块:{__ROOT_PATH__}

[ 2017-03-02T11:06:04+08:00 ] ::1 /train/Shop/Admin/Checkcode/index?&height=40&width=145&font_size=20&time=0.003522885096813866
ERR: 无法加载模块:Shop

[ 2017-03-02T11:17:07+08:00 ] ::1 /train/index.php?g=Admin&m=Checkcode&a=index&
ERR: 无法加载模块:Checkcode

[ 2017-03-02T11:17:26+08:00 ] ::1 /train/index.php?g=Admin&m=Checkcode&a=index&
ERR: 无法加载模块:Checkcode

[ 2017-03-02T11:17:42+08:00 ] ::1 /train/index.php?g=Shop&m=Checkcode&a=index&
ERR: 无法加载模块:Checkcode

[ 2017-03-02T11:17:56+08:00 ] ::1 /train/index.php?g=Admin&m=Checkcode&a=index&
ERR: 无法加载模块:Checkcode

[ 2017-03-02T11:17:56+08:00 ] ::1 /train/index.php?g=Admin&m=Checkcode&a=index&
ERR: 无法加载模块:Checkcode

[ 2017-03-02T11:18:21+08:00 ] ::1 /train/index.php?g=Admin&m=Checkcode&a=index&
ERR: 无法加载模块:Checkcode

[ 2017-03-02T11:19:18+08:00 ] ::1 /train/index.php?g=Admin&m=Checkcode&a=index&
ERR: 无法加载模块:Checkcode

[ 2017-03-02T11:20:13+08:00 ] ::1 /train/image/more.gif
ERR: 无法加载模块:Image

[ 2017-03-02T11:20:13+08:00 ] ::1 /train/images/200905/thumb_img/12_thumb_G_1241965978410.jpg
ERR: 无法加载模块:Images

[ 2017-03-02T11:20:13+08:00 ] ::1 /train/images/200905/thumb_img/20_thumb_G_1242106490058.jpg
ERR: 无法加载模块:Images

[ 2017-03-02T11:20:13+08:00 ] ::1 /train/images/200905/thumb_img/10_thumb_G_1242973436403.jpg
ERR: 无法加载模块:Images

[ 2017-03-02T11:20:13+08:00 ] ::1 /train/images/200905/thumb_img/24_thumb_G_1241971981429.jpg
ERR: 无法加载模块:Images

[ 2017-03-02T11:20:14+08:00 ] ::1 /train/images/200905/thumb_img/32_thumb_G_1242110760196.jpg
ERR: 无法加载模块:Images

[ 2017-03-02T11:20:14+08:00 ] ::1 /train/images/200905/thumb_img/8_thumb_G_1241425513488.jpg
ERR: 无法加载模块:Images

[ 2017-03-02T11:20:20+08:00 ] ::1 /train/images/200905/thumb_img/20_thumb_G_1242106490058.jpg
ERR: 无法加载模块:Images

[ 2017-03-02T11:20:20+08:00 ] ::1 /train/images/200905/thumb_img/12_thumb_G_1241965978410.jpg
ERR: 无法加载模块:Images

[ 2017-03-02T11:20:21+08:00 ] ::1 /train/images/200905/thumb_img/32_thumb_G_1242110760196.jpg
ERR: 无法加载模块:Images

[ 2017-03-02T11:20:21+08:00 ] ::1 /train/images/200905/thumb_img/8_thumb_G_1241425513488.jpg
ERR: 无法加载模块:Images

[ 2017-03-02T11:20:21+08:00 ] ::1 /train/images/200905/thumb_img/24_thumb_G_1241971981429.jpg
ERR: 无法加载模块:Images

[ 2017-03-02T11:20:21+08:00 ] ::1 /train/image/more.gif
ERR: 无法加载模块:Image

[ 2017-03-02T11:20:21+08:00 ] ::1 /train/images/200905/thumb_img/10_thumb_G_1242973436403.jpg
ERR: 无法加载模块:Images

