[ 2017-02-28T11:13:45+08:00 ] ::1 /train/images/200905/thumb_img/12_thumb_G_1241965978410.jpg
ERR: 无法加载模块:Images

[ 2017-02-28T11:13:45+08:00 ] ::1 /train/images/200905/thumb_img/20_thumb_G_1242106490058.jpg
ERR: 无法加载模块:Images

[ 2017-02-28T11:13:46+08:00 ] ::1 /train/images/200905/thumb_img/24_thumb_G_1241971981429.jpg
ERR: 无法加载模块:Images

[ 2017-02-28T11:13:45+08:00 ] ::1 /train/image/more.gif
ERR: 无法加载模块:Image

[ 2017-02-28T11:13:46+08:00 ] ::1 /train/images/200905/thumb_img/10_thumb_G_1242973436403.jpg
ERR: 无法加载模块:Images

[ 2017-02-28T11:13:46+08:00 ] ::1 /train/images/200905/thumb_img/8_thumb_G_1241425513488.jpg
ERR: 无法加载模块:Images

[ 2017-02-28T11:13:46+08:00 ] ::1 /train/images/200905/thumb_img/32_thumb_G_1242110760196.jpg
ERR: 无法加载模块:Images

[ 2017-02-28T11:13:46+08:00 ] ::1 /train/images/200905/thumb_img/10_thumb_G_1242973436403.jpg
ERR: 无法加载模块:Images

[ 2017-02-28T11:13:46+08:00 ] ::1 /train/images/200905/thumb_img/24_thumb_G_1241971981429.jpg
ERR: 无法加载模块:Images

[ 2017-02-28T11:13:46+08:00 ] ::1 /train/images/200905/thumb_img/12_thumb_G_1241965978410.jpg
ERR: 无法加载模块:Images

[ 2017-02-28T11:13:46+08:00 ] ::1 /train/image/more.gif
ERR: 无法加载模块:Image

[ 2017-02-28T11:13:46+08:00 ] ::1 /train/images/200905/thumb_img/20_thumb_G_1242106490058.jpg
ERR: 无法加载模块:Images

[ 2017-02-28T11:13:46+08:00 ] ::1 /train/images/200905/thumb_img/8_thumb_G_1241425513488.jpg
ERR: 无法加载模块:Images

[ 2017-02-28T11:13:46+08:00 ] ::1 /train/images/200905/thumb_img/32_thumb_G_1242110760196.jpg
ERR: 无法加载模块:Images

[ 2017-02-28T11:13:46+08:00 ] ::1 /train/Shop/Home/Public/image/animated_favicon.gif
ERR: 无法加载模块:Shop

[ 2017-02-28T11:13:46+08:00 ] ::1 /train/favicon.ico
ERR: 无法加载模块:Favicon

[ 2017-02-28T11:14:00+08:00 ] ::1 /train/privilege.php
ERR: 无法加载模块:Privilege

[ 2017-02-28T11:30:39+08:00 ] ::1 /train/privilege.php
ERR: 无法加载模块:Privilege

[ 2017-02-28T15:39:28+08:00 ] ::1 /train/images/200905/thumb_img/10_thumb_G_1242973436403.jpg
ERR: 无法加载模块:Images

[ 2017-02-28T15:39:28+08:00 ] ::1 /train/images/200905/thumb_img/12_thumb_G_1241965978410.jpg
ERR: 无法加载模块:Images

[ 2017-02-28T15:39:28+08:00 ] ::1 /train/image/more.gif
ERR: 无法加载模块:Image

[ 2017-02-28T15:39:28+08:00 ] ::1 /train/images/200905/thumb_img/20_thumb_G_1242106490058.jpg
ERR: 无法加载模块:Images

[ 2017-02-28T15:39:28+08:00 ] ::1 /train/images/200905/thumb_img/32_thumb_G_1242110760196.jpg
ERR: 无法加载模块:Images

[ 2017-02-28T15:39:28+08:00 ] ::1 /train/images/200905/thumb_img/24_thumb_G_1241971981429.jpg
ERR: 无法加载模块:Images

[ 2017-02-28T15:39:28+08:00 ] ::1 /train/images/200905/thumb_img/8_thumb_G_1241425513488.jpg
ERR: 无法加载模块:Images

[ 2017-02-28T15:48:41+08:00 ] ::1 /train/Shop/Admin/Index/index.html
ERR: 无法加载模块:Shop

[ 2017-02-28T15:48:46+08:00 ] ::1 /train/Shop/Admin/Index/
ERR: 无法加载模块:Shop

[ 2017-02-28T15:49:12+08:00 ] ::1 /train/images/200905/thumb_img/10_thumb_G_1242973436403.jpg
ERR: 无法加载模块:Images

[ 2017-02-28T15:49:12+08:00 ] ::1 /train/images/200905/thumb_img/24_thumb_G_1241971981429.jpg
ERR: 无法加载模块:Images

[ 2017-02-28T15:49:12+08:00 ] ::1 /train/images/200905/thumb_img/8_thumb_G_1241425513488.jpg
ERR: 无法加载模块:Images

[ 2017-02-28T15:49:12+08:00 ] ::1 /train/images/200905/thumb_img/32_thumb_G_1242110760196.jpg
ERR: 无法加载模块:Images

[ 2017-02-28T15:49:12+08:00 ] ::1 /train/images/200905/thumb_img/24_thumb_G_1241971981429.jpg
ERR: 无法加载模块:Images

[ 2017-02-28T15:49:12+08:00 ] ::1 /train/images/200905/thumb_img/10_thumb_G_1242973436403.jpg
ERR: 无法加载模块:Images

[ 2017-02-28T15:49:12+08:00 ] ::1 /train/images/200905/thumb_img/8_thumb_G_1241425513488.jpg
ERR: 无法加载模块:Images

[ 2017-02-28T15:49:12+08:00 ] ::1 /train/images/200905/thumb_img/32_thumb_G_1242110760196.jpg
ERR: 无法加载模块:Images

[ 2017-02-28T15:49:12+08:00 ] ::1 /train/image/more.gif
ERR: 无法加载模块:Image

[ 2017-02-28T15:49:12+08:00 ] ::1 /train/images/200905/thumb_img/20_thumb_G_1242106490058.jpg
ERR: 无法加载模块:Images

[ 2017-02-28T15:49:12+08:00 ] ::1 /train/images/200905/thumb_img/12_thumb_G_1241965978410.jpg
ERR: 无法加载模块:Images

[ 2017-02-28T15:57:13+08:00 ] ::1 /train/images/200905/thumb_img/12_thumb_G_1241965978410.jpg
ERR: 无法加载模块:Images

[ 2017-02-28T15:57:13+08:00 ] ::1 /train/image/more.gif
ERR: 无法加载模块:Image

[ 2017-02-28T15:57:13+08:00 ] ::1 /train/images/200905/thumb_img/8_thumb_G_1241425513488.jpg
ERR: 无法加载模块:Images

[ 2017-02-28T15:57:13+08:00 ] ::1 /train/images/200905/thumb_img/32_thumb_G_1242110760196.jpg
ERR: 无法加载模块:Images

[ 2017-02-28T15:57:13+08:00 ] ::1 /train/images/200905/thumb_img/20_thumb_G_1242106490058.jpg
ERR: 无法加载模块:Images

[ 2017-02-28T15:57:13+08:00 ] ::1 /train/images/200905/thumb_img/10_thumb_G_1242973436403.jpg
ERR: 无法加载模块:Images

[ 2017-02-28T15:57:13+08:00 ] ::1 /train/images/200905/thumb_img/24_thumb_G_1241971981429.jpg
ERR: 无法加载模块:Images

[ 2017-02-28T15:57:16+08:00 ] ::1 /train/Shop/index.php/Admin/Checkcode/index?&height=40&width=145&font_size=20&
ERR: 无法加载模块:Shop

[ 2017-02-28T15:57:17+08:00 ] ::1 /train/Shop/index.php/Admin/Checkcode/index?&height=40&width=145&font_size=20&
ERR: 无法加载模块:Shop

[ 2017-02-28T15:57:17+08:00 ] ::1 /train/Shop/index.php/Admin/Checkcode/index?&height=40&width=145&font_size=20&
ERR: 无法加载模块:Shop

[ 2017-02-28T15:57:19+08:00 ] ::1 /train/Shop/index.php/Admin/Checkcode/index?&height=40&width=145&font_size=20&time=0.3927195959818759
ERR: 无法加载模块:Shop

[ 2017-02-28T15:57:47+08:00 ] ::1 /train/Shop/Admin/Checkcode/index?&height=40&width=145&font_size=20&
ERR: 无法加载模块:Shop

[ 2017-02-28T15:57:47+08:00 ] ::1 /train/Shop/Admin/Checkcode/index?&height=40&width=145&font_size=20&
ERR: 无法加载模块:Shop

[ 2017-02-28T15:57:47+08:00 ] ::1 /train/Shop/Admin/Checkcode/index?&height=40&width=145&font_size=20&
ERR: 无法加载模块:Shop

[ 2017-02-28T15:57:48+08:00 ] ::1 /train/Shop/Admin/Checkcode/index?&height=40&width=145&font_size=20&
ERR: 无法加载模块:Shop

[ 2017-02-28T16:01:53+08:00 ] ::1 /train/Shop/Admin/Checkcode/index?&height=40&width=145&font_size=20&
ERR: 无法加载模块:Shop

[ 2017-02-28T16:02:07+08:00 ] ::1 /train/image/more.gif
ERR: 无法加载模块:Image

[ 2017-02-28T16:02:07+08:00 ] ::1 /train/images/200905/thumb_img/20_thumb_G_1242106490058.jpg
ERR: 无法加载模块:Images

[ 2017-02-28T16:02:07+08:00 ] ::1 /train/images/200905/thumb_img/10_thumb_G_1242973436403.jpg
ERR: 无法加载模块:Images

[ 2017-02-28T16:02:07+08:00 ] ::1 /train/images/200905/thumb_img/24_thumb_G_1241971981429.jpg
ERR: 无法加载模块:Images

[ 2017-02-28T16:02:07+08:00 ] ::1 /train/images/200905/thumb_img/8_thumb_G_1241425513488.jpg
ERR: 无法加载模块:Images

[ 2017-02-28T16:02:07+08:00 ] ::1 /train/images/200905/thumb_img/12_thumb_G_1241965978410.jpg
ERR: 无法加载模块:Images

[ 2017-02-28T16:02:07+08:00 ] ::1 /train/images/200905/thumb_img/32_thumb_G_1242110760196.jpg
ERR: 无法加载模块:Images

[ 2017-02-28T16:02:10+08:00 ] ::1 /train/Shop/Admin/Checkcode/index?&height=40&width=145&font_size=20&
ERR: 无法加载模块:Shop

[ 2017-02-28T16:02:11+08:00 ] ::1 /train/Shop/Admin/Checkcode/index?&height=40&width=145&font_size=20&
ERR: 无法加载模块:Shop

[ 2017-02-28T16:31:44+08:00 ] ::1 /train/images/200905/thumb_img/10_thumb_G_1242973436403.jpg
ERR: 无法加载模块:Images

[ 2017-02-28T16:31:44+08:00 ] ::1 /train/image/more.gif
ERR: 无法加载模块:Image

[ 2017-02-28T16:31:44+08:00 ] ::1 /train/images/200905/thumb_img/12_thumb_G_1241965978410.jpg
ERR: 无法加载模块:Images

[ 2017-02-28T16:31:44+08:00 ] ::1 /train/images/200905/thumb_img/24_thumb_G_1241971981429.jpg
ERR: 无法加载模块:Images

[ 2017-02-28T16:31:44+08:00 ] ::1 /train/images/200905/thumb_img/32_thumb_G_1242110760196.jpg
ERR: 无法加载模块:Images

[ 2017-02-28T16:31:44+08:00 ] ::1 /train/images/200905/thumb_img/20_thumb_G_1242106490058.jpg
ERR: 无法加载模块:Images

[ 2017-02-28T16:31:44+08:00 ] ::1 /train/images/200905/thumb_img/8_thumb_G_1241425513488.jpg
ERR: 无法加载模块:Images

[ 2017-02-28T16:31:49+08:00 ] ::1 /train/images/menu_minus.gif
ERR: 无法加载模块:Images

[ 2017-02-28T16:31:49+08:00 ] ::1 /train/styles/general.css
ERR: 无法加载模块:Styles

[ 2017-02-28T16:31:49+08:00 ] ::1 /train/images/arrow_left.gif
ERR: 无法加载模块:Images

[ 2017-02-28T16:31:49+08:00 ] ::1 /train/images/menu_minus.gif
ERR: 无法加载模块:Images

[ 2017-02-28T16:31:49+08:00 ] ::1 /train/images/arrow_right.gif
ERR: 无法加载模块:Images

[ 2017-02-28T16:31:49+08:00 ] ::1 /train/images/arrow_left.gif
ERR: 无法加载模块:Images

[ 2017-02-28T16:31:49+08:00 ] ::1 /train/images/menu_arrow.gif
ERR: 无法加载模块:Images

[ 2017-02-28T16:36:52+08:00 ] ::1 /train/styles/general.css
ERR: 无法加载模块:Styles

[ 2017-02-28T16:36:52+08:00 ] ::1 /train/images/arrow_left.gif
ERR: 无法加载模块:Images

[ 2017-02-28T16:36:52+08:00 ] ::1 /train/images/menu_arrow.gif
ERR: 无法加载模块:Images

[ 2017-02-28T16:36:52+08:00 ] ::1 /train/images/arrow_left.gif
ERR: 无法加载模块:Images

[ 2017-02-28T16:36:52+08:00 ] ::1 /train/images/arrow_right.gif
ERR: 无法加载模块:Images

[ 2017-02-28T16:36:52+08:00 ] ::1 /train/images/menu_minus.gif
ERR: 无法加载模块:Images

[ 2017-02-28T16:38:20+08:00 ] ::1 /train/images/menu_minus.gif
ERR: 无法加载模块:Images

[ 2017-02-28T16:38:20+08:00 ] ::1 /train/styles/general.css
ERR: 无法加载模块:Styles

[ 2017-02-28T16:38:20+08:00 ] ::1 /train/images/arrow_left.gif
ERR: 无法加载模块:Images

[ 2017-02-28T16:38:20+08:00 ] ::1 /train/images/menu_minus.gif
ERR: 无法加载模块:Images

[ 2017-02-28T16:38:20+08:00 ] ::1 /train/images/menu_arrow.gif
ERR: 无法加载模块:Images

[ 2017-02-28T16:38:21+08:00 ] ::1 /train/images/arrow_right.gif
ERR: 无法加载模块:Images

[ 2017-02-28T16:38:21+08:00 ] ::1 /train/images/arrow_left.gif
ERR: 无法加载模块:Images

[ 2017-02-28T16:39:32+08:00 ] ::1 /train/images/menu_minus.gif
ERR: 无法加载模块:Images

[ 2017-02-28T16:39:32+08:00 ] ::1 /train/images/arrow_left.gif
ERR: 无法加载模块:Images

[ 2017-02-28T16:39:32+08:00 ] ::1 /train/images/arrow_right.gif
ERR: 无法加载模块:Images

[ 2017-02-28T16:39:32+08:00 ] ::1 /train/images/menu_arrow.gif
ERR: 无法加载模块:Images

[ 2017-02-28T16:50:52+08:00 ] ::1 /train/images/menu_minus.gif
ERR: 无法加载模块:Images

[ 2017-02-28T16:50:52+08:00 ] ::1 /train/images/arrow_left.gif
ERR: 无法加载模块:Images

[ 2017-02-28T16:50:52+08:00 ] ::1 /train/images/menu_minus.gif
ERR: 无法加载模块:Images

[ 2017-02-28T16:50:52+08:00 ] ::1 /train/images/menu_arrow.gif
ERR: 无法加载模块:Images

[ 2017-02-28T16:50:52+08:00 ] ::1 /train/images/arrow_right.gif
ERR: 无法加载模块:Images

[ 2017-02-28T16:50:52+08:00 ] ::1 /train/images/arrow_left.gif
ERR: 无法加载模块:Images

[ 2017-02-28T16:59:04+08:00 ] ::1 /train/images/menu_minus.gif
ERR: 无法加载模块:Images

[ 2017-02-28T16:59:04+08:00 ] ::1 /train/images/arrow_left.gif
ERR: 无法加载模块:Images

[ 2017-02-28T16:59:04+08:00 ] ::1 /train/images/menu_arrow.gif
ERR: 无法加载模块:Images

[ 2017-02-28T16:59:04+08:00 ] ::1 /train/images/arrow_left.gif
ERR: 无法加载模块:Images

[ 2017-02-28T16:59:04+08:00 ] ::1 /train/images/arrow_right.gif
ERR: 无法加载模块:Images

[ 2017-02-28T17:00:01+08:00 ] ::1 /train/images/menu_minus.gif
ERR: 无法加载模块:Images

[ 2017-02-28T17:00:01+08:00 ] ::1 /train/images/arrow_left.gif
ERR: 无法加载模块:Images

[ 2017-02-28T17:00:01+08:00 ] ::1 /train/images/menu_arrow.gif
ERR: 无法加载模块:Images

[ 2017-02-28T17:00:01+08:00 ] ::1 /train/images/arrow_right.gif
ERR: 无法加载模块:Images

[ 2017-02-28T17:00:02+08:00 ] ::1 /train/images/arrow_left.gif
ERR: 无法加载模块:Images

[ 2017-02-28T17:00:02+08:00 ] ::1 /train/images/menu_minus.gif
ERR: 无法加载模块:Images

[ 2017-02-28T17:00:02+08:00 ] ::1 /train/images/arrow_right.gif
ERR: 无法加载模块:Images

[ 2017-02-28T17:00:02+08:00 ] ::1 /train/images/menu_arrow.gif
ERR: 无法加载模块:Images

[ 2017-02-28T17:03:15+08:00 ] ::1 /train/images/menu_minus.gif
ERR: 无法加载模块:Images

[ 2017-02-28T17:03:15+08:00 ] ::1 /train/images/arrow_left.gif
ERR: 无法加载模块:Images

[ 2017-02-28T17:03:15+08:00 ] ::1 /train/images/menu_arrow.gif
ERR: 无法加载模块:Images

[ 2017-02-28T17:03:15+08:00 ] ::1 /train/images/arrow_right.gif
ERR: 无法加载模块:Images

[ 2017-02-28T17:03:16+08:00 ] ::1 /train/images/menu_minus.gif
ERR: 无法加载模块:Images

[ 2017-02-28T17:03:16+08:00 ] ::1 /train/images/arrow_left.gif
ERR: 无法加载模块:Images

[ 2017-02-28T17:03:16+08:00 ] ::1 /train/images/arrow_right.gif
ERR: 无法加载模块:Images

[ 2017-02-28T17:03:16+08:00 ] ::1 /train/images/menu_minus.gif
ERR: 无法加载模块:Images

[ 2017-02-28T17:03:16+08:00 ] ::1 /train/images/menu_arrow.gif
ERR: 无法加载模块:Images

[ 2017-02-28T17:03:16+08:00 ] ::1 /train/images/menu_minus.gif
ERR: 无法加载模块:Images

[ 2017-02-28T17:03:17+08:00 ] ::1 /train/images/arrow_left.gif
ERR: 无法加载模块:Images

[ 2017-02-28T17:03:17+08:00 ] ::1 /train/images/menu_arrow.gif
ERR: 无法加载模块:Images

[ 2017-02-28T17:03:17+08:00 ] ::1 /train/images/arrow_left.gif
ERR: 无法加载模块:Images

[ 2017-02-28T17:03:17+08:00 ] ::1 /train/images/menu_minus.gif
ERR: 无法加载模块:Images

[ 2017-02-28T17:03:17+08:00 ] ::1 /train/images/menu_arrow.gif
ERR: 无法加载模块:Images

[ 2017-02-28T17:03:17+08:00 ] ::1 /train/images/arrow_left.gif
ERR: 无法加载模块:Images

[ 2017-02-28T17:03:17+08:00 ] ::1 /train/images/arrow_right.gif
ERR: 无法加载模块:Images

[ 2017-02-28T17:10:24+08:00 ] ::1 /train/images/arrow_left.gif
ERR: 无法加载模块:Images

[ 2017-02-28T17:10:24+08:00 ] ::1 /train/images/menu_minus.gif
ERR: 无法加载模块:Images

[ 2017-02-28T17:10:24+08:00 ] ::1 /train/images/menu_arrow.gif
ERR: 无法加载模块:Images

[ 2017-02-28T17:10:24+08:00 ] ::1 /train/images/menu_minus.gif
ERR: 无法加载模块:Images

[ 2017-02-28T17:10:24+08:00 ] ::1 /train/images/arrow_right.gif
ERR: 无法加载模块:Images

[ 2017-02-28T17:10:24+08:00 ] ::1 /train/images/arrow_left.gif
ERR: 无法加载模块:Images

[ 2017-02-28T17:10:42+08:00 ] ::1 /train/images/menu_minus.gif
ERR: 无法加载模块:Images

[ 2017-02-28T17:10:42+08:00 ] ::1 /train/images/menu_arrow.gif
ERR: 无法加载模块:Images

[ 2017-02-28T17:10:42+08:00 ] ::1 /train/images/arrow_left.gif
ERR: 无法加载模块:Images

[ 2017-02-28T17:10:42+08:00 ] ::1 /train/images/arrow_right.gif
ERR: 无法加载模块:Images

[ 2017-02-28T17:13:34+08:00 ] ::1 /train/styles/general.css
ERR: 无法加载模块:Styles

[ 2017-02-28T17:13:34+08:00 ] ::1 /train/images/arrow_left.gif
ERR: 无法加载模块:Images

[ 2017-02-28T17:13:34+08:00 ] ::1 /train/images/arrow_right.gif
ERR: 无法加载模块:Images

[ 2017-02-28T17:13:34+08:00 ] ::1 /train/images/arrow_left.gif
ERR: 无法加载模块:Images

[ 2017-02-28T17:32:22+08:00 ] ::1 /train/styles/general.css
ERR: 无法加载模块:Styles

[ 2017-02-28T17:32:22+08:00 ] ::1 /train/images/arrow_right.gif
ERR: 无法加载模块:Images

[ 2017-02-28T17:32:22+08:00 ] ::1 /train/images/arrow_left.gif
ERR: 无法加载模块:Images

[ 2017-02-28T17:41:19+08:00 ] ::1 /train/styles/general.css
ERR: 无法加载模块:Styles

[ 2017-02-28T17:41:19+08:00 ] ::1 /train/images/arrow_left.gif
ERR: 无法加载模块:Images

[ 2017-02-28T17:41:19+08:00 ] ::1 /train/images/arrow_right.gif
ERR: 无法加载模块:Images

[ 2017-02-28T17:41:20+08:00 ] ::1 /train/styles/general.css
ERR: 无法加载模块:Styles

[ 2017-02-28T17:41:20+08:00 ] ::1 /train/images/arrow_right.gif
ERR: 无法加载模块:Images

[ 2017-02-28T17:41:20+08:00 ] ::1 /train/images/arrow_left.gif
ERR: 无法加载模块:Images

[ 2017-02-28T17:42:09+08:00 ] ::1 /train/styles/general.css
ERR: 无法加载模块:Styles

[ 2017-02-28T17:42:10+08:00 ] ::1 /train/styles/general.css
ERR: 无法加载模块:Styles

[ 2017-02-28T17:42:10+08:00 ] ::1 /train/styles/general.css
ERR: 无法加载模块:Styles

[ 2017-02-28T17:42:10+08:00 ] ::1 /train/styles/general.css
ERR: 无法加载模块:Styles

[ 2017-02-28T17:42:11+08:00 ] ::1 /train/styles/general.css
ERR: 无法加载模块:Styles

[ 2017-02-28T17:57:45+08:00 ] ::1 /train/styles/general.css
ERR: 无法加载模块:Styles

[ 2017-02-28T17:57:45+08:00 ] ::1 /train/images/arrow_left.gif
ERR: 无法加载模块:Images

[ 2017-02-28T17:57:46+08:00 ] ::1 /train/images/arrow_left.gif
ERR: 无法加载模块:Images

[ 2017-02-28T17:57:46+08:00 ] ::1 /train/images/arrow_right.gif
ERR: 无法加载模块:Images

[ 2017-02-28T17:58:11+08:00 ] ::1 /train/styles/general.css
ERR: 无法加载模块:Styles

[ 2017-02-28T17:58:11+08:00 ] ::1 /train/images/arrow_left.gif
ERR: 无法加载模块:Images

[ 2017-02-28T17:58:11+08:00 ] ::1 /train/styles/general.css
ERR: 无法加载模块:Styles

[ 2017-02-28T17:58:11+08:00 ] ::1 /train/images/arrow_right.gif
ERR: 无法加载模块:Images

[ 2017-02-28T17:58:12+08:00 ] ::1 /train/styles/general.css
ERR: 无法加载模块:Styles

[ 2017-02-28T17:58:12+08:00 ] ::1 /train/images/arrow_left.gif
ERR: 无法加载模块:Images

[ 2017-02-28T17:58:12+08:00 ] ::1 /train/images/arrow_right.gif
ERR: 无法加载模块:Images

[ 2017-02-28T18:02:12+08:00 ] ::1 /train/styles/general.css
ERR: 无法加载模块:Styles

[ 2017-02-28T18:02:12+08:00 ] ::1 /train/images/arrow_left.gif
ERR: 无法加载模块:Images

[ 2017-02-28T18:02:12+08:00 ] ::1 /train/images/arrow_right.gif
ERR: 无法加载模块:Images

[ 2017-02-28T18:03:23+08:00 ] ::1 /train/styles/general.css
ERR: 无法加载模块:Styles

[ 2017-02-28T18:03:23+08:00 ] ::1 /train/images/arrow_left.gif
ERR: 无法加载模块:Images

[ 2017-02-28T18:03:23+08:00 ] ::1 /train/images/arrow_right.gif
ERR: 无法加载模块:Images

[ 2017-02-28T18:03:55+08:00 ] ::1 /train/styles/general.css
ERR: 无法加载模块:Styles

[ 2017-02-28T18:03:55+08:00 ] ::1 /train/images/arrow_left.gif
ERR: 无法加载模块:Images

[ 2017-02-28T18:03:55+08:00 ] ::1 /train/images/arrow_right.gif
ERR: 无法加载模块:Images

[ 2017-02-28T18:20:21+08:00 ] ::1 /train/styles/general.css
ERR: 无法加载模块:Styles

[ 2017-02-28T18:20:21+08:00 ] ::1 /train/images/arrow_left.gif
ERR: 无法加载模块:Images

[ 2017-02-28T18:20:21+08:00 ] ::1 /train/images/arrow_right.gif
ERR: 无法加载模块:Images

