[ 2017-03-17T11:02:23+08:00 ] ::1 /train/Shop/Home/Public/image/animated_favicon.gif
ERR: 无法加载模块:Shop

[ 2017-03-17T11:02:25+08:00 ] ::1 /train/images/200905/thumb_img/20_thumb_G_1242106490058.jpg
ERR: 无法加载模块:Images

[ 2017-03-17T11:02:25+08:00 ] ::1 /train/images/200905/thumb_img/12_thumb_G_1241965978410.jpg
ERR: 无法加载模块:Images

[ 2017-03-17T11:02:25+08:00 ] ::1 /train/images/200905/thumb_img/24_thumb_G_1241971981429.jpg
ERR: 无法加载模块:Images

[ 2017-03-17T11:02:25+08:00 ] ::1 /train/images/200905/thumb_img/10_thumb_G_1242973436403.jpg
ERR: 无法加载模块:Images

[ 2017-03-17T11:02:25+08:00 ] ::1 /train/image/more.gif
ERR: 无法加载模块:Image

[ 2017-03-17T11:02:25+08:00 ] ::1 /train/images/200905/thumb_img/8_thumb_G_1241425513488.jpg
ERR: 无法加载模块:Images

[ 2017-03-17T11:02:25+08:00 ] ::1 /train/images/200905/thumb_img/32_thumb_G_1242110760196.jpg
ERR: 无法加载模块:Images

[ 2017-03-17T11:02:25+08:00 ] ::1 /train/favicon.ico
ERR: 无法加载模块:Favicon

[ 2017-03-17T11:05:59+08:00 ] ::1 /train/images/200905/thumb_img/20_thumb_G_1242106490058.jpg
ERR: 无法加载模块:Images

[ 2017-03-17T11:05:59+08:00 ] ::1 /train/images/200905/thumb_img/32_thumb_G_1242110760196.jpg
ERR: 无法加载模块:Images

[ 2017-03-17T11:05:59+08:00 ] ::1 /train/image/more.gif
ERR: 无法加载模块:Image

[ 2017-03-17T11:05:59+08:00 ] ::1 /train/images/200905/thumb_img/12_thumb_G_1241965978410.jpg
ERR: 无法加载模块:Images

[ 2017-03-17T11:05:59+08:00 ] ::1 /train/images/200905/thumb_img/8_thumb_G_1241425513488.jpg
ERR: 无法加载模块:Images

[ 2017-03-17T11:05:59+08:00 ] ::1 /train/images/200905/thumb_img/24_thumb_G_1241971981429.jpg
ERR: 无法加载模块:Images

[ 2017-03-17T11:05:59+08:00 ] ::1 /train/images/200905/thumb_img/10_thumb_G_1242973436403.jpg
ERR: 无法加载模块:Images

[ 2017-03-17T11:08:41+08:00 ] ::1 /train/images/200905/thumb_img/24_thumb_G_1241971981429.jpg
ERR: 无法加载模块:Images

[ 2017-03-17T11:08:41+08:00 ] ::1 /train/images/200905/thumb_img/12_thumb_G_1241965978410.jpg
ERR: 无法加载模块:Images

[ 2017-03-17T11:08:41+08:00 ] ::1 /train/images/200905/thumb_img/8_thumb_G_1241425513488.jpg
ERR: 无法加载模块:Images

[ 2017-03-17T11:08:41+08:00 ] ::1 /train/images/200905/thumb_img/20_thumb_G_1242106490058.jpg
ERR: 无法加载模块:Images

[ 2017-03-17T11:08:41+08:00 ] ::1 /train/images/200905/thumb_img/10_thumb_G_1242973436403.jpg
ERR: 无法加载模块:Images

[ 2017-03-17T11:08:42+08:00 ] ::1 /train/image/more.gif
ERR: 无法加载模块:Image

[ 2017-03-17T11:08:42+08:00 ] ::1 /train/images/200905/thumb_img/32_thumb_G_1242110760196.jpg
ERR: 无法加载模块:Images

[ 2017-03-17T12:08:26+08:00 ] ::1 /train/flow.php
ERR: 无法加载模块:Flow

[ 2017-03-17T12:08:32+08:00 ] ::1 /train/category.php?id=3
ERR: 无法加载模块:Category

[ 2017-03-17T12:08:40+08:00 ] ::1 /train/myship.php
ERR: 无法加载模块:Myship

[ 2017-03-17T12:08:47+08:00 ] ::1 /train/image/more.gif
ERR: 无法加载模块:Image

[ 2017-03-17T12:08:47+08:00 ] ::1 /train/images/200905/thumb_img/12_thumb_G_1241965978410.jpg
ERR: 无法加载模块:Images

[ 2017-03-17T12:08:47+08:00 ] ::1 /train/images/200905/thumb_img/10_thumb_G_1242973436403.jpg
ERR: 无法加载模块:Images

[ 2017-03-17T12:08:47+08:00 ] ::1 /train/images/200905/thumb_img/8_thumb_G_1241425513488.jpg
ERR: 无法加载模块:Images

[ 2017-03-17T12:08:47+08:00 ] ::1 /train/images/200905/thumb_img/32_thumb_G_1242110760196.jpg
ERR: 无法加载模块:Images

[ 2017-03-17T12:08:48+08:00 ] ::1 /train/images/200905/thumb_img/20_thumb_G_1242106490058.jpg
ERR: 无法加载模块:Images

[ 2017-03-17T12:08:48+08:00 ] ::1 /train/images/200905/thumb_img/24_thumb_G_1241971981429.jpg
ERR: 无法加载模块:Images

[ 2017-03-17T12:09:35+08:00 ] ::1 /train/flow.php
ERR: 无法加载模块:Flow

[ 2017-03-17T13:41:27+08:00 ] ::1 /train/Shop/Home/Public/image/animated_favicon.gif
ERR: 无法加载模块:Shop

[ 2017-03-17T14:29:32+08:00 ] ::1 /train/favicon.ico
ERR: 无法加载模块:Favicon

[ 2017-03-17T17:28:52+08:00 ] ::1 /train/images/200905/thumb_img/20_thumb_G_1242106490058.jpg
ERR: 无法加载模块:Images

[ 2017-03-17T17:28:52+08:00 ] ::1 /train/image/more.gif
ERR: 无法加载模块:Image

[ 2017-03-17T17:28:52+08:00 ] ::1 /train/images/200905/thumb_img/32_thumb_G_1242110760196.jpg
ERR: 无法加载模块:Images

[ 2017-03-17T17:28:52+08:00 ] ::1 /train/images/200905/thumb_img/10_thumb_G_1242973436403.jpg
ERR: 无法加载模块:Images

[ 2017-03-17T17:28:52+08:00 ] ::1 /train/images/200905/thumb_img/8_thumb_G_1241425513488.jpg
ERR: 无法加载模块:Images

[ 2017-03-17T17:28:52+08:00 ] ::1 /train/images/200905/thumb_img/24_thumb_G_1241971981429.jpg
ERR: 无法加载模块:Images

[ 2017-03-17T17:28:52+08:00 ] ::1 /train/images/200905/thumb_img/12_thumb_G_1241965978410.jpg
ERR: 无法加载模块:Images

[ 2017-03-17T17:31:02+08:00 ] ::1 /train/images/continue.gif
ERR: 无法加载模块:Images

[ 2017-03-17T17:31:02+08:00 ] ::1 /train/images/checkout.gif
ERR: 无法加载模块:Images

[ 2017-03-17T17:31:02+08:00 ] ::1 /train/images/continue.gif
ERR: 无法加载模块:Images

[ 2017-03-17T18:00:26+08:00 ] ::1 /train/images/continue.gif
ERR: 无法加载模块:Images

[ 2017-03-17T18:00:26+08:00 ] ::1 /train/images/checkout.gif
ERR: 无法加载模块:Images

[ 2017-03-17T20:06:23+08:00 ] ::1 /train/Shop/Home/Public/image/animated_favicon.gif
ERR: 无法加载模块:Shop

[ 2017-03-17T20:06:25+08:00 ] ::1 /train/image/more.gif
ERR: 无法加载模块:Image

[ 2017-03-17T20:06:25+08:00 ] ::1 /train/images/200905/thumb_img/10_thumb_G_1242973436403.jpg
ERR: 无法加载模块:Images

[ 2017-03-17T20:06:25+08:00 ] ::1 /train/images/200905/thumb_img/20_thumb_G_1242106490058.jpg
ERR: 无法加载模块:Images

[ 2017-03-17T20:06:25+08:00 ] ::1 /train/images/200905/thumb_img/8_thumb_G_1241425513488.jpg
ERR: 无法加载模块:Images

[ 2017-03-17T20:06:25+08:00 ] ::1 /train/images/200905/thumb_img/12_thumb_G_1241965978410.jpg
ERR: 无法加载模块:Images

[ 2017-03-17T20:06:25+08:00 ] ::1 /train/images/200905/thumb_img/24_thumb_G_1241971981429.jpg
ERR: 无法加载模块:Images

[ 2017-03-17T20:06:25+08:00 ] ::1 /train/images/200905/thumb_img/32_thumb_G_1242110760196.jpg
ERR: 无法加载模块:Images

[ 2017-03-17T20:06:25+08:00 ] ::1 /train/favicon.ico
ERR: 无法加载模块:Favicon

[ 2017-03-17T20:23:49+08:00 ] ::1 /train/images/continue.gif
ERR: 无法加载模块:Images

[ 2017-03-17T20:23:49+08:00 ] ::1 /train/images/checkout.gif
ERR: 无法加载模块:Images

[ 2017-03-17T20:23:52+08:00 ] ::1 /train/images/continue.gif
ERR: 无法加载模块:Images

[ 2017-03-17T20:23:52+08:00 ] ::1 /train/images/checkout.gif
ERR: 无法加载模块:Images

[ 2017-03-17T20:23:55+08:00 ] ::1 /train/images/continue.gif
ERR: 无法加载模块:Images

[ 2017-03-17T20:23:55+08:00 ] ::1 /train/images/checkout.gif
ERR: 无法加载模块:Images

[ 2017-03-17T20:24:00+08:00 ] ::1 /train/image/more.gif
ERR: 无法加载模块:Image

[ 2017-03-17T20:24:00+08:00 ] ::1 /train/images/200905/thumb_img/20_thumb_G_1242106490058.jpg
ERR: 无法加载模块:Images

[ 2017-03-17T20:24:01+08:00 ] ::1 /train/images/200905/thumb_img/10_thumb_G_1242973436403.jpg
ERR: 无法加载模块:Images

[ 2017-03-17T20:24:01+08:00 ] ::1 /train/images/200905/thumb_img/32_thumb_G_1242110760196.jpg
ERR: 无法加载模块:Images

[ 2017-03-17T20:24:01+08:00 ] ::1 /train/images/200905/thumb_img/8_thumb_G_1241425513488.jpg
ERR: 无法加载模块:Images

[ 2017-03-17T20:24:01+08:00 ] ::1 /train/images/200905/thumb_img/24_thumb_G_1241971981429.jpg
ERR: 无法加载模块:Images

[ 2017-03-17T20:24:01+08:00 ] ::1 /train/images/200905/thumb_img/12_thumb_G_1241965978410.jpg
ERR: 无法加载模块:Images

[ 2017-03-17T20:24:04+08:00 ] ::1 /train/images/checkout.gif
ERR: 无法加载模块:Images

[ 2017-03-17T20:24:04+08:00 ] ::1 /train/images/continue.gif
ERR: 无法加载模块:Images

[ 2017-03-17T20:26:02+08:00 ] ::1 /train/images/continue.gif
ERR: 无法加载模块:Images

[ 2017-03-17T20:26:02+08:00 ] ::1 /train/images/checkout.gif
ERR: 无法加载模块:Images

[ 2017-03-17T20:28:46+08:00 ] ::1 /train/images/continue.gif
ERR: 无法加载模块:Images

[ 2017-03-17T20:28:46+08:00 ] ::1 /train/images/checkout.gif
ERR: 无法加载模块:Images

[ 2017-03-17T20:30:30+08:00 ] ::1 /train/images/continue.gif
ERR: 无法加载模块:Images

[ 2017-03-17T20:30:30+08:00 ] ::1 /train/images/checkout.gif
ERR: 无法加载模块:Images

[ 2017-03-17T20:31:58+08:00 ] ::1 /train/images/continue.gif
ERR: 无法加载模块:Images

[ 2017-03-17T20:31:59+08:00 ] ::1 /train/images/checkout.gif
ERR: 无法加载模块:Images

[ 2017-03-17T20:33:08+08:00 ] ::1 /train/images/continue.gif
ERR: 无法加载模块:Images

[ 2017-03-17T20:33:08+08:00 ] ::1 /train/images/checkout.gif
ERR: 无法加载模块:Images

[ 2017-03-17T21:26:46+08:00 ] ::1 /train/images/continue.gif
ERR: 无法加载模块:Images

[ 2017-03-17T21:26:46+08:00 ] ::1 /train/images/checkout.gif
ERR: 无法加载模块:Images

[ 2017-03-17T21:26:47+08:00 ] ::1 /train/images/continue.gif
ERR: 无法加载模块:Images

[ 2017-03-17T21:26:47+08:00 ] ::1 /train/images/checkout.gif
ERR: 无法加载模块:Images

