[ 2017-02-27T17:05:49+08:00 ] ::1 /train/image/more.gif
ERR: 无法加载模块:Image

[ 2017-02-27T17:05:49+08:00 ] ::1 /train/images/200905/thumb_img/32_thumb_G_1242110760196.jpg
ERR: 无法加载模块:Images

[ 2017-02-27T17:05:49+08:00 ] ::1 /train/images/200905/thumb_img/8_thumb_G_1241425513488.jpg
ERR: 无法加载模块:Images

[ 2017-02-27T17:05:49+08:00 ] ::1 /train/images/200905/thumb_img/20_thumb_G_1242106490058.jpg
ERR: 无法加载模块:Images

[ 2017-02-27T17:05:49+08:00 ] ::1 /train/images/200905/thumb_img/24_thumb_G_1241971981429.jpg
ERR: 无法加载模块:Images

[ 2017-02-27T17:05:49+08:00 ] ::1 /train/images/200905/thumb_img/12_thumb_G_1241965978410.jpg
ERR: 无法加载模块:Images

[ 2017-02-27T17:05:49+08:00 ] ::1 /train/images/200905/thumb_img/10_thumb_G_1242973436403.jpg
ERR: 无法加载模块:Images

[ 2017-02-27T17:08:12+08:00 ] ::1 /train/SHOP_JS_URLindex.js
ERR: 无法加载模块:SHOP_JS_URLindex

[ 2017-02-27T17:08:12+08:00 ] ::1 /train/SHOP_JS_URLcommon.js
ERR: 无法加载模块:SHOP_JS_URLcommon

[ 2017-02-27T17:08:12+08:00 ] ::1 /train/SHOP_CSS_URLstyle_pink.css
ERR: 无法加载模块:SHOP_CSS_URLstyle_pink

[ 2017-02-27T17:08:12+08:00 ] ::1 /train/SHOP_JS_URLutils.js
ERR: 无法加载模块:SHOP_JS_URLutils

[ 2017-02-27T17:08:12+08:00 ] ::1 /train/SHOP_JS_URLindex.js
ERR: 无法加载模块:SHOP_JS_URLindex

[ 2017-02-27T17:08:12+08:00 ] ::1 /train/SHOP_DATA_URLflashdata/dynfocus/cycle_image.js
ERR: 无法加载模块:SHOP_DATA_URLflashdata

[ 2017-02-27T17:08:12+08:00 ] ::1 /train/SHOP_IMG_URLlogo.gif
ERR: 无法加载模块:SHOP_IMG_URLlogo

[ 2017-02-27T17:08:12+08:00 ] ::1 /train/SHOP_IMG_URL/top_1.gif
ERR: 无法加载模块:SHOP_IMG_URL

[ 2017-02-27T17:08:12+08:00 ] ::1 /train/SHOP_IMG_URL/bnt_log.gif
ERR: 无法加载模块:SHOP_IMG_URL

[ 2017-02-27T17:08:12+08:00 ] ::1 /train/SHOP_JS_URLtransport.js
ERR: 无法加载模块:SHOP_JS_URLtransport

[ 2017-02-27T17:08:12+08:00 ] ::1 /train/SHOP_IMG_URL/bnt_reg.gif
ERR: 无法加载模块:SHOP_IMG_URL

[ 2017-02-27T17:08:12+08:00 ] ::1 /train/SHOP_JS_URLutils.js
ERR: 无法加载模块:SHOP_JS_URLutils

[ 2017-02-27T17:08:12+08:00 ] ::1 /train/SHOP_IMG_URL/top_2.gif
ERR: 无法加载模块:SHOP_IMG_URL

[ 2017-02-27T17:08:12+08:00 ] ::1 /train/SHOP_IMG_URL/top_3.gif
ERR: 无法加载模块:SHOP_IMG_URL

[ 2017-02-27T17:08:12+08:00 ] ::1 /train/SHOP_IMG_URL/top_8.gif
ERR: 无法加载模块:SHOP_IMG_URL

[ 2017-02-27T17:08:12+08:00 ] ::1 /train/SHOP_IMG_URL/top_5.gif
ERR: 无法加载模块:SHOP_IMG_URL

[ 2017-02-27T17:08:12+08:00 ] ::1 /train/SHOP_IMG_URL/top_6.gif
ERR: 无法加载模块:SHOP_IMG_URL

[ 2017-02-27T17:08:12+08:00 ] ::1 /train/SHOP_IMG_URL/top_4.gif
ERR: 无法加载模块:SHOP_IMG_URL

[ 2017-02-27T17:08:12+08:00 ] ::1 /train/SHOP_IMG_URL/top_10.gif
ERR: 无法加载模块:SHOP_IMG_URL

[ 2017-02-27T17:08:12+08:00 ] ::1 /train/images/200905/thumb_img/20_thumb_G_1242106490058.jpg
ERR: 无法加载模块:Images

[ 2017-02-27T17:08:12+08:00 ] ::1 /train/image/more.gif
ERR: 无法加载模块:Image

[ 2017-02-27T17:08:12+08:00 ] ::1 /train/images/200905/thumb_img/12_thumb_G_1241965978410.jpg
ERR: 无法加载模块:Images

[ 2017-02-27T17:08:12+08:00 ] ::1 /train/images/200905/thumb_img/10_thumb_G_1242973436403.jpg
ERR: 无法加载模块:Images

[ 2017-02-27T17:08:12+08:00 ] ::1 /train/SHOP_DATA_URLbrandlogo/1240803062307572427.gif
ERR: 无法加载模块:SHOP_DATA_URLbrandlogo

[ 2017-02-27T17:08:12+08:00 ] ::1 /train/SHOP_DATA_URLbrandlogo/1240803144788047486.gif
ERR: 无法加载模块:SHOP_DATA_URLbrandlogo

[ 2017-02-27T17:08:12+08:00 ] ::1 /train/SHOP_DATA_URLbrandlogo/1240803247838195732.gif
ERR: 无法加载模块:SHOP_DATA_URLbrandlogo

[ 2017-02-27T17:08:12+08:00 ] ::1 /train/SHOP_IMG_URL/top_7.gif
ERR: 无法加载模块:SHOP_IMG_URL

[ 2017-02-27T17:08:12+08:00 ] ::1 /train/SHOP_DATA_URLbrandlogo/1240803352280856940.gif
ERR: 无法加载模块:SHOP_DATA_URLbrandlogo

[ 2017-02-27T17:08:12+08:00 ] ::1 /train/SHOP_DATA_URLbrandlogo/1240803412367015368.gif
ERR: 无法加载模块:SHOP_DATA_URLbrandlogo

[ 2017-02-27T17:08:12+08:00 ] ::1 /train/SHOP_DATA_URLbrandlogo/1240803482283160654.gif
ERR: 无法加载模块:SHOP_DATA_URLbrandlogo

[ 2017-02-27T17:08:12+08:00 ] ::1 /train/SHOP_IMG_URL/top_9.gif
ERR: 无法加载模块:SHOP_IMG_URL

[ 2017-02-27T17:08:12+08:00 ] ::1 /train/SHOP_DATA_URLbrandlogo/1240803578417877983.gif
ERR: 无法加载模块:SHOP_DATA_URLbrandlogo

[ 2017-02-27T17:08:13+08:00 ] ::1 /train/images/200905/thumb_img/8_thumb_G_1241425513488.jpg
ERR: 无法加载模块:Images

[ 2017-02-27T17:08:13+08:00 ] ::1 /train/SHOP_DATA_URLbrandlogo/1240802922410634065.gif
ERR: 无法加载模块:SHOP_DATA_URLbrandlogo

[ 2017-02-27T17:08:13+08:00 ] ::1 /train/images/200905/thumb_img/32_thumb_G_1242110760196.jpg
ERR: 无法加载模块:Images

[ 2017-02-27T17:08:13+08:00 ] ::1 /train/SHOP_IMG_URLbnt_home.gif
ERR: 无法加载模块:SHOP_IMG_URLbnt_home

[ 2017-02-27T17:08:13+08:00 ] ::1 /train/SHOP_DATA_URLbrandlogo/1240803526904622792.gif
ERR: 无法加载模块:SHOP_DATA_URLbrandlogo

[ 2017-02-27T17:08:13+08:00 ] ::1 /train/SHOP_IMG_URLmore.gif
ERR: 无法加载模块:SHOP_IMG_URLmore

[ 2017-02-27T17:08:13+08:00 ] ::1 /train/SHOP_IMG_URLmoreBrands.gif
ERR: 无法加载模块:SHOP_IMG_URLmoreBrands

[ 2017-02-27T17:08:13+08:00 ] ::1 /train/SHOP_IMG_URLbnt_top.gif
ERR: 无法加载模块:SHOP_IMG_URLbnt_top

[ 2017-02-27T17:08:13+08:00 ] ::1 /train/images/200905/thumb_img/24_thumb_G_1241971981429.jpg
ERR: 无法加载模块:Images

[ 2017-02-27T17:08:13+08:00 ] ::1 /train/SHOP_IMG_URL/xml_rss2.gif
ERR: 无法加载模块:SHOP_IMG_URL

[ 2017-02-27T17:08:13+08:00 ] ::1 /train/SHOP_JS_URLtransport.js
ERR: 无法加载模块:SHOP_JS_URLtransport

[ 2017-02-27T17:08:13+08:00 ] ::1 /train/SHOP_IMG_URL/bnt_reg.gif
ERR: 无法加载模块:SHOP_IMG_URL

[ 2017-02-27T17:08:13+08:00 ] ::1 /train/SHOP_IMG_URL/bnt_log.gif
ERR: 无法加载模块:SHOP_IMG_URL

[ 2017-02-27T17:08:13+08:00 ] ::1 /train/SHOP_JS_URLtransport.js
ERR: 无法加载模块:SHOP_JS_URLtransport

[ 2017-02-27T17:08:13+08:00 ] ::1 /train/SHOP_IMG_URL/top_4.gif
ERR: 无法加载模块:SHOP_IMG_URL

[ 2017-02-27T17:08:13+08:00 ] ::1 /train/SHOP_IMG_URL/top_1.gif
ERR: 无法加载模块:SHOP_IMG_URL

[ 2017-02-27T17:08:13+08:00 ] ::1 /train/SHOP_IMG_URL/top_5.gif
ERR: 无法加载模块:SHOP_IMG_URL

[ 2017-02-27T17:08:13+08:00 ] ::1 /train/SHOP_IMG_URL/top_3.gif
ERR: 无法加载模块:SHOP_IMG_URL

[ 2017-02-27T17:08:13+08:00 ] ::1 /train/SHOP_IMG_URL/top_2.gif
ERR: 无法加载模块:SHOP_IMG_URL

[ 2017-02-27T17:08:13+08:00 ] ::1 /train/SHOP_IMG_URL/top_8.gif
ERR: 无法加载模块:SHOP_IMG_URL

[ 2017-02-27T17:08:13+08:00 ] ::1 /train/SHOP_IMG_URL/top_7.gif
ERR: 无法加载模块:SHOP_IMG_URL

[ 2017-02-27T17:08:13+08:00 ] ::1 /train/SHOP_DATA_URLflashdata/dynfocus/cycle_image.js
ERR: 无法加载模块:SHOP_DATA_URLflashdata

[ 2017-02-27T17:08:13+08:00 ] ::1 /train/image/more.gif
ERR: 无法加载模块:Image

[ 2017-02-27T17:08:13+08:00 ] ::1 /train/SHOP_IMG_URL/top_10.gif
ERR: 无法加载模块:SHOP_IMG_URL

[ 2017-02-27T17:08:13+08:00 ] ::1 /train/images/200905/thumb_img/10_thumb_G_1242973436403.jpg
ERR: 无法加载模块:Images

[ 2017-02-27T17:08:13+08:00 ] ::1 /train/SHOP_IMG_URL/top_9.gif
ERR: 无法加载模块:SHOP_IMG_URL

[ 2017-02-27T17:08:13+08:00 ] ::1 /train/images/200905/thumb_img/20_thumb_G_1242106490058.jpg
ERR: 无法加载模块:Images

[ 2017-02-27T17:08:13+08:00 ] ::1 /train/SHOP_DATA_URLbrandlogo/1240803062307572427.gif
ERR: 无法加载模块:SHOP_DATA_URLbrandlogo

[ 2017-02-27T17:08:13+08:00 ] ::1 /train/SHOP_DATA_URLbrandlogo/1240803247838195732.gif
ERR: 无法加载模块:SHOP_DATA_URLbrandlogo

[ 2017-02-27T17:08:13+08:00 ] ::1 /train/images/200905/thumb_img/12_thumb_G_1241965978410.jpg
ERR: 无法加载模块:Images

[ 2017-02-27T17:08:13+08:00 ] ::1 /train/SHOP_DATA_URLbrandlogo/1240803144788047486.gif
ERR: 无法加载模块:SHOP_DATA_URLbrandlogo

[ 2017-02-27T17:08:13+08:00 ] ::1 /train/SHOP_DATA_URLbrandlogo/1240803412367015368.gif
ERR: 无法加载模块:SHOP_DATA_URLbrandlogo

[ 2017-02-27T17:08:13+08:00 ] ::1 /train/SHOP_DATA_URLbrandlogo/1240803482283160654.gif
ERR: 无法加载模块:SHOP_DATA_URLbrandlogo

[ 2017-02-27T17:08:13+08:00 ] ::1 /train/images/200905/thumb_img/24_thumb_G_1241971981429.jpg
ERR: 无法加载模块:Images

[ 2017-02-27T17:08:13+08:00 ] ::1 /train/SHOP_DATA_URLbrandlogo/1240803526904622792.gif
ERR: 无法加载模块:SHOP_DATA_URLbrandlogo

[ 2017-02-27T17:08:13+08:00 ] ::1 /train/SHOP_DATA_URLbrandlogo/1240803578417877983.gif
ERR: 无法加载模块:SHOP_DATA_URLbrandlogo

[ 2017-02-27T17:08:13+08:00 ] ::1 /train/SHOP_IMG_URLmore.gif
ERR: 无法加载模块:SHOP_IMG_URLmore

[ 2017-02-27T17:08:13+08:00 ] ::1 /train/SHOP_DATA_URLbrandlogo/1240802922410634065.gif
ERR: 无法加载模块:SHOP_DATA_URLbrandlogo

[ 2017-02-27T17:08:13+08:00 ] ::1 /train/images/200905/thumb_img/8_thumb_G_1241425513488.jpg
ERR: 无法加载模块:Images

[ 2017-02-27T17:08:13+08:00 ] ::1 /train/SHOP_IMG_URLbnt_top.gif
ERR: 无法加载模块:SHOP_IMG_URLbnt_top

[ 2017-02-27T17:08:13+08:00 ] ::1 /train/SHOP_IMG_URLbnt_home.gif
ERR: 无法加载模块:SHOP_IMG_URLbnt_home

[ 2017-02-27T17:08:13+08:00 ] ::1 /train/images/200905/thumb_img/32_thumb_G_1242110760196.jpg
ERR: 无法加载模块:Images

[ 2017-02-27T17:08:13+08:00 ] ::1 /train/SHOP_IMG_URL/xml_rss2.gif
ERR: 无法加载模块:SHOP_IMG_URL

[ 2017-02-27T17:08:13+08:00 ] ::1 /train/SHOP_IMG_URL/top_6.gif
ERR: 无法加载模块:SHOP_IMG_URL

[ 2017-02-27T17:08:13+08:00 ] ::1 /train/SHOP_IMG_URLmoreBrands.gif
ERR: 无法加载模块:SHOP_IMG_URLmoreBrands

[ 2017-02-27T17:08:13+08:00 ] ::1 /train/SHOP_DATA_URLbrandlogo/1240803352280856940.gif
ERR: 无法加载模块:SHOP_DATA_URLbrandlogo

[ 2017-02-27T17:08:13+08:00 ] ::1 /train/SHOP_IMG_URLanimated_favicon.gif
ERR: 无法加载模块:SHOP_IMG_URLanimated_favicon

[ 2017-02-27T17:08:15+08:00 ] ::1 /train/SHOP_JS_URLcommon.js
ERR: 无法加载模块:SHOP_JS_URLcommon

[ 2017-02-27T17:08:15+08:00 ] ::1 /train/SHOP_JS_URLindex.js
ERR: 无法加载模块:SHOP_JS_URLindex

[ 2017-02-27T17:08:15+08:00 ] ::1 /train/SHOP_CSS_URLstyle_pink.css
ERR: 无法加载模块:SHOP_CSS_URLstyle_pink

[ 2017-02-27T17:08:15+08:00 ] ::1 /train/SHOP_JS_URLutils.js
ERR: 无法加载模块:SHOP_JS_URLutils

[ 2017-02-27T17:08:15+08:00 ] ::1 /train/SHOP_JS_URLtransport.js
ERR: 无法加载模块:SHOP_JS_URLtransport

[ 2017-02-27T17:08:15+08:00 ] ::1 /train/SHOP_DATA_URLflashdata/dynfocus/cycle_image.js
ERR: 无法加载模块:SHOP_DATA_URLflashdata

[ 2017-02-27T17:08:15+08:00 ] ::1 /train/SHOP_IMG_URLlogo.gif
ERR: 无法加载模块:SHOP_IMG_URLlogo

[ 2017-02-27T17:08:15+08:00 ] ::1 /train/SHOP_JS_URLindex.js
ERR: 无法加载模块:SHOP_JS_URLindex

[ 2017-02-27T17:08:15+08:00 ] ::1 /train/SHOP_IMG_URL/top_3.gif
ERR: 无法加载模块:SHOP_IMG_URL

[ 2017-02-27T17:08:15+08:00 ] ::1 /train/SHOP_IMG_URL/bnt_reg.gif
ERR: 无法加载模块:SHOP_IMG_URL

[ 2017-02-27T17:08:15+08:00 ] ::1 /train/SHOP_IMG_URL/top_1.gif
ERR: 无法加载模块:SHOP_IMG_URL

[ 2017-02-27T17:08:15+08:00 ] ::1 /train/SHOP_IMG_URL/top_2.gif
ERR: 无法加载模块:SHOP_IMG_URL

[ 2017-02-27T17:08:15+08:00 ] ::1 /train/SHOP_IMG_URLlogo.gif
ERR: 无法加载模块:SHOP_IMG_URLlogo

[ 2017-02-27T17:08:15+08:00 ] ::1 /train/SHOP_IMG_URL/top_7.gif
ERR: 无法加载模块:SHOP_IMG_URL

[ 2017-02-27T17:08:15+08:00 ] ::1 /train/SHOP_JS_URLutils.js
ERR: 无法加载模块:SHOP_JS_URLutils

[ 2017-02-27T17:08:15+08:00 ] ::1 /train/SHOP_IMG_URL/top_8.gif
ERR: 无法加载模块:SHOP_IMG_URL

[ 2017-02-27T17:08:15+08:00 ] ::1 /train/SHOP_IMG_URL/top_5.gif
ERR: 无法加载模块:SHOP_IMG_URL

[ 2017-02-27T17:08:15+08:00 ] ::1 /train/SHOP_IMG_URL/top_9.gif
ERR: 无法加载模块:SHOP_IMG_URL

[ 2017-02-27T17:08:15+08:00 ] ::1 /train/SHOP_JS_URLtransport.js
ERR: 无法加载模块:SHOP_JS_URLtransport

[ 2017-02-27T17:08:15+08:00 ] ::1 /train/image/more.gif
ERR: 无法加载模块:Image

[ 2017-02-27T17:08:15+08:00 ] ::1 /train/SHOP_IMG_URL/top_10.gif
ERR: 无法加载模块:SHOP_IMG_URL

[ 2017-02-27T17:08:15+08:00 ] ::1 /train/images/200905/thumb_img/20_thumb_G_1242106490058.jpg
ERR: 无法加载模块:Images

[ 2017-02-27T17:08:15+08:00 ] ::1 /train/SHOP_IMG_URL/top_6.gif
ERR: 无法加载模块:SHOP_IMG_URL

[ 2017-02-27T17:08:15+08:00 ] ::1 /train/images/200905/thumb_img/10_thumb_G_1242973436403.jpg
ERR: 无法加载模块:Images

[ 2017-02-27T17:08:15+08:00 ] ::1 /train/images/200905/thumb_img/12_thumb_G_1241965978410.jpg
ERR: 无法加载模块:Images

[ 2017-02-27T17:08:15+08:00 ] ::1 /train/images/200905/thumb_img/24_thumb_G_1241971981429.jpg
ERR: 无法加载模块:Images

[ 2017-02-27T17:08:15+08:00 ] ::1 /train/SHOP_IMG_URL/top_4.gif
ERR: 无法加载模块:SHOP_IMG_URL

[ 2017-02-27T17:08:15+08:00 ] ::1 /train/SHOP_DATA_URLbrandlogo/1240802922410634065.gif
ERR: 无法加载模块:SHOP_DATA_URLbrandlogo

[ 2017-02-27T17:08:15+08:00 ] ::1 /train/SHOP_DATA_URLbrandlogo/1240803144788047486.gif
ERR: 无法加载模块:SHOP_DATA_URLbrandlogo

[ 2017-02-27T17:08:15+08:00 ] ::1 /train/SHOP_IMG_URL/bnt_reg.gif
ERR: 无法加载模块:SHOP_IMG_URL

[ 2017-02-27T17:08:15+08:00 ] ::1 /train/SHOP_DATA_URLbrandlogo/1240803062307572427.gif
ERR: 无法加载模块:SHOP_DATA_URLbrandlogo

[ 2017-02-27T17:08:15+08:00 ] ::1 /train/SHOP_IMG_URL/bnt_log.gif
ERR: 无法加载模块:SHOP_IMG_URL

[ 2017-02-27T17:08:15+08:00 ] ::1 /train/SHOP_JS_URLtransport.js
ERR: 无法加载模块:SHOP_JS_URLtransport

[ 2017-02-27T17:08:15+08:00 ] ::1 /train/SHOP_DATA_URLbrandlogo/1240803247838195732.gif
ERR: 无法加载模块:SHOP_DATA_URLbrandlogo

[ 2017-02-27T17:08:15+08:00 ] ::1 /train/SHOP_DATA_URLbrandlogo/1240803352280856940.gif
ERR: 无法加载模块:SHOP_DATA_URLbrandlogo

[ 2017-02-27T17:08:15+08:00 ] ::1 /train/SHOP_DATA_URLbrandlogo/1240803412367015368.gif
ERR: 无法加载模块:SHOP_DATA_URLbrandlogo

[ 2017-02-27T17:08:15+08:00 ] ::1 /train/images/200905/thumb_img/8_thumb_G_1241425513488.jpg
ERR: 无法加载模块:Images

[ 2017-02-27T17:08:15+08:00 ] ::1 /train/SHOP_IMG_URLmoreBrands.gif
ERR: 无法加载模块:SHOP_IMG_URLmoreBrands

[ 2017-02-27T17:08:15+08:00 ] ::1 /train/SHOP_DATA_URLflashdata/dynfocus/cycle_image.js
ERR: 无法加载模块:SHOP_DATA_URLflashdata

[ 2017-02-27T17:08:15+08:00 ] ::1 /train/SHOP_DATA_URLbrandlogo/1240803482283160654.gif
ERR: 无法加载模块:SHOP_DATA_URLbrandlogo

[ 2017-02-27T17:08:15+08:00 ] ::1 /train/SHOP_DATA_URLbrandlogo/1240803526904622792.gif
ERR: 无法加载模块:SHOP_DATA_URLbrandlogo

[ 2017-02-27T17:08:15+08:00 ] ::1 /train/SHOP_IMG_URLmore.gif
ERR: 无法加载模块:SHOP_IMG_URLmore

[ 2017-02-27T17:08:15+08:00 ] ::1 /train/SHOP_IMG_URLbnt_top.gif
ERR: 无法加载模块:SHOP_IMG_URLbnt_top

[ 2017-02-27T17:08:15+08:00 ] ::1 /train/SHOP_IMG_URLbnt_home.gif
ERR: 无法加载模块:SHOP_IMG_URLbnt_home

[ 2017-02-27T17:08:15+08:00 ] ::1 /train/SHOP_IMG_URL/xml_rss2.gif
ERR: 无法加载模块:SHOP_IMG_URL

[ 2017-02-27T17:08:15+08:00 ] ::1 /train/SHOP_IMG_URL/top_2.gif
ERR: 无法加载模块:SHOP_IMG_URL

[ 2017-02-27T17:08:15+08:00 ] ::1 /train/SHOP_IMG_URL/top_4.gif
ERR: 无法加载模块:SHOP_IMG_URL

[ 2017-02-27T17:08:15+08:00 ] ::1 /train/SHOP_IMG_URL/top_3.gif
ERR: 无法加载模块:SHOP_IMG_URL

[ 2017-02-27T17:08:15+08:00 ] ::1 /train/SHOP_IMG_URL/top_5.gif
ERR: 无法加载模块:SHOP_IMG_URL

[ 2017-02-27T17:08:15+08:00 ] ::1 /train/SHOP_IMG_URL/top_7.gif
ERR: 无法加载模块:SHOP_IMG_URL

[ 2017-02-27T17:08:15+08:00 ] ::1 /train/SHOP_IMG_URL/top_6.gif
ERR: 无法加载模块:SHOP_IMG_URL

[ 2017-02-27T17:08:15+08:00 ] ::1 /train/SHOP_IMG_URL/top_9.gif
ERR: 无法加载模块:SHOP_IMG_URL

[ 2017-02-27T17:08:15+08:00 ] ::1 /train/SHOP_IMG_URL/top_10.gif
ERR: 无法加载模块:SHOP_IMG_URL

[ 2017-02-27T17:08:15+08:00 ] ::1 /train/image/more.gif
ERR: 无法加载模块:Image

[ 2017-02-27T17:08:15+08:00 ] ::1 /train/SHOP_IMG_URL/top_1.gif
ERR: 无法加载模块:SHOP_IMG_URL

[ 2017-02-27T17:08:16+08:00 ] ::1 /train/SHOP_DATA_URLbrandlogo/1240803578417877983.gif
ERR: 无法加载模块:SHOP_DATA_URLbrandlogo

[ 2017-02-27T17:08:16+08:00 ] ::1 /train/images/200905/thumb_img/10_thumb_G_1242973436403.jpg
ERR: 无法加载模块:Images

[ 2017-02-27T17:08:16+08:00 ] ::1 /train/images/200905/thumb_img/12_thumb_G_1241965978410.jpg
ERR: 无法加载模块:Images

[ 2017-02-27T17:08:16+08:00 ] ::1 /train/images/200905/thumb_img/24_thumb_G_1241971981429.jpg
ERR: 无法加载模块:Images

[ 2017-02-27T17:08:16+08:00 ] ::1 /train/SHOP_DATA_URLbrandlogo/1240803062307572427.gif
ERR: 无法加载模块:SHOP_DATA_URLbrandlogo

[ 2017-02-27T17:08:16+08:00 ] ::1 /train/SHOP_DATA_URLbrandlogo/1240802922410634065.gif
ERR: 无法加载模块:SHOP_DATA_URLbrandlogo

[ 2017-02-27T17:08:16+08:00 ] ::1 /train/images/200905/thumb_img/32_thumb_G_1242110760196.jpg
ERR: 无法加载模块:Images

[ 2017-02-27T17:08:16+08:00 ] ::1 /train/SHOP_DATA_URLbrandlogo/1240803412367015368.gif
ERR: 无法加载模块:SHOP_DATA_URLbrandlogo

[ 2017-02-27T17:08:16+08:00 ] ::1 /train/SHOP_DATA_URLbrandlogo/1240803352280856940.gif
ERR: 无法加载模块:SHOP_DATA_URLbrandlogo

[ 2017-02-27T17:08:16+08:00 ] ::1 /train/images/200905/thumb_img/20_thumb_G_1242106490058.jpg
ERR: 无法加载模块:Images

[ 2017-02-27T17:08:16+08:00 ] ::1 /train/SHOP_IMG_URLmoreBrands.gif
ERR: 无法加载模块:SHOP_IMG_URLmoreBrands

[ 2017-02-27T17:08:16+08:00 ] ::1 /train/SHOP_DATA_URLbrandlogo/1240803247838195732.gif
ERR: 无法加载模块:SHOP_DATA_URLbrandlogo

[ 2017-02-27T17:08:16+08:00 ] ::1 /train/SHOP_DATA_URLbrandlogo/1240803144788047486.gif
ERR: 无法加载模块:SHOP_DATA_URLbrandlogo

[ 2017-02-27T17:08:16+08:00 ] ::1 /train/SHOP_IMG_URL/top_8.gif
ERR: 无法加载模块:SHOP_IMG_URL

[ 2017-02-27T17:08:16+08:00 ] ::1 /train/images/200905/thumb_img/8_thumb_G_1241425513488.jpg
ERR: 无法加载模块:Images

[ 2017-02-27T17:09:15+08:00 ] ::1 /train/images/200905/thumb_img/10_thumb_G_1242973436403.jpg
ERR: 无法加载模块:Images

[ 2017-02-27T17:09:15+08:00 ] ::1 /train/images/200905/thumb_img/12_thumb_G_1241965978410.jpg
ERR: 无法加载模块:Images

[ 2017-02-27T17:09:15+08:00 ] ::1 /train/images/200905/thumb_img/20_thumb_G_1242106490058.jpg
ERR: 无法加载模块:Images

[ 2017-02-27T17:09:15+08:00 ] ::1 /train/images/200905/thumb_img/32_thumb_G_1242110760196.jpg
ERR: 无法加载模块:Images

[ 2017-02-27T17:09:15+08:00 ] ::1 /train/image/more.gif
ERR: 无法加载模块:Image

[ 2017-02-27T17:09:15+08:00 ] ::1 /train/images/200905/thumb_img/8_thumb_G_1241425513488.jpg
ERR: 无法加载模块:Images

[ 2017-02-27T17:09:15+08:00 ] ::1 /train/images/200905/thumb_img/24_thumb_G_1241971981429.jpg
ERR: 无法加载模块:Images

[ 2017-02-27T17:09:15+08:00 ] ::1 /train/Shop/Home/Public/image/animated_favicon.gif
ERR: 无法加载模块:Shop

[ 2017-02-27T19:35:45+08:00 ] ::1 /train/images/200905/thumb_img/8_thumb_G_1241425513488.jpg
ERR: 无法加载模块:Images

[ 2017-02-27T19:35:45+08:00 ] ::1 /train/image/more.gif
ERR: 无法加载模块:Image

[ 2017-02-27T19:35:45+08:00 ] ::1 /train/images/200905/thumb_img/32_thumb_G_1242110760196.jpg
ERR: 无法加载模块:Images

[ 2017-02-27T19:35:45+08:00 ] ::1 /train/images/200905/thumb_img/24_thumb_G_1241971981429.jpg
ERR: 无法加载模块:Images

[ 2017-02-27T19:35:45+08:00 ] ::1 /train/images/200905/thumb_img/12_thumb_G_1241965978410.jpg
ERR: 无法加载模块:Images

[ 2017-02-27T19:35:45+08:00 ] ::1 /train/images/200905/thumb_img/20_thumb_G_1242106490058.jpg
ERR: 无法加载模块:Images

[ 2017-02-27T19:35:45+08:00 ] ::1 /train/images/200905/thumb_img/10_thumb_G_1242973436403.jpg
ERR: 无法加载模块:Images

[ 2017-02-27T19:41:52+08:00 ] ::1 /train/index.php?g=Admin&m=Checkcode&a=index
ERR: 无法加载模块:Checkcode

[ 2017-02-27T19:41:54+08:00 ] ::1 /train/index.php?g=Admin&m=Checkcode&a=index&time=
ERR: 无法加载模块:Checkcode

[ 2017-02-27T19:42:07+08:00 ] ::1 /train/index.php?g=Admin&m=Checkcode&a=index&time=
ERR: 无法加载模块:Checkcode

[ 2017-02-27T19:42:08+08:00 ] ::1 /train/index.php?g=Admin&m=Checkcode&a=index&time=
ERR: 无法加载模块:Checkcode

[ 2017-02-27T19:42:08+08:00 ] ::1 /train/index.php?g=Admin&m=Checkcode&a=index&time=
ERR: 无法加载模块:Checkcode

[ 2017-02-27T19:42:09+08:00 ] ::1 /train/index.php?g=Admin&m=Checkcode&a=index&time=
ERR: 无法加载模块:Checkcode

[ 2017-02-27T19:42:09+08:00 ] ::1 /train/index.php?g=Admin&m=Checkcode&a=index&time=
ERR: 无法加载模块:Checkcode

[ 2017-02-27T19:42:09+08:00 ] ::1 /train/index.php?g=Admin&m=Checkcode&a=index&time=
ERR: 无法加载模块:Checkcode

[ 2017-02-27T19:42:09+08:00 ] ::1 /train/index.php?g=Admin&m=Checkcode&a=index&time=
ERR: 无法加载模块:Checkcode

[ 2017-02-27T19:42:09+08:00 ] ::1 /train/index.php?g=Admin&m=Checkcode&a=index&time=
ERR: 无法加载模块:Checkcode

[ 2017-02-27T19:42:09+08:00 ] ::1 /train/index.php?g=Admin&m=Checkcode&a=index&time=
ERR: 无法加载模块:Checkcode

[ 2017-02-27T19:42:59+08:00 ] ::1 /train/index.php?g=Admin&m=Checkcode&a=index
ERR: 无法加载模块:Checkcode

[ 2017-02-27T19:43:00+08:00 ] ::1 /train/index.php?g=Admin&m=Checkcode&a=index
ERR: 无法加载模块:Checkcode

[ 2017-02-27T19:43:00+08:00 ] ::1 /train/index.php?g=Admin&m=Checkcode&a=index
ERR: 无法加载模块:Checkcode

[ 2017-02-27T19:43:00+08:00 ] ::1 /train/index.php?g=Admin&m=Checkcode&a=index
ERR: 无法加载模块:Checkcode

[ 2017-02-27T19:43:00+08:00 ] ::1 /train/index.php?g=Admin&m=Checkcode&a=index
ERR: 无法加载模块:Checkcode

[ 2017-02-27T19:44:15+08:00 ] ::1 /train/images/200905/thumb_img/12_thumb_G_1241965978410.jpg
ERR: 无法加载模块:Images

[ 2017-02-27T19:44:15+08:00 ] ::1 /train/images/200905/thumb_img/8_thumb_G_1241425513488.jpg
ERR: 无法加载模块:Images

[ 2017-02-27T19:44:15+08:00 ] ::1 /train/image/more.gif
ERR: 无法加载模块:Image

[ 2017-02-27T19:44:15+08:00 ] ::1 /train/images/200905/thumb_img/20_thumb_G_1242106490058.jpg
ERR: 无法加载模块:Images

[ 2017-02-27T19:44:15+08:00 ] ::1 /train/images/200905/thumb_img/32_thumb_G_1242110760196.jpg
ERR: 无法加载模块:Images

[ 2017-02-27T19:44:15+08:00 ] ::1 /train/images/200905/thumb_img/10_thumb_G_1242973436403.jpg
ERR: 无法加载模块:Images

[ 2017-02-27T19:44:15+08:00 ] ::1 /train/images/200905/thumb_img/24_thumb_G_1241971981429.jpg
ERR: 无法加载模块:Images

[ 2017-02-27T19:44:21+08:00 ] ::1 /train/index.php?g=Admin&m=Checkcode&a=index&time=0.5267079468687683
ERR: 无法加载模块:Checkcode

[ 2017-02-27T19:44:22+08:00 ] ::1 /train/index.php?g=Admin&m=Checkcode&a=index&time=0.6659426532251729
ERR: 无法加载模块:Checkcode

[ 2017-02-27T19:44:23+08:00 ] ::1 /train/index.php?g=Admin&m=Checkcode&a=index&time=0.7994743711317975
ERR: 无法加载模块:Checkcode

[ 2017-02-27T19:44:24+08:00 ] ::1 /train/index.php?g=Admin&m=Checkcode&a=index&time=0.053109251695219184
ERR: 无法加载模块:Checkcode

[ 2017-02-27T19:44:25+08:00 ] ::1 /train/index.php?g=Admin&m=Checkcode&a=index&time=0.9110700466134327
ERR: 无法加载模块:Checkcode

[ 2017-02-27T19:44:26+08:00 ] ::1 /train/index.php?g=Admin&m=Checkcode&a=index&time=0.06350770529610572
ERR: 无法加载模块:Checkcode

[ 2017-02-27T19:44:26+08:00 ] ::1 /train/index.php?g=Admin&m=Checkcode&a=index&time=0.9306192807213063
ERR: 无法加载模块:Checkcode

[ 2017-02-27T19:44:27+08:00 ] ::1 /train/index.php?g=Admin&m=Checkcode&a=index&time=0.14617177831585582
ERR: 无法加载模块:Checkcode

[ 2017-02-27T19:55:57+08:00 ] ::1 /train/privilege.php
ERR: 无法加载模块:Privilege

[ 2017-02-27T19:56:03+08:00 ] ::1 /train/privilege.php
ERR: 无法加载模块:Privilege

[ 2017-02-27T19:57:32+08:00 ] ::1 /train/privilege.php
ERR: 无法加载模块:Privilege

[ 2017-02-27T20:00:00+08:00 ] ::1 /train/privilege.php
ERR: 无法加载模块:Privilege

[ 2017-02-27T20:01:21+08:00 ] ::1 /train/privilege.php
ERR: 无法加载模块:Privilege

[ 2017-02-27T20:01:35+08:00 ] ::1 /train/privilege.php
ERR: 无法加载模块:Privilege

[ 2017-02-27T20:03:53+08:00 ] ::1 /train/privilege.php
ERR: 无法加载模块:Privilege

[ 2017-02-27T20:04:37+08:00 ] ::1 /train/privilege.php
ERR: 无法加载模块:Privilege

[ 2017-02-27T20:10:35+08:00 ] ::1 /train/privilege.php
ERR: 无法加载模块:Privilege

[ 2017-02-27T20:11:47+08:00 ] ::1 /train/privilege.php
ERR: 无法加载模块:Privilege

[ 2017-02-27T20:13:28+08:00 ] ::1 /train/privilege.php
ERR: 无法加载模块:Privilege

[ 2017-02-27T20:13:31+08:00 ] ::1 /train/privilege.php
ERR: 无法加载模块:Privilege

[ 2017-02-27T20:13:54+08:00 ] ::1 /train/privilege.php
ERR: 无法加载模块:Privilege

[ 2017-02-27T20:13:57+08:00 ] ::1 /train/privilege.php
ERR: 无法加载模块:Privilege

[ 2017-02-27T20:14:37+08:00 ] ::1 /train/privilege.php
ERR: 无法加载模块:Privilege

