[ 2017-02-25T17:44:10+08:00 ] ::1 /train/shop/cart
ERR: 非法操作:index

[ 2017-02-25T17:44:15+08:00 ] ::1 /train/shop/Cart
ERR: 非法操作:index

[ 2017-02-25T17:44:35+08:00 ] ::1 /train/shop/Application/Shop/Public/js/transport.js
ERR: 无法加载控制器:Application

[ 2017-02-25T17:44:50+08:00 ] ::1 /train/shop/Application/Shop/Public/js/common.js
ERR: 无法加载控制器:Application

[ 2017-02-25T17:44:50+08:00 ] ::1 /train/shop/Application/Shop/Public/css/style_pink.css
ERR: 无法加载控制器:Application

[ 2017-02-25T17:44:50+08:00 ] ::1 /train/shop/Application/Shop/Public/js/index.js
ERR: 无法加载控制器:Application

[ 2017-02-25T17:44:50+08:00 ] ::1 /train/shop/Application/Shop/Public/js/utils.js
ERR: 无法加载控制器:Application

[ 2017-02-25T17:44:50+08:00 ] ::1 /train/shop/Application/Shop/Public/data/flashdata/dynfocus/cycle_image.js
ERR: 无法加载控制器:Application

[ 2017-02-25T17:44:50+08:00 ] ::1 /train/shop/Application/Shop/Public/js/transport.js
ERR: 无法加载控制器:Application

[ 2017-02-25T17:44:50+08:00 ] ::1 /train/shop/Application/Shop/Public/data/flashdata/dynfocus/cycle_image.js
ERR: 无法加载控制器:Application

[ 2017-02-25T17:44:53+08:00 ] ::1 /train/shop/Application/Shop/Public/css/style_pink.css
ERR: 无法加载控制器:Application

[ 2017-02-25T17:44:53+08:00 ] ::1 /train/shop/Application/Shop/Public/js/common.js
ERR: 无法加载控制器:Application

[ 2017-02-25T17:44:53+08:00 ] ::1 /train/shop/Application/Shop/Public/js/index.js
ERR: 无法加载控制器:Application

[ 2017-02-25T17:44:53+08:00 ] ::1 /train/shop/Application/Shop/Public/js/transport.js
ERR: 无法加载控制器:Application

[ 2017-02-25T17:44:53+08:00 ] ::1 /train/shop/Application/Shop/Public/js/utils.js
ERR: 无法加载控制器:Application

[ 2017-02-25T17:44:53+08:00 ] ::1 /train/shop/Application/Shop/Public/data/flashdata/dynfocus/cycle_image.js
ERR: 无法加载控制器:Application

[ 2017-02-25T17:44:53+08:00 ] ::1 /train/shop/Application/Shop/Public/js/transport.js
ERR: 无法加载控制器:Application

[ 2017-02-25T17:44:54+08:00 ] ::1 /train/shop/Application/Shop/Public/data/flashdata/dynfocus/cycle_image.js
ERR: 无法加载控制器:Application

[ 2017-02-25T17:44:56+08:00 ] ::1 /train/shop/Application/Shop/Public/js/common.js
ERR: 无法加载控制器:Application

[ 2017-02-25T17:44:56+08:00 ] ::1 /train/shop/Application/Shop/Public/css/style_pink.css
ERR: 无法加载控制器:Application

[ 2017-02-25T17:44:56+08:00 ] ::1 /train/shop/Application/Shop/Public/js/index.js
ERR: 无法加载控制器:Application

[ 2017-02-25T17:44:56+08:00 ] ::1 /train/shop/Application/Shop/Public/js/transport.js
ERR: 无法加载控制器:Application

[ 2017-02-25T17:44:56+08:00 ] ::1 /train/shop/Application/Shop/Public/data/flashdata/dynfocus/cycle_image.js
ERR: 无法加载控制器:Application

[ 2017-02-25T17:44:57+08:00 ] ::1 /train/shop/Application/Shop/Public/js/utils.js
ERR: 无法加载控制器:Application

[ 2017-02-25T17:44:57+08:00 ] ::1 /train/shop/Application/Shop/Public/js/transport.js
ERR: 无法加载控制器:Application

[ 2017-02-25T17:44:57+08:00 ] ::1 /train/shop/Application/Shop/Public/data/flashdata/dynfocus/cycle_image.js
ERR: 无法加载控制器:Application

[ 2017-02-25T17:45:22+08:00 ] ::1 /train/shop/Application/Shop/Public/js/index.js
ERR: 无法加载控制器:Application

[ 2017-02-25T17:45:22+08:00 ] ::1 /train/shop/Application/Shop/Public/css/style_pink.css
ERR: 无法加载控制器:Application

[ 2017-02-25T17:45:22+08:00 ] ::1 /train/shop/Application/Shop/Public/js/common.js
ERR: 无法加载控制器:Application

[ 2017-02-25T17:45:22+08:00 ] ::1 /train/shop/Application/Shop/Public/js/utils.js
ERR: 无法加载控制器:Application

[ 2017-02-25T17:45:22+08:00 ] ::1 /train/shop/Application/Shop/Public/js/index.js
ERR: 无法加载控制器:Application

[ 2017-02-25T17:45:22+08:00 ] ::1 /train/shop/Application/Shop/Public/js/transport.js
ERR: 无法加载控制器:Application

[ 2017-02-25T17:45:22+08:00 ] ::1 /train/shop/Application/Shop/Public/js/utils.js
ERR: 无法加载控制器:Application

[ 2017-02-25T17:45:22+08:00 ] ::1 /train/shop/Application/Shop/Public/data/flashdata/dynfocus/cycle_image.js
ERR: 无法加载控制器:Application

[ 2017-02-25T17:45:23+08:00 ] ::1 /train/shop/Application/Shop/Public/js/transport.js
ERR: 无法加载控制器:Application

[ 2017-02-25T17:45:23+08:00 ] ::1 /train/shop/Application/Shop/Public/data/flashdata/dynfocus/cycle_image.js
ERR: 无法加载控制器:Application

[ 2017-02-25T17:45:49+08:00 ] ::1 /train/shop/Application/Shop/Public/js/common.js
ERR: 无法加载控制器:Application

[ 2017-02-25T17:45:49+08:00 ] ::1 /train/shop/Application/Shop/Public/js/index.js
ERR: 无法加载控制器:Application

[ 2017-02-25T17:45:49+08:00 ] ::1 /train/shop/Application/Shop/Public/js/utils.js
ERR: 无法加载控制器:Application

[ 2017-02-25T17:45:49+08:00 ] ::1 /train/shop/Application/Shop/Public/data/flashdata/dynfocus/cycle_image.js
ERR: 无法加载控制器:Application

[ 2017-02-25T17:45:49+08:00 ] ::1 /train/shop/Application/Shop/Public/js/transport.js
ERR: 无法加载控制器:Application

[ 2017-02-25T17:45:49+08:00 ] ::1 /train/shop/Application/Shop/Public/data/flashdata/dynfocus/cycle_image.js
ERR: 无法加载控制器:Application

[ 2017-02-25T17:45:50+08:00 ] ::1 /train/shop/Application/Shop/Public/js/index.js
ERR: 无法加载控制器:Application

[ 2017-02-25T17:45:50+08:00 ] ::1 /train/shop/Application/Shop/Public/js/common.js
ERR: 无法加载控制器:Application

[ 2017-02-25T17:45:50+08:00 ] ::1 /train/shop/Application/Shop/Public/js/utils.js
ERR: 无法加载控制器:Application

[ 2017-02-25T17:45:50+08:00 ] ::1 /train/shop/Application/Shop/Public/js/index.js
ERR: 无法加载控制器:Application

[ 2017-02-25T17:45:50+08:00 ] ::1 /train/shop/Application/Shop/Public/js/transport.js
ERR: 无法加载控制器:Application

[ 2017-02-25T17:45:50+08:00 ] ::1 /train/shop/Application/Shop/Public/data/flashdata/dynfocus/cycle_image.js
ERR: 无法加载控制器:Application

[ 2017-02-25T17:45:50+08:00 ] ::1 /train/shop/Application/Shop/Public/js/utils.js
ERR: 无法加载控制器:Application

[ 2017-02-25T17:45:50+08:00 ] ::1 /train/shop/Application/Shop/Public/js/transport.js
ERR: 无法加载控制器:Application

[ 2017-02-25T17:45:50+08:00 ] ::1 /train/shop/Application/Shop/Public/data/flashdata/dynfocus/cycle_image.js
ERR: 无法加载控制器:Application

[ 2017-02-25T17:53:38+08:00 ] ::1 /train/Shop/Cart/Application/Shop/Public/js/transport.js
ERR: 非法操作:Application

