[ 2017-02-27T13:18:12+08:00 ] ::1 /train/shop/admin
ERR: 无法加载控制器:Admin

[ 2017-02-27T13:22:16+08:00 ] ::1 /train/shop/admin
ERR: 无法加载控制器:Admin

[ 2017-02-27T14:26:57+08:00 ] ::1 /train/shop/Application/Shop/Public/js/common.js
ERR: 无法加载控制器:Application

[ 2017-02-27T14:26:57+08:00 ] ::1 /train/shop/Application/Shop/Public/js/index.js
ERR: 无法加载控制器:Application

[ 2017-02-27T14:26:58+08:00 ] ::1 /train/shop/Application/Shop/Public/js/utils.js
ERR: 无法加载控制器:Application

[ 2017-02-27T14:26:58+08:00 ] ::1 /train/shop/Application/Shop/Public/css/style_pink.css
ERR: 无法加载控制器:Application

[ 2017-02-27T14:26:58+08:00 ] ::1 /train/shop/Application/Shop/Public/js/transport.js
ERR: 无法加载控制器:Application

[ 2017-02-27T14:26:58+08:00 ] ::1 /train/shop/Application/Shop/Public/js/index.js
ERR: 无法加载控制器:Application

[ 2017-02-27T14:26:58+08:00 ] ::1 /train/shop/Application/Shop/Public/data/flashdata/dynfocus/cycle_image.js
ERR: 无法加载控制器:Application

[ 2017-02-27T14:26:58+08:00 ] ::1 /train/shop/Application/Shop/Public/js/utils.js
ERR: 无法加载控制器:Application

[ 2017-02-27T14:26:58+08:00 ] ::1 /train/shop/Application/Shop/Public/js/transport.js
ERR: 无法加载控制器:Application

[ 2017-02-27T14:26:58+08:00 ] ::1 /train/shop/Application/Shop/Public/js/transport.js
ERR: 无法加载控制器:Application

[ 2017-02-27T14:26:58+08:00 ] ::1 /train/shop/Application/Shop/Public/data/flashdata/dynfocus/cycle_image.js
ERR: 无法加载控制器:Application

[ 2017-02-27T14:27:02+08:00 ] ::1 /train/shop/Application/Shop/Public/css/style_pink.css
ERR: 无法加载控制器:Application

[ 2017-02-27T14:27:02+08:00 ] ::1 /train/shop/Application/Shop/Public/js/common.js
ERR: 无法加载控制器:Application

[ 2017-02-27T14:27:02+08:00 ] ::1 /train/shop/Application/Shop/Public/js/index.js
ERR: 无法加载控制器:Application

[ 2017-02-27T14:27:02+08:00 ] ::1 /train/shop/Application/Shop/Public/js/transport.js
ERR: 无法加载控制器:Application

[ 2017-02-27T14:27:02+08:00 ] ::1 /train/shop/Application/Shop/Public/js/utils.js
ERR: 无法加载控制器:Application

[ 2017-02-27T14:27:02+08:00 ] ::1 /train/shop/Application/Shop/Public/data/flashdata/dynfocus/cycle_image.js
ERR: 无法加载控制器:Application

[ 2017-02-27T14:27:02+08:00 ] ::1 /train/shop/Application/Shop/Public/js/transport.js
ERR: 无法加载控制器:Application

[ 2017-02-27T14:27:02+08:00 ] ::1 /train/shop/Application/Shop/Public/js/transport.js
ERR: 无法加载控制器:Application

[ 2017-02-27T14:27:02+08:00 ] ::1 /train/shop/Application/Shop/Public/data/flashdata/dynfocus/cycle_image.js
ERR: 无法加载控制器:Application

[ 2017-02-27T14:27:11+08:00 ] ::1 /train/shop/Application/Shop/Public/js/index.js
ERR: 无法加载控制器:Application

[ 2017-02-27T14:27:11+08:00 ] ::1 /train/shop/Application/Shop/Public/css/style_pink.css
ERR: 无法加载控制器:Application

[ 2017-02-27T14:27:11+08:00 ] ::1 /train/shop/Application/Shop/Public/js/common.js
ERR: 无法加载控制器:Application

[ 2017-02-27T14:27:11+08:00 ] ::1 /train/shop/Application/Shop/Public/js/utils.js
ERR: 无法加载控制器:Application

[ 2017-02-27T14:27:11+08:00 ] ::1 /train/shop/Application/Shop/Public/js/index.js
ERR: 无法加载控制器:Application

[ 2017-02-27T14:27:11+08:00 ] ::1 /train/shop/Application/Shop/Public/js/transport.js
ERR: 无法加载控制器:Application

[ 2017-02-27T14:27:11+08:00 ] ::1 /train/shop/Application/Shop/Public/data/flashdata/dynfocus/cycle_image.js
ERR: 无法加载控制器:Application

[ 2017-02-27T14:27:11+08:00 ] ::1 /train/shop/Application/Shop/Public/js/utils.js
ERR: 无法加载控制器:Application

[ 2017-02-27T14:27:11+08:00 ] ::1 /train/shop/Application/Shop/Public/js/transport.js
ERR: 无法加载控制器:Application

[ 2017-02-27T14:27:12+08:00 ] ::1 /train/shop/Application/Shop/Public/js/transport.js
ERR: 无法加载控制器:Application

[ 2017-02-27T14:27:12+08:00 ] ::1 /train/shop/Application/Shop/Public/data/flashdata/dynfocus/cycle_image.js
ERR: 无法加载控制器:Application

[ 2017-02-27T14:27:14+08:00 ] ::1 /train/shop/Application/Shop/Public/js/index.js
ERR: 无法加载控制器:Application

[ 2017-02-27T14:27:14+08:00 ] ::1 /train/shop/Application/Shop/Public/css/style_pink.css
ERR: 无法加载控制器:Application

[ 2017-02-27T14:27:14+08:00 ] ::1 /train/shop/Application/Shop/Public/js/common.js
ERR: 无法加载控制器:Application

[ 2017-02-27T14:27:14+08:00 ] ::1 /train/shop/Application/Shop/Public/js/utils.js
ERR: 无法加载控制器:Application

[ 2017-02-27T14:27:14+08:00 ] ::1 /train/shop/Application/Shop/Public/js/index.js
ERR: 无法加载控制器:Application

[ 2017-02-27T14:27:14+08:00 ] ::1 /train/shop/Application/Shop/Public/js/utils.js
ERR: 无法加载控制器:Application

[ 2017-02-27T14:27:14+08:00 ] ::1 /train/shop/Application/Shop/Public/data/flashdata/dynfocus/cycle_image.js
ERR: 无法加载控制器:Application

[ 2017-02-27T14:27:14+08:00 ] ::1 /train/shop/Application/Shop/Public/js/transport.js
ERR: 无法加载控制器:Application

[ 2017-02-27T14:27:14+08:00 ] ::1 /train/shop/Application/Shop/Public/js/transport.js
ERR: 无法加载控制器:Application

[ 2017-02-27T14:27:14+08:00 ] ::1 /train/shop/Application/Shop/Public/data/flashdata/dynfocus/cycle_image.js
ERR: 无法加载控制器:Application

[ 2017-02-27T14:27:29+08:00 ] ::1 /train/shop/Application/Shop/Public/js/index.js
ERR: 无法加载控制器:Application

[ 2017-02-27T14:27:29+08:00 ] ::1 /train/shop/Application/Shop/Public/css/style_pink.css
ERR: 无法加载控制器:Application

[ 2017-02-27T14:27:29+08:00 ] ::1 /train/shop/Application/Shop/Public/js/common.js
ERR: 无法加载控制器:Application

[ 2017-02-27T14:27:29+08:00 ] ::1 /train/shop/Application/Shop/Public/js/utils.js
ERR: 无法加载控制器:Application

[ 2017-02-27T14:27:29+08:00 ] ::1 /train/shop/Application/Shop/Public/js/index.js
ERR: 无法加载控制器:Application

[ 2017-02-27T14:27:29+08:00 ] ::1 /train/shop/Application/Shop/Public/js/utils.js
ERR: 无法加载控制器:Application

[ 2017-02-27T14:27:29+08:00 ] ::1 /train/shop/Application/Shop/Public/js/transport.js
ERR: 无法加载控制器:Application

[ 2017-02-27T14:27:29+08:00 ] ::1 /train/shop/Application/Shop/Public/data/flashdata/dynfocus/cycle_image.js
ERR: 无法加载控制器:Application

[ 2017-02-27T14:27:29+08:00 ] ::1 /train/shop/Application/Shop/Public/js/transport.js
ERR: 无法加载控制器:Application

[ 2017-02-27T14:27:29+08:00 ] ::1 /train/shop/Application/Shop/Public/data/flashdata/dynfocus/cycle_image.js
ERR: 无法加载控制器:Application

[ 2017-02-27T14:27:44+08:00 ] ::1 /train/shop/Application/Shop/Public/js/index.js
ERR: 无法加载控制器:Application

[ 2017-02-27T14:27:44+08:00 ] ::1 /train/shop/Application/Shop/Public/css/style_pink.css
ERR: 无法加载控制器:Application

[ 2017-02-27T14:27:44+08:00 ] ::1 /train/shop/Application/Shop/Public/js/common.js
ERR: 无法加载控制器:Application

[ 2017-02-27T14:27:44+08:00 ] ::1 /train/shop/Application/Shop/Public/js/utils.js
ERR: 无法加载控制器:Application

[ 2017-02-27T14:27:44+08:00 ] ::1 /train/shop/Application/Shop/Public/js/index.js
ERR: 无法加载控制器:Application

[ 2017-02-27T14:27:44+08:00 ] ::1 /train/shop/Application/Shop/Public/js/utils.js
ERR: 无法加载控制器:Application

[ 2017-02-27T14:27:44+08:00 ] ::1 /train/shop/Application/Shop/Public/data/flashdata/dynfocus/cycle_image.js
ERR: 无法加载控制器:Application

[ 2017-02-27T14:27:44+08:00 ] ::1 /train/shop/Application/Shop/Public/js/transport.js
ERR: 无法加载控制器:Application

[ 2017-02-27T14:27:45+08:00 ] ::1 /train/shop/Application/Shop/Public/js/transport.js
ERR: 无法加载控制器:Application

[ 2017-02-27T14:27:45+08:00 ] ::1 /train/shop/Application/Shop/Public/data/flashdata/dynfocus/cycle_image.js
ERR: 无法加载控制器:Application

[ 2017-02-27T14:27:47+08:00 ] ::1 /train/shop/Application/Shop/Public/js/index.js
ERR: 无法加载控制器:Application

[ 2017-02-27T14:27:48+08:00 ] ::1 /train/shop/Application/Shop/Public/css/style_pink.css
ERR: 无法加载控制器:Application

[ 2017-02-27T14:27:48+08:00 ] ::1 /train/shop/Application/Shop/Public/js/common.js
ERR: 无法加载控制器:Application

[ 2017-02-27T14:27:48+08:00 ] ::1 /train/shop/Application/Shop/Public/js/utils.js
ERR: 无法加载控制器:Application

[ 2017-02-27T14:27:48+08:00 ] ::1 /train/shop/Application/Shop/Public/js/index.js
ERR: 无法加载控制器:Application

[ 2017-02-27T14:27:48+08:00 ] ::1 /train/shop/Application/Shop/Public/js/transport.js
ERR: 无法加载控制器:Application

[ 2017-02-27T14:27:48+08:00 ] ::1 /train/shop/Application/Shop/Public/data/flashdata/dynfocus/cycle_image.js
ERR: 无法加载控制器:Application

[ 2017-02-27T14:27:48+08:00 ] ::1 /train/shop/Application/Shop/Public/js/utils.js
ERR: 无法加载控制器:Application

[ 2017-02-27T14:27:48+08:00 ] ::1 /train/shop/Application/Shop/Public/js/transport.js
ERR: 无法加载控制器:Application

[ 2017-02-27T14:27:48+08:00 ] ::1 /train/shop/Application/Shop/Public/js/transport.js
ERR: 无法加载控制器:Application

[ 2017-02-27T14:27:48+08:00 ] ::1 /train/shop/Application/Shop/Public/data/flashdata/dynfocus/cycle_image.js
ERR: 无法加载控制器:Application

[ 2017-02-27T14:28:11+08:00 ] ::1 /train/shop/Application/Shop/Public/js/index.js
ERR: 无法加载控制器:Application

[ 2017-02-27T14:28:11+08:00 ] ::1 /train/shop/Application/Shop/Public/css/style_pink.css
ERR: 无法加载控制器:Application

[ 2017-02-27T14:28:11+08:00 ] ::1 /train/shop/Application/Shop/Public/js/common.js
ERR: 无法加载控制器:Application

[ 2017-02-27T14:28:11+08:00 ] ::1 /train/shop/Application/Shop/Public/js/utils.js
ERR: 无法加载控制器:Application

[ 2017-02-27T14:28:11+08:00 ] ::1 /train/shop/Application/Shop/Public/js/index.js
ERR: 无法加载控制器:Application

[ 2017-02-27T14:28:11+08:00 ] ::1 /train/shop/Application/Shop/Public/js/transport.js
ERR: 无法加载控制器:Application

[ 2017-02-27T14:28:11+08:00 ] ::1 /train/shop/Application/Shop/Public/data/flashdata/dynfocus/cycle_image.js
ERR: 无法加载控制器:Application

[ 2017-02-27T14:28:11+08:00 ] ::1 /train/shop/Application/Shop/Public/js/utils.js
ERR: 无法加载控制器:Application

[ 2017-02-27T14:28:11+08:00 ] ::1 /train/shop/Application/Shop/Public/js/transport.js
ERR: 无法加载控制器:Application

[ 2017-02-27T14:28:11+08:00 ] ::1 /train/shop/Application/Shop/Public/js/transport.js
ERR: 无法加载控制器:Application

[ 2017-02-27T14:28:11+08:00 ] ::1 /train/shop/Application/Shop/Public/data/flashdata/dynfocus/cycle_image.js
ERR: 无法加载控制器:Application

[ 2017-02-27T14:28:16+08:00 ] ::1 /train/shop/Application/Shop/Public/css/style_pink.css
ERR: 无法加载控制器:Application

[ 2017-02-27T14:31:01+08:00 ] ::1 /train/Shop/Cart/Application/Shop/Public/js/transport.js
ERR: 非法操作:Application

