[ 2017-02-07T11:09:05+08:00 ] ::1 /train/index.php/Visit/Ajaxload/linkage.html
INFO: [ app_begin ] --START--
INFO: Run Behavior\ReadHtmlCacheBehavior [ RunTime:0.001000s ]
INFO: [ app_begin ] --END-- [ RunTime:0.002000s ]
SQL: SELECT * FROM `tp_linkage` WHERE `parent_id` = '1'  [ RunTime:0.0010s ]

[ 2017-02-07T11:09:07+08:00 ] ::1 /train/index.php/Visit/Ajaxload/linkage.html
INFO: [ app_begin ] --START--
INFO: Run Behavior\ReadHtmlCacheBehavior [ RunTime:0.000000s ]
INFO: [ app_begin ] --END-- [ RunTime:0.001000s ]
SQL: SELECT * FROM `tp_linkage` WHERE `parent_id` = '3'  [ RunTime:0.0010s ]

[ 2017-02-07T11:09:09+08:00 ] ::1 /train/index.php/Visit/Ajaxload/linkage.html
INFO: [ app_begin ] --START--
INFO: Run Behavior\ReadHtmlCacheBehavior [ RunTime:0.001000s ]
INFO: [ app_begin ] --END-- [ RunTime:0.001000s ]
SQL: SELECT * FROM `tp_linkage` WHERE `parent_id` = '7'  [ RunTime:0.0010s ]

[ 2017-02-07T11:09:10+08:00 ] ::1 /train/index.php/Visit/Ajaxload/linkage.html
INFO: [ app_begin ] --START--
INFO: Run Behavior\ReadHtmlCacheBehavior [ RunTime:0.001000s ]
INFO: [ app_begin ] --END-- [ RunTime:0.002000s ]
SQL: SELECT * FROM `tp_linkage` WHERE `parent_id` = '15'  [ RunTime:0.0000s ]

[ 2017-02-07T11:09:12+08:00 ] ::1 /train/index.php/Visit/Ajaxload/linkage.html
INFO: [ app_begin ] --START--
INFO: Run Behavior\ReadHtmlCacheBehavior [ RunTime:0.001000s ]
INFO: [ app_begin ] --END-- [ RunTime:0.001000s ]
SQL: SELECT * FROM `tp_linkage` WHERE `parent_id` = '4'  [ RunTime:0.0010s ]

[ 2017-02-07T11:09:14+08:00 ] ::1 /train/index.php/Visit/Ajaxload/linkage.html
INFO: [ app_begin ] --START--
INFO: Run Behavior\ReadHtmlCacheBehavior [ RunTime:0.001000s ]
INFO: [ app_begin ] --END-- [ RunTime:0.001000s ]
SQL: SELECT * FROM `tp_linkage` WHERE `parent_id` = '11'  [ RunTime:0.0000s ]

[ 2017-02-07T11:09:15+08:00 ] ::1 /train/index.php/Visit/Ajaxload/linkage.html
INFO: [ app_begin ] --START--
INFO: Run Behavior\ReadHtmlCacheBehavior [ RunTime:0.000000s ]
INFO: [ app_begin ] --END-- [ RunTime:0.001000s ]
SQL: SELECT * FROM `tp_linkage` WHERE `parent_id` = '2'  [ RunTime:0.0010s ]

[ 2017-02-07T11:09:17+08:00 ] ::1 /train/index.php/Visit/Ajaxload/linkage.html
INFO: [ app_begin ] --START--
INFO: Run Behavior\ReadHtmlCacheBehavior [ RunTime:0.001000s ]
INFO: [ app_begin ] --END-- [ RunTime:0.001000s ]
SQL: SELECT * FROM `tp_linkage` WHERE `parent_id` = '5'  [ RunTime:0.0010s ]

[ 2017-02-07T11:09:18+08:00 ] ::1 /train/index.php/Visit/Ajaxload/linkage.html
INFO: [ app_begin ] --START--
INFO: Run Behavior\ReadHtmlCacheBehavior [ RunTime:0.001000s ]
INFO: [ app_begin ] --END-- [ RunTime:0.001000s ]
SQL: SELECT * FROM `tp_linkage` WHERE `parent_id` = '9'  [ RunTime:0.0010s ]

[ 2017-02-07T11:09:21+08:00 ] ::1 /train/index.php/Visit/Ajaxload/linkage.html
INFO: [ app_begin ] --START--
INFO: Run Behavior\ReadHtmlCacheBehavior [ RunTime:0.001000s ]
INFO: [ app_begin ] --END-- [ RunTime:0.002000s ]
SQL: SELECT * FROM `tp_linkage` WHERE `parent_id` = '19'  [ RunTime:0.0010s ]

[ 2017-02-07T11:09:23+08:00 ] ::1 /train/index.php/Visit/Ajaxload/linkage.html
INFO: [ app_begin ] --START--
INFO: Run Behavior\ReadHtmlCacheBehavior [ RunTime:0.000000s ]
INFO: [ app_begin ] --END-- [ RunTime:0.001000s ]
SQL: SELECT * FROM `tp_linkage` WHERE `parent_id` = '1'  [ RunTime:0.0010s ]

[ 2017-02-07T11:10:12+08:00 ] ::1 /train/index.php/Visit/Ajaxload/linkage.html
INFO: [ app_begin ] --START--
INFO: Run Behavior\ReadHtmlCacheBehavior [ RunTime:0.001000s ]
INFO: [ app_begin ] --END-- [ RunTime:0.001000s ]
SQL: SELECT * FROM `tp_linkage` WHERE `parent_id` = '1'  [ RunTime:0.0010s ]

[ 2017-02-07T11:11:15+08:00 ] ::1 /train/index.php/Visit/Ajaxload/linkage.html
INFO: [ app_begin ] --START--
INFO: Run Behavior\ReadHtmlCacheBehavior [ RunTime:0.001000s ]
INFO: [ app_begin ] --END-- [ RunTime:0.002001s ]
SQL: SELECT * FROM `tp_linkage` WHERE `parent_id` = '1'  [ RunTime:0.0000s ]

[ 2017-02-07T11:11:23+08:00 ] ::1 /train/index.php/Visit/Ajaxload/linkage.html
INFO: [ app_begin ] --START--
INFO: Run Behavior\ReadHtmlCacheBehavior [ RunTime:0.001000s ]
INFO: [ app_begin ] --END-- [ RunTime:0.001000s ]
SQL: SELECT * FROM `tp_linkage` WHERE `parent_id` = '2'  [ RunTime:0.0000s ]

[ 2017-02-07T11:12:18+08:00 ] ::1 /train/index.php/Visit/Ajaxload/linkage.html
INFO: [ app_begin ] --START--
INFO: Run Behavior\ReadHtmlCacheBehavior [ RunTime:0.000000s ]
INFO: [ app_begin ] --END-- [ RunTime:0.001000s ]
SQL: SELECT * FROM `tp_linkage` WHERE `parent_id` = '1'  [ RunTime:0.0010s ]

[ 2017-02-07T11:14:23+08:00 ] ::1 /train/index.php/Visit/Ajaxload/linkage.html
INFO: [ app_begin ] --START--
INFO: Run Behavior\ReadHtmlCacheBehavior [ RunTime:0.001000s ]
INFO: [ app_begin ] --END-- [ RunTime:0.001000s ]
SQL: SELECT * FROM `tp_linkage` WHERE `parent_id` = '1'  [ RunTime:0.0010s ]

[ 2017-02-07T11:14:31+08:00 ] ::1 /train/index.php/Visit/Ajaxload/linkage.html
INFO: [ app_begin ] --START--
INFO: Run Behavior\ReadHtmlCacheBehavior [ RunTime:0.001000s ]
INFO: [ app_begin ] --END-- [ RunTime:0.002000s ]
SQL: SELECT * FROM `tp_linkage` WHERE `parent_id` = '2'  [ RunTime:0.0010s ]

[ 2017-02-07T11:16:06+08:00 ] ::1 /train/index.php/Visit/Ajaxload/linkage.html
INFO: [ app_begin ] --START--
INFO: Run Behavior\ReadHtmlCacheBehavior [ RunTime:0.001000s ]
INFO: [ app_begin ] --END-- [ RunTime:0.001000s ]
SQL: SELECT * FROM `tp_linkage` WHERE `parent_id` = '1'  [ RunTime:0.0000s ]

[ 2017-02-07T11:16:13+08:00 ] ::1 /train/index.php/Visit/Ajaxload/linkage.html
INFO: [ app_begin ] --START--
INFO: Run Behavior\ReadHtmlCacheBehavior [ RunTime:0.001000s ]
INFO: [ app_begin ] --END-- [ RunTime:0.001000s ]
SQL: SELECT * FROM `tp_linkage` WHERE `parent_id` = '2'  [ RunTime:0.0010s ]

[ 2017-02-07T11:16:27+08:00 ] ::1 /train/index.php/Visit/Ajaxload/linkage.html
INFO: [ app_begin ] --START--
INFO: Run Behavior\ReadHtmlCacheBehavior [ RunTime:0.001000s ]
INFO: [ app_begin ] --END-- [ RunTime:0.002000s ]
SQL: SELECT * FROM `tp_linkage` WHERE `parent_id` = '1'  [ RunTime:0.0000s ]

[ 2017-02-07T11:16:27+08:00 ] ::1 /train/index.php/Visit/Ajaxload/linkage.html
INFO: [ app_begin ] --START--
INFO: Run Behavior\ReadHtmlCacheBehavior [ RunTime:0.001000s ]
INFO: [ app_begin ] --END-- [ RunTime:0.002000s ]

[ 2017-02-07T11:16:27+08:00 ] ::1 /train/index.php/Visit/Ajaxload/linkage.html
INFO: [ app_begin ] --START--
INFO: Run Behavior\ReadHtmlCacheBehavior [ RunTime:0.000000s ]
INFO: [ app_begin ] --END-- [ RunTime:0.001000s ]

[ 2017-02-07T11:16:27+08:00 ] ::1 /train/index.php/Visit/Ajaxload/linkage.html
INFO: [ app_begin ] --START--
INFO: Run Behavior\ReadHtmlCacheBehavior [ RunTime:0.001000s ]
INFO: [ app_begin ] --END-- [ RunTime:0.001000s ]

[ 2017-02-07T11:16:29+08:00 ] ::1 /train/index.php/Visit/Ajaxload/linkage.html
INFO: [ app_begin ] --START--
INFO: Run Behavior\ReadHtmlCacheBehavior [ RunTime:0.001000s ]
INFO: [ app_begin ] --END-- [ RunTime:0.001000s ]
SQL: SELECT * FROM `tp_linkage` WHERE `parent_id` = '3'  [ RunTime:0.0000s ]

[ 2017-02-07T11:16:29+08:00 ] ::1 /train/index.php/Visit/Ajaxload/linkage.html
INFO: [ app_begin ] --START--
INFO: Run Behavior\ReadHtmlCacheBehavior [ RunTime:0.001000s ]
INFO: [ app_begin ] --END-- [ RunTime:0.002000s ]

[ 2017-02-07T11:16:29+08:00 ] ::1 /train/index.php/Visit/Ajaxload/linkage.html
INFO: [ app_begin ] --START--
INFO: Run Behavior\ReadHtmlCacheBehavior [ RunTime:0.000000s ]
INFO: [ app_begin ] --END-- [ RunTime:0.001000s ]

[ 2017-02-07T11:16:30+08:00 ] ::1 /train/index.php/Visit/Ajaxload/linkage.html
INFO: [ app_begin ] --START--
INFO: Run Behavior\ReadHtmlCacheBehavior [ RunTime:0.001000s ]
INFO: [ app_begin ] --END-- [ RunTime:0.002000s ]
SQL: SELECT * FROM `tp_linkage` WHERE `parent_id` = '7'  [ RunTime:0.0000s ]

[ 2017-02-07T11:16:30+08:00 ] ::1 /train/index.php/Visit/Ajaxload/linkage.html
INFO: [ app_begin ] --START--
INFO: Run Behavior\ReadHtmlCacheBehavior [ RunTime:0.000000s ]
INFO: [ app_begin ] --END-- [ RunTime:0.001000s ]

[ 2017-02-07T11:16:31+08:00 ] ::1 /train/index.php/Visit/Ajaxload/linkage.html
INFO: [ app_begin ] --START--
INFO: Run Behavior\ReadHtmlCacheBehavior [ RunTime:0.001000s ]
INFO: [ app_begin ] --END-- [ RunTime:0.001000s ]
SQL: SELECT * FROM `tp_linkage` WHERE `parent_id` = '15'  [ RunTime:0.0010s ]

[ 2017-02-07T11:16:33+08:00 ] ::1 /train/index.php/Visit/Ajaxload/linkage.html
INFO: [ app_begin ] --START--
INFO: Run Behavior\ReadHtmlCacheBehavior [ RunTime:0.002000s ]
INFO: [ app_begin ] --END-- [ RunTime:0.002000s ]
SQL: SELECT * FROM `tp_linkage` WHERE `parent_id` = '2'  [ RunTime:0.0010s ]

[ 2017-02-07T11:16:33+08:00 ] ::1 /train/index.php/Visit/Ajaxload/linkage.html
INFO: [ app_begin ] --START--
INFO: Run Behavior\ReadHtmlCacheBehavior [ RunTime:0.000000s ]
INFO: [ app_begin ] --END-- [ RunTime:0.001000s ]

[ 2017-02-07T11:16:33+08:00 ] ::1 /train/index.php/Visit/Ajaxload/linkage.html
INFO: [ app_begin ] --START--
INFO: Run Behavior\ReadHtmlCacheBehavior [ RunTime:0.000000s ]
INFO: [ app_begin ] --END-- [ RunTime:0.001000s ]

[ 2017-02-07T11:16:33+08:00 ] ::1 /train/index.php/Visit/Ajaxload/linkage.html
INFO: [ app_begin ] --START--
INFO: Run Behavior\ReadHtmlCacheBehavior [ RunTime:0.000000s ]
INFO: [ app_begin ] --END-- [ RunTime:0.001000s ]

[ 2017-02-07T11:16:34+08:00 ] ::1 /train/index.php/Visit/Ajaxload/linkage.html
INFO: [ app_begin ] --START--
INFO: Run Behavior\ReadHtmlCacheBehavior [ RunTime:0.001000s ]
INFO: [ app_begin ] --END-- [ RunTime:0.001000s ]
SQL: SELECT * FROM `tp_linkage` WHERE `parent_id` = '6'  [ RunTime:0.0010s ]

[ 2017-02-07T11:16:34+08:00 ] ::1 /train/index.php/Visit/Ajaxload/linkage.html
INFO: [ app_begin ] --START--
INFO: Run Behavior\ReadHtmlCacheBehavior [ RunTime:0.001000s ]
INFO: [ app_begin ] --END-- [ RunTime:0.001000s ]

[ 2017-02-07T11:16:34+08:00 ] ::1 /train/index.php/Visit/Ajaxload/linkage.html
INFO: [ app_begin ] --START--
INFO: Run Behavior\ReadHtmlCacheBehavior [ RunTime:0.001000s ]
INFO: [ app_begin ] --END-- [ RunTime:0.002000s ]

[ 2017-02-07T11:16:35+08:00 ] ::1 /train/index.php/Visit/Ajaxload/linkage.html
INFO: [ app_begin ] --START--
INFO: Run Behavior\ReadHtmlCacheBehavior [ RunTime:0.001000s ]
INFO: [ app_begin ] --END-- [ RunTime:0.001000s ]
SQL: SELECT * FROM `tp_linkage` WHERE `parent_id` = '13'  [ RunTime:0.0000s ]

[ 2017-02-07T11:16:35+08:00 ] ::1 /train/index.php/Visit/Ajaxload/linkage.html
INFO: [ app_begin ] --START--
INFO: Run Behavior\ReadHtmlCacheBehavior [ RunTime:0.000000s ]
INFO: [ app_begin ] --END-- [ RunTime:0.001000s ]

[ 2017-02-07T11:16:36+08:00 ] ::1 /train/index.php/Visit/Ajaxload/linkage.html
INFO: [ app_begin ] --START--
INFO: Run Behavior\ReadHtmlCacheBehavior [ RunTime:0.001000s ]
INFO: [ app_begin ] --END-- [ RunTime:0.003000s ]
SQL: SELECT * FROM `tp_linkage` WHERE `parent_id` = '27'  [ RunTime:0.0010s ]

[ 2017-02-07T11:16:38+08:00 ] ::1 /train/index.php/Visit/Ajaxload/linkage.html
INFO: [ app_begin ] --START--
INFO: Run Behavior\ReadHtmlCacheBehavior [ RunTime:0.001000s ]
INFO: [ app_begin ] --END-- [ RunTime:0.002000s ]
SQL: SELECT * FROM `tp_linkage` WHERE `parent_id` = '5'  [ RunTime:0.0000s ]

[ 2017-02-07T11:16:38+08:00 ] ::1 /train/index.php/Visit/Ajaxload/linkage.html
INFO: [ app_begin ] --START--
INFO: Run Behavior\ReadHtmlCacheBehavior [ RunTime:0.001001s ]
INFO: [ app_begin ] --END-- [ RunTime:0.001001s ]

[ 2017-02-07T11:16:38+08:00 ] ::1 /train/index.php/Visit/Ajaxload/linkage.html
INFO: [ app_begin ] --START--
INFO: Run Behavior\ReadHtmlCacheBehavior [ RunTime:0.000000s ]
INFO: [ app_begin ] --END-- [ RunTime:0.002001s ]

[ 2017-02-07T11:16:39+08:00 ] ::1 /train/index.php/Visit/Ajaxload/linkage.html
INFO: [ app_begin ] --START--
INFO: Run Behavior\ReadHtmlCacheBehavior [ RunTime:0.000000s ]
INFO: [ app_begin ] --END-- [ RunTime:0.001000s ]
SQL: SELECT * FROM `tp_linkage` WHERE `parent_id` = '9'  [ RunTime:0.0010s ]

[ 2017-02-07T11:16:39+08:00 ] ::1 /train/index.php/Visit/Ajaxload/linkage.html
INFO: [ app_begin ] --START--
INFO: Run Behavior\ReadHtmlCacheBehavior [ RunTime:0.001000s ]
INFO: [ app_begin ] --END-- [ RunTime:0.003000s ]

[ 2017-02-07T11:16:41+08:00 ] ::1 /train/index.php/Visit/Ajaxload/linkage.html
INFO: [ app_begin ] --START--
INFO: Run Behavior\ReadHtmlCacheBehavior [ RunTime:0.001000s ]
INFO: [ app_begin ] --END-- [ RunTime:0.001000s ]
SQL: SELECT * FROM `tp_linkage` WHERE `parent_id` = '19'  [ RunTime:0.0010s ]

[ 2017-02-07T11:16:42+08:00 ] ::1 /train/index.php/Visit/Ajaxload/linkage.html
INFO: [ app_begin ] --START--
INFO: Run Behavior\ReadHtmlCacheBehavior [ RunTime:0.001000s ]
INFO: [ app_begin ] --END-- [ RunTime:0.002000s ]
SQL: SELECT * FROM `tp_linkage` WHERE `parent_id` = '10'  [ RunTime:0.0010s ]

[ 2017-02-07T11:16:42+08:00 ] ::1 /train/index.php/Visit/Ajaxload/linkage.html
INFO: [ app_begin ] --START--
INFO: Run Behavior\ReadHtmlCacheBehavior [ RunTime:0.001000s ]
INFO: [ app_begin ] --END-- [ RunTime:0.001000s ]

[ 2017-02-07T11:16:43+08:00 ] ::1 /train/index.php/Visit/Ajaxload/linkage.html
INFO: [ app_begin ] --START--
INFO: Run Behavior\ReadHtmlCacheBehavior [ RunTime:0.001000s ]
INFO: [ app_begin ] --END-- [ RunTime:0.001000s ]
SQL: SELECT * FROM `tp_linkage` WHERE `parent_id` = '22'  [ RunTime:0.0010s ]

[ 2017-02-07T11:17:58+08:00 ] ::1 /train/index.php/Visit/Ajaxload/linkage.html
INFO: [ app_begin ] --START--
INFO: Run Behavior\ReadHtmlCacheBehavior [ RunTime:0.001001s ]
INFO: [ app_begin ] --END-- [ RunTime:0.001001s ]
SQL: SELECT * FROM `tp_linkage` WHERE `parent_id` = '1'  [ RunTime:0.0010s ]

[ 2017-02-07T11:17:58+08:00 ] ::1 /train/index.php/Visit/Ajaxload/linkage.html
INFO: [ app_begin ] --START--
INFO: Run Behavior\ReadHtmlCacheBehavior [ RunTime:0.001000s ]
INFO: [ app_begin ] --END-- [ RunTime:0.001000s ]

[ 2017-02-07T11:17:58+08:00 ] ::1 /train/index.php/Visit/Ajaxload/linkage.html
INFO: [ app_begin ] --START--
INFO: Run Behavior\ReadHtmlCacheBehavior [ RunTime:0.001000s ]
INFO: [ app_begin ] --END-- [ RunTime:0.001000s ]

[ 2017-02-07T11:17:58+08:00 ] ::1 /train/index.php/Visit/Ajaxload/linkage.html
INFO: [ app_begin ] --START--
INFO: Run Behavior\ReadHtmlCacheBehavior [ RunTime:0.001000s ]
INFO: [ app_begin ] --END-- [ RunTime:0.001000s ]

[ 2017-02-07T11:18:29+08:00 ] ::1 /train/index.php/Visit/Ajaxload/linkage.html
INFO: [ app_begin ] --START--
INFO: Run Behavior\ReadHtmlCacheBehavior [ RunTime:0.001000s ]
INFO: [ app_begin ] --END-- [ RunTime:0.002000s ]
SQL: SELECT * FROM `tp_linkage` WHERE `parent_id` = '1'  [ RunTime:0.0000s ]

[ 2017-02-07T11:18:29+08:00 ] ::1 /train/index.php/Visit/Ajaxload/linkage.html
INFO: [ app_begin ] --START--
INFO: Run Behavior\ReadHtmlCacheBehavior [ RunTime:0.001001s ]
INFO: [ app_begin ] --END-- [ RunTime:0.002001s ]

[ 2017-02-07T11:18:29+08:00 ] ::1 /train/index.php/Visit/Ajaxload/linkage.html
INFO: [ app_begin ] --START--
INFO: Run Behavior\ReadHtmlCacheBehavior [ RunTime:0.001000s ]
INFO: [ app_begin ] --END-- [ RunTime:0.002000s ]

[ 2017-02-07T11:18:29+08:00 ] ::1 /train/index.php/Visit/Ajaxload/linkage.html
INFO: [ app_begin ] --START--
INFO: Run Behavior\ReadHtmlCacheBehavior [ RunTime:0.000000s ]
INFO: [ app_begin ] --END-- [ RunTime:0.001000s ]

[ 2017-02-07T11:18:32+08:00 ] ::1 /train/index.php/Visit/Ajaxload/linkage.html
INFO: [ app_begin ] --START--
INFO: Run Behavior\ReadHtmlCacheBehavior [ RunTime:0.001000s ]
INFO: [ app_begin ] --END-- [ RunTime:0.001000s ]
SQL: SELECT * FROM `tp_linkage` WHERE `parent_id` = '3'  [ RunTime:0.0010s ]

[ 2017-02-07T11:18:32+08:00 ] ::1 /train/index.php/Visit/Ajaxload/linkage.html
INFO: [ app_begin ] --START--
INFO: Run Behavior\ReadHtmlCacheBehavior [ RunTime:0.001000s ]
INFO: [ app_begin ] --END-- [ RunTime:0.001000s ]

[ 2017-02-07T11:18:32+08:00 ] ::1 /train/index.php/Visit/Ajaxload/linkage.html
INFO: [ app_begin ] --START--
INFO: Run Behavior\ReadHtmlCacheBehavior [ RunTime:0.001000s ]
INFO: [ app_begin ] --END-- [ RunTime:0.001000s ]

[ 2017-02-07T11:18:35+08:00 ] ::1 /train/index.php/Visit/Ajaxload/linkage.html
INFO: [ app_begin ] --START--
INFO: Run Behavior\ReadHtmlCacheBehavior [ RunTime:0.001000s ]
INFO: [ app_begin ] --END-- [ RunTime:0.001000s ]
SQL: SELECT * FROM `tp_linkage` WHERE `parent_id` = '7'  [ RunTime:0.0010s ]

[ 2017-02-07T11:18:35+08:00 ] ::1 /train/index.php/Visit/Ajaxload/linkage.html
INFO: [ app_begin ] --START--
INFO: Run Behavior\ReadHtmlCacheBehavior [ RunTime:0.001000s ]
INFO: [ app_begin ] --END-- [ RunTime:0.002000s ]

[ 2017-02-07T11:18:36+08:00 ] ::1 /train/index.php/Visit/Ajaxload/linkage.html
INFO: [ app_begin ] --START--
INFO: Run Behavior\ReadHtmlCacheBehavior [ RunTime:0.001000s ]
INFO: [ app_begin ] --END-- [ RunTime:0.002000s ]
SQL: SELECT * FROM `tp_linkage` WHERE `parent_id` = '15'  [ RunTime:0.0010s ]

[ 2017-02-07T11:23:01+08:00 ] ::1 /train/index.php/Visit/Ajaxload/linkage.html
INFO: [ app_begin ] --START--
INFO: Run Behavior\ReadHtmlCacheBehavior [ RunTime:0.001001s ]
INFO: [ app_begin ] --END-- [ RunTime:0.001001s ]
SQL: SELECT * FROM `tp_linkage` WHERE `parent_id` = '4'  [ RunTime:0.0000s ]

[ 2017-02-07T11:23:01+08:00 ] ::1 /train/index.php/Visit/Ajaxload/linkage.html
INFO: [ app_begin ] --START--
INFO: Run Behavior\ReadHtmlCacheBehavior [ RunTime:0.001000s ]
INFO: [ app_begin ] --END-- [ RunTime:0.002000s ]

[ 2017-02-07T11:23:01+08:00 ] ::1 /train/index.php/Visit/Ajaxload/linkage.html
INFO: [ app_begin ] --START--
INFO: Run Behavior\ReadHtmlCacheBehavior [ RunTime:0.001000s ]
INFO: [ app_begin ] --END-- [ RunTime:0.002001s ]

[ 2017-02-07T11:23:11+08:00 ] ::1 /train/index.php/Visit/Ajaxload/linkage.html
INFO: [ app_begin ] --START--
INFO: Run Behavior\ReadHtmlCacheBehavior [ RunTime:0.000000s ]
INFO: [ app_begin ] --END-- [ RunTime:0.001000s ]
SQL: SELECT * FROM `tp_linkage` WHERE `parent_id` = '1'  [ RunTime:0.0010s ]

[ 2017-02-07T11:23:11+08:00 ] ::1 /train/index.php/Visit/Ajaxload/linkage.html
INFO: [ app_begin ] --START--
INFO: Run Behavior\ReadHtmlCacheBehavior [ RunTime:0.002000s ]
INFO: [ app_begin ] --END-- [ RunTime:0.002000s ]

[ 2017-02-07T11:23:11+08:00 ] ::1 /train/index.php/Visit/Ajaxload/linkage.html
INFO: [ app_begin ] --START--
INFO: Run Behavior\ReadHtmlCacheBehavior [ RunTime:0.001000s ]
INFO: [ app_begin ] --END-- [ RunTime:0.002000s ]

[ 2017-02-07T11:23:11+08:00 ] ::1 /train/index.php/Visit/Ajaxload/linkage.html
INFO: [ app_begin ] --START--
INFO: Run Behavior\ReadHtmlCacheBehavior [ RunTime:0.001000s ]
INFO: [ app_begin ] --END-- [ RunTime:0.002000s ]

[ 2017-02-07T11:23:37+08:00 ] ::1 /train/index.php/Visit/Ajaxload/linkage.html
INFO: [ app_begin ] --START--
INFO: Run Behavior\ReadHtmlCacheBehavior [ RunTime:0.001000s ]
INFO: [ app_begin ] --END-- [ RunTime:0.001000s ]
SQL: SELECT * FROM `tp_linkage` WHERE `parent_id` = '3'  [ RunTime:0.0010s ]

[ 2017-02-07T11:23:37+08:00 ] ::1 /train/index.php/Visit/Ajaxload/linkage.html
INFO: [ app_begin ] --START--
INFO: Run Behavior\ReadHtmlCacheBehavior [ RunTime:0.001000s ]
INFO: [ app_begin ] --END-- [ RunTime:0.001000s ]

[ 2017-02-07T11:23:37+08:00 ] ::1 /train/index.php/Visit/Ajaxload/linkage.html
INFO: [ app_begin ] --START--
INFO: Run Behavior\ReadHtmlCacheBehavior [ RunTime:0.001000s ]
INFO: [ app_begin ] --END-- [ RunTime:0.002000s ]

[ 2017-02-07T11:23:51+08:00 ] ::1 /train/index.php/Visit/Ajaxload/linkage.html
INFO: [ app_begin ] --START--
INFO: Run Behavior\ReadHtmlCacheBehavior [ RunTime:0.000000s ]
INFO: [ app_begin ] --END-- [ RunTime:0.001000s ]
SQL: SELECT * FROM `tp_linkage` WHERE `parent_id` = '7'  [ RunTime:0.0000s ]

[ 2017-02-07T11:23:51+08:00 ] ::1 /train/index.php/Visit/Ajaxload/linkage.html
INFO: [ app_begin ] --START--
INFO: Run Behavior\ReadHtmlCacheBehavior [ RunTime:0.001000s ]
INFO: [ app_begin ] --END-- [ RunTime:0.002000s ]

[ 2017-02-07T11:24:01+08:00 ] ::1 /train/index.php/Visit/Ajaxload/linkage.html
INFO: [ app_begin ] --START--
INFO: Run Behavior\ReadHtmlCacheBehavior [ RunTime:0.001000s ]
INFO: [ app_begin ] --END-- [ RunTime:0.002000s ]
SQL: SELECT * FROM `tp_linkage` WHERE `parent_id` = '15'  [ RunTime:0.0000s ]

[ 2017-02-07T20:32:36+08:00 ] ::1 /train/index.php/visit/lowupchange
ERR: 无法加载控制器:Lowupchange

[ 2017-02-07T20:32:51+08:00 ] ::1 /train/index.php/visit/LowUpChange
ERR: 无法加载控制器:LowUpChange

[ 2017-02-07T20:33:26+08:00 ] ::1 /train/index.php/visit/LowUpChange
ERR: 无法加载控制器:LowUpChange

[ 2017-02-07T20:34:15+08:00 ] ::1 /train/index.php/visit/LowUpChange
ERR: 无法加载控制器:LowUpChange

[ 2017-02-07T20:34:21+08:00 ] ::1 /train/index.php/visit/lowupchange
ERR: 无法加载控制器:Lowupchange

[ 2017-02-07T20:36:00+08:00 ] ::1 /train/index.php/visit/lowupchange
ERR: 无法加载控制器:Lowupchange

[ 2017-02-07T20:36:23+08:00 ] ::1 /train/index.php/visit/lowupchange
ERR: 无法加载控制器:Lowupchange

[ 2017-02-07T20:36:24+08:00 ] ::1 /train/index.php/visit/lowupchange
ERR: 无法加载控制器:Lowupchange

[ 2017-02-07T20:36:24+08:00 ] ::1 /train/index.php/visit/lowupchange
ERR: 无法加载控制器:Lowupchange

[ 2017-02-07T20:36:24+08:00 ] ::1 /train/index.php/visit/lowupchange
ERR: 无法加载控制器:Lowupchange

[ 2017-02-07T20:36:24+08:00 ] ::1 /train/index.php/visit/lowupchange
ERR: 无法加载控制器:Lowupchange

[ 2017-02-07T20:36:35+08:00 ] ::1 /train/index.php/visit/change
ERR: 无法加载控制器:Change

[ 2017-02-07T20:36:41+08:00 ] ::1 /train/index.php/visit/Lowupchange
ERR: 无法加载控制器:Lowupchange

[ 2017-02-07T20:37:30+08:00 ] ::1 /train/index.php/visit/Lowupchange
ERR: 无法加载控制器:Lowupchange

[ 2017-02-07T20:37:30+08:00 ] ::1 /train/index.php/visit/Lowupchange
ERR: 无法加载控制器:Lowupchange

[ 2017-02-07T20:37:31+08:00 ] ::1 /train/index.php/visit/Lowupchange
ERR: 无法加载控制器:Lowupchange

[ 2017-02-07T20:37:31+08:00 ] ::1 /train/index.php/visit/Lowupchange
ERR: 无法加载控制器:Lowupchange

[ 2017-02-07T20:37:31+08:00 ] ::1 /train/index.php/visit/Lowupchange
ERR: 无法加载控制器:Lowupchange

[ 2017-02-07T20:37:31+08:00 ] ::1 /train/index.php/visit/Lowupchange
ERR: 无法加载控制器:Lowupchange

[ 2017-02-07T20:37:31+08:00 ] ::1 /train/index.php/visit/Lowupchange
ERR: 无法加载控制器:Lowupchange

[ 2017-02-07T20:37:31+08:00 ] ::1 /train/index.php/visit/Lowupchange
ERR: 无法加载控制器:Lowupchange

[ 2017-02-07T20:38:37+08:00 ] ::1 /train/index.php/visit/low
ERR: 无法加载控制器:Low

[ 2017-02-07T20:39:29+08:00 ] ::1 /train/index.php/visit/LowUpChage
ERR: 无法加载控制器:LowUpChage

[ 2017-02-07T20:39:59+08:00 ] ::1 /train/index.php/visit/lowupchange
ERR: 无法加载控制器:Lowupchange

[ 2017-02-07T21:55:53+08:00 ] ::1 /train/index.php/Visit/Low/change.html
INFO: [ app_begin ] --START--
INFO: Run Behavior\ReadHtmlCacheBehavior [ RunTime:0.002000s ]
INFO: [ app_begin ] --END-- [ RunTime:0.003000s ]
INFO: [ app_end ] --START--
INFO: Run Behavior\ShowPageTraceBehavior [ RunTime:0.001000s ]
INFO: [ app_end ] --END-- [ RunTime:0.002000s ]

[ 2017-02-07T21:55:55+08:00 ] ::1 /train/index.php/Visit/Low/change.html
INFO: [ app_begin ] --START--
INFO: Run Behavior\ReadHtmlCacheBehavior [ RunTime:0.001000s ]
INFO: [ app_begin ] --END-- [ RunTime:0.001000s ]
INFO: [ app_end ] --START--
INFO: Run Behavior\ShowPageTraceBehavior [ RunTime:0.001000s ]
INFO: [ app_end ] --END-- [ RunTime:0.001000s ]

[ 2017-02-07T21:55:56+08:00 ] ::1 /train/index.php/Visit/Low/change.html
INFO: [ app_begin ] --START--
INFO: Run Behavior\ReadHtmlCacheBehavior [ RunTime:0.001001s ]
INFO: [ app_begin ] --END-- [ RunTime:0.001001s ]
INFO: [ app_end ] --START--
INFO: Run Behavior\ShowPageTraceBehavior [ RunTime:0.001000s ]
INFO: [ app_end ] --END-- [ RunTime:0.001000s ]

[ 2017-02-07T21:55:56+08:00 ] ::1 /train/index.php/Visit/Low/change.html
INFO: [ app_begin ] --START--
INFO: Run Behavior\ReadHtmlCacheBehavior [ RunTime:0.000000s ]
INFO: [ app_begin ] --END-- [ RunTime:0.002000s ]
INFO: [ app_end ] --START--
INFO: Run Behavior\ShowPageTraceBehavior [ RunTime:0.001000s ]
INFO: [ app_end ] --END-- [ RunTime:0.001000s ]

[ 2017-02-07T21:55:59+08:00 ] ::1 /train/index.php/Visit/Low/change.html
INFO: [ app_begin ] --START--
INFO: Run Behavior\ReadHtmlCacheBehavior [ RunTime:0.000000s ]
INFO: [ app_begin ] --END-- [ RunTime:0.002000s ]
INFO: [ app_end ] --START--
INFO: Run Behavior\ShowPageTraceBehavior [ RunTime:0.001000s ]
INFO: [ app_end ] --END-- [ RunTime:0.001000s ]

[ 2017-02-07T21:57:53+08:00 ] ::1 /train/index.php/Visit/Low/change.html
INFO: [ app_begin ] --START--
INFO: Run Behavior\ReadHtmlCacheBehavior [ RunTime:0.001000s ]
INFO: [ app_begin ] --END-- [ RunTime:0.001000s ]

[ 2017-02-07T22:06:08+08:00 ] ::1 /train/index.php/Visit/Low/change.html
INFO: [ app_begin ] --START--
INFO: Run Behavior\ReadHtmlCacheBehavior [ RunTime:0.001000s ]
INFO: [ app_begin ] --END-- [ RunTime:0.001000s ]

[ 2017-02-07T22:06:11+08:00 ] ::1 /train/index.php/Visit/Low/change.html
INFO: [ app_begin ] --START--
INFO: Run Behavior\ReadHtmlCacheBehavior [ RunTime:0.001000s ]
INFO: [ app_begin ] --END-- [ RunTime:0.002000s ]

[ 2017-02-07T22:06:19+08:00 ] ::1 /train/index.php/Visit/Low/change.html
INFO: [ app_begin ] --START--
INFO: Run Behavior\ReadHtmlCacheBehavior [ RunTime:0.001000s ]
INFO: [ app_begin ] --END-- [ RunTime:0.002000s ]

[ 2017-02-07T22:06:20+08:00 ] ::1 /train/index.php/Visit/Low/change.html
INFO: [ app_begin ] --START--
INFO: Run Behavior\ReadHtmlCacheBehavior [ RunTime:0.001000s ]
INFO: [ app_begin ] --END-- [ RunTime:0.002000s ]

[ 2017-02-07T22:06:24+08:00 ] ::1 /train/index.php/Visit/Low/change.html
INFO: [ app_begin ] --START--
INFO: Run Behavior\ReadHtmlCacheBehavior [ RunTime:0.001000s ]
INFO: [ app_begin ] --END-- [ RunTime:0.002000s ]

[ 2017-02-07T22:07:26+08:00 ] ::1 /train/index.php/Visit/Low/change.html
INFO: [ app_begin ] --START--
INFO: Run Behavior\ReadHtmlCacheBehavior [ RunTime:0.000000s ]
INFO: [ app_begin ] --END-- [ RunTime:0.001000s ]

[ 2017-02-07T22:07:29+08:00 ] ::1 /train/index.php/Visit/Low/change.html
INFO: [ app_begin ] --START--
INFO: Run Behavior\ReadHtmlCacheBehavior [ RunTime:0.000000s ]
INFO: [ app_begin ] --END-- [ RunTime:0.001000s ]

[ 2017-02-07T22:07:36+08:00 ] ::1 /train/index.php/Visit/Low/change.html
INFO: [ app_begin ] --START--
INFO: Run Behavior\ReadHtmlCacheBehavior [ RunTime:0.001000s ]
INFO: [ app_begin ] --END-- [ RunTime:0.001000s ]

[ 2017-02-07T22:08:53+08:00 ] ::1 /train/index.php/Visit/Low/change.html
INFO: [ app_begin ] --START--
INFO: Run Behavior\ReadHtmlCacheBehavior [ RunTime:0.001000s ]
INFO: [ app_begin ] --END-- [ RunTime:0.002000s ]

[ 2017-02-07T22:09:16+08:00 ] ::1 /train/index.php/Visit/Low/change.html
INFO: [ app_begin ] --START--
INFO: Run Behavior\ReadHtmlCacheBehavior [ RunTime:0.000000s ]
INFO: [ app_begin ] --END-- [ RunTime:0.001000s ]

[ 2017-02-07T22:09:17+08:00 ] ::1 /train/index.php/Visit/Low/change.html
INFO: [ app_begin ] --START--
INFO: Run Behavior\ReadHtmlCacheBehavior [ RunTime:0.001000s ]
INFO: [ app_begin ] --END-- [ RunTime:0.002000s ]

[ 2017-02-07T22:09:18+08:00 ] ::1 /train/index.php/Visit/Low/change.html
INFO: [ app_begin ] --START--
INFO: Run Behavior\ReadHtmlCacheBehavior [ RunTime:0.001000s ]
INFO: [ app_begin ] --END-- [ RunTime:0.001000s ]

[ 2017-02-07T22:09:18+08:00 ] ::1 /train/index.php/Visit/Low/change.html
INFO: [ app_begin ] --START--
INFO: Run Behavior\ReadHtmlCacheBehavior [ RunTime:0.001000s ]
INFO: [ app_begin ] --END-- [ RunTime:0.001000s ]

[ 2017-02-07T22:09:19+08:00 ] ::1 /train/index.php/Visit/Low/change.html
INFO: [ app_begin ] --START--
INFO: Run Behavior\ReadHtmlCacheBehavior [ RunTime:0.000000s ]
INFO: [ app_begin ] --END-- [ RunTime:0.002000s ]

[ 2017-02-07T22:09:19+08:00 ] ::1 /train/index.php/Visit/Low/change.html
INFO: [ app_begin ] --START--
INFO: Run Behavior\ReadHtmlCacheBehavior [ RunTime:0.001000s ]
INFO: [ app_begin ] --END-- [ RunTime:0.002000s ]

[ 2017-02-07T22:09:19+08:00 ] ::1 /train/index.php/Visit/Low/change.html
INFO: [ app_begin ] --START--
INFO: Run Behavior\ReadHtmlCacheBehavior [ RunTime:0.001000s ]
INFO: [ app_begin ] --END-- [ RunTime:0.002000s ]

[ 2017-02-07T22:09:19+08:00 ] ::1 /train/index.php/Visit/Low/change.html
INFO: [ app_begin ] --START--
INFO: Run Behavior\ReadHtmlCacheBehavior [ RunTime:0.001001s ]
INFO: [ app_begin ] --END-- [ RunTime:0.002001s ]

[ 2017-02-07T22:09:20+08:00 ] ::1 /train/index.php/Visit/Low/change.html
INFO: [ app_begin ] --START--
INFO: Run Behavior\ReadHtmlCacheBehavior [ RunTime:0.000000s ]
INFO: [ app_begin ] --END-- [ RunTime:0.001000s ]

[ 2017-02-07T22:09:20+08:00 ] ::1 /train/index.php/Visit/Low/change.html
INFO: [ app_begin ] --START--
INFO: Run Behavior\ReadHtmlCacheBehavior [ RunTime:0.001000s ]
INFO: [ app_begin ] --END-- [ RunTime:0.002000s ]

[ 2017-02-07T22:09:20+08:00 ] ::1 /train/index.php/Visit/Low/change.html
INFO: [ app_begin ] --START--
INFO: Run Behavior\ReadHtmlCacheBehavior [ RunTime:0.001000s ]
INFO: [ app_begin ] --END-- [ RunTime:0.001000s ]

[ 2017-02-07T22:09:20+08:00 ] ::1 /train/index.php/Visit/Low/change.html
INFO: [ app_begin ] --START--
INFO: Run Behavior\ReadHtmlCacheBehavior [ RunTime:0.001001s ]
INFO: [ app_begin ] --END-- [ RunTime:0.002001s ]

[ 2017-02-07T22:09:21+08:00 ] ::1 /train/index.php/Visit/Low/change.html
INFO: [ app_begin ] --START--
INFO: Run Behavior\ReadHtmlCacheBehavior [ RunTime:0.001000s ]
INFO: [ app_begin ] --END-- [ RunTime:0.001000s ]

[ 2017-02-07T22:13:07+08:00 ] ::1 /train/index.php/Visit/Low/change.html
INFO: [ app_begin ] --START--
INFO: Run Behavior\ReadHtmlCacheBehavior [ RunTime:0.001000s ]
INFO: [ app_begin ] --END-- [ RunTime:0.002000s ]

[ 2017-02-07T22:13:08+08:00 ] ::1 /train/index.php/Visit/Low/change.html
INFO: [ app_begin ] --START--
INFO: Run Behavior\ReadHtmlCacheBehavior [ RunTime:0.001000s ]
INFO: [ app_begin ] --END-- [ RunTime:0.001000s ]

[ 2017-02-07T22:13:09+08:00 ] ::1 /train/index.php/Visit/Low/change.html
INFO: [ app_begin ] --START--
INFO: Run Behavior\ReadHtmlCacheBehavior [ RunTime:0.001000s ]
INFO: [ app_begin ] --END-- [ RunTime:0.001000s ]

[ 2017-02-07T22:13:10+08:00 ] ::1 /train/index.php/Visit/Low/change.html
INFO: [ app_begin ] --START--
INFO: Run Behavior\ReadHtmlCacheBehavior [ RunTime:0.001000s ]
INFO: [ app_begin ] --END-- [ RunTime:0.001000s ]

[ 2017-02-07T22:13:12+08:00 ] ::1 /train/index.php/Visit/Low/change.html
INFO: [ app_begin ] --START--
INFO: Run Behavior\ReadHtmlCacheBehavior [ RunTime:0.001000s ]
INFO: [ app_begin ] --END-- [ RunTime:0.002000s ]

[ 2017-02-07T22:13:13+08:00 ] ::1 /train/index.php/Visit/Low/change.html
INFO: [ app_begin ] --START--
INFO: Run Behavior\ReadHtmlCacheBehavior [ RunTime:0.001000s ]
INFO: [ app_begin ] --END-- [ RunTime:0.001000s ]

[ 2017-02-07T22:13:35+08:00 ] ::1 /train/index.php/Visit/Low/change.html
INFO: [ app_begin ] --START--
INFO: Run Behavior\ReadHtmlCacheBehavior [ RunTime:0.001000s ]
INFO: [ app_begin ] --END-- [ RunTime:0.001000s ]

[ 2017-02-07T22:13:36+08:00 ] ::1 /train/index.php/Visit/Low/change.html
INFO: [ app_begin ] --START--
INFO: Run Behavior\ReadHtmlCacheBehavior [ RunTime:0.001000s ]
INFO: [ app_begin ] --END-- [ RunTime:0.002000s ]

[ 2017-02-07T22:13:37+08:00 ] ::1 /train/index.php/Visit/Low/change.html
INFO: [ app_begin ] --START--
INFO: Run Behavior\ReadHtmlCacheBehavior [ RunTime:0.000000s ]
INFO: [ app_begin ] --END-- [ RunTime:0.002000s ]

[ 2017-02-07T22:13:37+08:00 ] ::1 /train/index.php/Visit/Low/change.html
INFO: [ app_begin ] --START--
INFO: Run Behavior\ReadHtmlCacheBehavior [ RunTime:0.001000s ]
INFO: [ app_begin ] --END-- [ RunTime:0.001000s ]

[ 2017-02-07T22:14:23+08:00 ] ::1 /train/index.php/Visit/Low/change.html
INFO: [ app_begin ] --START--
INFO: Run Behavior\ReadHtmlCacheBehavior [ RunTime:0.001000s ]
INFO: [ app_begin ] --END-- [ RunTime:0.002001s ]

[ 2017-02-07T22:14:24+08:00 ] ::1 /train/index.php/Visit/Low/change.html
INFO: [ app_begin ] --START--
INFO: Run Behavior\ReadHtmlCacheBehavior [ RunTime:0.001000s ]
INFO: [ app_begin ] --END-- [ RunTime:0.001000s ]

[ 2017-02-07T22:14:36+08:00 ] ::1 /train/index.php/Visit/Low/change.html
INFO: [ app_begin ] --START--
INFO: Run Behavior\ReadHtmlCacheBehavior [ RunTime:0.000000s ]
INFO: [ app_begin ] --END-- [ RunTime:0.002000s ]

[ 2017-02-07T22:14:37+08:00 ] ::1 /train/index.php/Visit/Low/change.html
INFO: [ app_begin ] --START--
INFO: Run Behavior\ReadHtmlCacheBehavior [ RunTime:0.001000s ]
INFO: [ app_begin ] --END-- [ RunTime:0.001000s ]

[ 2017-02-07T22:14:59+08:00 ] ::1 /train/index.php/Visit/Low/change.html
INFO: [ app_begin ] --START--
INFO: Run Behavior\ReadHtmlCacheBehavior [ RunTime:0.001000s ]
INFO: [ app_begin ] --END-- [ RunTime:0.002000s ]

[ 2017-02-07T22:15:00+08:00 ] ::1 /train/index.php/Visit/Low/change.html
INFO: [ app_begin ] --START--
INFO: Run Behavior\ReadHtmlCacheBehavior [ RunTime:0.001000s ]
INFO: [ app_begin ] --END-- [ RunTime:0.001000s ]

[ 2017-02-07T22:18:40+08:00 ] ::1 /train/index.php/Visit/Low/change.html
INFO: [ app_begin ] --START--
INFO: Run Behavior\ReadHtmlCacheBehavior [ RunTime:0.000000s ]
INFO: [ app_begin ] --END-- [ RunTime:0.001000s ]

[ 2017-02-07T22:18:41+08:00 ] ::1 /train/index.php/Visit/Low/change.html
INFO: [ app_begin ] --START--
INFO: Run Behavior\ReadHtmlCacheBehavior [ RunTime:0.001000s ]
INFO: [ app_begin ] --END-- [ RunTime:0.001000s ]

[ 2017-02-07T22:18:42+08:00 ] ::1 /train/index.php/Visit/Low/change.html
INFO: [ app_begin ] --START--
INFO: Run Behavior\ReadHtmlCacheBehavior [ RunTime:0.001000s ]
INFO: [ app_begin ] --END-- [ RunTime:0.002001s ]

[ 2017-02-07T22:18:42+08:00 ] ::1 /train/index.php/Visit/Low/change.html
INFO: [ app_begin ] --START--
INFO: Run Behavior\ReadHtmlCacheBehavior [ RunTime:0.001000s ]
INFO: [ app_begin ] --END-- [ RunTime:0.001000s ]

[ 2017-02-07T22:18:43+08:00 ] ::1 /train/index.php/Visit/Low/change.html
INFO: [ app_begin ] --START--
INFO: Run Behavior\ReadHtmlCacheBehavior [ RunTime:0.001000s ]
INFO: [ app_begin ] --END-- [ RunTime:0.002000s ]

[ 2017-02-07T22:18:43+08:00 ] ::1 /train/index.php/Visit/Low/change.html
INFO: [ app_begin ] --START--
INFO: Run Behavior\ReadHtmlCacheBehavior [ RunTime:0.001001s ]
INFO: [ app_begin ] --END-- [ RunTime:0.002001s ]

[ 2017-02-07T22:18:43+08:00 ] ::1 /train/index.php/Visit/Low/change.html
INFO: [ app_begin ] --START--
INFO: Run Behavior\ReadHtmlCacheBehavior [ RunTime:0.001000s ]
INFO: [ app_begin ] --END-- [ RunTime:0.001000s ]

[ 2017-02-07T22:20:29+08:00 ] ::1 /train/index.php/Visit/Low/change.html
INFO: [ app_begin ] --START--
INFO: Run Behavior\ReadHtmlCacheBehavior [ RunTime:0.001000s ]
INFO: [ app_begin ] --END-- [ RunTime:0.001000s ]

[ 2017-02-07T22:20:29+08:00 ] ::1 /train/index.php/Visit/Low/change.html
INFO: [ app_begin ] --START--
INFO: Run Behavior\ReadHtmlCacheBehavior [ RunTime:0.001000s ]
INFO: [ app_begin ] --END-- [ RunTime:0.002000s ]

[ 2017-02-07T22:20:30+08:00 ] ::1 /train/index.php/Visit/Low/change.html
INFO: [ app_begin ] --START--
INFO: Run Behavior\ReadHtmlCacheBehavior [ RunTime:0.000000s ]
INFO: [ app_begin ] --END-- [ RunTime:0.001000s ]

[ 2017-02-07T22:20:30+08:00 ] ::1 /train/index.php/Visit/Low/change.html
INFO: [ app_begin ] --START--
INFO: Run Behavior\ReadHtmlCacheBehavior [ RunTime:0.001000s ]
INFO: [ app_begin ] --END-- [ RunTime:0.001000s ]

[ 2017-02-07T22:20:55+08:00 ] ::1 /train/index.php/Visit/Low/change.html
INFO: [ app_begin ] --START--
INFO: Run Behavior\ReadHtmlCacheBehavior [ RunTime:0.001000s ]
INFO: [ app_begin ] --END-- [ RunTime:0.001000s ]

[ 2017-02-07T22:20:56+08:00 ] ::1 /train/index.php/Visit/Low/change.html
INFO: [ app_begin ] --START--
INFO: Run Behavior\ReadHtmlCacheBehavior [ RunTime:0.001000s ]
INFO: [ app_begin ] --END-- [ RunTime:0.001000s ]

[ 2017-02-07T22:20:57+08:00 ] ::1 /train/index.php/Visit/Low/change.html
INFO: [ app_begin ] --START--
INFO: Run Behavior\ReadHtmlCacheBehavior [ RunTime:0.000000s ]
INFO: [ app_begin ] --END-- [ RunTime:0.003001s ]

[ 2017-02-07T22:21:02+08:00 ] ::1 /train/index.php/Visit/Low/change.html
INFO: [ app_begin ] --START--
INFO: Run Behavior\ReadHtmlCacheBehavior [ RunTime:0.001000s ]
INFO: [ app_begin ] --END-- [ RunTime:0.001000s ]

[ 2017-02-07T22:21:03+08:00 ] ::1 /train/index.php/Visit/Low/change.html
INFO: [ app_begin ] --START--
INFO: Run Behavior\ReadHtmlCacheBehavior [ RunTime:0.001000s ]
INFO: [ app_begin ] --END-- [ RunTime:0.001000s ]

[ 2017-02-07T22:21:04+08:00 ] ::1 /train/index.php/Visit/Low/change.html
INFO: [ app_begin ] --START--
INFO: Run Behavior\ReadHtmlCacheBehavior [ RunTime:0.001000s ]
INFO: [ app_begin ] --END-- [ RunTime:0.001000s ]

[ 2017-02-07T22:21:11+08:00 ] ::1 /train/index.php/Visit/Low/change.html
INFO: [ app_begin ] --START--
INFO: Run Behavior\ReadHtmlCacheBehavior [ RunTime:0.001000s ]
INFO: [ app_begin ] --END-- [ RunTime:0.002000s ]

[ 2017-02-07T22:21:12+08:00 ] ::1 /train/index.php/Visit/Low/change.html
INFO: [ app_begin ] --START--
INFO: Run Behavior\ReadHtmlCacheBehavior [ RunTime:0.001001s ]
INFO: [ app_begin ] --END-- [ RunTime:0.002001s ]

[ 2017-02-07T22:21:13+08:00 ] ::1 /train/index.php/Visit/Low/change.html
INFO: [ app_begin ] --START--
INFO: Run Behavior\ReadHtmlCacheBehavior [ RunTime:0.001000s ]
INFO: [ app_begin ] --END-- [ RunTime:0.002001s ]

[ 2017-02-07T22:21:13+08:00 ] ::1 /train/index.php/Visit/Low/change.html
INFO: [ app_begin ] --START--
INFO: Run Behavior\ReadHtmlCacheBehavior [ RunTime:0.001000s ]
INFO: [ app_begin ] --END-- [ RunTime:0.001000s ]

[ 2017-02-07T22:21:14+08:00 ] ::1 /train/index.php/Visit/Low/change.html
INFO: [ app_begin ] --START--
INFO: Run Behavior\ReadHtmlCacheBehavior [ RunTime:0.001001s ]
INFO: [ app_begin ] --END-- [ RunTime:0.002001s ]

[ 2017-02-07T22:21:14+08:00 ] ::1 /train/index.php/Visit/Low/change.html
INFO: [ app_begin ] --START--
INFO: Run Behavior\ReadHtmlCacheBehavior [ RunTime:0.000000s ]
INFO: [ app_begin ] --END-- [ RunTime:0.001000s ]

[ 2017-02-07T22:21:14+08:00 ] ::1 /train/index.php/Visit/Low/change.html
INFO: [ app_begin ] --START--
INFO: Run Behavior\ReadHtmlCacheBehavior [ RunTime:0.001000s ]
INFO: [ app_begin ] --END-- [ RunTime:0.002000s ]

[ 2017-02-07T22:21:15+08:00 ] ::1 /train/index.php/Visit/Low/change.html
INFO: [ app_begin ] --START--
INFO: Run Behavior\ReadHtmlCacheBehavior [ RunTime:0.001000s ]
INFO: [ app_begin ] --END-- [ RunTime:0.002001s ]

[ 2017-02-07T22:21:15+08:00 ] ::1 /train/index.php/Visit/Low/change.html
INFO: [ app_begin ] --START--
INFO: Run Behavior\ReadHtmlCacheBehavior [ RunTime:0.000000s ]
INFO: [ app_begin ] --END-- [ RunTime:0.001000s ]

[ 2017-02-07T22:21:15+08:00 ] ::1 /train/index.php/Visit/Low/change.html
INFO: [ app_begin ] --START--
INFO: Run Behavior\ReadHtmlCacheBehavior [ RunTime:0.001000s ]
INFO: [ app_begin ] --END-- [ RunTime:0.002000s ]

[ 2017-02-07T22:21:15+08:00 ] ::1 /train/index.php/Visit/Low/change.html
INFO: [ app_begin ] --START--
INFO: Run Behavior\ReadHtmlCacheBehavior [ RunTime:0.001000s ]
INFO: [ app_begin ] --END-- [ RunTime:0.002000s ]

[ 2017-02-07T22:21:16+08:00 ] ::1 /train/index.php/Visit/Low/change.html
INFO: [ app_begin ] --START--
INFO: Run Behavior\ReadHtmlCacheBehavior [ RunTime:0.001000s ]
INFO: [ app_begin ] --END-- [ RunTime:0.002000s ]

[ 2017-02-07T22:21:16+08:00 ] ::1 /train/index.php/Visit/Low/change.html
INFO: [ app_begin ] --START--
INFO: Run Behavior\ReadHtmlCacheBehavior [ RunTime:0.001000s ]
INFO: [ app_begin ] --END-- [ RunTime:0.002000s ]

[ 2017-02-07T22:21:17+08:00 ] ::1 /train/index.php/Visit/Low/change.html
INFO: [ app_begin ] --START--
INFO: Run Behavior\ReadHtmlCacheBehavior [ RunTime:0.001000s ]
INFO: [ app_begin ] --END-- [ RunTime:0.002000s ]

[ 2017-02-07T22:21:17+08:00 ] ::1 /train/index.php/Visit/Low/change.html
INFO: [ app_begin ] --START--
INFO: Run Behavior\ReadHtmlCacheBehavior [ RunTime:0.001000s ]
INFO: [ app_begin ] --END-- [ RunTime:0.002000s ]

[ 2017-02-07T22:21:17+08:00 ] ::1 /train/index.php/Visit/Low/change.html
INFO: [ app_begin ] --START--
INFO: Run Behavior\ReadHtmlCacheBehavior [ RunTime:0.001000s ]
INFO: [ app_begin ] --END-- [ RunTime:0.002000s ]

[ 2017-02-07T22:21:18+08:00 ] ::1 /train/index.php/Visit/Low/change.html
INFO: [ app_begin ] --START--
INFO: Run Behavior\ReadHtmlCacheBehavior [ RunTime:0.000000s ]
INFO: [ app_begin ] --END-- [ RunTime:0.001000s ]

[ 2017-02-07T22:21:18+08:00 ] ::1 /train/index.php/Visit/Low/change.html
INFO: [ app_begin ] --START--
INFO: Run Behavior\ReadHtmlCacheBehavior [ RunTime:0.001000s ]
INFO: [ app_begin ] --END-- [ RunTime:0.002000s ]

[ 2017-02-07T22:21:18+08:00 ] ::1 /train/index.php/Visit/Low/change.html
INFO: [ app_begin ] --START--
INFO: Run Behavior\ReadHtmlCacheBehavior [ RunTime:0.001000s ]
INFO: [ app_begin ] --END-- [ RunTime:0.002000s ]

[ 2017-02-07T22:21:19+08:00 ] ::1 /train/index.php/Visit/Low/change.html
INFO: [ app_begin ] --START--
INFO: Run Behavior\ReadHtmlCacheBehavior [ RunTime:0.000000s ]
INFO: [ app_begin ] --END-- [ RunTime:0.002000s ]

[ 2017-02-07T22:21:19+08:00 ] ::1 /train/index.php/Visit/Low/change.html
INFO: [ app_begin ] --START--
INFO: Run Behavior\ReadHtmlCacheBehavior [ RunTime:0.001000s ]
INFO: [ app_begin ] --END-- [ RunTime:0.002000s ]

[ 2017-02-07T22:21:19+08:00 ] ::1 /train/index.php/Visit/Low/change.html
INFO: [ app_begin ] --START--
INFO: Run Behavior\ReadHtmlCacheBehavior [ RunTime:0.000000s ]
INFO: [ app_begin ] --END-- [ RunTime:0.002000s ]

[ 2017-02-07T22:21:19+08:00 ] ::1 /train/index.php/Visit/Low/change.html
INFO: [ app_begin ] --START--
INFO: Run Behavior\ReadHtmlCacheBehavior [ RunTime:0.002000s ]
INFO: [ app_begin ] --END-- [ RunTime:0.003000s ]

[ 2017-02-07T22:21:20+08:00 ] ::1 /train/index.php/Visit/Low/change.html
INFO: [ app_begin ] --START--
INFO: Run Behavior\ReadHtmlCacheBehavior [ RunTime:0.002000s ]
INFO: [ app_begin ] --END-- [ RunTime:0.003000s ]

[ 2017-02-07T22:21:20+08:00 ] ::1 /train/index.php/Visit/Low/change.html
INFO: [ app_begin ] --START--
INFO: Run Behavior\ReadHtmlCacheBehavior [ RunTime:0.001000s ]
INFO: [ app_begin ] --END-- [ RunTime:0.002000s ]

[ 2017-02-07T22:21:20+08:00 ] ::1 /train/index.php/Visit/Low/change.html
INFO: [ app_begin ] --START--
INFO: Run Behavior\ReadHtmlCacheBehavior [ RunTime:0.001000s ]
INFO: [ app_begin ] --END-- [ RunTime:0.002000s ]

[ 2017-02-07T22:21:20+08:00 ] ::1 /train/index.php/Visit/Low/change.html
INFO: [ app_begin ] --START--
INFO: Run Behavior\ReadHtmlCacheBehavior [ RunTime:0.001000s ]
INFO: [ app_begin ] --END-- [ RunTime:0.002000s ]

[ 2017-02-07T22:21:21+08:00 ] ::1 /train/index.php/Visit/Low/change.html
INFO: [ app_begin ] --START--
INFO: Run Behavior\ReadHtmlCacheBehavior [ RunTime:0.001000s ]
INFO: [ app_begin ] --END-- [ RunTime:0.001000s ]

[ 2017-02-07T22:21:41+08:00 ] ::1 /train/index.php/Visit/Low/change.html
INFO: [ app_begin ] --START--
INFO: Run Behavior\ReadHtmlCacheBehavior [ RunTime:0.001000s ]
INFO: [ app_begin ] --END-- [ RunTime:0.002000s ]

[ 2017-02-07T22:21:43+08:00 ] ::1 /train/index.php/Visit/Low/change.html
INFO: [ app_begin ] --START--
INFO: Run Behavior\ReadHtmlCacheBehavior [ RunTime:0.001000s ]
INFO: [ app_begin ] --END-- [ RunTime:0.001000s ]

[ 2017-02-07T22:21:47+08:00 ] ::1 /train/index.php/Visit/Low/change.html
INFO: [ app_begin ] --START--
INFO: Run Behavior\ReadHtmlCacheBehavior [ RunTime:0.001000s ]
INFO: [ app_begin ] --END-- [ RunTime:0.002000s ]

[ 2017-02-07T22:21:47+08:00 ] ::1 /train/index.php/Visit/Low/change.html
INFO: [ app_begin ] --START--
INFO: Run Behavior\ReadHtmlCacheBehavior [ RunTime:0.000000s ]
INFO: [ app_begin ] --END-- [ RunTime:0.002001s ]

