[ 2017-02-05T10:00:17+08:00 ] ::1 /train/
INFO: [ app_init ] --START--
INFO: Run Behavior\BuildLiteBehavior [ RunTime:0.000000s ]
INFO: [ app_init ] --END-- [ RunTime:0.027001s ]
INFO: [ app_begin ] --START--
INFO: Run Behavior\ReadHtmlCacheBehavior [ RunTime:0.013001s ]
INFO: [ app_begin ] --END-- [ RunTime:0.013001s ]
INFO: [ view_parse ] --START--
INFO: Run Behavior\ParseTemplateBehavior [ RunTime:0.015001s ]
INFO: [ view_parse ] --END-- [ RunTime:0.015001s ]
INFO: [ view_filter ] --START--
INFO: Run Behavior\WriteHtmlCacheBehavior [ RunTime:0.001000s ]
INFO: [ view_filter ] --END-- [ RunTime:0.001000s ]
INFO: [ app_end ] --START--
INFO: Run Behavior\ShowPageTraceBehavior [ RunTime:0.001000s ]
INFO: [ app_end ] --END-- [ RunTime:0.001000s ]

[ 2017-02-05T10:02:00+08:00 ] ::1 /train/
INFO: [ app_init ] --START--
INFO: Run Behavior\BuildLiteBehavior [ RunTime:0.000000s ]
INFO: [ app_init ] --END-- [ RunTime:0.001000s ]
INFO: [ app_begin ] --START--
INFO: Run Behavior\ReadHtmlCacheBehavior [ RunTime:0.001000s ]
INFO: [ app_begin ] --END-- [ RunTime:0.001000s ]
INFO: [ view_parse ] --START--
INFO: Run Behavior\ParseTemplateBehavior [ RunTime:0.001000s ]
INFO: [ view_parse ] --END-- [ RunTime:0.001000s ]
INFO: [ view_filter ] --START--
INFO: Run Behavior\WriteHtmlCacheBehavior [ RunTime:0.002000s ]
INFO: [ view_filter ] --END-- [ RunTime:0.002000s ]
INFO: [ app_end ] --START--
INFO: Run Behavior\ShowPageTraceBehavior [ RunTime:0.001000s ]
INFO: [ app_end ] --END-- [ RunTime:0.001000s ]

[ 2017-02-05T10:34:56+08:00 ] ::1 /train/
ERR: SQLSTATE[HY000] [1049] Unknown database 'admin_tp'

[ 2017-02-05T13:52:16+08:00 ] ::1 /train/
ERR: 模板不存在:./Application/Visit/View/Index/index.html

[ 2017-02-05T13:52:51+08:00 ] ::1 /train/
ERR: 模板不存在:./Application/Visit/View/Index/index.html

[ 2017-02-05T13:53:08+08:00 ] ::1 /train/
ERR: 模板不存在:./Application/Visit/View/Index/View\index.html

[ 2017-02-05T13:53:15+08:00 ] ::1 /train/
ERR: 模板不存在:./Application/Visit/View/View/index.html

[ 2017-02-05T14:06:29+08:00 ] ::1 /train/
ERR: Think\Model:error方法不存在！

