[ 2017-02-08T15:45:14+08:00 ] ::1 /train/index.php/Visit/Low/change.html
INFO: [ app_begin ] --START--
INFO: Run Behavior\ReadHtmlCacheBehavior [ RunTime:0.001000s ]
INFO: [ app_begin ] --END-- [ RunTime:0.001000s ]

[ 2017-02-08T15:45:14+08:00 ] ::1 /train/index.php/Visit/Low/change.html
INFO: [ app_begin ] --START--
INFO: Run Behavior\ReadHtmlCacheBehavior [ RunTime:0.001000s ]
INFO: [ app_begin ] --END-- [ RunTime:0.001000s ]

[ 2017-02-08T15:52:17+08:00 ] ::1 /train/index.php/visit/gotips
ERR: 无法加载控制器:Gotips

[ 2017-02-08T16:32:30+08:00 ] ::1 /train/index.php/visit/css/bootstrap.css
ERR: 无法加载控制器:Css

[ 2017-02-08T16:32:30+08:00 ] ::1 /train/index.php/visit/css/prettyPhoto.css
ERR: 无法加载控制器:Css

[ 2017-02-08T16:32:30+08:00 ] ::1 /train/index.php/visit/js/jquery.prettyPhoto.js
ERR: 无法加载控制器:Js

[ 2017-02-08T16:32:30+08:00 ] ::1 /train/index.php/visit/js/jquery.custom.js
ERR: 无法加载控制器:Js

[ 2017-02-08T16:32:30+08:00 ] ::1 /train/index.php/visit/css/flexslider.css
ERR: 无法加载控制器:Css

[ 2017-02-08T16:32:30+08:00 ] ::1 /train/index.php/visit/css/custom-styles.css
ERR: 无法加载控制器:Css

[ 2017-02-08T16:32:30+08:00 ] ::1 /train/index.php/visit/js/jquery.flexslider.js
ERR: 无法加载控制器:Js

[ 2017-02-08T16:32:30+08:00 ] ::1 /train/index.php/visit/css/bootstrap-responsive.css
ERR: 无法加载控制器:Css

[ 2017-02-08T16:32:30+08:00 ] ::1 /train/index.php/visit/js/bootstrap.js
ERR: 无法加载控制器:Js

[ 2017-02-08T16:32:31+08:00 ] ::1 /train/index.php/visit/js/bootstrap.js
ERR: 无法加载控制器:Js

[ 2017-02-08T16:32:31+08:00 ] ::1 /train/index.php/visit/js/jquery.prettyPhoto.js
ERR: 无法加载控制器:Js

[ 2017-02-08T16:32:31+08:00 ] ::1 /train/index.php/visit/js/jquery.flexslider.js
ERR: 无法加载控制器:Js

[ 2017-02-08T16:32:31+08:00 ] ::1 /train/index.php/visit/js/jquery.custom.js
ERR: 无法加载控制器:Js

[ 2017-02-08T16:39:18+08:00 ] ::1 /train/index.php/visit/index.php?img=gifLogo
ERR: 无法加载控制器:Index.php

[ 2017-02-08T16:39:18+08:00 ] ::1 /train/index.php/visit/index.php?img=pngFolder
ERR: 无法加载控制器:Index.php

[ 2017-02-08T16:39:18+08:00 ] ::1 /train/index.php/visit/index.php?img=pngPlugin
ERR: 无法加载控制器:Index.php

[ 2017-02-08T16:39:18+08:00 ] ::1 /train/index.php/visit/index.php?img=pngWrench
ERR: 无法加载控制器:Index.php

[ 2017-02-08T16:39:18+08:00 ] ::1 /train/index.php/visit/index.php?img=pngFolderGo
ERR: 无法加载控制器:Index.php

[ 2017-02-08T16:39:18+08:00 ] ::1 /train/index.php/visit/index.php?img=favicon
ERR: 无法加载控制器:Index.php

[ 2017-02-08T16:39:22+08:00 ] ::1 /train/index.php/visit/index.php?img=gifLogo
ERR: 无法加载控制器:Index.php

[ 2017-02-08T16:39:22+08:00 ] ::1 /train/index.php/visit/index.php?img=pngPlugin
ERR: 无法加载控制器:Index.php

[ 2017-02-08T16:39:22+08:00 ] ::1 /train/index.php/visit/index.php?img=pngWrench
ERR: 无法加载控制器:Index.php

[ 2017-02-08T16:39:22+08:00 ] ::1 /train/index.php/visit/index.php?img=pngFolderGo
ERR: 无法加载控制器:Index.php

[ 2017-02-08T16:39:22+08:00 ] ::1 /train/index.php/visit/index.php?img=pngFolder
ERR: 无法加载控制器:Index.php

[ 2017-02-08T16:39:33+08:00 ] ::1 /train/index.php/visit/index.php?img=pngWrench
ERR: 无法加载控制器:Index.php

[ 2017-02-08T16:39:33+08:00 ] ::1 /train/index.php/visit/index.php?img=pngFolder
ERR: 无法加载控制器:Index.php

[ 2017-02-08T16:39:33+08:00 ] ::1 /train/index.php/visit/index.php?img=pngPlugin
ERR: 无法加载控制器:Index.php

[ 2017-02-08T16:39:34+08:00 ] ::1 /train/index.php/visit/index.php?img=pngFolderGo
ERR: 无法加载控制器:Index.php

[ 2017-02-08T16:39:34+08:00 ] ::1 /train/index.php/visit/index.php?img=gifLogo
ERR: 无法加载控制器:Index.php

[ 2017-02-08T16:39:34+08:00 ] ::1 /train/index.php/visit/index.php?img=pngFolderGo
ERR: 无法加载控制器:Index.php

[ 2017-02-08T16:39:34+08:00 ] ::1 /train/index.php/visit/index.php?img=gifLogo
ERR: 无法加载控制器:Index.php

[ 2017-02-08T16:39:34+08:00 ] ::1 /train/index.php/visit/index.php?img=pngWrench
ERR: 无法加载控制器:Index.php

[ 2017-02-08T16:39:34+08:00 ] ::1 /train/index.php/visit/index.php?img=pngPlugin
ERR: 无法加载控制器:Index.php

[ 2017-02-08T16:39:34+08:00 ] ::1 /train/index.php/visit/index.php?img=pngFolder
ERR: 无法加载控制器:Index.php

[ 2017-02-08T16:39:35+08:00 ] ::1 /train/index.php/visit/index.php?img=gifLogo
ERR: 无法加载控制器:Index.php

[ 2017-02-08T16:39:35+08:00 ] ::1 /train/index.php/visit/index.php?img=pngWrench
ERR: 无法加载控制器:Index.php

[ 2017-02-08T16:39:35+08:00 ] ::1 /train/index.php/visit/index.php?img=pngFolderGo
ERR: 无法加载控制器:Index.php

[ 2017-02-08T16:39:35+08:00 ] ::1 /train/index.php/visit/index.php?img=pngFolder
ERR: 无法加载控制器:Index.php

[ 2017-02-08T16:39:35+08:00 ] ::1 /train/index.php/visit/index.php?img=pngPlugin
ERR: 无法加载控制器:Index.php

[ 2017-02-08T16:39:38+08:00 ] ::1 /train/index.php/visit/index.php?img=gifLogo
ERR: 无法加载控制器:Index.php

[ 2017-02-08T16:39:38+08:00 ] ::1 /train/index.php/visit/index.php?img=pngWrench
ERR: 无法加载控制器:Index.php

[ 2017-02-08T16:39:38+08:00 ] ::1 /train/index.php/visit/index.php?img=pngFolder
ERR: 无法加载控制器:Index.php

[ 2017-02-08T16:39:38+08:00 ] ::1 /train/index.php/visit/index.php?img=pngPlugin
ERR: 无法加载控制器:Index.php

[ 2017-02-08T16:39:38+08:00 ] ::1 /train/index.php/visit/index.php?img=pngFolderGo
ERR: 无法加载控制器:Index.php

[ 2017-02-08T16:39:41+08:00 ] ::1 /train/index.php/visit/index.php?img=pngPlugin
ERR: 无法加载控制器:Index.php

[ 2017-02-08T16:39:41+08:00 ] ::1 /train/index.php/visit/index.php?img=pngFolder
ERR: 无法加载控制器:Index.php

[ 2017-02-08T16:39:41+08:00 ] ::1 /train/index.php/visit/index.php?img=pngFolderGo
ERR: 无法加载控制器:Index.php

[ 2017-02-08T16:39:41+08:00 ] ::1 /train/index.php/visit/index.php?img=pngWrench
ERR: 无法加载控制器:Index.php

[ 2017-02-08T16:39:41+08:00 ] ::1 /train/index.php/visit/index.php?img=gifLogo
ERR: 无法加载控制器:Index.php

[ 2017-02-08T16:39:42+08:00 ] ::1 /train/index.php/visit/index.php?img=gifLogo
ERR: 无法加载控制器:Index.php

[ 2017-02-08T16:39:42+08:00 ] ::1 /train/index.php/visit/index.php?img=pngPlugin
ERR: 无法加载控制器:Index.php

[ 2017-02-08T16:39:42+08:00 ] ::1 /train/index.php/visit/index.php?img=pngWrench
ERR: 无法加载控制器:Index.php

[ 2017-02-08T16:39:42+08:00 ] ::1 /train/index.php/visit/index.php?img=pngFolder
ERR: 无法加载控制器:Index.php

[ 2017-02-08T16:39:42+08:00 ] ::1 /train/index.php/visit/index.php?img=pngFolderGo
ERR: 无法加载控制器:Index.php

[ 2017-02-08T16:39:42+08:00 ] ::1 /train/index.php/visit/index.php?img=gifLogo
ERR: 无法加载控制器:Index.php

[ 2017-02-08T16:39:42+08:00 ] ::1 /train/index.php/visit/index.php?img=pngFolderGo
ERR: 无法加载控制器:Index.php

[ 2017-02-08T16:39:42+08:00 ] ::1 /train/index.php/visit/index.php?img=pngPlugin
ERR: 无法加载控制器:Index.php

[ 2017-02-08T16:39:42+08:00 ] ::1 /train/index.php/visit/index.php?img=pngFolder
ERR: 无法加载控制器:Index.php

[ 2017-02-08T16:39:42+08:00 ] ::1 /train/index.php/visit/index.php?img=pngWrench
ERR: 无法加载控制器:Index.php

[ 2017-02-08T16:39:42+08:00 ] ::1 /train/index.php/visit/index.php?img=gifLogo
ERR: 无法加载控制器:Index.php

[ 2017-02-08T16:39:42+08:00 ] ::1 /train/index.php/visit/index.php?img=pngFolderGo
ERR: 无法加载控制器:Index.php

[ 2017-02-08T16:39:42+08:00 ] ::1 /train/index.php/visit/index.php?img=pngPlugin
ERR: 无法加载控制器:Index.php

[ 2017-02-08T16:39:42+08:00 ] ::1 /train/index.php/visit/index.php?img=pngWrench
ERR: 无法加载控制器:Index.php

[ 2017-02-08T16:39:42+08:00 ] ::1 /train/index.php/visit/index.php?img=pngFolder
ERR: 无法加载控制器:Index.php

[ 2017-02-08T16:45:20+08:00 ] ::1 /train/index.php/visit/index.php?img=gifLogo
ERR: 无法加载控制器:Index.php

[ 2017-02-08T16:45:20+08:00 ] ::1 /train/index.php/visit/index.php?img=pngFolder
ERR: 无法加载控制器:Index.php

[ 2017-02-08T16:45:20+08:00 ] ::1 /train/index.php/visit/index.php?img=pngPlugin
ERR: 无法加载控制器:Index.php

[ 2017-02-08T16:45:20+08:00 ] ::1 /train/index.php/visit/index.php?img=pngWrench
ERR: 无法加载控制器:Index.php

[ 2017-02-08T16:45:21+08:00 ] ::1 /train/index.php/visit/index.php?img=pngFolderGo
ERR: 无法加载控制器:Index.php

[ 2017-02-08T16:45:26+08:00 ] ::1 /train/index.php/visit/index.php?img=pngWrench
ERR: 无法加载控制器:Index.php

[ 2017-02-08T16:45:26+08:00 ] ::1 /train/index.php/visit/index.php?img=pngFolder
ERR: 无法加载控制器:Index.php

[ 2017-02-08T16:45:26+08:00 ] ::1 /train/index.php/visit/index.php?img=gifLogo
ERR: 无法加载控制器:Index.php

[ 2017-02-08T16:45:26+08:00 ] ::1 /train/index.php/visit/index.php?img=pngPlugin
ERR: 无法加载控制器:Index.php

[ 2017-02-08T16:45:26+08:00 ] ::1 /train/index.php/visit/index.php?img=pngFolderGo
ERR: 无法加载控制器:Index.php

[ 2017-02-08T16:53:29+08:00 ] ::1 /train/index.php/visit/index.php?img=gifLogo
ERR: 无法加载控制器:Index.php

[ 2017-02-08T16:53:29+08:00 ] ::1 /train/index.php/visit/index.php?img=pngFolderGo
ERR: 无法加载控制器:Index.php

[ 2017-02-08T16:53:29+08:00 ] ::1 /train/index.php/visit/index.php?img=pngFolder
ERR: 无法加载控制器:Index.php

[ 2017-02-08T16:53:29+08:00 ] ::1 /train/index.php/visit/index.php?img=pngWrench
ERR: 无法加载控制器:Index.php

[ 2017-02-08T16:53:29+08:00 ] ::1 /train/index.php/visit/index.php?img=pngPlugin
ERR: 无法加载控制器:Index.php

