[ 2017-02-10T15:44:56+08:00 ] ::1 /train/index.php/visit/redis
ERR: 无法加载控制器:Redis

[ 2017-02-10T15:45:53+08:00 ] ::1 /train/index.php/visit/redis
ERR: 无法加载控制器:Redis

[ 2017-02-10T15:45:54+08:00 ] ::1 /train/index.php/visit/redis
ERR: 无法加载控制器:Redis

[ 2017-02-10T15:45:55+08:00 ] ::1 /train/index.php/visit/redis
ERR: 无法加载控制器:Redis

[ 2017-02-10T15:45:56+08:00 ] ::1 /train/index.php/visit/redis
ERR: 无法加载控制器:Redis

[ 2017-02-10T15:45:56+08:00 ] ::1 /train/index.php/visit/redis
ERR: 无法加载控制器:Redis

[ 2017-02-10T15:45:57+08:00 ] ::1 /train/index.php/visit/redis
ERR: 无法加载控制器:Redis

[ 2017-02-10T15:46:03+08:00 ] ::1 /train/index.php/visit/redis
ERR: 无法加载控制器:Redis

[ 2017-02-10T15:46:04+08:00 ] ::1 /train/index.php/visit/redis
ERR: 无法加载控制器:Redis

[ 2017-02-10T15:48:07+08:00 ] ::1 /train/index.php/visit/redistest
ERR: 系统不支持:redis

[ 2017-02-10T15:51:23+08:00 ] ::1 /train/index.php/visit/redistest
ERR: 系统不支持:redis

[ 2017-02-10T16:00:40+08:00 ] ::1 /train/index.php/visit/redistest
ERR: 系统不支持:redis

[ 2017-02-10T16:01:06+08:00 ] ::1 /train/index.php/visit/redistest
ERR: 系统不支持:memcache

[ 2017-02-10T16:01:14+08:00 ] ::1 /train/index.php/visit/redistest
ERR: 系统不支持:redis

[ 2017-02-10T16:13:34+08:00 ] ::1 /train/index.php/visit/redis
ERR: 无法加载控制器:Redis

[ 2017-02-10T16:13:38+08:00 ] ::1 /train/index.php/visit/redistest
ERR: 系统不支持:redis

[ 2017-02-10T16:14:47+08:00 ] ::1 /train/index.php/visit/redistest
ERR: 系统不支持:redis

[ 2017-02-10T16:14:48+08:00 ] ::1 /train/index.php/visit/redistest
ERR: 系统不支持:redis

[ 2017-02-10T16:14:48+08:00 ] ::1 /train/index.php/visit/redistest
ERR: 系统不支持:redis

[ 2017-02-10T16:17:08+08:00 ] ::1 /train/index.php/visit/redistest
ERR: 系统不支持:redis

[ 2017-02-10T16:17:09+08:00 ] ::1 /train/index.php/visit/redistest
ERR: 系统不支持:redis

[ 2017-02-10T16:17:09+08:00 ] ::1 /train/index.php/visit/redistest
ERR: 系统不支持:redis

[ 2017-02-10T16:17:09+08:00 ] ::1 /train/index.php/visit/redistest
ERR: 系统不支持:redis

[ 2017-02-10T16:17:09+08:00 ] ::1 /train/index.php/visit/redistest
ERR: 系统不支持:redis

[ 2017-02-10T16:17:10+08:00 ] ::1 /train/index.php/visit/redistest
ERR: 系统不支持:redis

[ 2017-02-10T16:17:10+08:00 ] ::1 /train/index.php/visit/redistest
ERR: 系统不支持:redis

[ 2017-02-10T16:17:10+08:00 ] ::1 /train/index.php/visit/redistest
ERR: 系统不支持:redis

[ 2017-02-10T16:17:10+08:00 ] ::1 /train/index.php/visit/redistest
ERR: 系统不支持:redis

[ 2017-02-10T16:17:10+08:00 ] ::1 /train/index.php/visit/redistest
ERR: 系统不支持:redis

[ 2017-02-10T16:18:47+08:00 ] ::1 /train/index.php/visit/redistest
ERR: 系统不支持:Xcache

[ 2017-02-10T16:19:13+08:00 ] ::1 /train/index.php/visit/redistest
ERR: 系统不支持:sqlite

[ 2017-02-10T16:19:25+08:00 ] ::1 /train/index.php/visit/redistest
ERR: 系统不支持:Apc

[ 2017-02-10T16:20:17+08:00 ] ::1 /train/index.php/visit/redistest
ERR: 系统不支持:redis

[ 2017-02-10T16:23:40+08:00 ] ::1 /train/index.php/visit/redistest
ERR: 系统不支持:redis

[ 2017-02-10T16:23:41+08:00 ] ::1 /train/index.php/visit/redistest
ERR: 系统不支持:redis

[ 2017-02-10T16:26:20+08:00 ] ::1 /train/index.php/visit/redistest
ERR: 系统不支持:redis

[ 2017-02-10T16:26:20+08:00 ] ::1 /train/index.php/visit/redistest
ERR: 系统不支持:redis

[ 2017-02-10T16:26:20+08:00 ] ::1 /train/index.php/visit/redistest
ERR: 系统不支持:redis

[ 2017-02-10T16:26:21+08:00 ] ::1 /train/index.php/visit/redistest
ERR: 系统不支持:redis

[ 2017-02-10T16:54:46+08:00 ] ::1 /train/index.php/visit/redistest
ERR: Redis server went away

[ 2017-02-10T17:05:09+08:00 ] ::1 /train/index.php/visit/memcache
ERR: 无法加载缓存类型:192.168.0.1

[ 2017-02-10T17:05:37+08:00 ] ::1 /train/index.php/visit/memcache
ERR: 无法加载缓存类型:121.0.0.1

[ 2017-02-10T17:05:38+08:00 ] ::1 /train/index.php/visit/memcache
ERR: 无法加载缓存类型:121.0.0.1

[ 2017-02-10T17:05:46+08:00 ] ::1 /train/index.php/visit/memcache
ERR: 无法加载缓存类型:127.0.0.1

[ 2017-02-10T17:06:44+08:00 ] ::1 /train/index.php/visit/redistest
ERR: 无法加载缓存类型:localhost

[ 2017-02-10T17:11:04+08:00 ] ::1 /train/index.php/visit/redistest
ERR: 无法加载缓存类型:localhost

