[ 2017-02-22T16:39:18+08:00 ] ::1 /train/index.php/images/200905/thumb_img/10_thumb_G_1242973436403.jpg
ERR: 无法加载模块:Images

[ 2017-02-22T16:39:18+08:00 ] ::1 /train/index.php/image/more.gif
ERR: 无法加载模块:Image

[ 2017-02-22T16:39:18+08:00 ] ::1 /train/index.php/images/200905/thumb_img/20_thumb_G_1242106490058.jpg
ERR: 无法加载模块:Images

[ 2017-02-22T16:39:18+08:00 ] ::1 /train/index.php/images/200905/thumb_img/12_thumb_G_1241965978410.jpg
ERR: 无法加载模块:Images

[ 2017-02-22T16:39:18+08:00 ] ::1 /train/index.php/images/200905/thumb_img/8_thumb_G_1241425513488.jpg
ERR: 无法加载模块:Images

[ 2017-02-22T16:39:18+08:00 ] ::1 /train/index.php/images/200905/thumb_img/24_thumb_G_1241971981429.jpg
ERR: 无法加载模块:Images

[ 2017-02-22T16:39:18+08:00 ] ::1 /train/index.php/favicon.ico
ERR: 无法加载模块:Favicon

[ 2017-02-22T16:39:55+08:00 ] ::1 /train/index.php/images/200905/thumb_img/20_thumb_G_1242106490058.jpg
ERR: 无法加载模块:Images

[ 2017-02-22T16:39:55+08:00 ] ::1 /train/index.php/images/200905/thumb_img/10_thumb_G_1242973436403.jpg
ERR: 无法加载模块:Images

[ 2017-02-22T16:39:55+08:00 ] ::1 /train/index.php/image/more.gif
ERR: 无法加载模块:Image

[ 2017-02-22T16:39:55+08:00 ] ::1 /train/index.php/images/200905/thumb_img/8_thumb_G_1241425513488.jpg
ERR: 无法加载模块:Images

[ 2017-02-22T16:39:55+08:00 ] ::1 /train/index.php/images/200905/thumb_img/24_thumb_G_1241971981429.jpg
ERR: 无法加载模块:Images

[ 2017-02-22T16:39:55+08:00 ] ::1 /train/index.php/images/200905/thumb_img/12_thumb_G_1241965978410.jpg
ERR: 无法加载模块:Images

[ 2017-02-22T16:39:57+08:00 ] ::1 /train/index.php/images/200905/thumb_img/12_thumb_G_1241965978410.jpg
ERR: 无法加载模块:Images

[ 2017-02-22T16:39:57+08:00 ] ::1 /train/index.php/images/200905/thumb_img/20_thumb_G_1242106490058.jpg
ERR: 无法加载模块:Images

[ 2017-02-22T16:39:57+08:00 ] ::1 /train/index.php/images/200905/thumb_img/24_thumb_G_1241971981429.jpg
ERR: 无法加载模块:Images

[ 2017-02-22T16:39:57+08:00 ] ::1 /train/index.php/image/more.gif
ERR: 无法加载模块:Image

[ 2017-02-22T16:39:57+08:00 ] ::1 /train/index.php/images/200905/thumb_img/10_thumb_G_1242973436403.jpg
ERR: 无法加载模块:Images

[ 2017-02-22T16:39:57+08:00 ] ::1 /train/index.php/images/200905/thumb_img/8_thumb_G_1241425513488.jpg
ERR: 无法加载模块:Images

[ 2017-02-22T16:43:19+08:00 ] ::1 /train/index.php/Index/index.html
ERR: 无法加载模块:Index

[ 2017-02-22T16:53:17+08:00 ] ::1 /train/images/200905/thumb_img/12_thumb_G_1241965978410.jpg
ERR: 无法加载模块:Images

[ 2017-02-22T16:53:17+08:00 ] ::1 /train/image/more.gif
ERR: 无法加载模块:Image

[ 2017-02-22T16:53:17+08:00 ] ::1 /train/images/200905/thumb_img/10_thumb_G_1242973436403.jpg
ERR: 无法加载模块:Images

[ 2017-02-22T16:53:17+08:00 ] ::1 /train/images/200905/thumb_img/24_thumb_G_1241971981429.jpg
ERR: 无法加载模块:Images

[ 2017-02-22T16:53:17+08:00 ] ::1 /train/images/200905/thumb_img/20_thumb_G_1242106490058.jpg
ERR: 无法加载模块:Images

[ 2017-02-22T16:53:17+08:00 ] ::1 /train/images/200905/thumb_img/8_thumb_G_1241425513488.jpg
ERR: 无法加载模块:Images

[ 2017-02-22T16:53:24+08:00 ] ::1 /train/image/more.gif
ERR: 无法加载模块:Image

[ 2017-02-22T16:53:24+08:00 ] ::1 /train/images/200905/thumb_img/20_thumb_G_1242106490058.jpg
ERR: 无法加载模块:Images

[ 2017-02-22T16:53:24+08:00 ] ::1 /train/images/200905/thumb_img/24_thumb_G_1241971981429.jpg
ERR: 无法加载模块:Images

[ 2017-02-22T16:53:24+08:00 ] ::1 /train/images/200905/thumb_img/8_thumb_G_1241425513488.jpg
ERR: 无法加载模块:Images

[ 2017-02-22T16:53:24+08:00 ] ::1 /train/images/200905/thumb_img/12_thumb_G_1241965978410.jpg
ERR: 无法加载模块:Images

[ 2017-02-22T16:53:24+08:00 ] ::1 /train/images/200905/thumb_img/10_thumb_G_1242973436403.jpg
ERR: 无法加载模块:Images

[ 2017-02-22T16:53:25+08:00 ] ::1 /train/images/200905/thumb_img/8_thumb_G_1241425513488.jpg
ERR: 无法加载模块:Images

[ 2017-02-22T16:53:25+08:00 ] ::1 /train/image/more.gif
ERR: 无法加载模块:Image

[ 2017-02-22T16:53:25+08:00 ] ::1 /train/images/200905/thumb_img/24_thumb_G_1241971981429.jpg
ERR: 无法加载模块:Images

[ 2017-02-22T16:53:25+08:00 ] ::1 /train/images/200905/thumb_img/10_thumb_G_1242973436403.jpg
ERR: 无法加载模块:Images

[ 2017-02-22T16:53:25+08:00 ] ::1 /train/images/200905/thumb_img/20_thumb_G_1242106490058.jpg
ERR: 无法加载模块:Images

[ 2017-02-22T16:53:25+08:00 ] ::1 /train/images/200905/thumb_img/12_thumb_G_1241965978410.jpg
ERR: 无法加载模块:Images

[ 2017-02-22T16:53:27+08:00 ] ::1 /train/image/more.gif
ERR: 无法加载模块:Image

[ 2017-02-22T16:53:27+08:00 ] ::1 /train/images/200905/thumb_img/20_thumb_G_1242106490058.jpg
ERR: 无法加载模块:Images

[ 2017-02-22T16:53:27+08:00 ] ::1 /train/images/200905/thumb_img/10_thumb_G_1242973436403.jpg
ERR: 无法加载模块:Images

[ 2017-02-22T16:53:27+08:00 ] ::1 /train/images/200905/thumb_img/24_thumb_G_1241971981429.jpg
ERR: 无法加载模块:Images

[ 2017-02-22T16:53:27+08:00 ] ::1 /train/images/200905/thumb_img/8_thumb_G_1241425513488.jpg
ERR: 无法加载模块:Images

[ 2017-02-22T16:53:27+08:00 ] ::1 /train/images/200905/thumb_img/12_thumb_G_1241965978410.jpg
ERR: 无法加载模块:Images

[ 2017-02-22T16:53:34+08:00 ] ::1 /train/images/200905/thumb_img/24_thumb_G_1241971981429.jpg
ERR: 无法加载模块:Images

[ 2017-02-22T16:53:34+08:00 ] ::1 /train/images/200905/thumb_img/20_thumb_G_1242106490058.jpg
ERR: 无法加载模块:Images

[ 2017-02-22T16:53:34+08:00 ] ::1 /train/image/more.gif
ERR: 无法加载模块:Image

[ 2017-02-22T16:53:34+08:00 ] ::1 /train/images/200905/thumb_img/10_thumb_G_1242973436403.jpg
ERR: 无法加载模块:Images

[ 2017-02-22T16:53:34+08:00 ] ::1 /train/images/200905/thumb_img/12_thumb_G_1241965978410.jpg
ERR: 无法加载模块:Images

[ 2017-02-22T16:53:34+08:00 ] ::1 /train/images/200905/thumb_img/8_thumb_G_1241425513488.jpg
ERR: 无法加载模块:Images

[ 2017-02-22T16:53:34+08:00 ] ::1 /train/image/more.gif
ERR: 无法加载模块:Image

[ 2017-02-22T16:53:34+08:00 ] ::1 /train/images/200905/thumb_img/10_thumb_G_1242973436403.jpg
ERR: 无法加载模块:Images

[ 2017-02-22T16:53:34+08:00 ] ::1 /train/images/200905/thumb_img/8_thumb_G_1241425513488.jpg
ERR: 无法加载模块:Images

[ 2017-02-22T16:53:34+08:00 ] ::1 /train/images/200905/thumb_img/12_thumb_G_1241965978410.jpg
ERR: 无法加载模块:Images

[ 2017-02-22T16:53:34+08:00 ] ::1 /train/images/200905/thumb_img/24_thumb_G_1241971981429.jpg
ERR: 无法加载模块:Images

[ 2017-02-22T16:53:34+08:00 ] ::1 /train/images/200905/thumb_img/20_thumb_G_1242106490058.jpg
ERR: 无法加载模块:Images

[ 2017-02-22T16:53:37+08:00 ] ::1 /train/image/more.gif
ERR: 无法加载模块:Image

[ 2017-02-22T16:53:37+08:00 ] ::1 /train/images/200905/thumb_img/20_thumb_G_1242106490058.jpg
ERR: 无法加载模块:Images

[ 2017-02-22T16:53:37+08:00 ] ::1 /train/images/200905/thumb_img/24_thumb_G_1241971981429.jpg
ERR: 无法加载模块:Images

[ 2017-02-22T16:53:37+08:00 ] ::1 /train/images/200905/thumb_img/10_thumb_G_1242973436403.jpg
ERR: 无法加载模块:Images

[ 2017-02-22T16:53:37+08:00 ] ::1 /train/images/200905/thumb_img/12_thumb_G_1241965978410.jpg
ERR: 无法加载模块:Images

[ 2017-02-22T16:53:37+08:00 ] ::1 /train/images/200905/thumb_img/8_thumb_G_1241425513488.jpg
ERR: 无法加载模块:Images

[ 2017-02-22T16:53:45+08:00 ] ::1 /train/image/more.gif
ERR: 无法加载模块:Image

[ 2017-02-22T16:53:45+08:00 ] ::1 /train/images/200905/thumb_img/20_thumb_G_1242106490058.jpg
ERR: 无法加载模块:Images

[ 2017-02-22T16:53:45+08:00 ] ::1 /train/images/200905/thumb_img/12_thumb_G_1241965978410.jpg
ERR: 无法加载模块:Images

[ 2017-02-22T16:53:45+08:00 ] ::1 /train/images/200905/thumb_img/10_thumb_G_1242973436403.jpg
ERR: 无法加载模块:Images

[ 2017-02-22T16:53:45+08:00 ] ::1 /train/images/200905/thumb_img/8_thumb_G_1241425513488.jpg
ERR: 无法加载模块:Images

[ 2017-02-22T16:53:45+08:00 ] ::1 /train/images/200905/thumb_img/24_thumb_G_1241971981429.jpg
ERR: 无法加载模块:Images

[ 2017-02-22T22:10:56+08:00 ] ::1 /train/images/200905/thumb_img/12_thumb_G_1241965978410.jpg
ERR: 无法加载模块:Images

[ 2017-02-22T22:10:56+08:00 ] ::1 /train/image/more.gif
ERR: 无法加载模块:Image

[ 2017-02-22T22:10:56+08:00 ] ::1 /train/images/200905/thumb_img/10_thumb_G_1242973436403.jpg
ERR: 无法加载模块:Images

[ 2017-02-22T22:10:56+08:00 ] 127.0.0.1 /train/images/200905/thumb_img/24_thumb_G_1241971981429.jpg
ERR: 无法加载模块:Images

[ 2017-02-22T22:10:56+08:00 ] 127.0.0.1 /train/images/200905/thumb_img/20_thumb_G_1242106490058.jpg
ERR: 无法加载模块:Images

[ 2017-02-22T22:10:56+08:00 ] ::1 /train/images/200905/thumb_img/8_thumb_G_1241425513488.jpg
ERR: 无法加载模块:Images

[ 2017-02-22T22:10:56+08:00 ] ::1 /train/images/200905/thumb_img/32_thumb_G_1242110760196.jpg
ERR: 无法加载模块:Images

[ 2017-02-22T22:10:56+08:00 ] ::1 /train/Application/Shop/Public/image/animated_favicon.gif
ERR: 无法加载模块:Application

[ 2017-02-22T22:10:56+08:00 ] ::1 /train/favicon.ico
ERR: 无法加载模块:Favicon

