[ 2017-02-15T14:25:43+08:00 ] ::1 /train/index.php/style.css
ERR: 无法加载模块:Style

[ 2017-02-15T14:25:43+08:00 ] ::1 /train/index.php/images/page_left.gif
ERR: 无法加载模块:Images

[ 2017-02-15T14:25:43+08:00 ] ::1 /train/index.php/data/flashdata//cycle_image.js
ERR: 无法加载模块:Data

[ 2017-02-15T14:25:43+08:00 ] ::1 /train/index.php/images/logo.gif
ERR: 无法加载模块:Images

[ 2017-02-15T14:25:43+08:00 ] ::1 /train/index.php/images/slogan_right.gif
ERR: 无法加载模块:Images

[ 2017-02-15T14:25:43+08:00 ] ::1 /train/index.php/images/xml_rss2.gif
ERR: 无法加载模块:Images

[ 2017-02-15T14:25:43+08:00 ] ::1 /train/index.php/images/cat_arrow.gif
ERR: 无法加载模块:Images

[ 2017-02-15T14:25:43+08:00 ] ::1 /train/index.php/images/grey_arrow.gif
ERR: 无法加载模块:Images

[ 2017-02-15T14:25:43+08:00 ] ::1 /train/index.php/images/ecshop.gif
ERR: 无法加载模块:Images

[ 2017-02-15T14:25:43+08:00 ] ::1 /train/index.php/images/page_right.gif
ERR: 无法加载模块:Images

[ 2017-02-15T14:25:43+08:00 ] ::1 /train/index.php/images/footer_bg.gif
ERR: 无法加载模块:Images

[ 2017-02-15T14:25:43+08:00 ] ::1 /train/index.php/images/msn.gif
ERR: 无法加载模块:Images

[ 2017-02-15T14:25:43+08:00 ] ::1 /train/index.php/images/yahoo.gif
ERR: 无法加载模块:Images

[ 2017-02-15T14:25:43+08:00 ] ::1 /train/index.php/images/msn.gif
ERR: 无法加载模块:Images

[ 2017-02-15T14:25:43+08:00 ] ::1 /train/index.php/images/grey_arrow.gif
ERR: 无法加载模块:Images

[ 2017-02-15T14:25:43+08:00 ] ::1 /train/index.php/images/footer_bg.gif
ERR: 无法加载模块:Images

[ 2017-02-15T14:25:43+08:00 ] ::1 /train/index.php/images/yahoo.gif
ERR: 无法加载模块:Images

[ 2017-02-15T14:25:43+08:00 ] ::1 /train/index.php/images/ecshop.gif
ERR: 无法加载模块:Images

[ 2017-02-15T14:25:43+08:00 ] ::1 /train/index.php/images/page_right.gif
ERR: 无法加载模块:Images

[ 2017-02-15T14:26:04+08:00 ] ::1 /train/index.php/animated_favicon.gif
ERR: 无法加载模块:Animated_favicon

[ 2017-02-15T14:26:04+08:00 ] ::1 /train/index.php/favicon.ico
ERR: 无法加载模块:Favicon

[ 2017-02-15T14:26:31+08:00 ] ::1 /train/index.php/style.css
ERR: 无法加载模块:Style

[ 2017-02-15T14:26:31+08:00 ] ::1 /train/index.php/images/page_left.gif
ERR: 无法加载模块:Images

[ 2017-02-15T14:26:31+08:00 ] ::1 /train/index.php/data/flashdata//cycle_image.js
ERR: 无法加载模块:Data

[ 2017-02-15T14:26:31+08:00 ] ::1 /train/index.php/images/logo.gif
ERR: 无法加载模块:Images

[ 2017-02-15T14:26:31+08:00 ] ::1 /train/index.php/images/slogan_right.gif
ERR: 无法加载模块:Images

[ 2017-02-15T14:26:31+08:00 ] ::1 /train/index.php/images/xml_rss2.gif
ERR: 无法加载模块:Images

[ 2017-02-15T14:26:31+08:00 ] ::1 /train/index.php/images/cat_arrow.gif
ERR: 无法加载模块:Images

[ 2017-02-15T14:26:31+08:00 ] ::1 /train/index.php/images/grey_arrow.gif
ERR: 无法加载模块:Images

[ 2017-02-15T14:26:31+08:00 ] ::1 /train/index.php/images/ecshop.gif
ERR: 无法加载模块:Images

[ 2017-02-15T14:26:31+08:00 ] ::1 /train/index.php/images/msn.gif
ERR: 无法加载模块:Images

[ 2017-02-15T14:26:31+08:00 ] ::1 /train/index.php/images/yahoo.gif
ERR: 无法加载模块:Images

[ 2017-02-15T14:26:31+08:00 ] ::1 /train/index.php/images/page_right.gif
ERR: 无法加载模块:Images

[ 2017-02-15T14:26:31+08:00 ] ::1 /train/index.php/images/footer_bg.gif
ERR: 无法加载模块:Images

[ 2017-02-15T14:30:27+08:00 ] ::1 /train/index.php/style.css
ERR: 无法加载模块:Style

[ 2017-02-15T14:30:27+08:00 ] ::1 /train/index.php/images/page_left.gif
ERR: 无法加载模块:Images

[ 2017-02-15T14:30:27+08:00 ] ::1 /train/index.php/images/logo.gif
ERR: 无法加载模块:Images

[ 2017-02-15T14:30:27+08:00 ] ::1 /train/index.php/images/slogan_right.gif
ERR: 无法加载模块:Images

[ 2017-02-15T14:30:27+08:00 ] ::1 /train/index.php/data/flashdata//cycle_image.js
ERR: 无法加载模块:Data

[ 2017-02-15T14:30:27+08:00 ] ::1 /train/index.php/images/xml_rss2.gif
ERR: 无法加载模块:Images

[ 2017-02-15T14:30:27+08:00 ] ::1 /train/index.php/images/cat_arrow.gif
ERR: 无法加载模块:Images

[ 2017-02-15T14:30:27+08:00 ] ::1 /train/index.php/images/footer_bg.gif
ERR: 无法加载模块:Images

[ 2017-02-15T14:30:27+08:00 ] ::1 /train/index.php/images/grey_arrow.gif
ERR: 无法加载模块:Images

[ 2017-02-15T14:30:27+08:00 ] ::1 /train/index.php/images/yahoo.gif
ERR: 无法加载模块:Images

[ 2017-02-15T14:30:27+08:00 ] ::1 /train/index.php/images/msn.gif
ERR: 无法加载模块:Images

[ 2017-02-15T14:30:27+08:00 ] ::1 /train/index.php/images/page_right.gif
ERR: 无法加载模块:Images

[ 2017-02-15T14:30:28+08:00 ] ::1 /train/index.php/images/ecshop.gif
ERR: 无法加载模块:Images

[ 2017-02-15T14:30:28+08:00 ] ::1 /train/index.php/images/slogan_right.gif
ERR: 无法加载模块:Images

[ 2017-02-15T14:30:57+08:00 ] ::1 /train/index.php/style.css
ERR: 无法加载模块:Style

[ 2017-02-15T14:30:57+08:00 ] ::1 /train/index.php/images/page_left.gif
ERR: 无法加载模块:Images

[ 2017-02-15T14:30:57+08:00 ] ::1 /train/index.php/data/flashdata//cycle_image.js
ERR: 无法加载模块:Data

[ 2017-02-15T14:30:57+08:00 ] ::1 /train/index.php/images/logo.gif
ERR: 无法加载模块:Images

[ 2017-02-15T14:30:57+08:00 ] ::1 /train/index.php/images/slogan_right.gif
ERR: 无法加载模块:Images

[ 2017-02-15T14:30:57+08:00 ] ::1 /train/index.php/images/xml_rss2.gif
ERR: 无法加载模块:Images

[ 2017-02-15T14:30:58+08:00 ] ::1 /train/index.php/images/grey_arrow.gif
ERR: 无法加载模块:Images

[ 2017-02-15T14:30:58+08:00 ] ::1 /train/index.php/images/ecshop.gif
ERR: 无法加载模块:Images

[ 2017-02-15T14:30:58+08:00 ] ::1 /train/index.php/images/msn.gif
ERR: 无法加载模块:Images

[ 2017-02-15T14:30:58+08:00 ] ::1 /train/index.php/images/footer_bg.gif
ERR: 无法加载模块:Images

[ 2017-02-15T14:30:58+08:00 ] ::1 /train/index.php/images/yahoo.gif
ERR: 无法加载模块:Images

[ 2017-02-15T14:30:58+08:00 ] ::1 /train/index.php/images/page_right.gif
ERR: 无法加载模块:Images

[ 2017-02-15T14:30:58+08:00 ] ::1 /train/index.php/images/cat_arrow.gif
ERR: 无法加载模块:Images

[ 2017-02-15T14:31:02+08:00 ] ::1 /train/index.php/style.css
ERR: 无法加载模块:Style

[ 2017-02-15T14:32:23+08:00 ] ::1 /train/index.php/Public/css/style.css
ERR: 无法加载模块:Public

[ 2017-02-15T14:32:23+08:00 ] ::1 /train/index.php/images/slogan_right.gif
ERR: 无法加载模块:Images

[ 2017-02-15T14:32:23+08:00 ] ::1 /train/index.php/data/flashdata//cycle_image.js
ERR: 无法加载模块:Data

[ 2017-02-15T14:32:23+08:00 ] ::1 /train/index.php/images/logo.gif
ERR: 无法加载模块:Images

[ 2017-02-15T14:32:23+08:00 ] ::1 /train/index.php/images/xml_rss2.gif
ERR: 无法加载模块:Images

[ 2017-02-15T14:32:23+08:00 ] ::1 /train/index.php/images/footer_bg.gif
ERR: 无法加载模块:Images

[ 2017-02-15T14:32:23+08:00 ] ::1 /train/index.php/images/cat_arrow.gif
ERR: 无法加载模块:Images

[ 2017-02-15T14:32:23+08:00 ] ::1 /train/index.php/images/ecshop.gif
ERR: 无法加载模块:Images

[ 2017-02-15T14:32:23+08:00 ] ::1 /train/index.php/images/grey_arrow.gif
ERR: 无法加载模块:Images

[ 2017-02-15T14:32:23+08:00 ] ::1 /train/index.php/images/yahoo.gif
ERR: 无法加载模块:Images

[ 2017-02-15T14:32:23+08:00 ] ::1 /train/index.php/images/page_right.gif
ERR: 无法加载模块:Images

[ 2017-02-15T14:32:23+08:00 ] ::1 /train/index.php/images/msn.gif
ERR: 无法加载模块:Images

[ 2017-02-15T14:32:23+08:00 ] ::1 /train/index.php/images/slogan_right.gif
ERR: 无法加载模块:Images

[ 2017-02-15T14:32:24+08:00 ] ::1 /train/index.php/images/grey_arrow.gif
ERR: 无法加载模块:Images

[ 2017-02-15T14:32:24+08:00 ] ::1 /train/index.php/images/footer_bg.gif
ERR: 无法加载模块:Images

[ 2017-02-15T14:32:24+08:00 ] ::1 /train/index.php/images/cat_arrow.gif
ERR: 无法加载模块:Images

[ 2017-02-15T14:32:24+08:00 ] ::1 /train/index.php/images/xml_rss2.gif
ERR: 无法加载模块:Images

[ 2017-02-15T14:32:24+08:00 ] ::1 /train/index.php/images/ecshop.gif
ERR: 无法加载模块:Images

[ 2017-02-15T14:32:24+08:00 ] ::1 /train/index.php/images/msn.gif
ERR: 无法加载模块:Images

[ 2017-02-15T14:32:24+08:00 ] ::1 /train/index.php/images/yahoo.gif
ERR: 无法加载模块:Images

[ 2017-02-15T14:32:24+08:00 ] ::1 /train/index.php/images/page_left.gif
ERR: 无法加载模块:Images

[ 2017-02-15T14:32:24+08:00 ] ::1 /train/index.php/images/page_right.gif
ERR: 无法加载模块:Images

[ 2017-02-15T14:32:45+08:00 ] ::1 /train/index.php/Public/image/favicon.ico
ERR: 无法加载模块:Public

[ 2017-02-15T14:33:28+08:00 ] ::1 /train/index.php/images/logo.gif
ERR: 无法加载模块:Images

[ 2017-02-15T14:33:28+08:00 ] ::1 /train/index.php/data/flashdata//cycle_image.js
ERR: 无法加载模块:Data

[ 2017-02-15T14:33:28+08:00 ] ::1 /train/index.php/images/slogan_right.gif
ERR: 无法加载模块:Images

[ 2017-02-15T14:33:28+08:00 ] ::1 /train/index.php/images/xml_rss2.gif
ERR: 无法加载模块:Images

[ 2017-02-15T14:33:28+08:00 ] ::1 /train/index.php/images/page_left.gif
ERR: 无法加载模块:Images

[ 2017-02-15T14:33:28+08:00 ] ::1 /train/index.php/images/ecshop.gif
ERR: 无法加载模块:Images

[ 2017-02-15T14:33:28+08:00 ] ::1 /train/index.php/images/yahoo.gif
ERR: 无法加载模块:Images

[ 2017-02-15T14:33:28+08:00 ] ::1 /train/index.php/images/grey_arrow.gif
ERR: 无法加载模块:Images

[ 2017-02-15T14:33:28+08:00 ] ::1 /train/index.php/images/footer_bg.gif
ERR: 无法加载模块:Images

[ 2017-02-15T14:33:28+08:00 ] ::1 /train/index.php/images/msn.gif
ERR: 无法加载模块:Images

[ 2017-02-15T14:33:28+08:00 ] ::1 /train/index.php/images/page_right.gif
ERR: 无法加载模块:Images

[ 2017-02-15T14:33:28+08:00 ] ::1 /train/index.php/images/cat_arrow.gif
ERR: 无法加载模块:Images

[ 2017-02-15T14:44:03+08:00 ] ::1 /train/index.php/data/flashdata//cycle_image.js
ERR: 无法加载模块:Data

[ 2017-02-15T14:44:03+08:00 ] ::1 /train/index.php/images/slogan_right.gif
ERR: 无法加载模块:Images

[ 2017-02-15T14:44:03+08:00 ] ::1 /train/index.php/images/page_left.gif
ERR: 无法加载模块:Images

[ 2017-02-15T14:44:03+08:00 ] ::1 /train/index.php/images/xml_rss2.gif
ERR: 无法加载模块:Images

[ 2017-02-15T14:44:03+08:00 ] ::1 /train/index.php/images/cat_arrow.gif
ERR: 无法加载模块:Images

[ 2017-02-15T14:44:03+08:00 ] ::1 /train/index.php/images/ecshop.gif
ERR: 无法加载模块:Images

[ 2017-02-15T14:44:03+08:00 ] ::1 /train/index.php/images/grey_arrow.gif
ERR: 无法加载模块:Images

[ 2017-02-15T14:44:03+08:00 ] ::1 /train/index.php/images/footer_bg.gif
ERR: 无法加载模块:Images

[ 2017-02-15T14:44:03+08:00 ] ::1 /train/index.php/images/msn.gif
ERR: 无法加载模块:Images

[ 2017-02-15T14:44:03+08:00 ] ::1 /train/index.php/images/yahoo.gif
ERR: 无法加载模块:Images

[ 2017-02-15T14:44:03+08:00 ] ::1 /train/index.php/images/page_right.gif
ERR: 无法加载模块:Images

[ 2017-02-15T14:44:03+08:00 ] ::1 /train/index.php/images/logo.gif
ERR: 无法加载模块:Images

[ 2017-02-15T14:46:43+08:00 ] ::1 /train/index.php/data/flashdata//cycle_image.js
ERR: 无法加载模块:Data

[ 2017-02-15T14:46:43+08:00 ] ::1 /train/index.php/images/page_left.gif
ERR: 无法加载模块:Images

[ 2017-02-15T14:46:43+08:00 ] ::1 /train/index.php/images/logo.gif
ERR: 无法加载模块:Images

[ 2017-02-15T14:46:43+08:00 ] ::1 /train/index.php/images/slogan_right.gif
ERR: 无法加载模块:Images

[ 2017-02-15T14:46:44+08:00 ] ::1 /train/index.php/images/page_left.gif
ERR: 无法加载模块:Images

[ 2017-02-15T14:46:44+08:00 ] ::1 /train/index.php/images/xml_rss2.gif
ERR: 无法加载模块:Images

[ 2017-02-15T14:46:44+08:00 ] ::1 /train/index.php/images/cat_arrow.gif
ERR: 无法加载模块:Images

[ 2017-02-15T14:46:44+08:00 ] ::1 /train/index.php/images/footer_bg.gif
ERR: 无法加载模块:Images

[ 2017-02-15T14:46:44+08:00 ] ::1 /train/index.php/images/grey_arrow.gif
ERR: 无法加载模块:Images

[ 2017-02-15T14:46:44+08:00 ] ::1 /train/index.php/images/ecshop.gif
ERR: 无法加载模块:Images

[ 2017-02-15T14:46:44+08:00 ] ::1 /train/index.php/images/yahoo.gif
ERR: 无法加载模块:Images

[ 2017-02-15T14:46:44+08:00 ] ::1 /train/index.php/images/msn.gif
ERR: 无法加载模块:Images

[ 2017-02-15T14:46:44+08:00 ] ::1 /train/index.php/images/page_right.gif
ERR: 无法加载模块:Images

[ 2017-02-15T14:46:44+08:00 ] ::1 /train/index.php/data/flashdata//cycle_image.js
ERR: 无法加载模块:Data

[ 2017-02-15T14:46:44+08:00 ] ::1 /train/index.php/images/slogan_right.gif
ERR: 无法加载模块:Images

[ 2017-02-15T14:46:44+08:00 ] ::1 /train/index.php/images/xml_rss2.gif
ERR: 无法加载模块:Images

[ 2017-02-15T14:46:44+08:00 ] ::1 /train/index.php/images/cat_arrow.gif
ERR: 无法加载模块:Images

[ 2017-02-15T14:46:44+08:00 ] ::1 /train/index.php/images/grey_arrow.gif
ERR: 无法加载模块:Images

[ 2017-02-15T14:46:44+08:00 ] ::1 /train/index.php/images/page_right.gif
ERR: 无法加载模块:Images

[ 2017-02-15T14:46:44+08:00 ] ::1 /train/index.php/images/footer_bg.gif
ERR: 无法加载模块:Images

[ 2017-02-15T14:46:44+08:00 ] ::1 /train/index.php/images/yahoo.gif
ERR: 无法加载模块:Images

[ 2017-02-15T14:46:44+08:00 ] ::1 /train/index.php/images/ecshop.gif
ERR: 无法加载模块:Images

[ 2017-02-15T14:46:44+08:00 ] ::1 /train/index.php/images/msn.gif
ERR: 无法加载模块:Images

[ 2017-02-15T14:48:14+08:00 ] ::1 /train/index.php/data/flashdata//cycle_image.js
ERR: 无法加载模块:Data

[ 2017-02-15T14:48:14+08:00 ] ::1 /train/index.php/images/page_left.gif
ERR: 无法加载模块:Images

[ 2017-02-15T14:48:14+08:00 ] ::1 /train/index.php/images/logo.gif
ERR: 无法加载模块:Images

[ 2017-02-15T14:48:14+08:00 ] ::1 /train/index.php/images/slogan_right.gif
ERR: 无法加载模块:Images

[ 2017-02-15T14:48:14+08:00 ] ::1 /train/index.php/images/xml_rss2.gif
ERR: 无法加载模块:Images

[ 2017-02-15T14:48:14+08:00 ] ::1 /train/index.php/images/cat_arrow.gif
ERR: 无法加载模块:Images

[ 2017-02-15T14:48:14+08:00 ] ::1 /train/index.php/images/ecshop.gif
ERR: 无法加载模块:Images

[ 2017-02-15T14:48:14+08:00 ] ::1 /train/index.php/data/flashdata//cycle_image.js
ERR: 无法加载模块:Data

[ 2017-02-15T14:48:14+08:00 ] ::1 /train/index.php/images/footer_bg.gif
ERR: 无法加载模块:Images

[ 2017-02-15T14:48:14+08:00 ] ::1 /train/index.php/images/yahoo.gif
ERR: 无法加载模块:Images

[ 2017-02-15T14:48:14+08:00 ] ::1 /train/index.php/images/msn.gif
ERR: 无法加载模块:Images

[ 2017-02-15T14:48:14+08:00 ] ::1 /train/index.php/images/page_right.gif
ERR: 无法加载模块:Images

[ 2017-02-15T14:48:14+08:00 ] ::1 /train/index.php/images/page_left.gif
ERR: 无法加载模块:Images

[ 2017-02-15T14:48:14+08:00 ] ::1 /train/index.php/images/logo.gif
ERR: 无法加载模块:Images

[ 2017-02-15T14:48:14+08:00 ] ::1 /train/index.php/images/slogan_right.gif
ERR: 无法加载模块:Images

[ 2017-02-15T14:48:14+08:00 ] ::1 /train/index.php/images/xml_rss2.gif
ERR: 无法加载模块:Images

[ 2017-02-15T14:48:14+08:00 ] ::1 /train/index.php/images/grey_arrow.gif
ERR: 无法加载模块:Images

[ 2017-02-15T14:48:14+08:00 ] ::1 /train/index.php/images/footer_bg.gif
ERR: 无法加载模块:Images

[ 2017-02-15T14:48:14+08:00 ] ::1 /train/index.php/images/ecshop.gif
ERR: 无法加载模块:Images

[ 2017-02-15T14:48:14+08:00 ] ::1 /train/index.php/images/cat_arrow.gif
ERR: 无法加载模块:Images

[ 2017-02-15T14:49:53+08:00 ] ::1 /train/index.php/data/flashdata//cycle_image.js
ERR: 无法加载模块:Data

[ 2017-02-15T14:49:53+08:00 ] ::1 /train/index.php/images/logo.gif
ERR: 无法加载模块:Images

[ 2017-02-15T14:49:53+08:00 ] ::1 /train/index.php/images/slogan_right.gif
ERR: 无法加载模块:Images

[ 2017-02-15T14:49:53+08:00 ] ::1 /train/index.php/images/page_left.gif
ERR: 无法加载模块:Images

[ 2017-02-15T14:49:53+08:00 ] ::1 /train/index.php/data/flashdata//cycle_image.js
ERR: 无法加载模块:Data

[ 2017-02-15T14:49:53+08:00 ] ::1 /train/index.php/images/xml_rss2.gif
ERR: 无法加载模块:Images

[ 2017-02-15T14:49:53+08:00 ] ::1 /train/index.php/images/cat_arrow.gif
ERR: 无法加载模块:Images

[ 2017-02-15T14:49:53+08:00 ] ::1 /train/index.php/images/msn.gif
ERR: 无法加载模块:Images

[ 2017-02-15T14:49:53+08:00 ] ::1 /train/index.php/images/ecshop.gif
ERR: 无法加载模块:Images

[ 2017-02-15T14:49:53+08:00 ] ::1 /train/index.php/images/yahoo.gif
ERR: 无法加载模块:Images

[ 2017-02-15T14:49:53+08:00 ] ::1 /train/index.php/images/grey_arrow.gif
ERR: 无法加载模块:Images

[ 2017-02-15T14:49:53+08:00 ] ::1 /train/index.php/images/footer_bg.gif
ERR: 无法加载模块:Images

[ 2017-02-15T14:49:53+08:00 ] ::1 /train/index.php/images/slogan_right.gif
ERR: 无法加载模块:Images

[ 2017-02-15T14:49:53+08:00 ] ::1 /train/index.php/images/page_right.gif
ERR: 无法加载模块:Images

[ 2017-02-15T14:49:53+08:00 ] ::1 /train/index.php/images/xml_rss2.gif
ERR: 无法加载模块:Images

[ 2017-02-15T14:50:31+08:00 ] ::1 /train/index.php/data/flashdata//cycle_image.js
ERR: 无法加载模块:Data

[ 2017-02-15T14:50:31+08:00 ] ::1 /train/index.php/images/slogan_right.gif
ERR: 无法加载模块:Images

[ 2017-02-15T14:50:31+08:00 ] ::1 /train/index.php/images/page_left.gif
ERR: 无法加载模块:Images

[ 2017-02-15T14:50:31+08:00 ] ::1 /train/index.php/images/logo.gif
ERR: 无法加载模块:Images

[ 2017-02-15T14:50:31+08:00 ] ::1 /train/index.php/images/xml_rss2.gif
ERR: 无法加载模块:Images

[ 2017-02-15T14:50:31+08:00 ] ::1 /train/index.php/images/cat_arrow.gif
ERR: 无法加载模块:Images

[ 2017-02-15T14:50:32+08:00 ] ::1 /train/index.php/images/yahoo.gif
ERR: 无法加载模块:Images

[ 2017-02-15T14:50:32+08:00 ] ::1 /train/index.php/images/grey_arrow.gif
ERR: 无法加载模块:Images

[ 2017-02-15T14:50:32+08:00 ] ::1 /train/index.php/images/ecshop.gif
ERR: 无法加载模块:Images

[ 2017-02-15T14:50:32+08:00 ] ::1 /train/index.php/images/footer_bg.gif
ERR: 无法加载模块:Images

[ 2017-02-15T14:50:32+08:00 ] ::1 /train/index.php/images/msn.gif
ERR: 无法加载模块:Images

[ 2017-02-15T14:50:32+08:00 ] ::1 /train/index.php/images/page_right.gif
ERR: 无法加载模块:Images

[ 2017-02-15T14:51:40+08:00 ] ::1 /train/index.php/data/flashdata//cycle_image.js
ERR: 无法加载模块:Data

[ 2017-02-15T14:51:40+08:00 ] ::1 /train/index.php/images/page_left.gif
ERR: 无法加载模块:Images

[ 2017-02-15T14:51:40+08:00 ] ::1 /train/index.php/images/logo.gif
ERR: 无法加载模块:Images

[ 2017-02-15T14:51:40+08:00 ] ::1 /train/index.php/images/slogan_right.gif
ERR: 无法加载模块:Images

[ 2017-02-15T14:51:40+08:00 ] ::1 /train/index.php/images/xml_rss2.gif
ERR: 无法加载模块:Images

[ 2017-02-15T14:51:40+08:00 ] ::1 /train/index.php/images/cat_arrow.gif
ERR: 无法加载模块:Images

[ 2017-02-15T14:51:41+08:00 ] ::1 /train/index.php/images/grey_arrow.gif
ERR: 无法加载模块:Images

[ 2017-02-15T14:51:41+08:00 ] ::1 /train/index.php/images/ecshop.gif
ERR: 无法加载模块:Images

[ 2017-02-15T14:51:41+08:00 ] ::1 /train/index.php/images/footer_bg.gif
ERR: 无法加载模块:Images

[ 2017-02-15T14:51:41+08:00 ] ::1 /train/index.php/data/flashdata//cycle_image.js
ERR: 无法加载模块:Data

[ 2017-02-15T14:51:41+08:00 ] ::1 /train/index.php/images/page_left.gif
ERR: 无法加载模块:Images

[ 2017-02-15T14:51:41+08:00 ] ::1 /train/index.php/images/yahoo.gif
ERR: 无法加载模块:Images

[ 2017-02-15T14:51:41+08:00 ] ::1 /train/index.php/images/page_right.gif
ERR: 无法加载模块:Images

[ 2017-02-15T14:51:41+08:00 ] ::1 /train/index.php/images/msn.gif
ERR: 无法加载模块:Images

[ 2017-02-15T14:51:41+08:00 ] ::1 /train/index.php/images/logo.gif
ERR: 无法加载模块:Images

[ 2017-02-15T14:51:41+08:00 ] ::1 /train/index.php/images/slogan_right.gif
ERR: 无法加载模块:Images

[ 2017-02-15T14:51:41+08:00 ] ::1 /train/index.php/images/xml_rss2.gif
ERR: 无法加载模块:Images

[ 2017-02-15T14:51:41+08:00 ] ::1 /train/index.php/images/grey_arrow.gif
ERR: 无法加载模块:Images

[ 2017-02-15T14:51:41+08:00 ] ::1 /train/index.php/images/ecshop.gif
ERR: 无法加载模块:Images

[ 2017-02-15T14:51:41+08:00 ] ::1 /train/index.php/images/footer_bg.gif
ERR: 无法加载模块:Images

[ 2017-02-15T14:51:41+08:00 ] ::1 /train/index.php/images/cat_arrow.gif
ERR: 无法加载模块:Images

[ 2017-02-15T14:51:41+08:00 ] ::1 /train/index.php/images/msn.gif
ERR: 无法加载模块:Images

[ 2017-02-15T14:51:41+08:00 ] ::1 /train/index.php/images/yahoo.gif
ERR: 无法加载模块:Images

[ 2017-02-15T14:51:41+08:00 ] ::1 /train/index.php/images/page_right.gif
ERR: 无法加载模块:Images

[ 2017-02-15T14:53:14+08:00 ] ::1 /train/index.php/data/flashdata//cycle_image.js
ERR: 无法加载模块:Data

[ 2017-02-15T14:53:14+08:00 ] ::1 /train/index.php/data/flashdata//cycle_image.js
ERR: 无法加载模块:Data

[ 2017-02-15T14:55:10+08:00 ] ::1 /train/index.php/__ROOT__Application/Shop/Public/css/style.css
ERR: 无法加载模块:__ROOT__Application

[ 2017-02-15T14:55:10+08:00 ] ::1 /train/index.php/data/flashdata//cycle_image.js
ERR: 无法加载模块:Data

[ 2017-02-15T14:55:10+08:00 ] ::1 /train/index.php/__ROOT__Application/Shop/Public/css/index.js
ERR: 无法加载模块:__ROOT__Application

[ 2017-02-15T14:55:10+08:00 ] ::1 /train/index.php/__ROOT__Application/Shop/Public/image/slogan_right.gif
ERR: 无法加载模块:__ROOT__Application

[ 2017-02-15T14:55:10+08:00 ] ::1 /train/index.php/__ROOT__Application/Shop/Public/css/common.js
ERR: 无法加载模块:__ROOT__Application

[ 2017-02-15T14:55:10+08:00 ] ::1 /train/index.php/__ROOT__Application/Shop/Public/image/page_left.gif
ERR: 无法加载模块:__ROOT__Application

[ 2017-02-15T14:55:10+08:00 ] ::1 /train/index.php/__ROOT__Application/Shop/Public/image/xml_rss2.gif
ERR: 无法加载模块:__ROOT__Application

[ 2017-02-15T14:55:10+08:00 ] ::1 /train/index.php/__ROOT__Application/Shop/Public/image/cat_arrow.gif
ERR: 无法加载模块:__ROOT__Application

[ 2017-02-15T14:55:10+08:00 ] ::1 /train/index.php/__ROOT__Application/Shop/Public/css/index.js
ERR: 无法加载模块:__ROOT__Application

[ 2017-02-15T14:55:10+08:00 ] ::1 /train/index.php/__ROOT__Application/Shop/Public/image/ecshop.gif
ERR: 无法加载模块:__ROOT__Application

[ 2017-02-15T14:55:10+08:00 ] ::1 /train/index.php/__ROOT__Application/Shop/Public/image/footer_bg.gif
ERR: 无法加载模块:__ROOT__Application

[ 2017-02-15T14:55:10+08:00 ] ::1 /train/index.php/__ROOT__Application/Shop/Public/image/grey_arrow.gif
ERR: 无法加载模块:__ROOT__Application

[ 2017-02-15T14:55:10+08:00 ] ::1 /train/index.php/__ROOT__Application/Shop/Public/image/yahoo.gif
ERR: 无法加载模块:__ROOT__Application

[ 2017-02-15T14:55:10+08:00 ] ::1 /train/index.php/__ROOT__Application/Shop/Public/image/msn.gif
ERR: 无法加载模块:__ROOT__Application

[ 2017-02-15T14:55:10+08:00 ] ::1 /train/index.php/__ROOT__Application/Shop/Public/image/page_right.gif
ERR: 无法加载模块:__ROOT__Application

[ 2017-02-15T14:55:10+08:00 ] ::1 /train/index.php/__ROOT__Application/Shop/Public/image/page_left.gif
ERR: 无法加载模块:__ROOT__Application

[ 2017-02-15T14:55:10+08:00 ] ::1 /train/index.php/data/flashdata//cycle_image.js
ERR: 无法加载模块:Data

[ 2017-02-15T14:55:10+08:00 ] ::1 /train/index.php/__ROOT__Application/Shop/Public/image/logo.gif
ERR: 无法加载模块:__ROOT__Application

[ 2017-02-15T14:55:10+08:00 ] ::1 /train/index.php/__ROOT__Application/Shop/Public/image/slogan_right.gif
ERR: 无法加载模块:__ROOT__Application

[ 2017-02-15T14:55:10+08:00 ] ::1 /train/index.php/__ROOT__Application/Shop/Public/image/xml_rss2.gif
ERR: 无法加载模块:__ROOT__Application

[ 2017-02-15T14:55:10+08:00 ] ::1 /train/index.php/__ROOT__Application/Shop/Public/image/cat_arrow.gif
ERR: 无法加载模块:__ROOT__Application

[ 2017-02-15T14:55:10+08:00 ] ::1 /train/index.php/__ROOT__Application/Shop/Public/image/ecshop.gif
ERR: 无法加载模块:__ROOT__Application

[ 2017-02-15T14:55:10+08:00 ] ::1 /train/index.php/__ROOT__Application/Shop/Public/image/grey_arrow.gif
ERR: 无法加载模块:__ROOT__Application

[ 2017-02-15T14:55:10+08:00 ] ::1 /train/index.php/__ROOT__Application/Shop/Public/image/footer_bg.gif
ERR: 无法加载模块:__ROOT__Application

[ 2017-02-15T14:55:10+08:00 ] ::1 /train/index.php/__ROOT__Application/Shop/Public/image/yahoo.gif
ERR: 无法加载模块:__ROOT__Application

[ 2017-02-15T14:55:10+08:00 ] ::1 /train/index.php/__ROOT__Application/Shop/Public/image/msn.gif
ERR: 无法加载模块:__ROOT__Application

[ 2017-02-15T14:55:10+08:00 ] ::1 /train/index.php/__ROOT__Application/Shop/Public/image/page_right.gif
ERR: 无法加载模块:__ROOT__Application

[ 2017-02-15T14:55:53+08:00 ] ::1 /train/index.php/Application/Shop/Public/css/style.css
ERR: 无法加载模块:Application

[ 2017-02-15T14:55:53+08:00 ] ::1 /train/index.php/Application/Shop/Public/css/common.js
ERR: 无法加载模块:Application

[ 2017-02-15T14:55:54+08:00 ] ::1 /train/index.php/data/flashdata//cycle_image.js
ERR: 无法加载模块:Data

[ 2017-02-15T14:55:54+08:00 ] ::1 /train/index.php/Application/Shop/Public/image/page_left.gif
ERR: 无法加载模块:Application

[ 2017-02-15T14:55:54+08:00 ] ::1 /train/index.php/Application/Shop/Public/image/logo.gif
ERR: 无法加载模块:Application

[ 2017-02-15T14:55:54+08:00 ] ::1 /train/index.php/Application/Shop/Public/image/slogan_right.gif
ERR: 无法加载模块:Application

[ 2017-02-15T14:55:54+08:00 ] ::1 /train/index.php/Application/Shop/Public/css/index.js
ERR: 无法加载模块:Application

[ 2017-02-15T14:55:54+08:00 ] ::1 /train/index.php/data/flashdata//cycle_image.js
ERR: 无法加载模块:Data

[ 2017-02-15T14:55:54+08:00 ] ::1 /train/index.php/Application/Shop/Public/image/cat_arrow.gif
ERR: 无法加载模块:Application

[ 2017-02-15T14:55:54+08:00 ] ::1 /train/index.php/Application/Shop/Public/image/logo.gif
ERR: 无法加载模块:Application

[ 2017-02-15T14:55:54+08:00 ] ::1 /train/index.php/Application/Shop/Public/image/page_left.gif
ERR: 无法加载模块:Application

[ 2017-02-15T14:55:54+08:00 ] ::1 /train/index.php/Application/Shop/Public/image/ecshop.gif
ERR: 无法加载模块:Application

[ 2017-02-15T14:55:54+08:00 ] ::1 /train/index.php/Application/Shop/Public/image/grey_arrow.gif
ERR: 无法加载模块:Application

[ 2017-02-15T14:55:54+08:00 ] ::1 /train/index.php/Application/Shop/Public/image/yahoo.gif
ERR: 无法加载模块:Application

[ 2017-02-15T14:55:54+08:00 ] ::1 /train/index.php/Application/Shop/Public/image/msn.gif
ERR: 无法加载模块:Application

[ 2017-02-15T14:55:54+08:00 ] ::1 /train/index.php/Application/Shop/Public/image/footer_bg.gif
ERR: 无法加载模块:Application

[ 2017-02-15T14:55:54+08:00 ] ::1 /train/index.php/Application/Shop/Public/image/slogan_right.gif
ERR: 无法加载模块:Application

[ 2017-02-15T14:55:54+08:00 ] ::1 /train/index.php/Application/Shop/Public/image/page_right.gif
ERR: 无法加载模块:Application

[ 2017-02-15T14:55:54+08:00 ] ::1 /train/index.php/Application/Shop/Public/image/xml_rss2.gif
ERR: 无法加载模块:Application

[ 2017-02-15T14:56:12+08:00 ] ::1 /train/index.php/Application/Shop/Public/image/page_left.gif
ERR: 无法加载模块:Application

[ 2017-02-15T14:56:15+08:00 ] ::1 /train/index.php/Application/Shop/Public/image/animated_favicon.gif
ERR: 无法加载模块:Application

[ 2017-02-15T14:56:15+08:00 ] ::1 /train/index.php/Application/Shop/Public/image/favicon.ico
ERR: 无法加载模块:Application

[ 2017-02-15T14:58:21+08:00 ] ::1 /train/index.php/Application/Shop/Public/css/style.css
ERR: 无法加载模块:Application

[ 2017-02-15T14:58:21+08:00 ] ::1 /train/index.php/Application/Shop/Public/css/common.js
ERR: 无法加载模块:Application

[ 2017-02-15T14:58:21+08:00 ] ::1 /train/index.php/Application/Shop/Public/css/index.js
ERR: 无法加载模块:Application

[ 2017-02-15T14:58:21+08:00 ] ::1 /train/index.php/data/flashdata//cycle_image.js
ERR: 无法加载模块:Data

[ 2017-02-15T14:58:21+08:00 ] ::1 /train/index.php/Application/Shop/Public/image/slogan_right.gif
ERR: 无法加载模块:Application

[ 2017-02-15T14:58:21+08:00 ] ::1 /train/index.php/Application/Shop/Public/image/logo.gif
ERR: 无法加载模块:Application

[ 2017-02-15T14:58:21+08:00 ] ::1 /train/index.php/Application/Shop/Public/image/page_left.gif
ERR: 无法加载模块:Application

[ 2017-02-15T14:58:21+08:00 ] ::1 /train/index.php/data/flashdata//cycle_image.js
ERR: 无法加载模块:Data

[ 2017-02-15T14:58:21+08:00 ] ::1 /train/index.php/Application/Shop/Public/image/cat_arrow.gif
ERR: 无法加载模块:Application

[ 2017-02-15T14:58:21+08:00 ] ::1 /train/index.php/Application/Shop/Public/image/ecshop.gif
ERR: 无法加载模块:Application

[ 2017-02-15T14:58:21+08:00 ] ::1 /train/index.php/Application/Shop/Public/image/footer_bg.gif
ERR: 无法加载模块:Application

[ 2017-02-15T14:58:21+08:00 ] ::1 /train/index.php/Application/Shop/Public/image/grey_arrow.gif
ERR: 无法加载模块:Application

[ 2017-02-15T14:58:21+08:00 ] ::1 /train/index.php/Application/Shop/Public/image/yahoo.gif
ERR: 无法加载模块:Application

[ 2017-02-15T14:58:21+08:00 ] ::1 /train/index.php/Application/Shop/Public/image/slogan_right.gif
ERR: 无法加载模块:Application

[ 2017-02-15T14:58:21+08:00 ] ::1 /train/index.php/Application/Shop/Public/image/page_right.gif
ERR: 无法加载模块:Application

[ 2017-02-15T14:58:21+08:00 ] ::1 /train/index.php/Application/Shop/Public/image/msn.gif
ERR: 无法加载模块:Application

[ 2017-02-15T14:58:21+08:00 ] ::1 /train/index.php/Application/Shop/Public/image/grey_arrow.gif
ERR: 无法加载模块:Application

[ 2017-02-15T14:58:21+08:00 ] ::1 /train/index.php/Application/Shop/Public/image/cat_arrow.gif
ERR: 无法加载模块:Application

[ 2017-02-15T14:58:21+08:00 ] ::1 /train/index.php/Application/Shop/Public/image/xml_rss2.gif
ERR: 无法加载模块:Application

[ 2017-02-15T14:58:21+08:00 ] ::1 /train/index.php/Application/Shop/Public/image/ecshop.gif
ERR: 无法加载模块:Application

[ 2017-02-15T14:58:26+08:00 ] ::1 /train/index.php/Application/Shop/Public/css/style.css
ERR: 无法加载模块:Application

[ 2017-02-15T14:58:26+08:00 ] ::1 /train/index.php/Application/Shop/Public/css/common.js
ERR: 无法加载模块:Application

[ 2017-02-15T14:58:26+08:00 ] ::1 /train/index.php/Application/Shop/Public/css/index.js
ERR: 无法加载模块:Application

[ 2017-02-15T14:58:26+08:00 ] ::1 /train/index.php/data/flashdata//cycle_image.js
ERR: 无法加载模块:Data

[ 2017-02-15T14:58:26+08:00 ] ::1 /train/index.php/Application/Shop/Public/image/page_left.gif
ERR: 无法加载模块:Application

[ 2017-02-15T14:58:26+08:00 ] ::1 /train/index.php/Application/Shop/Public/image/grey_arrow.gif
ERR: 无法加载模块:Application

[ 2017-02-15T14:58:26+08:00 ] ::1 /train/index.php/Application/Shop/Public/image/logo.gif
ERR: 无法加载模块:Application

[ 2017-02-15T14:58:26+08:00 ] ::1 /train/index.php/Application/Shop/Public/image/cat_arrow.gif
ERR: 无法加载模块:Application

[ 2017-02-15T14:58:26+08:00 ] ::1 /train/index.php/Application/Shop/Public/image/slogan_right.gif
ERR: 无法加载模块:Application

[ 2017-02-15T14:58:26+08:00 ] ::1 /train/index.php/Application/Shop/Public/image/xml_rss2.gif
ERR: 无法加载模块:Application

[ 2017-02-15T14:58:26+08:00 ] ::1 /train/index.php/Application/Shop/Public/image/yahoo.gif
ERR: 无法加载模块:Application

[ 2017-02-15T14:58:26+08:00 ] ::1 /train/index.php/Application/Shop/Public/image/page_right.gif
ERR: 无法加载模块:Application

[ 2017-02-15T14:58:26+08:00 ] ::1 /train/index.php/Application/Shop/Public/image/msn.gif
ERR: 无法加载模块:Application

[ 2017-02-15T14:58:26+08:00 ] ::1 /train/index.php/Application/Shop/Public/image/footer_bg.gif
ERR: 无法加载模块:Application

[ 2017-02-15T14:58:26+08:00 ] ::1 /train/index.php/Application/Shop/Public/image/ecshop.gif
ERR: 无法加载模块:Application

[ 2017-02-15T14:58:26+08:00 ] ::1 /train/index.php/Application/Shop/Public/image/xml_rss2.gif
ERR: 无法加载模块:Application

[ 2017-02-15T14:58:26+08:00 ] ::1 /train/index.php/Application/Shop/Public/image/cat_arrow.gif
ERR: 无法加载模块:Application

[ 2017-02-15T14:58:26+08:00 ] ::1 /train/index.php/Application/Shop/Public/image/grey_arrow.gif
ERR: 无法加载模块:Application

[ 2017-02-15T14:58:26+08:00 ] ::1 /train/index.php/Application/Shop/Public/image/ecshop.gif
ERR: 无法加载模块:Application

[ 2017-02-15T14:58:26+08:00 ] ::1 /train/index.php/Application/Shop/Public/image/footer_bg.gif
ERR: 无法加载模块:Application

[ 2017-02-15T14:58:26+08:00 ] ::1 /train/index.php/Application/Shop/Public/image/yahoo.gif
ERR: 无法加载模块:Application

[ 2017-02-15T14:58:26+08:00 ] ::1 /train/index.php/Application/Shop/Public/image/msn.gif
ERR: 无法加载模块:Application

[ 2017-02-15T14:58:26+08:00 ] ::1 /train/index.php/Application/Shop/Public/image/page_right.gif
ERR: 无法加载模块:Application

[ 2017-02-15T14:59:48+08:00 ] ::1 /train/index.php/Application/Shop/Public/css/style.css
ERR: 无法加载模块:Application

[ 2017-02-15T14:59:48+08:00 ] ::1 /train/index.php/Application/Shop/Public/css/common.js
ERR: 无法加载模块:Application

[ 2017-02-15T14:59:48+08:00 ] ::1 /train/index.php/data/flashdata//cycle_image.js
ERR: 无法加载模块:Data

[ 2017-02-15T14:59:48+08:00 ] ::1 /train/index.php/Application/Shop/Public/image/page_left.gif
ERR: 无法加载模块:Application

[ 2017-02-15T14:59:48+08:00 ] ::1 /train/index.php/Application/Shop/Public/css/index.js
ERR: 无法加载模块:Application

[ 2017-02-15T14:59:48+08:00 ] ::1 /train/index.php/Application/Shop/Public/image/logo.gif
ERR: 无法加载模块:Application

[ 2017-02-15T14:59:48+08:00 ] ::1 /train/index.php/Application/Shop/Public/image/icon_search.gif
ERR: 无法加载模块:Application

[ 2017-02-15T14:59:48+08:00 ] ::1 /train/index.php/Application/Shop/Public/image/slogan_right.gif
ERR: 无法加载模块:Application

[ 2017-02-15T14:59:48+08:00 ] ::1 /train/index.php/data/flashdata//cycle_image.js
ERR: 无法加载模块:Data

[ 2017-02-15T14:59:49+08:00 ] ::1 /train/index.php/Application/Shop/Public/image/xml_rss2.gif
ERR: 无法加载模块:Application

[ 2017-02-15T14:59:49+08:00 ] ::1 /train/index.php/Application/Shop/Public/image/cat_arrow.gif
ERR: 无法加载模块:Application

[ 2017-02-15T14:59:49+08:00 ] ::1 /train/index.php/Application/Shop/Public/image/ecshop.gif
ERR: 无法加载模块:Application

[ 2017-02-15T14:59:49+08:00 ] ::1 /train/index.php/Application/Shop/Public/image/grey_arrow.gif
ERR: 无法加载模块:Application

[ 2017-02-15T14:59:49+08:00 ] ::1 /train/index.php/Application/Shop/Public/image/footer_bg.gif
ERR: 无法加载模块:Application

[ 2017-02-15T14:59:49+08:00 ] ::1 /train/index.php/Application/Shop/Public/image/yahoo.gif
ERR: 无法加载模块:Application

[ 2017-02-15T14:59:49+08:00 ] ::1 /train/index.php/Application/Shop/Public/image/msn.gif
ERR: 无法加载模块:Application

[ 2017-02-15T14:59:49+08:00 ] ::1 /train/index.php/Application/Shop/Public/image/page_right.gif
ERR: 无法加载模块:Application

[ 2017-02-15T14:59:49+08:00 ] ::1 /train/index.php/Application/Shop/Public/image/page_left.gif
ERR: 无法加载模块:Application

[ 2017-02-15T15:01:46+08:00 ] ::1 /train/index.php/data/flashdata//cycle_image.js
ERR: 无法加载模块:Data

[ 2017-02-15T15:01:46+08:00 ] ::1 /train/index.php/data/flashdata//cycle_image.js
ERR: 无法加载模块:Data

[ 2017-02-15T15:03:18+08:00 ] ::1 /train/index.php/Application/Shop/Public/css/common.js
ERR: 无法加载模块:Application

[ 2017-02-15T15:03:18+08:00 ] ::1 /train/index.php/Application/Shop/Public/css/index.js
ERR: 无法加载模块:Application

[ 2017-02-15T15:03:18+08:00 ] ::1 /train/index.php/Application/Shop/Public/css/style.css
ERR: 无法加载模块:Application

[ 2017-02-15T15:03:18+08:00 ] ::1 /train/index.php/data/flashdata//cycle_image.js
ERR: 无法加载模块:Data

[ 2017-02-15T15:03:18+08:00 ] ::1 /train/index.php/Application/Shop/Public/css/index.js
ERR: 无法加载模块:Application

[ 2017-02-15T15:03:18+08:00 ] ::1 /train/index.php/data/flashdata//cycle_image.js
ERR: 无法加载模块:Data

[ 2017-02-15T15:03:36+08:00 ] ::1 /train/index.php/Application/Shop/Public/css/style.css
ERR: 无法加载模块:Application

[ 2017-02-15T15:03:36+08:00 ] ::1 /train/index.php/Application/Shop/Public/css/index.js
ERR: 无法加载模块:Application

[ 2017-02-15T15:03:36+08:00 ] ::1 /train/index.php/Application/Shop/Public/image/page_left.gif
ERR: 无法加载模块:Application

[ 2017-02-15T15:03:36+08:00 ] ::1 /train/index.php/data/flashdata//cycle_image.js
ERR: 无法加载模块:Data

[ 2017-02-15T15:03:36+08:00 ] ::1 /train/index.php/Application/Shop/Public/image/logo.gif
ERR: 无法加载模块:Application

[ 2017-02-15T15:03:36+08:00 ] ::1 /train/index.php/Application/Shop/Public/image/slogan_right.gif
ERR: 无法加载模块:Application

[ 2017-02-15T15:03:36+08:00 ] ::1 /train/index.php/Application/Shop/Public/image/xml_rss2.gif
ERR: 无法加载模块:Application

[ 2017-02-15T15:03:36+08:00 ] ::1 /train/index.php/Application/Shop/Public/image/cat_arrow.gif
ERR: 无法加载模块:Application

[ 2017-02-15T15:03:36+08:00 ] ::1 /train/index.php/Application/Shop/Public/image/grey_arrow.gif
ERR: 无法加载模块:Application

[ 2017-02-15T15:03:36+08:00 ] ::1 /train/index.php/Application/Shop/Public/image/ecshop.gif
ERR: 无法加载模块:Application

[ 2017-02-15T15:03:36+08:00 ] ::1 /train/index.php/Application/Shop/Public/image/footer_bg.gif
ERR: 无法加载模块:Application

[ 2017-02-15T15:03:36+08:00 ] ::1 /train/index.php/Application/Shop/Public/css/common.js
ERR: 无法加载模块:Application

[ 2017-02-15T15:03:36+08:00 ] ::1 /train/index.php/Application/Shop/Public/css/index.js
ERR: 无法加载模块:Application

[ 2017-02-15T15:03:36+08:00 ] ::1 /train/index.php/Application/Shop/Public/image/page_right.gif
ERR: 无法加载模块:Application

[ 2017-02-15T15:03:36+08:00 ] ::1 /train/index.php/Application/Shop/Public/image/yahoo.gif
ERR: 无法加载模块:Application

[ 2017-02-15T15:03:36+08:00 ] ::1 /train/index.php/Application/Shop/Public/image/msn.gif
ERR: 无法加载模块:Application

[ 2017-02-15T15:03:36+08:00 ] ::1 /train/index.php/Application/Shop/Public/image/logo.gif
ERR: 无法加载模块:Application

[ 2017-02-15T15:03:36+08:00 ] ::1 /train/index.php/data/flashdata//cycle_image.js
ERR: 无法加载模块:Data

[ 2017-02-15T15:03:36+08:00 ] ::1 /train/index.php/Application/Shop/Public/image/cat_arrow.gif
ERR: 无法加载模块:Application

[ 2017-02-15T15:03:36+08:00 ] ::1 /train/index.php/Application/Shop/Public/image/ecshop.gif
ERR: 无法加载模块:Application

[ 2017-02-15T15:03:36+08:00 ] ::1 /train/index.php/Application/Shop/Public/image/xml_rss2.gif
ERR: 无法加载模块:Application

[ 2017-02-15T15:03:36+08:00 ] ::1 /train/index.php/Application/Shop/Public/image/footer_bg.gif
ERR: 无法加载模块:Application

[ 2017-02-15T15:03:36+08:00 ] ::1 /train/index.php/Application/Shop/Public/image/grey_arrow.gif
ERR: 无法加载模块:Application

[ 2017-02-15T15:03:36+08:00 ] ::1 /train/index.php/Application/Shop/Public/image/slogan_right.gif
ERR: 无法加载模块:Application

[ 2017-02-15T15:03:36+08:00 ] ::1 /train/index.php/Application/Shop/Public/image/msn.gif
ERR: 无法加载模块:Application

[ 2017-02-15T15:03:36+08:00 ] ::1 /train/index.php/Application/Shop/Public/image/page_right.gif
ERR: 无法加载模块:Application

[ 2017-02-15T15:03:36+08:00 ] ::1 /train/index.php/Application/Shop/Public/image/yahoo.gif
ERR: 无法加载模块:Application

[ 2017-02-15T15:03:37+08:00 ] ::1 /train/index.php/Application/Shop/Public/image/page_left.gif
ERR: 无法加载模块:Application

[ 2017-02-15T15:04:27+08:00 ] ::1 /train/index.php/Public/style.css
ERR: 无法加载模块:Public

[ 2017-02-15T15:04:27+08:00 ] ::1 /train/index.php/Application/Shop/Public/css/common.js
ERR: 无法加载模块:Application

[ 2017-02-15T15:04:27+08:00 ] ::1 /train/index.php/data/flashdata//cycle_image.js
ERR: 无法加载模块:Data

[ 2017-02-15T15:04:27+08:00 ] ::1 /train/index.php/Application/Shop/Public/image/page_left.gif
ERR: 无法加载模块:Application

[ 2017-02-15T15:04:27+08:00 ] ::1 /train/index.php/Application/Shop/Public/css/index.js
ERR: 无法加载模块:Application

[ 2017-02-15T15:04:27+08:00 ] ::1 /train/index.php/Application/Shop/Public/image/logo.gif
ERR: 无法加载模块:Application

[ 2017-02-15T15:04:27+08:00 ] ::1 /train/index.php/Application/Shop/Public/image/slogan_right.gif
ERR: 无法加载模块:Application

[ 2017-02-15T15:04:27+08:00 ] ::1 /train/index.php/Application/Shop/Public/image/xml_rss2.gif
ERR: 无法加载模块:Application

[ 2017-02-15T15:04:27+08:00 ] ::1 /train/index.php/Application/Shop/Public/image/grey_arrow.gif
ERR: 无法加载模块:Application

[ 2017-02-15T15:04:27+08:00 ] ::1 /train/index.php/data/flashdata//cycle_image.js
ERR: 无法加载模块:Data

[ 2017-02-15T15:04:27+08:00 ] ::1 /train/index.php/Application/Shop/Public/image/ecshop.gif
ERR: 无法加载模块:Application

[ 2017-02-15T15:04:27+08:00 ] ::1 /train/index.php/Application/Shop/Public/image/footer_bg.gif
ERR: 无法加载模块:Application

[ 2017-02-15T15:04:27+08:00 ] ::1 /train/index.php/Application/Shop/Public/image/yahoo.gif
ERR: 无法加载模块:Application

[ 2017-02-15T15:04:27+08:00 ] ::1 /train/index.php/Application/Shop/Public/image/msn.gif
ERR: 无法加载模块:Application

[ 2017-02-15T15:04:27+08:00 ] ::1 /train/index.php/Application/Shop/Public/image/page_right.gif
ERR: 无法加载模块:Application

[ 2017-02-15T15:04:27+08:00 ] ::1 /train/index.php/Application/Shop/Public/image/slogan_right.gif
ERR: 无法加载模块:Application

[ 2017-02-15T15:04:27+08:00 ] ::1 /train/index.php/Application/Shop/Public/image/grey_arrow.gif
ERR: 无法加载模块:Application

[ 2017-02-15T15:04:27+08:00 ] ::1 /train/index.php/Application/Shop/Public/image/page_left.gif
ERR: 无法加载模块:Application

[ 2017-02-15T15:04:27+08:00 ] ::1 /train/index.php/Application/Shop/Public/image/xml_rss2.gif
ERR: 无法加载模块:Application

[ 2017-02-15T15:04:27+08:00 ] ::1 /train/index.php/Application/Shop/Public/image/cat_arrow.gif
ERR: 无法加载模块:Application

[ 2017-02-15T15:04:43+08:00 ] ::1 /train/index.php/Application/Shop/Public/css/common.js
ERR: 无法加载模块:Application

[ 2017-02-15T15:04:43+08:00 ] ::1 /train/index.php/data/flashdata//cycle_image.js
ERR: 无法加载模块:Data

[ 2017-02-15T15:04:43+08:00 ] ::1 /train/index.php/Application/Shop/Public/css/index.js
ERR: 无法加载模块:Application

[ 2017-02-15T15:04:43+08:00 ] ::1 /train/index.php/Application/Shop/Public/image/page_left.gif
ERR: 无法加载模块:Application

[ 2017-02-15T15:04:43+08:00 ] ::1 /train/index.php/Application/Shop/Public/image/logo.gif
ERR: 无法加载模块:Application

[ 2017-02-15T15:04:43+08:00 ] ::1 /train/index.php/Application/Shop/Public/image/slogan_right.gif
ERR: 无法加载模块:Application

[ 2017-02-15T15:04:43+08:00 ] ::1 /train/index.php/Application/Shop/Public/image/xml_rss2.gif
ERR: 无法加载模块:Application

[ 2017-02-15T15:04:43+08:00 ] ::1 /train/index.php/Application/Shop/Public/image/cat_arrow.gif
ERR: 无法加载模块:Application

[ 2017-02-15T15:04:43+08:00 ] ::1 /train/index.php/data/flashdata//cycle_image.js
ERR: 无法加载模块:Data

[ 2017-02-15T15:04:43+08:00 ] ::1 /train/index.php/Application/Shop/Public/image/ecshop.gif
ERR: 无法加载模块:Application

[ 2017-02-15T15:04:43+08:00 ] ::1 /train/index.php/Application/Shop/Public/image/footer_bg.gif
ERR: 无法加载模块:Application

[ 2017-02-15T15:04:43+08:00 ] ::1 /train/index.php/Application/Shop/Public/image/page_right.gif
ERR: 无法加载模块:Application

[ 2017-02-15T15:04:43+08:00 ] ::1 /train/index.php/Application/Shop/Public/image/yahoo.gif
ERR: 无法加载模块:Application

[ 2017-02-15T15:04:43+08:00 ] ::1 /train/index.php/Application/Shop/Public/image/msn.gif
ERR: 无法加载模块:Application

[ 2017-02-15T15:04:43+08:00 ] ::1 /train/index.php/Application/Shop/Public/image/xml_rss2.gif
ERR: 无法加载模块:Application

[ 2017-02-15T15:04:43+08:00 ] ::1 /train/index.php/Application/Shop/Public/image/cat_arrow.gif
ERR: 无法加载模块:Application

[ 2017-02-15T15:04:43+08:00 ] ::1 /train/index.php/Application/Shop/Public/image/slogan_right.gif
ERR: 无法加载模块:Application

[ 2017-02-15T15:04:43+08:00 ] ::1 /train/index.php/Application/Shop/Public/image/footer_bg.gif
ERR: 无法加载模块:Application

[ 2017-02-15T15:04:43+08:00 ] ::1 /train/index.php/Application/Shop/Public/image/ecshop.gif
ERR: 无法加载模块:Application

[ 2017-02-15T15:04:43+08:00 ] ::1 /train/index.php/Application/Shop/Public/image/msn.gif
ERR: 无法加载模块:Application

[ 2017-02-15T15:04:43+08:00 ] ::1 /train/index.php/Application/Shop/Public/image/yahoo.gif
ERR: 无法加载模块:Application

[ 2017-02-15T15:04:43+08:00 ] ::1 /train/index.php/Application/Shop/Public/image/page_right.gif
ERR: 无法加载模块:Application

[ 2017-02-15T15:04:43+08:00 ] ::1 /train/index.php/Application/Shop/Public/image/grey_arrow.gif
ERR: 无法加载模块:Application

[ 2017-02-15T15:05:11+08:00 ] ::1 /train/index.php/Application/Shop/Public/css/index.js
ERR: 无法加载模块:Application

[ 2017-02-15T15:05:11+08:00 ] ::1 /train/index.php/Application/Shop/Public/css/common.js
ERR: 无法加载模块:Application

[ 2017-02-15T15:05:11+08:00 ] ::1 /train/index.php/data/flashdata//cycle_image.js
ERR: 无法加载模块:Data

[ 2017-02-15T15:05:11+08:00 ] ::1 /train/index.php/Application/Shop/Public/css/index.js
ERR: 无法加载模块:Application

[ 2017-02-15T15:05:11+08:00 ] ::1 /train/index.php/Application/Shop/Public/image/page_left.gif
ERR: 无法加载模块:Application

[ 2017-02-15T15:05:11+08:00 ] ::1 /train/index.php/Application/Shop/Public/image/logo.gif
ERR: 无法加载模块:Application

[ 2017-02-15T15:05:11+08:00 ] ::1 /train/index.php/Application/Shop/Public/image/slogan_right.gif
ERR: 无法加载模块:Application

[ 2017-02-15T15:05:11+08:00 ] ::1 /train/index.php/Application/Shop/Public/image/xml_rss2.gif
ERR: 无法加载模块:Application

[ 2017-02-15T15:05:11+08:00 ] ::1 /train/index.php/Application/Shop/Public/image/yahoo.gif
ERR: 无法加载模块:Application

[ 2017-02-15T15:05:11+08:00 ] ::1 /train/index.php/Application/Shop/Public/image/footer_bg.gif
ERR: 无法加载模块:Application

[ 2017-02-15T15:05:11+08:00 ] ::1 /train/index.php/Application/Shop/Public/image/ecshop.gif
ERR: 无法加载模块:Application

[ 2017-02-15T15:05:11+08:00 ] ::1 /train/index.php/Application/Shop/Public/image/grey_arrow.gif
ERR: 无法加载模块:Application

[ 2017-02-15T15:05:11+08:00 ] ::1 /train/index.php/Application/Shop/Public/image/page_right.gif
ERR: 无法加载模块:Application

[ 2017-02-15T15:05:11+08:00 ] ::1 /train/index.php/Application/Shop/Public/image/msn.gif
ERR: 无法加载模块:Application

[ 2017-02-15T15:05:11+08:00 ] ::1 /train/index.php/Application/Shop/Public/image/cat_arrow.gif
ERR: 无法加载模块:Application

[ 2017-02-15T15:05:11+08:00 ] ::1 /train/index.php/data/flashdata//cycle_image.js
ERR: 无法加载模块:Data

[ 2017-02-15T15:05:11+08:00 ] ::1 /train/index.php/Application/Shop/Public/image/slogan_right.gif
ERR: 无法加载模块:Application

[ 2017-02-15T15:05:11+08:00 ] ::1 /train/index.php/Application/Shop/Public/image/cat_arrow.gif
ERR: 无法加载模块:Application

[ 2017-02-15T15:05:11+08:00 ] ::1 /train/index.php/Application/Shop/Public/image/xml_rss2.gif
ERR: 无法加载模块:Application

[ 2017-02-15T15:05:11+08:00 ] ::1 /train/index.php/Application/Shop/Public/image/ecshop.gif
ERR: 无法加载模块:Application

[ 2017-02-15T15:05:11+08:00 ] ::1 /train/index.php/Application/Shop/Public/image/msn.gif
ERR: 无法加载模块:Application

[ 2017-02-15T15:05:11+08:00 ] ::1 /train/index.php/Application/Shop/Public/image/yahoo.gif
ERR: 无法加载模块:Application

[ 2017-02-15T15:05:11+08:00 ] ::1 /train/index.php/Application/Shop/Public/image/page_right.gif
ERR: 无法加载模块:Application

[ 2017-02-15T15:05:11+08:00 ] ::1 /train/index.php/Application/Shop/Public/image/footer_bg.gif
ERR: 无法加载模块:Application

[ 2017-02-15T15:05:11+08:00 ] ::1 /train/index.php/Application/Shop/Public/image/grey_arrow.gif
ERR: 无法加载模块:Application

[ 2017-02-15T15:05:38+08:00 ] ::1 /train/index.php/Application/Shop/Public/style.css
ERR: 无法加载模块:Application

[ 2017-02-15T15:05:38+08:00 ] ::1 /train/index.php/Application/Shop/Public/css/common.js
ERR: 无法加载模块:Application

[ 2017-02-15T15:05:38+08:00 ] ::1 /train/index.php/Application/Shop/Public/css/index.js
ERR: 无法加载模块:Application

[ 2017-02-15T15:05:38+08:00 ] ::1 /train/index.php/data/flashdata//cycle_image.js
ERR: 无法加载模块:Data

[ 2017-02-15T15:05:38+08:00 ] ::1 /train/index.php/Application/Shop/Public/image/logo.gif
ERR: 无法加载模块:Application

[ 2017-02-15T15:05:38+08:00 ] ::1 /train/index.php/Application/Shop/Public/image/page_left.gif
ERR: 无法加载模块:Application

[ 2017-02-15T15:05:38+08:00 ] ::1 /train/index.php/Application/Shop/Public/image/xml_rss2.gif
ERR: 无法加载模块:Application

[ 2017-02-15T15:05:38+08:00 ] ::1 /train/index.php/Application/Shop/Public/image/ecshop.gif
ERR: 无法加载模块:Application

[ 2017-02-15T15:05:38+08:00 ] ::1 /train/index.php/Application/Shop/Public/image/grey_arrow.gif
ERR: 无法加载模块:Application

[ 2017-02-15T15:05:38+08:00 ] ::1 /train/index.php/Application/Shop/Public/image/cat_arrow.gif
ERR: 无法加载模块:Application

[ 2017-02-15T15:05:38+08:00 ] ::1 /train/index.php/Application/Shop/Public/image/footer_bg.gif
ERR: 无法加载模块:Application

[ 2017-02-15T15:05:38+08:00 ] ::1 /train/index.php/Application/Shop/Public/image/msn.gif
ERR: 无法加载模块:Application

[ 2017-02-15T15:05:38+08:00 ] ::1 /train/index.php/Application/Shop/Public/image/page_right.gif
ERR: 无法加载模块:Application

[ 2017-02-15T15:05:38+08:00 ] ::1 /train/index.php/Application/Shop/Public/image/yahoo.gif
ERR: 无法加载模块:Application

[ 2017-02-15T15:05:38+08:00 ] ::1 /train/index.php/Application/Shop/Public/image/slogan_right.gif
ERR: 无法加载模块:Application

[ 2017-02-15T15:05:49+08:00 ] ::1 /train/index.php/Application/Shop/Public/style.css
ERR: 无法加载模块:Application

[ 2017-02-15T15:06:30+08:00 ] ::1 /train/index.php/Application/Shop/Public/css/common.js
ERR: 无法加载模块:Application

[ 2017-02-15T15:06:30+08:00 ] ::1 /train/index.php/Application/Shop/Public/css/index.js
ERR: 无法加载模块:Application

[ 2017-02-15T15:06:30+08:00 ] ::1 /train/index.php/Application/Shop/Public/image/page_left.gif
ERR: 无法加载模块:Application

[ 2017-02-15T15:06:30+08:00 ] ::1 /train/index.php/data/flashdata//cycle_image.js
ERR: 无法加载模块:Data

[ 2017-02-15T15:06:30+08:00 ] ::1 /train/index.php/Application/Shop/Public/image/xml_rss2.gif
ERR: 无法加载模块:Application

[ 2017-02-15T15:06:30+08:00 ] ::1 /train/index.php/Application/Shop/Public/image/slogan_right.gif
ERR: 无法加载模块:Application

[ 2017-02-15T15:06:30+08:00 ] ::1 /train/index.php/Application/Shop/Public/image/logo.gif
ERR: 无法加载模块:Application

[ 2017-02-15T15:06:30+08:00 ] ::1 /train/index.php/Application/Shop/Public/image/grey_arrow.gif
ERR: 无法加载模块:Application

[ 2017-02-15T15:06:30+08:00 ] ::1 /train/index.php/Application/Shop/Public/image/yahoo.gif
ERR: 无法加载模块:Application

[ 2017-02-15T15:06:30+08:00 ] ::1 /train/index.php/Application/Shop/Public/image/msn.gif
ERR: 无法加载模块:Application

[ 2017-02-15T15:06:30+08:00 ] ::1 /train/index.php/Application/Shop/Public/image/page_right.gif
ERR: 无法加载模块:Application

[ 2017-02-15T15:06:30+08:00 ] ::1 /train/index.php/Application/Shop/Public/image/ecshop.gif
ERR: 无法加载模块:Application

[ 2017-02-15T15:06:30+08:00 ] ::1 /train/index.php/Application/Shop/Public/image/footer_bg.gif
ERR: 无法加载模块:Application

[ 2017-02-15T15:06:30+08:00 ] ::1 /train/index.php/Application/Shop/Public/image/yahoo.gif
ERR: 无法加载模块:Application

[ 2017-02-15T15:06:30+08:00 ] ::1 /train/index.php/Application/Shop/Public/image/grey_arrow.gif
ERR: 无法加载模块:Application

[ 2017-02-15T15:06:30+08:00 ] ::1 /train/index.php/Application/Shop/Public/image/ecshop.gif
ERR: 无法加载模块:Application

[ 2017-02-15T15:06:30+08:00 ] ::1 /train/index.php/Application/Shop/Public/image/msn.gif
ERR: 无法加载模块:Application

[ 2017-02-15T15:06:30+08:00 ] ::1 /train/index.php/Application/Shop/Public/image/xml_rss2.gif
ERR: 无法加载模块:Application

[ 2017-02-15T15:06:30+08:00 ] ::1 /train/index.php/Application/Shop/Public/image/page_right.gif
ERR: 无法加载模块:Application

[ 2017-02-15T15:06:31+08:00 ] ::1 /train/index.php/Application/Shop/Public/image/cat_arrow.gif
ERR: 无法加载模块:Application

[ 2017-02-15T15:07:21+08:00 ] ::1 /train/index.php/Application/Shop/Public/css/common.js
ERR: 无法加载模块:Application

[ 2017-02-15T15:07:21+08:00 ] ::1 /train/index.php/Application/Shop/Public/css/index.js
ERR: 无法加载模块:Application

[ 2017-02-15T15:07:21+08:00 ] ::1 /train/index.php/data/flashdata//cycle_image.js
ERR: 无法加载模块:Data

[ 2017-02-15T15:07:21+08:00 ] ::1 /train/index.php/Application/Shop/Public/image/xml_rss2.gif
ERR: 无法加载模块:Application

[ 2017-02-15T15:07:21+08:00 ] ::1 /train/index.php/Application/Shop/Public/image/page_left.gif
ERR: 无法加载模块:Application

[ 2017-02-15T15:07:21+08:00 ] ::1 /train/index.php/Application/Shop/Public/image/slogan_right.gif
ERR: 无法加载模块:Application

[ 2017-02-15T15:07:21+08:00 ] ::1 /train/index.php/Application/Shop/Public/image/logo.gif
ERR: 无法加载模块:Application

[ 2017-02-15T15:07:21+08:00 ] ::1 /train/index.php/Application/Shop/Public/image/cat_arrow.gif
ERR: 无法加载模块:Application

[ 2017-02-15T15:07:21+08:00 ] ::1 /train/index.php/Application/Shop/Public/image/grey_arrow.gif
ERR: 无法加载模块:Application

[ 2017-02-15T15:07:21+08:00 ] ::1 /train/index.php/Application/Shop/Public/image/page_right.gif
ERR: 无法加载模块:Application

[ 2017-02-15T15:07:21+08:00 ] ::1 /train/index.php/Application/Shop/Public/image/msn.gif
ERR: 无法加载模块:Application

[ 2017-02-15T15:07:21+08:00 ] ::1 /train/index.php/Application/Shop/Public/image/ecshop.gif
ERR: 无法加载模块:Application

[ 2017-02-15T15:07:21+08:00 ] ::1 /train/index.php/Application/Shop/Public/image/footer_bg.gif
ERR: 无法加载模块:Application

[ 2017-02-15T15:07:21+08:00 ] ::1 /train/index.php/Application/Shop/Public/image/yahoo.gif
ERR: 无法加载模块:Application

[ 2017-02-15T15:07:21+08:00 ] ::1 /train/index.php/data/flashdata//cycle_image.js
ERR: 无法加载模块:Data

[ 2017-02-15T15:07:21+08:00 ] ::1 /train/index.php/Application/Shop/Public/image/slogan_right.gif
ERR: 无法加载模块:Application

[ 2017-02-15T15:07:21+08:00 ] ::1 /train/index.php/Application/Shop/Public/image/xml_rss2.gif
ERR: 无法加载模块:Application

[ 2017-02-15T15:07:21+08:00 ] ::1 /train/index.php/Application/Shop/Public/image/cat_arrow.gif
ERR: 无法加载模块:Application

[ 2017-02-15T15:07:21+08:00 ] ::1 /train/index.php/Application/Shop/Public/image/grey_arrow.gif
ERR: 无法加载模块:Application

[ 2017-02-15T15:07:21+08:00 ] ::1 /train/index.php/Application/Shop/Public/image/ecshop.gif
ERR: 无法加载模块:Application

[ 2017-02-15T15:07:21+08:00 ] ::1 /train/index.php/Application/Shop/Public/image/msn.gif
ERR: 无法加载模块:Application

[ 2017-02-15T15:07:21+08:00 ] ::1 /train/index.php/Application/Shop/Public/image/page_right.gif
ERR: 无法加载模块:Application

[ 2017-02-15T15:07:21+08:00 ] ::1 /train/index.php/Application/Shop/Public/image/footer_bg.gif
ERR: 无法加载模块:Application

[ 2017-02-15T15:07:21+08:00 ] ::1 /train/index.php/Application/Shop/Public/image/yahoo.gif
ERR: 无法加载模块:Application

[ 2017-02-15T15:07:54+08:00 ] ::1 /train/index.php/Application/Shop/Public/css/common.js
ERR: 无法加载模块:Application

[ 2017-02-15T15:07:54+08:00 ] ::1 /train/index.php/Application/Shop/Public/css/index.js
ERR: 无法加载模块:Application

[ 2017-02-15T15:07:54+08:00 ] ::1 /train/index.php/data/flashdata//cycle_image.js
ERR: 无法加载模块:Data

[ 2017-02-15T15:07:54+08:00 ] ::1 /train/index.php/Application/Shop/Public/image/logo.gif
ERR: 无法加载模块:Application

[ 2017-02-15T15:07:54+08:00 ] ::1 /train/index.php/Application/Shop/Public/image/xml_rss2.gif
ERR: 无法加载模块:Application

[ 2017-02-15T15:07:54+08:00 ] ::1 /train/index.php/Application/Shop/Public/image/cat_arrow.gif
ERR: 无法加载模块:Application

[ 2017-02-15T15:07:54+08:00 ] ::1 /train/index.php/Application/Shop/Public/image/page_left.gif
ERR: 无法加载模块:Application

[ 2017-02-15T15:07:54+08:00 ] ::1 /train/index.php/Application/Shop/Public/image/grey_arrow.gif
ERR: 无法加载模块:Application

[ 2017-02-15T15:07:55+08:00 ] ::1 /train/index.php/Application/Shop/Public/image/footer_bg.gif
ERR: 无法加载模块:Application

[ 2017-02-15T15:07:55+08:00 ] ::1 /train/index.php/Application/Shop/Public/image/yahoo.gif
ERR: 无法加载模块:Application

[ 2017-02-15T15:07:55+08:00 ] ::1 /train/index.php/Application/Shop/Public/image/ecshop.gif
ERR: 无法加载模块:Application

[ 2017-02-15T15:07:55+08:00 ] ::1 /train/index.php/Application/Shop/Public/image/msn.gif
ERR: 无法加载模块:Application

[ 2017-02-15T15:07:55+08:00 ] ::1 /train/index.php/Application/Shop/Public/image/page_right.gif
ERR: 无法加载模块:Application

[ 2017-02-15T15:07:55+08:00 ] ::1 /train/index.php/data/flashdata//cycle_image.js
ERR: 无法加载模块:Data

[ 2017-02-15T15:07:55+08:00 ] ::1 /train/index.php/Application/Shop/Public/image/grey_arrow.gif
ERR: 无法加载模块:Application

[ 2017-02-15T15:07:55+08:00 ] ::1 /train/index.php/Application/Shop/Public/image/xml_rss2.gif
ERR: 无法加载模块:Application

[ 2017-02-15T15:07:55+08:00 ] ::1 /train/index.php/Application/Shop/Public/image/cat_arrow.gif
ERR: 无法加载模块:Application

[ 2017-02-15T15:07:55+08:00 ] ::1 /train/index.php/Application/Shop/Public/image/footer_bg.gif
ERR: 无法加载模块:Application

[ 2017-02-15T15:07:55+08:00 ] ::1 /train/index.php/Application/Shop/Public/image/ecshop.gif
ERR: 无法加载模块:Application

[ 2017-02-15T15:07:55+08:00 ] ::1 /train/index.php/Application/Shop/Public/image/yahoo.gif
ERR: 无法加载模块:Application

[ 2017-02-15T15:07:55+08:00 ] ::1 /train/index.php/Application/Shop/Public/image/msn.gif
ERR: 无法加载模块:Application

[ 2017-02-15T15:07:55+08:00 ] ::1 /train/index.php/Application/Shop/Public/image/page_right.gif
ERR: 无法加载模块:Application

[ 2017-02-15T15:07:55+08:00 ] ::1 /train/index.php/Application/Shop/Public/image/slogan_right.gif
ERR: 无法加载模块:Application

[ 2017-02-15T15:11:42+08:00 ] ::1 /train/index.php/Application/Shop/Public/css/common.js
ERR: 无法加载模块:Application

[ 2017-02-15T15:11:42+08:00 ] ::1 /train/index.php/data/flashdata//cycle_image.js
ERR: 无法加载模块:Data

[ 2017-02-15T15:11:42+08:00 ] ::1 /train/index.php/Application/Shop/Public/css/index.js
ERR: 无法加载模块:Application

[ 2017-02-15T15:11:43+08:00 ] ::1 /train/index.php/data/flashdata//cycle_image.js
ERR: 无法加载模块:Data

[ 2017-02-15T15:12:16+08:00 ] ::1 /train/index.php/Application/Shop/Public/css/index.js
ERR: 无法加载模块:Application

[ 2017-02-15T15:12:16+08:00 ] ::1 /train/index.php/Application/Shop/Public/css/common.js
ERR: 无法加载模块:Application

[ 2017-02-15T15:12:16+08:00 ] ::1 /train/index.php/data/flashdata//cycle_image.js
ERR: 无法加载模块:Data

[ 2017-02-15T15:12:16+08:00 ] ::1 /train/index.php/Application/Shop/Public/css/index.js
ERR: 无法加载模块:Application

[ 2017-02-15T15:12:17+08:00 ] ::1 /train/index.php/data/flashdata//cycle_image.js
ERR: 无法加载模块:Data

[ 2017-02-15T15:12:22+08:00 ] ::1 /train/index.php/Application/Shop/Public/css/common.js
ERR: 无法加载模块:Application

[ 2017-02-15T15:12:22+08:00 ] ::1 /train/index.php/Application/Shop/Public/css/index.js
ERR: 无法加载模块:Application

[ 2017-02-15T15:12:22+08:00 ] ::1 /train/index.php/data/flashdata//cycle_image.js
ERR: 无法加载模块:Data

[ 2017-02-15T15:12:28+08:00 ] ::1 /train/index.php/public
ERR: 无法加载模块:Public

[ 2017-02-15T15:12:55+08:00 ] ::1 /train/index.php/http://localhost/train/Shop/Public/image/icon_search.gif
ERR: 无法加载模块:Http:

[ 2017-02-15T15:12:55+08:00 ] ::1 /train/index.php/http://localhost/train/Shop/Public/image/btn_go.gif
ERR: 无法加载模块:Http:

[ 2017-02-15T15:12:55+08:00 ] ::1 /train/index.php/http://localhost/train/Shop/Public/image/login_right.gif
ERR: 无法加载模块:Http:

[ 2017-02-15T15:12:55+08:00 ] ::1 /train/index.php/http://localhost/train/Shop/Public/image/memeber_login.jpg
ERR: 无法加载模块:Http:

[ 2017-02-15T15:12:55+08:00 ] ::1 /train/index.php/http://localhost/train/Shop/Public/image/category.gif
ERR: 无法加载模块:Http:

[ 2017-02-15T15:12:55+08:00 ] ::1 /train/index.php/http://localhost/train/Shop/Public/image/top_.gif
ERR: 无法加载模块:Http:

[ 2017-02-15T15:12:55+08:00 ] ::1 /train/index.php/http://localhost/train/Shop/Public/image/top10.gif
ERR: 无法加载模块:Http:

[ 2017-02-15T15:12:55+08:00 ] ::1 /train/index.php/http://localhost/train/Shop/Public/image/invoice_query.gif
ERR: 无法加载模块:Http:

[ 2017-02-15T15:12:55+08:00 ] ::1 /train/index.php/http://localhost/train/Shop/Public/image/order_query.gif
ERR: 无法加载模块:Http:

[ 2017-02-15T15:12:55+08:00 ] ::1 /train/index.php/http://localhost/train/Shop/Public/image/best_products.gif
ERR: 无法加载模块:Http:

[ 2017-02-15T15:12:55+08:00 ] ::1 /train/index.php/http://localhost/train/Shop/Public/image/group_buy.gif
ERR: 无法加载模块:Http:

[ 2017-02-15T15:12:55+08:00 ] ::1 /train/index.php/http://localhost/train/Shop/Public/image/new_products.gif
ERR: 无法加载模块:Http:

[ 2017-02-15T15:12:55+08:00 ] ::1 /train/index.php/http://localhost/train/Shop/Public/image/login_bg.gif
ERR: 无法加载模块:Http:

[ 2017-02-15T15:12:55+08:00 ] ::1 /train/index.php/http://localhost/train/Shop/Public/image/cart.gif
ERR: 无法加载模块:Http:

[ 2017-02-15T15:12:55+08:00 ] ::1 /train/index.php/http://localhost/train/Shop/Public/image/sales.gif
ERR: 无法加载模块:Http:

[ 2017-02-15T15:12:55+08:00 ] ::1 /train/index.php/http://localhost/train/Shop/Public/image/brands.gif
ERR: 无法加载模块:Http:

[ 2017-02-15T15:12:55+08:00 ] ::1 /train/index.php/http://localhost/train/Shop/Public/image/subscription.gif
ERR: 无法加载模块:Http:

[ 2017-02-15T15:12:55+08:00 ] ::1 /train/index.php/http://localhost/train/Shop/Public/image/promotion.gif
ERR: 无法加载模块:Http:

[ 2017-02-15T15:12:55+08:00 ] ::1 /train/index.php/http://localhost/train/Shop/Public/image/hot_products.gif
ERR: 无法加载模块:Http:

[ 2017-02-15T15:12:55+08:00 ] ::1 /train/index.php/http://localhost/train/Shop/Public/image/auction.gif
ERR: 无法加载模块:Http:

[ 2017-02-15T15:12:55+08:00 ] ::1 /train/index.php/http://localhost/train/Shop/Public/image/btn_go.gif
ERR: 无法加载模块:Http:

[ 2017-02-15T15:12:58+08:00 ] ::1 /train/index.php/http://localhost/train/Shop/Public/image/icon_search.gif
ERR: 无法加载模块:Http:

[ 2017-02-15T15:12:58+08:00 ] ::1 /train/index.php/http://localhost/train/Shop/Public/image/btn_go.gif
ERR: 无法加载模块:Http:

[ 2017-02-15T15:12:58+08:00 ] ::1 /train/index.php/http://localhost/train/Shop/Public/image/memeber_login.jpg
ERR: 无法加载模块:Http:

[ 2017-02-15T15:12:58+08:00 ] ::1 /train/index.php/http://localhost/train/Shop/Public/image/login_right.gif
ERR: 无法加载模块:Http:

[ 2017-02-15T15:12:58+08:00 ] ::1 /train/index.php/http://localhost/train/Shop/Public/image/login_bg.gif
ERR: 无法加载模块:Http:

[ 2017-02-15T15:12:58+08:00 ] ::1 /train/index.php/http://localhost/train/Shop/Public/image/top10.gif
ERR: 无法加载模块:Http:

[ 2017-02-15T15:12:58+08:00 ] ::1 /train/index.php/http://localhost/train/Shop/Public/image/category.gif
ERR: 无法加载模块:Http:

[ 2017-02-15T15:12:58+08:00 ] ::1 /train/index.php/http://localhost/train/Shop/Public/image/top_.gif
ERR: 无法加载模块:Http:

[ 2017-02-15T15:12:58+08:00 ] ::1 /train/index.php/http://localhost/train/Shop/Public/image/new_products.gif
ERR: 无法加载模块:Http:

[ 2017-02-15T15:12:58+08:00 ] ::1 /train/index.php/http://localhost/train/Shop/Public/image/best_products.gif
ERR: 无法加载模块:Http:

[ 2017-02-15T15:12:58+08:00 ] ::1 /train/index.php/http://localhost/train/Shop/Public/image/hot_products.gif
ERR: 无法加载模块:Http:

[ 2017-02-15T15:12:58+08:00 ] ::1 /train/index.php/http://localhost/train/Shop/Public/image/order_query.gif
ERR: 无法加载模块:Http:

[ 2017-02-15T15:12:58+08:00 ] ::1 /train/index.php/http://localhost/train/Shop/Public/image/invoice_query.gif
ERR: 无法加载模块:Http:

[ 2017-02-15T15:12:58+08:00 ] ::1 /train/index.php/http://localhost/train/Shop/Public/image/group_buy.gif
ERR: 无法加载模块:Http:

[ 2017-02-15T15:12:58+08:00 ] ::1 /train/index.php/http://localhost/train/Shop/Public/image/auction.gif
ERR: 无法加载模块:Http:

[ 2017-02-15T15:12:58+08:00 ] ::1 /train/index.php/http://localhost/train/Shop/Public/image/brands.gif
ERR: 无法加载模块:Http:

[ 2017-02-15T15:12:58+08:00 ] ::1 /train/index.php/http://localhost/train/Shop/Public/image/cart.gif
ERR: 无法加载模块:Http:

[ 2017-02-15T15:12:58+08:00 ] ::1 /train/index.php/http://localhost/train/Shop/Public/image/sales.gif
ERR: 无法加载模块:Http:

[ 2017-02-15T15:12:58+08:00 ] ::1 /train/index.php/http://localhost/train/Shop/Public/image/promotion.gif
ERR: 无法加载模块:Http:

[ 2017-02-15T15:12:58+08:00 ] ::1 /train/index.php/http://localhost/train/Shop/Public/image/subscription.gif
ERR: 无法加载模块:Http:

[ 2017-02-15T15:12:58+08:00 ] ::1 /train/index.php/http://localhost/train/Shop/Public/image/btn_go.gif
ERR: 无法加载模块:Http:

[ 2017-02-15T15:13:18+08:00 ] ::1 /train/index.php/http://localhost/train/Shop/Public/image/icon_search.gif
ERR: 无法加载模块:Http:

[ 2017-02-15T15:13:18+08:00 ] ::1 /train/index.php/http://localhost/train/Shop/Public/image/login_right.gif
ERR: 无法加载模块:Http:

[ 2017-02-15T15:13:18+08:00 ] ::1 /train/index.php/http://localhost/train/Shop/Public/image/memeber_login.jpg
ERR: 无法加载模块:Http:

[ 2017-02-15T15:13:18+08:00 ] ::1 /train/index.php/http://localhost/train/Shop/Public/image/btn_go.gif
ERR: 无法加载模块:Http:

[ 2017-02-15T15:13:18+08:00 ] ::1 /train/index.php/http://localhost/train/Shop/Public/image/order_query.gif
ERR: 无法加载模块:Http:

[ 2017-02-15T15:13:18+08:00 ] ::1 /train/index.php/http://localhost/train/Shop/Public/image/category.gif
ERR: 无法加载模块:Http:

[ 2017-02-15T15:13:18+08:00 ] ::1 /train/index.php/http://localhost/train/Shop/Public/image/top_.gif
ERR: 无法加载模块:Http:

[ 2017-02-15T15:13:18+08:00 ] ::1 /train/index.php/http://localhost/train/Shop/Public/image/top10.gif
ERR: 无法加载模块:Http:

[ 2017-02-15T15:13:18+08:00 ] ::1 /train/index.php/http://localhost/train/Shop/Public/image/invoice_query.gif
ERR: 无法加载模块:Http:

[ 2017-02-15T15:13:18+08:00 ] ::1 /train/index.php/http://localhost/train/Shop/Public/image/best_products.gif
ERR: 无法加载模块:Http:

[ 2017-02-15T15:13:18+08:00 ] ::1 /train/index.php/http://localhost/train/Shop/Public/image/new_products.gif
ERR: 无法加载模块:Http:

[ 2017-02-15T15:13:18+08:00 ] ::1 /train/index.php/http://localhost/train/Shop/Public/image/brands.gif
ERR: 无法加载模块:Http:

[ 2017-02-15T15:13:18+08:00 ] ::1 /train/index.php/http://localhost/train/Shop/Public/image/hot_products.gif
ERR: 无法加载模块:Http:

[ 2017-02-15T15:13:18+08:00 ] ::1 /train/index.php/http://localhost/train/Shop/Public/image/group_buy.gif
ERR: 无法加载模块:Http:

[ 2017-02-15T15:13:18+08:00 ] ::1 /train/index.php/http://localhost/train/Shop/Public/image/sales.gif
ERR: 无法加载模块:Http:

[ 2017-02-15T15:13:18+08:00 ] ::1 /train/index.php/http://localhost/train/Shop/Public/image/cart.gif
ERR: 无法加载模块:Http:

[ 2017-02-15T15:13:18+08:00 ] ::1 /train/index.php/http://localhost/train/Shop/Public/image/auction.gif
ERR: 无法加载模块:Http:

[ 2017-02-15T15:13:18+08:00 ] ::1 /train/index.php/http://localhost/train/Shop/Public/image/promotion.gif
ERR: 无法加载模块:Http:

[ 2017-02-15T15:13:18+08:00 ] ::1 /train/index.php/http://localhost/train/Shop/Public/image/login_bg.gif
ERR: 无法加载模块:Http:

[ 2017-02-15T15:13:18+08:00 ] ::1 /train/index.php/http://localhost/train/Shop/Public/image/subscription.gif
ERR: 无法加载模块:Http:

[ 2017-02-15T15:13:18+08:00 ] ::1 /train/index.php/http://localhost/train/Shop/Public/image/btn_go.gif
ERR: 无法加载模块:Http:

[ 2017-02-15T15:13:23+08:00 ] ::1 /train/index.php/http://localhost/train/Shop/Public/image/btn_go.gif
ERR: 无法加载模块:Http:

[ 2017-02-15T15:13:23+08:00 ] ::1 /train/index.php/http://localhost/train/Shop/Public/image/login_right.gif
ERR: 无法加载模块:Http:

[ 2017-02-15T15:13:23+08:00 ] ::1 /train/index.php/http://localhost/train/Shop/Public/image/icon_search.gif
ERR: 无法加载模块:Http:

[ 2017-02-15T15:13:23+08:00 ] ::1 /train/index.php/http://localhost/train/Shop/Public/image/memeber_login.jpg
ERR: 无法加载模块:Http:

[ 2017-02-15T15:13:23+08:00 ] ::1 /train/index.php/http://localhost/train/Shop/Public/image/login_bg.gif
ERR: 无法加载模块:Http:

[ 2017-02-15T15:13:23+08:00 ] ::1 /train/index.php/http://localhost/train/Shop/Public/image/category.gif
ERR: 无法加载模块:Http:

[ 2017-02-15T15:13:23+08:00 ] ::1 /train/index.php/http://localhost/train/Shop/Public/image/order_query.gif
ERR: 无法加载模块:Http:

[ 2017-02-15T15:13:23+08:00 ] ::1 /train/index.php/http://localhost/train/Shop/Public/image/top_.gif
ERR: 无法加载模块:Http:

[ 2017-02-15T15:13:23+08:00 ] ::1 /train/index.php/http://localhost/train/Shop/Public/image/hot_products.gif
ERR: 无法加载模块:Http:

[ 2017-02-15T15:13:23+08:00 ] ::1 /train/index.php/http://localhost/train/Shop/Public/image/best_products.gif
ERR: 无法加载模块:Http:

[ 2017-02-15T15:13:23+08:00 ] ::1 /train/index.php/http://localhost/train/Shop/Public/image/top10.gif
ERR: 无法加载模块:Http:

[ 2017-02-15T15:13:23+08:00 ] ::1 /train/index.php/http://localhost/train/Shop/Public/image/auction.gif
ERR: 无法加载模块:Http:

[ 2017-02-15T15:13:23+08:00 ] ::1 /train/index.php/http://localhost/train/Shop/Public/image/group_buy.gif
ERR: 无法加载模块:Http:

[ 2017-02-15T15:13:23+08:00 ] ::1 /train/index.php/http://localhost/train/Shop/Public/image/new_products.gif
ERR: 无法加载模块:Http:

[ 2017-02-15T15:13:23+08:00 ] ::1 /train/index.php/http://localhost/train/Shop/Public/image/sales.gif
ERR: 无法加载模块:Http:

[ 2017-02-15T15:13:23+08:00 ] ::1 /train/index.php/http://localhost/train/Shop/Public/image/promotion.gif
ERR: 无法加载模块:Http:

[ 2017-02-15T15:13:23+08:00 ] ::1 /train/index.php/http://localhost/train/Shop/Public/image/brands.gif
ERR: 无法加载模块:Http:

[ 2017-02-15T15:13:23+08:00 ] ::1 /train/index.php/http://localhost/train/Shop/Public/image/cart.gif
ERR: 无法加载模块:Http:

[ 2017-02-15T15:13:23+08:00 ] ::1 /train/index.php/http://localhost/train/Shop/Public/image/invoice_query.gif
ERR: 无法加载模块:Http:

[ 2017-02-15T15:13:23+08:00 ] ::1 /train/index.php/http://localhost/train/Shop/Public/image/subscription.gif
ERR: 无法加载模块:Http:

[ 2017-02-15T15:13:23+08:00 ] ::1 /train/index.php/http://localhost/train/Shop/Public/image/btn_go.gif
ERR: 无法加载模块:Http:

[ 2017-02-15T15:15:12+08:00 ] ::1 /train/index.php/APP_PATHShop/Public/css/common.js
ERR: 无法加载模块:APP_PATHShop

[ 2017-02-15T15:15:12+08:00 ] ::1 /train/index.php/data/flashdata//cycle_image.js
ERR: 无法加载模块:Data

[ 2017-02-15T15:15:12+08:00 ] ::1 /train/index.php/APP_PATHShop/Public/css/index.js
ERR: 无法加载模块:APP_PATHShop

[ 2017-02-15T15:15:12+08:00 ] ::1 /train/index.php/data/flashdata//cycle_image.js
ERR: 无法加载模块:Data

[ 2017-02-15T15:15:34+08:00 ] ::1 /train/index.php/data/flashdata//cycle_image.js
ERR: 无法加载模块:Data

[ 2017-02-15T15:15:35+08:00 ] ::1 /train/index.php/APP_PATHShop/Public/css/common.js
ERR: 无法加载模块:APP_PATHShop

[ 2017-02-15T15:15:35+08:00 ] ::1 /train/index.php/APP_PATHShop/Public/css/index.js
ERR: 无法加载模块:APP_PATHShop

[ 2017-02-15T15:15:35+08:00 ] ::1 /train/index.php/data/flashdata//cycle_image.js
ERR: 无法加载模块:Data

[ 2017-02-15T15:16:04+08:00 ] ::1 /train/index.php/data/flashdata//cycle_image.js
ERR: 无法加载模块:Data

[ 2017-02-15T15:16:04+08:00 ] ::1 /train/index.php/data/flashdata//cycle_image.js
ERR: 无法加载模块:Data

[ 2017-02-15T15:16:36+08:00 ] ::1 /train/index.php/data/flashdata//cycle_image.js
ERR: 无法加载模块:Data

[ 2017-02-15T15:16:36+08:00 ] ::1 /train/index.php/data/flashdata//cycle_image.js
ERR: 无法加载模块:Data

[ 2017-02-15T15:17:01+08:00 ] ::1 /train/index.php/data/flashdata//cycle_image.js
ERR: 无法加载模块:Data

[ 2017-02-15T15:17:06+08:00 ] ::1 /train/index.php/data/flashdata//cycle_image.js
ERR: 无法加载模块:Data

[ 2017-02-15T15:17:06+08:00 ] ::1 /train/index.php/data/flashdata//cycle_image.js
ERR: 无法加载模块:Data

[ 2017-02-15T15:17:45+08:00 ] ::1 /train/index.php/SHOP_JS_URLcommon.js
ERR: 无法加载模块:SHOP_JS_URLcommon

[ 2017-02-15T15:17:45+08:00 ] ::1 /train/index.php/data/flashdata//cycle_image.js
ERR: 无法加载模块:Data

[ 2017-02-15T15:17:45+08:00 ] ::1 /train/index.php/SHOP_IMG_URLpage_left.gif
ERR: 无法加载模块:SHOP_IMG_URLpage_left

[ 2017-02-15T15:17:45+08:00 ] ::1 /train/index.php/SHOP_IMG_URLlogo.gif
ERR: 无法加载模块:SHOP_IMG_URLlogo

[ 2017-02-15T15:17:45+08:00 ] ::1 /train/index.php/SHOP_JS_URLindex.js
ERR: 无法加载模块:SHOP_JS_URLindex

[ 2017-02-15T15:17:45+08:00 ] ::1 /train/index.php/SHOP_IMG_URLslogan_right.gif
ERR: 无法加载模块:SHOP_IMG_URLslogan_right

[ 2017-02-15T15:17:45+08:00 ] ::1 /train/index.php/data/flashdata//cycle_image.js
ERR: 无法加载模块:Data

[ 2017-02-15T15:17:45+08:00 ] ::1 /train/index.php/SHOP_IMG_URLxml_rss2.gif
ERR: 无法加载模块:SHOP_IMG_URLxml_rss2

[ 2017-02-15T15:17:45+08:00 ] ::1 /train/index.php/SHOP_IMG_URLcat_arrow.gif
ERR: 无法加载模块:SHOP_IMG_URLcat_arrow

[ 2017-02-15T15:17:45+08:00 ] ::1 /train/index.php/SHOP_IMG_URLecshop.gif
ERR: 无法加载模块:SHOP_IMG_URLecshop

[ 2017-02-15T15:17:45+08:00 ] ::1 /train/index.php/SHOP_IMG_URLyahoo.gif
ERR: 无法加载模块:SHOP_IMG_URLyahoo

[ 2017-02-15T15:17:45+08:00 ] ::1 /train/index.php/SHOP_IMG_URLmsn.gif
ERR: 无法加载模块:SHOP_IMG_URLmsn

[ 2017-02-15T15:17:45+08:00 ] ::1 /train/index.php/SHOP_IMG_URLpage_right.gif
ERR: 无法加载模块:SHOP_IMG_URLpage_right

[ 2017-02-15T15:17:45+08:00 ] ::1 /train/index.php/SHOP_IMG_URLgrey_arrow.gif
ERR: 无法加载模块:SHOP_IMG_URLgrey_arrow

[ 2017-02-15T15:17:45+08:00 ] ::1 /train/index.php/SHOP_IMG_URLlogo.gif
ERR: 无法加载模块:SHOP_IMG_URLlogo

[ 2017-02-15T15:17:45+08:00 ] ::1 /train/index.php/SHOP_IMG_URLpage_left.gif
ERR: 无法加载模块:SHOP_IMG_URLpage_left

[ 2017-02-15T15:17:45+08:00 ] ::1 /train/index.php/SHOP_IMG_URLfooter_bg.gif
ERR: 无法加载模块:SHOP_IMG_URLfooter_bg

[ 2017-02-15T15:17:45+08:00 ] ::1 /train/index.php/SHOP_IMG_URLslogan_right.gif
ERR: 无法加载模块:SHOP_IMG_URLslogan_right

[ 2017-02-15T15:17:45+08:00 ] ::1 /train/index.php/SHOP_IMG_URLxml_rss2.gif
ERR: 无法加载模块:SHOP_IMG_URLxml_rss2

[ 2017-02-15T15:17:45+08:00 ] ::1 /train/index.php/SHOP_IMG_URLcat_arrow.gif
ERR: 无法加载模块:SHOP_IMG_URLcat_arrow

[ 2017-02-15T15:18:06+08:00 ] ::1 /train/index.php/SHOP_IMG_URLanimated_favicon.gif
ERR: 无法加载模块:SHOP_IMG_URLanimated_favicon

[ 2017-02-15T15:19:03+08:00 ] ::1 /train/index.php/SHOP_JS_URLindex.js
ERR: 无法加载模块:SHOP_JS_URLindex

[ 2017-02-15T15:19:03+08:00 ] ::1 /train/index.php/SHOP_JS_URLcommon.js
ERR: 无法加载模块:SHOP_JS_URLcommon

[ 2017-02-15T15:19:03+08:00 ] ::1 /train/index.php/SHOP_JS_URLindex.js
ERR: 无法加载模块:SHOP_JS_URLindex

[ 2017-02-15T15:19:03+08:00 ] ::1 /train/index.php/data/flashdata//cycle_image.js
ERR: 无法加载模块:Data

[ 2017-02-15T15:19:03+08:00 ] ::1 /train/index.php/SHOP_IMG_URLlogo.gif
ERR: 无法加载模块:SHOP_IMG_URLlogo

[ 2017-02-15T15:19:03+08:00 ] ::1 /train/index.php/SHOP_IMG_URLslogan_right.gif
ERR: 无法加载模块:SHOP_IMG_URLslogan_right

[ 2017-02-15T15:19:03+08:00 ] ::1 /train/index.php/SHOP_IMG_URLxml_rss2.gif
ERR: 无法加载模块:SHOP_IMG_URLxml_rss2

[ 2017-02-15T15:19:03+08:00 ] ::1 /train/index.php/SHOP_IMG_URLpage_left.gif
ERR: 无法加载模块:SHOP_IMG_URLpage_left

[ 2017-02-15T15:19:03+08:00 ] ::1 /train/index.php/SHOP_IMG_URLcat_arrow.gif
ERR: 无法加载模块:SHOP_IMG_URLcat_arrow

[ 2017-02-15T15:19:03+08:00 ] ::1 /train/index.php/SHOP_IMG_URLfooter_bg.gif
ERR: 无法加载模块:SHOP_IMG_URLfooter_bg

[ 2017-02-15T15:19:03+08:00 ] ::1 /train/index.php/SHOP_IMG_URLecshop.gif
ERR: 无法加载模块:SHOP_IMG_URLecshop

[ 2017-02-15T15:19:03+08:00 ] ::1 /train/index.php/SHOP_IMG_URLmsn.gif
ERR: 无法加载模块:SHOP_IMG_URLmsn

[ 2017-02-15T15:19:03+08:00 ] ::1 /train/index.php/SHOP_IMG_URLpage_right.gif
ERR: 无法加载模块:SHOP_IMG_URLpage_right

[ 2017-02-15T15:19:03+08:00 ] ::1 /train/index.php/SHOP_IMG_URLgrey_arrow.gif
ERR: 无法加载模块:SHOP_IMG_URLgrey_arrow

[ 2017-02-15T15:19:03+08:00 ] ::1 /train/index.php/SHOP_IMG_URLyahoo.gif
ERR: 无法加载模块:SHOP_IMG_URLyahoo

[ 2017-02-15T15:19:24+08:00 ] ::1 /train/index.php/SHOP_IMG_URLfavicon.ico
ERR: 无法加载模块:SHOP_IMG_URLfavicon

[ 2017-02-15T15:20:02+08:00 ] ::1 /train/index.php/SHOP_JS_URLcommon.js
ERR: 无法加载模块:SHOP_JS_URLcommon

[ 2017-02-15T15:20:02+08:00 ] ::1 /train/index.php/SHOP_JS_URLindex.js
ERR: 无法加载模块:SHOP_JS_URLindex

[ 2017-02-15T15:20:02+08:00 ] ::1 /train/index.php/data/flashdata//cycle_image.js
ERR: 无法加载模块:Data

[ 2017-02-15T15:20:02+08:00 ] ::1 /train/index.php/SHOP_IMG_URLpage_left.gif
ERR: 无法加载模块:SHOP_IMG_URLpage_left

[ 2017-02-15T15:20:02+08:00 ] ::1 /train/index.php/SHOP_IMG_URLlogo.gif
ERR: 无法加载模块:SHOP_IMG_URLlogo

[ 2017-02-15T15:20:02+08:00 ] ::1 /train/index.php/SHOP_JS_URLindex.js
ERR: 无法加载模块:SHOP_JS_URLindex

[ 2017-02-15T15:20:02+08:00 ] ::1 /train/index.php/SHOP_IMG_URLslogan_right.gif
ERR: 无法加载模块:SHOP_IMG_URLslogan_right

[ 2017-02-15T15:20:02+08:00 ] ::1 /train/index.php/data/flashdata//cycle_image.js
ERR: 无法加载模块:Data

[ 2017-02-15T15:20:02+08:00 ] ::1 /train/index.php/SHOP_IMG_URLxml_rss2.gif
ERR: 无法加载模块:SHOP_IMG_URLxml_rss2

[ 2017-02-15T15:20:02+08:00 ] ::1 /train/index.php/SHOP_IMG_URLcat_arrow.gif
ERR: 无法加载模块:SHOP_IMG_URLcat_arrow

[ 2017-02-15T15:20:02+08:00 ] ::1 /train/index.php/SHOP_IMG_URLgrey_arrow.gif
ERR: 无法加载模块:SHOP_IMG_URLgrey_arrow

[ 2017-02-15T15:20:02+08:00 ] ::1 /train/index.php/SHOP_IMG_URLecshop.gif
ERR: 无法加载模块:SHOP_IMG_URLecshop

[ 2017-02-15T15:20:02+08:00 ] ::1 /train/index.php/SHOP_IMG_URLmsn.gif
ERR: 无法加载模块:SHOP_IMG_URLmsn

[ 2017-02-15T15:20:02+08:00 ] ::1 /train/index.php/SHOP_IMG_URLfooter_bg.gif
ERR: 无法加载模块:SHOP_IMG_URLfooter_bg

[ 2017-02-15T15:20:02+08:00 ] ::1 /train/index.php/SHOP_IMG_URLyahoo.gif
ERR: 无法加载模块:SHOP_IMG_URLyahoo

[ 2017-02-15T15:20:02+08:00 ] ::1 /train/index.php/SHOP_IMG_URLpage_right.gif
ERR: 无法加载模块:SHOP_IMG_URLpage_right

[ 2017-02-15T15:20:02+08:00 ] ::1 /train/index.php/SHOP_IMG_URLpage_left.gif
ERR: 无法加载模块:SHOP_IMG_URLpage_left

[ 2017-02-15T15:20:02+08:00 ] ::1 /train/index.php/SHOP_IMG_URLlogo.gif
ERR: 无法加载模块:SHOP_IMG_URLlogo

[ 2017-02-15T15:20:02+08:00 ] ::1 /train/index.php/SHOP_IMG_URLslogan_right.gif
ERR: 无法加载模块:SHOP_IMG_URLslogan_right

[ 2017-02-15T15:20:02+08:00 ] ::1 /train/index.php/SHOP_IMG_URLxml_rss2.gif
ERR: 无法加载模块:SHOP_IMG_URLxml_rss2

[ 2017-02-15T15:20:02+08:00 ] ::1 /train/index.php/SHOP_IMG_URLcat_arrow.gif
ERR: 无法加载模块:SHOP_IMG_URLcat_arrow

[ 2017-02-15T15:20:03+08:00 ] ::1 /train/index.php/SHOP_IMG_URLgrey_arrow.gif
ERR: 无法加载模块:SHOP_IMG_URLgrey_arrow

[ 2017-02-15T15:20:03+08:00 ] ::1 /train/index.php/SHOP_IMG_URLecshop.gif
ERR: 无法加载模块:SHOP_IMG_URLecshop

[ 2017-02-15T15:20:03+08:00 ] ::1 /train/index.php/SHOP_IMG_URLfooter_bg.gif
ERR: 无法加载模块:SHOP_IMG_URLfooter_bg

[ 2017-02-15T15:20:03+08:00 ] ::1 /train/index.php/SHOP_IMG_URLyahoo.gif
ERR: 无法加载模块:SHOP_IMG_URLyahoo

[ 2017-02-15T15:20:03+08:00 ] ::1 /train/index.php/SHOP_IMG_URLmsn.gif
ERR: 无法加载模块:SHOP_IMG_URLmsn

[ 2017-02-15T15:20:03+08:00 ] ::1 /train/index.php/SHOP_IMG_URLpage_right.gif
ERR: 无法加载模块:SHOP_IMG_URLpage_right

[ 2017-02-15T15:20:44+08:00 ] ::1 /train/index.php/data/flashdata//cycle_image.js
ERR: 无法加载模块:Data

[ 2017-02-15T15:20:44+08:00 ] ::1 /train/index.php/data/flashdata//cycle_image.js
ERR: 无法加载模块:Data

[ 2017-02-15T15:22:18+08:00 ] ::1 /train/index.php/data/flashdata//cycle_image.js
ERR: 无法加载模块:Data

[ 2017-02-15T15:22:18+08:00 ] ::1 /train/index.php/data/flashdata//cycle_image.js
ERR: 无法加载模块:Data

[ 2017-02-15T15:22:55+08:00 ] ::1 /train/index.php/data/flashdata//cycle_image.js
ERR: 无法加载模块:Data

[ 2017-02-15T15:23:56+08:00 ] ::1 /train/index.php/data/flashdata//cycle_image.js
ERR: 无法加载模块:Data

[ 2017-02-15T15:31:35+08:00 ] ::1 /train/index.php/index.php
ERR: 无法加载模块:Index

[ 2017-02-15T15:39:48+08:00 ] ::1 /train/index.php/images/more.gif
ERR: 无法加载模块:Images

[ 2017-02-15T15:39:50+08:00 ] ::1 /train/index.php/images/more.gif
ERR: 无法加载模块:Images

[ 2017-02-15T15:39:50+08:00 ] ::1 /train/index.php/images/more.gif
ERR: 无法加载模块:Images

[ 2017-02-15T15:39:50+08:00 ] ::1 /train/index.php/images/more.gif
ERR: 无法加载模块:Images

[ 2017-02-15T15:39:50+08:00 ] ::1 /train/index.php/images/more.gif
ERR: 无法加载模块:Images

[ 2017-02-15T15:40:24+08:00 ] ::1 /train/index.php/images/more.gif
ERR: 无法加载模块:Images

[ 2017-02-15T15:40:24+08:00 ] ::1 /train/index.php/images/more.gif
ERR: 无法加载模块:Images

[ 2017-02-15T15:41:14+08:00 ] ::1 /train/index.php/images/more.gif
ERR: 无法加载模块:Images

[ 2017-02-15T15:41:14+08:00 ] ::1 /train/index.php/images/more.gif
ERR: 无法加载模块:Images

[ 2017-02-15T15:41:27+08:00 ] ::1 /train/index.php/images/more.gif
ERR: 无法加载模块:Images

[ 2017-02-15T15:48:26+08:00 ] ::1 /train/index.php/images/more.gif
ERR: 无法加载模块:Images

[ 2017-02-15T15:49:04+08:00 ] ::1 /train/index.php/images/more.gif
ERR: 无法加载模块:Images

[ 2017-02-15T15:49:04+08:00 ] ::1 /train/index.php/images/more.gif
ERR: 无法加载模块:Images

[ 2017-02-15T15:49:40+08:00 ] ::1 /train/index.php/images/more.gif
ERR: 无法加载模块:Images

[ 2017-02-15T15:49:41+08:00 ] ::1 /train/index.php/images/more.gif
ERR: 无法加载模块:Images

[ 2017-02-15T15:49:41+08:00 ] ::1 /train/index.php/images/more.gif
ERR: 无法加载模块:Images

[ 2017-02-15T15:49:55+08:00 ] ::1 /train/index.php/images/more.gif
ERR: 无法加载模块:Images

[ 2017-02-15T15:49:56+08:00 ] ::1 /train/index.php/images/more.gif
ERR: 无法加载模块:Images

[ 2017-02-15T15:49:56+08:00 ] ::1 /train/index.php/images/more.gif
ERR: 无法加载模块:Images

[ 2017-02-15T15:49:57+08:00 ] ::1 /train/index.php/images/more.gif
ERR: 无法加载模块:Images

[ 2017-02-15T15:50:51+08:00 ] ::1 /train/index.php/images/more.gif
ERR: 无法加载模块:Images

[ 2017-02-15T15:50:52+08:00 ] ::1 /train/index.php/images/more.gif
ERR: 无法加载模块:Images

