[ 2017-02-27T13:09:58+08:00 ] ::1 /train/images/200905/thumb_img/24_thumb_G_1241971981429.jpg
ERR: 无法加载模块:Images

[ 2017-02-27T13:09:58+08:00 ] ::1 /train/images/200905/thumb_img/12_thumb_G_1241965978410.jpg
ERR: 无法加载模块:Images

[ 2017-02-27T13:09:58+08:00 ] ::1 /train/image/more.gif
ERR: 无法加载模块:Image

[ 2017-02-27T13:09:58+08:00 ] ::1 /train/images/200905/thumb_img/8_thumb_G_1241425513488.jpg
ERR: 无法加载模块:Images

[ 2017-02-27T13:09:58+08:00 ] ::1 /train/images/200905/thumb_img/10_thumb_G_1242973436403.jpg
ERR: 无法加载模块:Images

[ 2017-02-27T13:09:58+08:00 ] ::1 /train/images/200905/thumb_img/32_thumb_G_1242110760196.jpg
ERR: 无法加载模块:Images

[ 2017-02-27T13:09:58+08:00 ] ::1 /train/images/200905/thumb_img/20_thumb_G_1242106490058.jpg
ERR: 无法加载模块:Images

[ 2017-02-27T13:09:58+08:00 ] ::1 /train/images/200905/thumb_img/24_thumb_G_1241971981429.jpg
ERR: 无法加载模块:Images

[ 2017-02-27T13:09:58+08:00 ] ::1 /train/images/200905/thumb_img/8_thumb_G_1241425513488.jpg
ERR: 无法加载模块:Images

[ 2017-02-27T13:09:58+08:00 ] ::1 /train/images/200905/thumb_img/20_thumb_G_1242106490058.jpg
ERR: 无法加载模块:Images

[ 2017-02-27T13:09:58+08:00 ] ::1 /train/images/200905/thumb_img/10_thumb_G_1242973436403.jpg
ERR: 无法加载模块:Images

[ 2017-02-27T13:09:58+08:00 ] ::1 /train/images/200905/thumb_img/12_thumb_G_1241965978410.jpg
ERR: 无法加载模块:Images

[ 2017-02-27T13:09:58+08:00 ] ::1 /train/images/200905/thumb_img/32_thumb_G_1242110760196.jpg
ERR: 无法加载模块:Images

[ 2017-02-27T13:09:58+08:00 ] ::1 /train/image/more.gif
ERR: 无法加载模块:Image

[ 2017-02-27T13:09:59+08:00 ] ::1 /train/Application/Shop/Public/image/animated_favicon.gif
ERR: 无法加载模块:Application

[ 2017-02-27T13:09:59+08:00 ] ::1 /train/favicon.ico
ERR: 无法加载模块:Favicon

[ 2017-02-27T13:10:11+08:00 ] ::1 /train/images/200905/thumb_img/20_thumb_G_1242106490058.jpg
ERR: 无法加载模块:Images

[ 2017-02-27T13:10:11+08:00 ] ::1 /train/images/200905/thumb_img/12_thumb_G_1241965978410.jpg
ERR: 无法加载模块:Images

[ 2017-02-27T13:10:11+08:00 ] ::1 /train/image/more.gif
ERR: 无法加载模块:Image

[ 2017-02-27T13:10:11+08:00 ] ::1 /train/images/200905/thumb_img/10_thumb_G_1242973436403.jpg
ERR: 无法加载模块:Images

[ 2017-02-27T13:10:11+08:00 ] ::1 /train/images/200905/thumb_img/8_thumb_G_1241425513488.jpg
ERR: 无法加载模块:Images

[ 2017-02-27T13:10:11+08:00 ] ::1 /train/images/200905/thumb_img/24_thumb_G_1241971981429.jpg
ERR: 无法加载模块:Images

[ 2017-02-27T13:10:11+08:00 ] ::1 /train/images/200905/thumb_img/32_thumb_G_1242110760196.jpg
ERR: 无法加载模块:Images

[ 2017-02-27T13:15:32+08:00 ] ::1 /train/images/200905/thumb_img/10_thumb_G_1242973436403.jpg
ERR: 无法加载模块:Images

[ 2017-02-27T13:15:32+08:00 ] ::1 /train/image/more.gif
ERR: 无法加载模块:Image

[ 2017-02-27T13:15:32+08:00 ] ::1 /train/images/200905/thumb_img/12_thumb_G_1241965978410.jpg
ERR: 无法加载模块:Images

[ 2017-02-27T13:15:32+08:00 ] ::1 /train/images/200905/thumb_img/20_thumb_G_1242106490058.jpg
ERR: 无法加载模块:Images

[ 2017-02-27T13:15:32+08:00 ] ::1 /train/images/200905/thumb_img/24_thumb_G_1241971981429.jpg
ERR: 无法加载模块:Images

[ 2017-02-27T13:15:32+08:00 ] ::1 /train/images/200905/thumb_img/32_thumb_G_1242110760196.jpg
ERR: 无法加载模块:Images

[ 2017-02-27T13:15:32+08:00 ] ::1 /train/images/200905/thumb_img/8_thumb_G_1241425513488.jpg
ERR: 无法加载模块:Images

[ 2017-02-27T13:18:02+08:00 ] ::1 /train/admin
ERR: 无法加载模块:Admin

[ 2017-02-27T13:18:07+08:00 ] ::1 /train/images/200905/thumb_img/12_thumb_G_1241965978410.jpg
ERR: 无法加载模块:Images

[ 2017-02-27T13:18:07+08:00 ] ::1 /train/images/200905/thumb_img/10_thumb_G_1242973436403.jpg
ERR: 无法加载模块:Images

[ 2017-02-27T13:18:07+08:00 ] ::1 /train/images/200905/thumb_img/24_thumb_G_1241971981429.jpg
ERR: 无法加载模块:Images

[ 2017-02-27T13:18:07+08:00 ] ::1 /train/images/200905/thumb_img/20_thumb_G_1242106490058.jpg
ERR: 无法加载模块:Images

[ 2017-02-27T13:18:07+08:00 ] ::1 /train/image/more.gif
ERR: 无法加载模块:Image

[ 2017-02-27T13:18:08+08:00 ] ::1 /train/images/200905/thumb_img/32_thumb_G_1242110760196.jpg
ERR: 无法加载模块:Images

[ 2017-02-27T13:18:08+08:00 ] ::1 /train/images/200905/thumb_img/8_thumb_G_1241425513488.jpg
ERR: 无法加载模块:Images

[ 2017-02-27T13:18:08+08:00 ] ::1 /train/image/more.gif
ERR: 无法加载模块:Image

[ 2017-02-27T13:18:08+08:00 ] ::1 /train/images/200905/thumb_img/8_thumb_G_1241425513488.jpg
ERR: 无法加载模块:Images

[ 2017-02-27T13:18:08+08:00 ] ::1 /train/images/200905/thumb_img/20_thumb_G_1242106490058.jpg
ERR: 无法加载模块:Images

[ 2017-02-27T13:18:08+08:00 ] ::1 /train/images/200905/thumb_img/12_thumb_G_1241965978410.jpg
ERR: 无法加载模块:Images

[ 2017-02-27T13:18:08+08:00 ] ::1 /train/images/200905/thumb_img/24_thumb_G_1241971981429.jpg
ERR: 无法加载模块:Images

[ 2017-02-27T13:18:08+08:00 ] ::1 /train/images/200905/thumb_img/10_thumb_G_1242973436403.jpg
ERR: 无法加载模块:Images

[ 2017-02-27T14:28:43+08:00 ] ::1 /train/images/200905/thumb_img/12_thumb_G_1241965978410.jpg
ERR: 无法加载模块:Images

[ 2017-02-27T14:28:43+08:00 ] ::1 /train/images/200905/thumb_img/20_thumb_G_1242106490058.jpg
ERR: 无法加载模块:Images

[ 2017-02-27T14:28:43+08:00 ] ::1 /train/image/more.gif
ERR: 无法加载模块:Image

[ 2017-02-27T14:28:43+08:00 ] ::1 /train/images/200905/thumb_img/10_thumb_G_1242973436403.jpg
ERR: 无法加载模块:Images

[ 2017-02-27T14:28:43+08:00 ] ::1 /train/images/200905/thumb_img/24_thumb_G_1241971981429.jpg
ERR: 无法加载模块:Images

[ 2017-02-27T14:28:43+08:00 ] ::1 /train/images/200905/thumb_img/32_thumb_G_1242110760196.jpg
ERR: 无法加载模块:Images

[ 2017-02-27T14:28:43+08:00 ] ::1 /train/images/200905/thumb_img/8_thumb_G_1241425513488.jpg
ERR: 无法加载模块:Images

[ 2017-02-27T14:28:55+08:00 ] ::1 /train/images/200905/thumb_img/24_thumb_G_1241971981429.jpg
ERR: 无法加载模块:Images

[ 2017-02-27T14:28:55+08:00 ] ::1 /train/image/more.gif
ERR: 无法加载模块:Image

[ 2017-02-27T14:28:55+08:00 ] ::1 /train/images/200905/thumb_img/20_thumb_G_1242106490058.jpg
ERR: 无法加载模块:Images

[ 2017-02-27T14:28:55+08:00 ] ::1 /train/images/200905/thumb_img/10_thumb_G_1242973436403.jpg
ERR: 无法加载模块:Images

[ 2017-02-27T14:28:55+08:00 ] ::1 /train/images/200905/thumb_img/12_thumb_G_1241965978410.jpg
ERR: 无法加载模块:Images

[ 2017-02-27T14:28:55+08:00 ] ::1 /train/images/200905/thumb_img/32_thumb_G_1242110760196.jpg
ERR: 无法加载模块:Images

[ 2017-02-27T14:28:55+08:00 ] ::1 /train/images/200905/thumb_img/8_thumb_G_1241425513488.jpg
ERR: 无法加载模块:Images

[ 2017-02-27T14:28:56+08:00 ] ::1 /train/image/more.gif
ERR: 无法加载模块:Image

[ 2017-02-27T14:28:56+08:00 ] ::1 /train/images/200905/thumb_img/12_thumb_G_1241965978410.jpg
ERR: 无法加载模块:Images

[ 2017-02-27T14:28:56+08:00 ] ::1 /train/images/200905/thumb_img/20_thumb_G_1242106490058.jpg
ERR: 无法加载模块:Images

[ 2017-02-27T14:28:56+08:00 ] ::1 /train/images/200905/thumb_img/8_thumb_G_1241425513488.jpg
ERR: 无法加载模块:Images

[ 2017-02-27T14:28:56+08:00 ] ::1 /train/images/200905/thumb_img/24_thumb_G_1241971981429.jpg
ERR: 无法加载模块:Images

[ 2017-02-27T14:28:56+08:00 ] ::1 /train/images/200905/thumb_img/10_thumb_G_1242973436403.jpg
ERR: 无法加载模块:Images

[ 2017-02-27T14:28:56+08:00 ] ::1 /train/images/200905/thumb_img/32_thumb_G_1242110760196.jpg
ERR: 无法加载模块:Images

[ 2017-02-27T14:30:44+08:00 ] ::1 /train/image/more.gif
ERR: 无法加载模块:Image

[ 2017-02-27T14:30:45+08:00 ] ::1 /train/images/200905/thumb_img/32_thumb_G_1242110760196.jpg
ERR: 无法加载模块:Images

[ 2017-02-27T14:30:45+08:00 ] ::1 /train/images/200905/thumb_img/12_thumb_G_1241965978410.jpg
ERR: 无法加载模块:Images

[ 2017-02-27T14:30:45+08:00 ] ::1 /train/images/200905/thumb_img/8_thumb_G_1241425513488.jpg
ERR: 无法加载模块:Images

[ 2017-02-27T14:30:45+08:00 ] ::1 /train/images/200905/thumb_img/10_thumb_G_1242973436403.jpg
ERR: 无法加载模块:Images

[ 2017-02-27T14:30:45+08:00 ] ::1 /train/images/200905/thumb_img/20_thumb_G_1242106490058.jpg
ERR: 无法加载模块:Images

[ 2017-02-27T14:30:45+08:00 ] ::1 /train/images/200905/thumb_img/24_thumb_G_1241971981429.jpg
ERR: 无法加载模块:Images

[ 2017-02-27T14:35:38+08:00 ] ::1 /train/image/more.gif
ERR: 无法加载模块:Image

[ 2017-02-27T14:35:38+08:00 ] ::1 /train/images/200905/thumb_img/32_thumb_G_1242110760196.jpg
ERR: 无法加载模块:Images

[ 2017-02-27T14:35:38+08:00 ] ::1 /train/images/200905/thumb_img/20_thumb_G_1242106490058.jpg
ERR: 无法加载模块:Images

[ 2017-02-27T14:35:38+08:00 ] ::1 /train/images/200905/thumb_img/12_thumb_G_1241965978410.jpg
ERR: 无法加载模块:Images

[ 2017-02-27T14:35:38+08:00 ] ::1 /train/images/200905/thumb_img/24_thumb_G_1241971981429.jpg
ERR: 无法加载模块:Images

[ 2017-02-27T14:35:38+08:00 ] ::1 /train/images/200905/thumb_img/10_thumb_G_1242973436403.jpg
ERR: 无法加载模块:Images

[ 2017-02-27T14:35:38+08:00 ] ::1 /train/images/200905/thumb_img/8_thumb_G_1241425513488.jpg
ERR: 无法加载模块:Images

[ 2017-02-27T14:36:40+08:00 ] ::1 /train/image/more.gif
ERR: 无法加载模块:Image

[ 2017-02-27T14:36:40+08:00 ] ::1 /train/images/200905/thumb_img/20_thumb_G_1242106490058.jpg
ERR: 无法加载模块:Images

[ 2017-02-27T14:36:40+08:00 ] ::1 /train/images/200905/thumb_img/8_thumb_G_1241425513488.jpg
ERR: 无法加载模块:Images

[ 2017-02-27T14:36:40+08:00 ] ::1 /train/images/200905/thumb_img/12_thumb_G_1241965978410.jpg
ERR: 无法加载模块:Images

[ 2017-02-27T14:36:40+08:00 ] ::1 /train/images/200905/thumb_img/20_thumb_G_1242106490058.jpg
ERR: 无法加载模块:Images

[ 2017-02-27T14:36:40+08:00 ] ::1 /train/images/200905/thumb_img/24_thumb_G_1241971981429.jpg
ERR: 无法加载模块:Images

[ 2017-02-27T14:36:40+08:00 ] ::1 /train/images/200905/thumb_img/32_thumb_G_1242110760196.jpg
ERR: 无法加载模块:Images

[ 2017-02-27T14:36:40+08:00 ] ::1 /train/images/200905/thumb_img/10_thumb_G_1242973436403.jpg
ERR: 无法加载模块:Images

[ 2017-02-27T14:36:40+08:00 ] ::1 /train/image/more.gif
ERR: 无法加载模块:Image

[ 2017-02-27T15:50:31+08:00 ] ::1 /train/image/more.gif
ERR: 无法加载模块:Image

[ 2017-02-27T15:50:31+08:00 ] ::1 /train/images/200905/thumb_img/20_thumb_G_1242106490058.jpg
ERR: 无法加载模块:Images

[ 2017-02-27T15:50:31+08:00 ] ::1 /train/images/200905/thumb_img/10_thumb_G_1242973436403.jpg
ERR: 无法加载模块:Images

[ 2017-02-27T15:50:31+08:00 ] ::1 /train/images/200905/thumb_img/24_thumb_G_1241971981429.jpg
ERR: 无法加载模块:Images

[ 2017-02-27T15:50:31+08:00 ] ::1 /train/images/200905/thumb_img/8_thumb_G_1241425513488.jpg
ERR: 无法加载模块:Images

[ 2017-02-27T15:50:31+08:00 ] ::1 /train/images/200905/thumb_img/32_thumb_G_1242110760196.jpg
ERR: 无法加载模块:Images

[ 2017-02-27T15:50:31+08:00 ] ::1 /train/images/200905/thumb_img/12_thumb_G_1241965978410.jpg
ERR: 无法加载模块:Images

[ 2017-02-27T15:50:31+08:00 ] ::1 /train/image/more.gif
ERR: 无法加载模块:Image

[ 2017-02-27T15:50:31+08:00 ] ::1 /train/images/200905/thumb_img/20_thumb_G_1242106490058.jpg
ERR: 无法加载模块:Images

[ 2017-02-27T15:50:31+08:00 ] ::1 /train/images/200905/thumb_img/12_thumb_G_1241965978410.jpg
ERR: 无法加载模块:Images

[ 2017-02-27T15:50:31+08:00 ] ::1 /train/images/200905/thumb_img/24_thumb_G_1241971981429.jpg
ERR: 无法加载模块:Images

[ 2017-02-27T15:50:31+08:00 ] ::1 /train/images/200905/thumb_img/10_thumb_G_1242973436403.jpg
ERR: 无法加载模块:Images

[ 2017-02-27T15:50:31+08:00 ] ::1 /train/images/200905/thumb_img/8_thumb_G_1241425513488.jpg
ERR: 无法加载模块:Images

[ 2017-02-27T15:50:31+08:00 ] ::1 /train/images/200905/thumb_img/32_thumb_G_1242110760196.jpg
ERR: 无法加载模块:Images

[ 2017-02-27T15:50:32+08:00 ] ::1 /train/image/more.gif
ERR: 无法加载模块:Image

[ 2017-02-27T15:50:32+08:00 ] ::1 /train/images/200905/thumb_img/10_thumb_G_1242973436403.jpg
ERR: 无法加载模块:Images

[ 2017-02-27T15:50:32+08:00 ] ::1 /train/images/200905/thumb_img/20_thumb_G_1242106490058.jpg
ERR: 无法加载模块:Images

[ 2017-02-27T15:50:32+08:00 ] ::1 /train/images/200905/thumb_img/24_thumb_G_1241971981429.jpg
ERR: 无法加载模块:Images

[ 2017-02-27T15:50:32+08:00 ] ::1 /train/images/200905/thumb_img/12_thumb_G_1241965978410.jpg
ERR: 无法加载模块:Images

[ 2017-02-27T15:50:32+08:00 ] ::1 /train/images/200905/thumb_img/32_thumb_G_1242110760196.jpg
ERR: 无法加载模块:Images

[ 2017-02-27T15:50:32+08:00 ] ::1 /train/images/200905/thumb_img/8_thumb_G_1241425513488.jpg
ERR: 无法加载模块:Images

[ 2017-02-27T15:50:33+08:00 ] ::1 /train/image/more.gif
ERR: 无法加载模块:Image

[ 2017-02-27T15:50:33+08:00 ] ::1 /train/images/200905/thumb_img/20_thumb_G_1242106490058.jpg
ERR: 无法加载模块:Images

[ 2017-02-27T15:50:33+08:00 ] ::1 /train/images/200905/thumb_img/12_thumb_G_1241965978410.jpg
ERR: 无法加载模块:Images

[ 2017-02-27T15:50:33+08:00 ] ::1 /train/images/200905/thumb_img/10_thumb_G_1242973436403.jpg
ERR: 无法加载模块:Images

[ 2017-02-27T15:50:33+08:00 ] ::1 /train/images/200905/thumb_img/8_thumb_G_1241425513488.jpg
ERR: 无法加载模块:Images


[ 2017-02-27T15:50:33+08:00 ] ::1 /train/images/200905/thumb_img/24_thumb_G_1241971981429.jpg
ERR: 无法加载模块:Images

[ 2017-02-27T15:50:42+08:00 ] ::1 /train/images/200905/thumb_img/12_thumb_G_1241965978410.jpg
ERR: 无法加载模块:Images

[ 2017-02-27T15:50:42+08:00 ] ::1 /train/images/200905/thumb_img/10_thumb_G_1242973436403.jpg
ERR: 无法加载模块:Images

[ 2017-02-27T15:50:42+08:00 ] ::1 /train/images/200905/thumb_img/24_thumb_G_1241971981429.jpg
ERR: 无法加载模块:Images

[ 2017-02-27T15:50:42+08:00 ] ::1 /train/images/200905/thumb_img/8_thumb_G_1241425513488.jpg
ERR: 无法加载模块:Images

[ 2017-02-27T15:50:42+08:00 ] ::1 /train/images/200905/thumb_img/32_thumb_G_1242110760196.jpg
ERR: 无法加载模块:Images

[ 2017-02-27T15:50:42+08:00 ] ::1 /train/images/200905/thumb_img/20_thumb_G_1242106490058.jpg
ERR: 无法加载模块:Images

[ 2017-02-27T15:50:42+08:00 ] ::1 /train/image/more.gif
ERR: 无法加载模块:Image

[ 2017-02-27T15:50:42+08:00 ] ::1 /train/image/more.gif
ERR: 无法加载模块:Image

[ 2017-02-27T15:50:42+08:00 ] ::1 /train/images/200905/thumb_img/20_thumb_G_1242106490058.jpg
ERR: 无法加载模块:Images

[ 2017-02-27T15:50:42+08:00 ] ::1 /train/images/200905/thumb_img/12_thumb_G_1241965978410.jpg
ERR: 无法加载模块:Images

[ 2017-02-27T15:50:42+08:00 ] ::1 /train/images/200905/thumb_img/24_thumb_G_1241971981429.jpg
ERR: 无法加载模块:Images

[ 2017-02-27T15:50:42+08:00 ] ::1 /train/images/200905/thumb_img/8_thumb_G_1241425513488.jpg
ERR: 无法加载模块:Images

[ 2017-02-27T15:50:42+08:00 ] ::1 /train/images/200905/thumb_img/32_thumb_G_1242110760196.jpg
ERR: 无法加载模块:Images

[ 2017-02-27T15:50:42+08:00 ] ::1 /train/images/200905/thumb_img/10_thumb_G_1242973436403.jpg
ERR: 无法加载模块:Images

[ 2017-02-27T15:50:43+08:00 ] ::1 /train/image/more.gif
ERR: 无法加载模块:Image

[ 2017-02-27T15:50:43+08:00 ] ::1 /train/images/200905/thumb_img/12_thumb_G_1241965978410.jpg
ERR: 无法加载模块:Images

[ 2017-02-27T15:50:43+08:00 ] ::1 /train/images/200905/thumb_img/20_thumb_G_1242106490058.jpg
ERR: 无法加载模块:Images

[ 2017-02-27T15:50:43+08:00 ] ::1 /train/images/200905/thumb_img/10_thumb_G_1242973436403.jpg
ERR: 无法加载模块:Images

[ 2017-02-27T15:50:43+08:00 ] ::1 /train/images/200905/thumb_img/24_thumb_G_1241971981429.jpg
ERR: 无法加载模块:Images

[ 2017-02-27T15:50:43+08:00 ] ::1 /train/images/200905/thumb_img/32_thumb_G_1242110760196.jpg
ERR: 无法加载模块:Images

[ 2017-02-27T15:50:43+08:00 ] ::1 /train/images/200905/thumb_img/8_thumb_G_1241425513488.jpg
ERR: 无法加载模块:Images

[ 2017-02-27T15:50:44+08:00 ] ::1 /train/image/more.gif
ERR: 无法加载模块:Image

[ 2017-02-27T15:50:44+08:00 ] ::1 /train/images/200905/thumb_img/10_thumb_G_1242973436403.jpg
ERR: 无法加载模块:Images

[ 2017-02-27T15:50:44+08:00 ] ::1 /train/images/200905/thumb_img/24_thumb_G_1241971981429.jpg
ERR: 无法加载模块:Images

[ 2017-02-27T15:50:44+08:00 ] ::1 /train/images/200905/thumb_img/12_thumb_G_1241965978410.jpg
ERR: 无法加载模块:Images

[ 2017-02-27T15:50:44+08:00 ] ::1 /train/images/200905/thumb_img/20_thumb_G_1242106490058.jpg
ERR: 无法加载模块:Images

[ 2017-02-27T15:50:44+08:00 ] ::1 /train/images/200905/thumb_img/32_thumb_G_1242110760196.jpg
ERR: 无法加载模块:Images

[ 2017-02-27T15:50:44+08:00 ] ::1 /train/images/200905/thumb_img/8_thumb_G_1241425513488.jpg
ERR: 无法加载模块:Images

[ 2017-02-27T15:53:16+08:00 ] ::1 /train/images/200905/thumb_img/12_thumb_G_1241965978410.jpg
ERR: 无法加载模块:Images

[ 2017-02-27T15:53:16+08:00 ] ::1 /train/images/200905/thumb_img/24_thumb_G_1241971981429.jpg
ERR: 无法加载模块:Images

[ 2017-02-27T15:53:16+08:00 ] ::1 /train/images/200905/thumb_img/20_thumb_G_1242106490058.jpg
ERR: 无法加载模块:Images

[ 2017-02-27T15:53:16+08:00 ] ::1 /train/images/200905/thumb_img/10_thumb_G_1242973436403.jpg
ERR: 无法加载模块:Images

[ 2017-02-27T15:53:16+08:00 ] ::1 /train/images/200905/thumb_img/8_thumb_G_1241425513488.jpg
ERR: 无法加载模块:Images

[ 2017-02-27T15:53:16+08:00 ] ::1 /train/image/more.gif
ERR: 无法加载模块:Image

[ 2017-02-27T15:53:16+08:00 ] ::1 /train/images/200905/thumb_img/32_thumb_G_1242110760196.jpg
ERR: 无法加载模块:Images

[ 2017-02-27T15:53:22+08:00 ] ::1 /train/image/more.gif
ERR: 无法加载模块:Image

[ 2017-02-27T15:53:22+08:00 ] ::1 /train/images/200905/thumb_img/20_thumb_G_1242106490058.jpg
ERR: 无法加载模块:Images

[ 2017-02-27T15:53:22+08:00 ] ::1 /train/images/200905/thumb_img/10_thumb_G_1242973436403.jpg
ERR: 无法加载模块:Images

[ 2017-02-27T15:53:22+08:00 ] ::1 /train/images/200905/thumb_img/24_thumb_G_1241971981429.jpg
ERR: 无法加载模块:Images

[ 2017-02-27T15:53:22+08:00 ] ::1 /train/images/200905/thumb_img/8_thumb_G_1241425513488.jpg
ERR: 无法加载模块:Images

[ 2017-02-27T15:53:22+08:00 ] ::1 /train/images/200905/thumb_img/32_thumb_G_1242110760196.jpg
ERR: 无法加载模块:Images

[ 2017-02-27T15:53:22+08:00 ] ::1 /train/images/200905/thumb_img/12_thumb_G_1241965978410.jpg
ERR: 无法加载模块:Images

[ 2017-02-27T15:53:22+08:00 ] ::1 /train/images/200905/thumb_img/12_thumb_G_1241965978410.jpg
ERR: 无法加载模块:Images

[ 2017-02-27T15:53:22+08:00 ] ::1 /train/images/200905/thumb_img/20_thumb_G_1242106490058.jpg
ERR: 无法加载模块:Images

[ 2017-02-27T15:53:22+08:00 ] ::1 /train/image/more.gif
ERR: 无法加载模块:Image

[ 2017-02-27T15:53:22+08:00 ] ::1 /train/images/200905/thumb_img/10_thumb_G_1242973436403.jpg
ERR: 无法加载模块:Images

[ 2017-02-27T15:53:22+08:00 ] ::1 /train/images/200905/thumb_img/8_thumb_G_1241425513488.jpg
ERR: 无法加载模块:Images

[ 2017-02-27T15:53:22+08:00 ] ::1 /train/images/200905/thumb_img/24_thumb_G_1241971981429.jpg
ERR: 无法加载模块:Images

[ 2017-02-27T15:53:22+08:00 ] ::1 /train/images/200905/thumb_img/32_thumb_G_1242110760196.jpg
ERR: 无法加载模块:Images

[ 2017-02-27T15:53:22+08:00 ] ::1 /train/images/200905/thumb_img/20_thumb_G_1242106490058.jpg
ERR: 无法加载模块:Images

[ 2017-02-27T15:53:22+08:00 ] ::1 /train/images/200905/thumb_img/12_thumb_G_1241965978410.jpg
ERR: 无法加载模块:Images

[ 2017-02-27T15:53:22+08:00 ] ::1 /train/image/more.gif
ERR: 无法加载模块:Image

[ 2017-02-27T15:53:22+08:00 ] ::1 /train/images/200905/thumb_img/24_thumb_G_1241971981429.jpg
ERR: 无法加载模块:Images

[ 2017-02-27T15:53:22+08:00 ] ::1 /train/images/200905/thumb_img/10_thumb_G_1242973436403.jpg
ERR: 无法加载模块:Images

[ 2017-02-27T15:53:22+08:00 ] ::1 /train/images/200905/thumb_img/8_thumb_G_1241425513488.jpg
ERR: 无法加载模块:Images

[ 2017-02-27T15:53:22+08:00 ] ::1 /train/images/200905/thumb_img/32_thumb_G_1242110760196.jpg
ERR: 无法加载模块:Images

[ 2017-02-27T15:53:23+08:00 ] ::1 /train/images/200905/thumb_img/20_thumb_G_1242106490058.jpg
ERR: 无法加载模块:Images

[ 2017-02-27T15:53:23+08:00 ] ::1 /train/images/200905/thumb_img/10_thumb_G_1242973436403.jpg
ERR: 无法加载模块:Images

[ 2017-02-27T15:53:23+08:00 ] ::1 /train/image/more.gif
ERR: 无法加载模块:Image

[ 2017-02-27T15:53:23+08:00 ] ::1 /train/images/200905/thumb_img/12_thumb_G_1241965978410.jpg
ERR: 无法加载模块:Images

[ 2017-02-27T15:53:23+08:00 ] ::1 /train/images/200905/thumb_img/32_thumb_G_1242110760196.jpg
ERR: 无法加载模块:Images

[ 2017-02-27T15:53:23+08:00 ] ::1 /train/images/200905/thumb_img/24_thumb_G_1241971981429.jpg
ERR: 无法加载模块:Images

[ 2017-02-27T15:53:23+08:00 ] ::1 /train/images/200905/thumb_img/8_thumb_G_1241425513488.jpg
ERR: 无法加载模块:Images

[ 2017-02-27T15:53:23+08:00 ] ::1 /train/images/200905/thumb_img/12_thumb_G_1241965978410.jpg
ERR: 无法加载模块:Images

[ 2017-02-27T15:53:23+08:00 ] ::1 /train/images/200905/thumb_img/8_thumb_G_1241425513488.jpg
ERR: 无法加载模块:Images

[ 2017-02-27T15:53:23+08:00 ] ::1 /train/image/more.gif
ERR: 无法加载模块:Image

[ 2017-02-27T15:53:23+08:00 ] ::1 /train/images/200905/thumb_img/24_thumb_G_1241971981429.jpg
ERR: 无法加载模块:Images

[ 2017-02-27T15:53:23+08:00 ] ::1 /train/images/200905/thumb_img/10_thumb_G_1242973436403.jpg
ERR: 无法加载模块:Images

[ 2017-02-27T15:53:23+08:00 ] ::1 /train/images/200905/thumb_img/20_thumb_G_1242106490058.jpg
ERR: 无法加载模块:Images

[ 2017-02-27T15:53:23+08:00 ] ::1 /train/images/200905/thumb_img/32_thumb_G_1242110760196.jpg
ERR: 无法加载模块:Images

[ 2017-02-27T15:53:36+08:00 ] ::1 /train/images/200905/thumb_img/20_thumb_G_1242106490058.jpg
ERR: 无法加载模块:Images

[ 2017-02-27T15:53:36+08:00 ] ::1 /train/image/more.gif
ERR: 无法加载模块:Image

[ 2017-02-27T15:53:36+08:00 ] ::1 /train/images/200905/thumb_img/10_thumb_G_1242973436403.jpg
ERR: 无法加载模块:Images

[ 2017-02-27T15:53:36+08:00 ] ::1 /train/images/200905/thumb_img/12_thumb_G_1241965978410.jpg
ERR: 无法加载模块:Images

[ 2017-02-27T15:53:36+08:00 ] ::1 /train/images/200905/thumb_img/24_thumb_G_1241971981429.jpg
ERR: 无法加载模块:Images

[ 2017-02-27T15:53:36+08:00 ] ::1 /train/images/200905/thumb_img/32_thumb_G_1242110760196.jpg
ERR: 无法加载模块:Images

[ 2017-02-27T15:53:36+08:00 ] ::1 /train/images/200905/thumb_img/8_thumb_G_1241425513488.jpg
ERR: 无法加载模块:Images

[ 2017-02-27T15:53:36+08:00 ] ::1 /train/image/more.gif
ERR: 无法加载模块:Image

[ 2017-02-27T15:53:36+08:00 ] ::1 /train/images/200905/thumb_img/20_thumb_G_1242106490058.jpg
ERR: 无法加载模块:Images

[ 2017-02-27T15:53:36+08:00 ] ::1 /train/images/200905/thumb_img/12_thumb_G_1241965978410.jpg
ERR: 无法加载模块:Images

[ 2017-02-27T15:53:36+08:00 ] ::1 /train/images/200905/thumb_img/8_thumb_G_1241425513488.jpg
ERR: 无法加载模块:Images

[ 2017-02-27T15:53:36+08:00 ] ::1 /train/images/200905/thumb_img/32_thumb_G_1242110760196.jpg
ERR: 无法加载模块:Images

[ 2017-02-27T15:53:36+08:00 ] ::1 /train/images/200905/thumb_img/10_thumb_G_1242973436403.jpg
ERR: 无法加载模块:Images

[ 2017-02-27T15:53:36+08:00 ] ::1 /train/images/200905/thumb_img/24_thumb_G_1241971981429.jpg
ERR: 无法加载模块:Images

[ 2017-02-27T15:53:37+08:00 ] ::1 /train/image/more.gif
ERR: 无法加载模块:Image

[ 2017-02-27T15:53:37+08:00 ] ::1 /train/images/200905/thumb_img/20_thumb_G_1242106490058.jpg
ERR: 无法加载模块:Images

[ 2017-02-27T15:53:37+08:00 ] ::1 /train/images/200905/thumb_img/12_thumb_G_1241965978410.jpg
ERR: 无法加载模块:Images

[ 2017-02-27T15:53:37+08:00 ] ::1 /train/images/200905/thumb_img/10_thumb_G_1242973436403.jpg
ERR: 无法加载模块:Images

[ 2017-02-27T15:53:37+08:00 ] ::1 /train/images/200905/thumb_img/24_thumb_G_1241971981429.jpg
ERR: 无法加载模块:Images

[ 2017-02-27T15:53:37+08:00 ] ::1 /train/images/200905/thumb_img/8_thumb_G_1241425513488.jpg
ERR: 无法加载模块:Images

[ 2017-02-27T15:53:37+08:00 ] ::1 /train/images/200905/thumb_img/32_thumb_G_1242110760196.jpg
ERR: 无法加载模块:Images

[ 2017-02-27T15:53:37+08:00 ] ::1 /train/images/200905/thumb_img/12_thumb_G_1241965978410.jpg
ERR: 无法加载模块:Images

[ 2017-02-27T15:53:37+08:00 ] ::1 /train/images/200905/thumb_img/24_thumb_G_1241971981429.jpg
ERR: 无法加载模块:Images

[ 2017-02-27T15:53:37+08:00 ] ::1 /train/image/more.gif
ERR: 无法加载模块:Image

[ 2017-02-27T15:53:37+08:00 ] ::1 /train/images/200905/thumb_img/20_thumb_G_1242106490058.jpg
ERR: 无法加载模块:Images

[ 2017-02-27T15:53:37+08:00 ] ::1 /train/images/200905/thumb_img/10_thumb_G_1242973436403.jpg
ERR: 无法加载模块:Images

[ 2017-02-27T15:53:37+08:00 ] ::1 /train/images/200905/thumb_img/32_thumb_G_1242110760196.jpg
ERR: 无法加载模块:Images

[ 2017-02-27T15:53:37+08:00 ] ::1 /train/images/200905/thumb_img/8_thumb_G_1241425513488.jpg
ERR: 无法加载模块:Images

[ 2017-02-27T15:54:19+08:00 ] ::1 /train/image/more.gif
ERR: 无法加载模块:Image

[ 2017-02-27T15:54:19+08:00 ] ::1 /train/images/200905/thumb_img/20_thumb_G_1242106490058.jpg
ERR: 无法加载模块:Images

[ 2017-02-27T15:54:19+08:00 ] ::1 /train/images/200905/thumb_img/10_thumb_G_1242973436403.jpg
ERR: 无法加载模块:Images

[ 2017-02-27T15:54:19+08:00 ] ::1 /train/images/200905/thumb_img/24_thumb_G_1241971981429.jpg
ERR: 无法加载模块:Images

[ 2017-02-27T15:54:19+08:00 ] ::1 /train/images/200905/thumb_img/8_thumb_G_1241425513488.jpg
ERR: 无法加载模块:Images

[ 2017-02-27T15:54:19+08:00 ] ::1 /train/images/200905/thumb_img/12_thumb_G_1241965978410.jpg
ERR: 无法加载模块:Images

[ 2017-02-27T15:54:19+08:00 ] ::1 /train/images/200905/thumb_img/32_thumb_G_1242110760196.jpg
ERR: 无法加载模块:Images

[ 2017-02-27T15:54:19+08:00 ] ::1 /train/images/200905/thumb_img/20_thumb_G_1242106490058.jpg
ERR: 无法加载模块:Images

[ 2017-02-27T15:54:19+08:00 ] ::1 /train/image/more.gif
ERR: 无法加载模块:Image

[ 2017-02-27T15:54:19+08:00 ] ::1 /train/images/200905/thumb_img/12_thumb_G_1241965978410.jpg
ERR: 无法加载模块:Images

[ 2017-02-27T15:54:19+08:00 ] ::1 /train/images/200905/thumb_img/8_thumb_G_1241425513488.jpg
ERR: 无法加载模块:Images

[ 2017-02-27T15:54:19+08:00 ] ::1 /train/images/200905/thumb_img/10_thumb_G_1242973436403.jpg
ERR: 无法加载模块:Images

[ 2017-02-27T15:54:19+08:00 ] ::1 /train/images/200905/thumb_img/32_thumb_G_1242110760196.jpg
ERR: 无法加载模块:Images

[ 2017-02-27T15:54:19+08:00 ] ::1 /train/images/200905/thumb_img/24_thumb_G_1241971981429.jpg
ERR: 无法加载模块:Images

[ 2017-02-27T15:54:20+08:00 ] ::1 /train/image/more.gif
ERR: 无法加载模块:Image

[ 2017-02-27T15:54:20+08:00 ] ::1 /train/images/200905/thumb_img/12_thumb_G_1241965978410.jpg
ERR: 无法加载模块:Images

[ 2017-02-27T15:54:20+08:00 ] ::1 /train/images/200905/thumb_img/20_thumb_G_1242106490058.jpg
ERR: 无法加载模块:Images

[ 2017-02-27T15:54:20+08:00 ] ::1 /train/images/200905/thumb_img/24_thumb_G_1241971981429.jpg
ERR: 无法加载模块:Images

[ 2017-02-27T15:54:20+08:00 ] ::1 /train/images/200905/thumb_img/8_thumb_G_1241425513488.jpg
ERR: 无法加载模块:Images

[ 2017-02-27T15:54:20+08:00 ] ::1 /train/images/200905/thumb_img/32_thumb_G_1242110760196.jpg
ERR: 无法加载模块:Images

[ 2017-02-27T15:54:20+08:00 ] ::1 /train/images/200905/thumb_img/10_thumb_G_1242973436403.jpg
ERR: 无法加载模块:Images

[ 2017-02-27T15:54:20+08:00 ] ::1 /train/image/more.gif
ERR: 无法加载模块:Image

[ 2017-02-27T15:54:20+08:00 ] ::1 /train/images/200905/thumb_img/8_thumb_G_1241425513488.jpg
ERR: 无法加载模块:Images

[ 2017-02-27T15:54:20+08:00 ] ::1 /train/images/200905/thumb_img/20_thumb_G_1242106490058.jpg
ERR: 无法加载模块:Images

[ 2017-02-27T15:54:20+08:00 ] ::1 /train/images/200905/thumb_img/10_thumb_G_1242973436403.jpg
ERR: 无法加载模块:Images

[ 2017-02-27T15:54:20+08:00 ] ::1 /train/images/200905/thumb_img/24_thumb_G_1241971981429.jpg
ERR: 无法加载模块:Images

[ 2017-02-27T15:54:20+08:00 ] ::1 /train/images/200905/thumb_img/32_thumb_G_1242110760196.jpg
ERR: 无法加载模块:Images

[ 2017-02-27T15:54:20+08:00 ] ::1 /train/images/200905/thumb_img/12_thumb_G_1241965978410.jpg
ERR: 无法加载模块:Images

[ 2017-02-27T15:56:40+08:00 ] ::1 /train/styles/general.css
ERR: 无法加载模块:Styles

[ 2017-02-27T15:56:40+08:00 ] ::1 /train/images/ecshop_logo.gif
ERR: 无法加载模块:Images

[ 2017-02-27T15:56:40+08:00 ] ::1 /train/images/top_loader.gif
ERR: 无法加载模块:Images

[ 2017-02-27T15:59:03+08:00 ] ::1 /train/styles/general.css
ERR: 无法加载模块:Styles

[ 2017-02-27T15:59:03+08:00 ] ::1 /train/images/ecshop_logo.gif
ERR: 无法加载模块:Images

[ 2017-02-27T15:59:03+08:00 ] ::1 /train/images/top_loader.gif
ERR: 无法加载模块:Images

[ 2017-02-27T15:59:04+08:00 ] ::1 /train/styles/general.css
ERR: 无法加载模块:Styles

[ 2017-02-27T15:59:04+08:00 ] ::1 /train/images/ecshop_logo.gif
ERR: 无法加载模块:Images

[ 2017-02-27T15:59:04+08:00 ] ::1 /train/images/top_loader.gif
ERR: 无法加载模块:Images

[ 2017-02-27T15:59:04+08:00 ] ::1 /train/styles/general.css
ERR: 无法加载模块:Styles

[ 2017-02-27T15:59:04+08:00 ] ::1 /train/images/ecshop_logo.gif
ERR: 无法加载模块:Images

[ 2017-02-27T15:59:04+08:00 ] ::1 /train/images/top_loader.gif
ERR: 无法加载模块:Images

[ 2017-02-27T15:59:04+08:00 ] ::1 /train/styles/general.css
ERR: 无法加载模块:Styles

[ 2017-02-27T15:59:04+08:00 ] ::1 /train/images/ecshop_logo.gif
ERR: 无法加载模块:Images

[ 2017-02-27T15:59:04+08:00 ] ::1 /train/images/top_loader.gif
ERR: 无法加载模块:Images

[ 2017-02-27T15:59:36+08:00 ] ::1 /train/styles/general.css
ERR: 无法加载模块:Styles

[ 2017-02-27T15:59:36+08:00 ] ::1 /train/styles/main.css
ERR: 无法加载模块:Styles

[ 2017-02-27T15:59:36+08:00 ] ::1 /train/images/ecshop_logo.gif
ERR: 无法加载模块:Images

[ 2017-02-27T15:59:36+08:00 ] ::1 /train/styles/general.css
ERR: 无法加载模块:Styles

[ 2017-02-27T15:59:36+08:00 ] ::1 /train/images/login.png
ERR: 无法加载模块:Images

[ 2017-02-27T15:59:36+08:00 ] ::1 /train/images/top_loader.gif
ERR: 无法加载模块:Images

[ 2017-02-27T16:02:05+08:00 ] ::1 /train/styles/general.css
ERR: 无法加载模块:Styles

[ 2017-02-27T16:02:05+08:00 ] ::1 /train/styles/main.css
ERR: 无法加载模块:Styles

[ 2017-02-27T16:02:05+08:00 ] ::1 /train/images/login.png
ERR: 无法加载模块:Images

[ 2017-02-27T16:02:05+08:00 ] ::1 /train/images/ecshop_logo.gif
ERR: 无法加载模块:Images

[ 2017-02-27T16:02:05+08:00 ] ::1 /train/images/top_loader.gif
ERR: 无法加载模块:Images

[ 2017-02-27T16:02:05+08:00 ] ::1 /train/styles/general.css
ERR: 无法加载模块:Styles

[ 2017-02-27T16:02:05+08:00 ] ::1 /train/images/login.png
ERR: 无法加载模块:Images

[ 2017-02-27T16:02:06+08:00 ] ::1 /train/styles/general.css
ERR: 无法加载模块:Styles

[ 2017-02-27T16:02:06+08:00 ] ::1 /train/images/ecshop_logo.gif
ERR: 无法加载模块:Images

[ 2017-02-27T16:02:06+08:00 ] ::1 /train/styles/main.css
ERR: 无法加载模块:Styles

[ 2017-02-27T16:02:06+08:00 ] ::1 /train/styles/general.css
ERR: 无法加载模块:Styles

[ 2017-02-27T16:02:06+08:00 ] ::1 /train/images/login.png
ERR: 无法加载模块:Images

[ 2017-02-27T16:02:06+08:00 ] ::1 /train/images/top_loader.gif
ERR: 无法加载模块:Images

[ 2017-02-27T16:02:06+08:00 ] ::1 /train/images/ecshop_logo.gif
ERR: 无法加载模块:Images

[ 2017-02-27T16:02:06+08:00 ] ::1 /train/styles/general.css
ERR: 无法加载模块:Styles

[ 2017-02-27T16:02:06+08:00 ] ::1 /train/styles/main.css
ERR: 无法加载模块:Styles

[ 2017-02-27T16:02:06+08:00 ] ::1 /train/images/top_loader.gif
ERR: 无法加载模块:Images

[ 2017-02-27T16:02:06+08:00 ] ::1 /train/styles/general.css
ERR: 无法加载模块:Styles

[ 2017-02-27T16:02:06+08:00 ] ::1 /train/images/login.png
ERR: 无法加载模块:Images

[ 2017-02-27T16:02:06+08:00 ] ::1 /train/styles/main.css
ERR: 无法加载模块:Styles

[ 2017-02-27T16:02:06+08:00 ] ::1 /train/images/ecshop_logo.gif
ERR: 无法加载模块:Images

[ 2017-02-27T16:02:06+08:00 ] ::1 /train/images/top_loader.gif
ERR: 无法加载模块:Images

[ 2017-02-27T16:02:06+08:00 ] ::1 /train/styles/general.css
ERR: 无法加载模块:Styles

[ 2017-02-27T16:02:06+08:00 ] ::1 /train/images/login.png
ERR: 无法加载模块:Images

[ 2017-02-27T16:02:06+08:00 ] ::1 /train/images/ecshop_logo.gif
ERR: 无法加载模块:Images

[ 2017-02-27T16:02:07+08:00 ] ::1 /train/styles/general.css
ERR: 无法加载模块:Styles

[ 2017-02-27T16:02:07+08:00 ] ::1 /train/images/ecshop_logo.gif
ERR: 无法加载模块:Images

[ 2017-02-27T16:02:07+08:00 ] ::1 /train/styles/main.css
ERR: 无法加载模块:Styles

[ 2017-02-27T16:02:07+08:00 ] ::1 /train/images/login.png
ERR: 无法加载模块:Images

[ 2017-02-27T16:02:07+08:00 ] ::1 /train/images/top_loader.gif
ERR: 无法加载模块:Images

[ 2017-02-27T16:02:07+08:00 ] ::1 /train/styles/general.css
ERR: 无法加载模块:Styles

[ 2017-02-27T16:02:07+08:00 ] ::1 /train/images/login.png
ERR: 无法加载模块:Images

[ 2017-02-27T16:02:19+08:00 ] ::1 /train/styles/main.css
ERR: 无法加载模块:Styles

[ 2017-02-27T16:02:19+08:00 ] ::1 /train/styles/general.css
ERR: 无法加载模块:Styles

[ 2017-02-27T16:02:19+08:00 ] ::1 /train/images/login.png
ERR: 无法加载模块:Images

[ 2017-02-27T16:04:21+08:00 ] ::1 /train/styles/general.css
ERR: 无法加载模块:Styles

[ 2017-02-27T16:04:21+08:00 ] ::1 /train/styles/main.css
ERR: 无法加载模块:Styles

[ 2017-02-27T16:04:21+08:00 ] ::1 /train/images/login.png
ERR: 无法加载模块:Images

[ 2017-02-27T16:07:36+08:00 ] ::1 /train/images/login.png
ERR: 无法加载模块:Images

[ 2017-02-27T16:07:36+08:00 ] ::1 /train/Application/Shopadmin/Public/images/button_bg.gif
ERR: 无法加载模块:Application

[ 2017-02-27T16:09:26+08:00 ] ::1 /train/Application/Shopadmin/Public/images/button_bg.gif
ERR: 无法加载模块:Application

[ 2017-02-27T16:09:26+08:00 ] ::1 /train/images/login.png
ERR: 无法加载模块:Images

[ 2017-02-27T16:09:28+08:00 ] ::1 /train/images/login.png
ERR: 无法加载模块:Images

[ 2017-02-27T16:09:28+08:00 ] ::1 /train/images/login.png
ERR: 无法加载模块:Images

[ 2017-02-27T16:47:00+08:00 ] ::1 /train/Application/Shopadmin/Public/images/button_bg.gif
ERR: 无法加载模块:Application

