[ 2017-02-27T13:55:03+08:00 ] ::1 /train/index.php?act=top
ERR: 模板不存在:./Application/Shopadmin/View/Index/index.html

[ 2017-02-27T13:55:03+08:00 ] ::1 /train/index.php?act=main
ERR: 模板不存在:./Application/Shopadmin/View/Index/index.html

[ 2017-02-27T13:55:03+08:00 ] ::1 /train/index.php?act=drag
ERR: 模板不存在:./Application/Shopadmin/View/Index/index.html

[ 2017-02-27T13:55:03+08:00 ] ::1 /train/index.php?act=menu
ERR: 模板不存在:./Application/Shopadmin/View/Index/index.html

[ 2017-02-27T13:55:03+08:00 ] ::1 /train/index.php?act=top
ERR: 模板不存在:./Application/Shopadmin/View/Index/index.html

[ 2017-02-27T13:55:03+08:00 ] ::1 /train/index.php?act=top
ERR: 模板不存在:./Application/Shopadmin/View/Index/index.html

[ 2017-02-27T13:55:03+08:00 ] ::1 /train/index.php?act=top
ERR: 模板不存在:./Application/Shopadmin/View/Index/index.html

[ 2017-02-27T13:55:03+08:00 ] ::1 /train/index.php?act=top
ERR: 模板不存在:./Application/Shopadmin/View/Index/index.html

[ 2017-02-27T13:55:03+08:00 ] ::1 /train/index.php?act=top
ERR: 模板不存在:./Application/Shopadmin/View/Index/index.html

[ 2017-02-27T13:55:03+08:00 ] ::1 /train/index.php?act=top
ERR: 模板不存在:./Application/Shopadmin/View/Index/index.html

[ 2017-02-27T13:55:03+08:00 ] ::1 /train/index.php?act=top
ERR: 模板不存在:./Application/Shopadmin/View/Index/index.html

[ 2017-02-27T13:55:04+08:00 ] ::1 /train/index.php?act=top
ERR: 模板不存在:./Application/Shopadmin/View/Index/index.html

[ 2017-02-27T13:55:04+08:00 ] ::1 /train/index.php?act=top
ERR: 模板不存在:./Application/Shopadmin/View/Index/index.html

[ 2017-02-27T13:55:04+08:00 ] ::1 /train/index.php?act=top
ERR: 模板不存在:./Application/Shopadmin/View/Index/index.html

[ 2017-02-27T13:55:04+08:00 ] ::1 /train/index.php?act=top
ERR: 模板不存在:./Application/Shopadmin/View/Index/index.html

[ 2017-02-27T13:55:04+08:00 ] ::1 /train/index.php?act=top
ERR: 模板不存在:./Application/Shopadmin/View/Index/index.html

[ 2017-02-27T13:55:04+08:00 ] ::1 /train/index.php?act=top
ERR: 模板不存在:./Application/Shopadmin/View/Index/index.html

[ 2017-02-27T13:55:04+08:00 ] ::1 /train/index.php?act=top
ERR: 模板不存在:./Application/Shopadmin/View/Index/index.html

[ 2017-02-27T13:55:04+08:00 ] ::1 /train/index.php?act=top
ERR: 模板不存在:./Application/Shopadmin/View/Index/index.html

[ 2017-02-27T13:55:04+08:00 ] ::1 /train/index.php?act=top
ERR: 模板不存在:./Application/Shopadmin/View/Index/index.html

[ 2017-02-27T13:55:04+08:00 ] ::1 /train/index.php?act=top
ERR: 模板不存在:./Application/Shopadmin/View/Index/index.html

[ 2017-02-27T13:55:04+08:00 ] ::1 /train/index.php?act=top
ERR: 模板不存在:./Application/Shopadmin/View/Index/index.html

[ 2017-02-27T13:55:04+08:00 ] ::1 /train/index.php?act=top
ERR: 模板不存在:./Application/Shopadmin/View/Index/index.html

[ 2017-02-27T13:55:04+08:00 ] ::1 /train/index.php?act=top
ERR: 模板不存在:./Application/Shopadmin/View/Index/index.html

[ 2017-02-27T13:55:04+08:00 ] ::1 /train/index.php?act=top
ERR: 模板不存在:./Application/Shopadmin/View/Index/index.html

[ 2017-02-27T13:55:04+08:00 ] ::1 /train/index.php?act=top
ERR: 模板不存在:./Application/Shopadmin/View/Index/index.html

[ 2017-02-27T13:55:04+08:00 ] ::1 /train/index.php?act=top
ERR: 模板不存在:./Application/Shopadmin/View/Index/index.html

[ 2017-02-27T13:55:04+08:00 ] ::1 /train/index.php?act=top
ERR: 模板不存在:./Application/Shopadmin/View/Index/index.html

[ 2017-02-27T13:55:04+08:00 ] ::1 /train/index.php?act=top
ERR: 模板不存在:./Application/Shopadmin/View/Index/index.html

[ 2017-02-27T13:55:04+08:00 ] ::1 /train/index.php?act=top
ERR: 模板不存在:./Application/Shopadmin/View/Index/index.html

[ 2017-02-27T13:55:04+08:00 ] ::1 /train/index.php?act=top
ERR: 模板不存在:./Application/Shopadmin/View/Index/index.html

[ 2017-02-27T13:55:04+08:00 ] ::1 /train/index.php?act=top
ERR: 模板不存在:./Application/Shopadmin/View/Index/index.html

[ 2017-02-27T13:55:04+08:00 ] ::1 /train/index.php?act=top
ERR: 模板不存在:./Application/Shopadmin/View/Index/index.html

[ 2017-02-27T13:55:04+08:00 ] ::1 /train/index.php?act=top
ERR: 模板不存在:./Application/Shopadmin/View/Index/index.html

[ 2017-02-27T13:55:04+08:00 ] ::1 /train/index.php?act=top
ERR: 模板不存在:./Application/Shopadmin/View/Index/index.html

[ 2017-02-27T13:55:04+08:00 ] ::1 /train/index.php?act=top
ERR: 模板不存在:./Application/Shopadmin/View/Index/index.html

[ 2017-02-27T13:55:04+08:00 ] ::1 /train/index.php?act=top
ERR: 模板不存在:./Application/Shopadmin/View/Index/index.html

[ 2017-02-27T13:55:04+08:00 ] ::1 /train/index.php?act=top
ERR: 模板不存在:./Application/Shopadmin/View/Index/index.html

[ 2017-02-27T13:55:04+08:00 ] ::1 /train/index.php?act=top
ERR: 模板不存在:./Application/Shopadmin/View/Index/index.html

[ 2017-02-27T13:55:04+08:00 ] ::1 /train/index.php?act=top
ERR: 模板不存在:./Application/Shopadmin/View/Index/index.html

[ 2017-02-27T13:55:04+08:00 ] ::1 /train/index.php?act=top
ERR: 模板不存在:./Application/Shopadmin/View/Index/index.html

[ 2017-02-27T13:55:04+08:00 ] ::1 /train/index.php?act=top
ERR: 模板不存在:./Application/Shopadmin/View/Index/index.html

[ 2017-02-27T13:55:04+08:00 ] ::1 /train/index.php?act=top
ERR: 模板不存在:./Application/Shopadmin/View/Index/index.html

[ 2017-02-27T13:55:04+08:00 ] ::1 /train/index.php?act=top
ERR: 模板不存在:./Application/Shopadmin/View/Index/index.html

[ 2017-02-27T13:55:04+08:00 ] ::1 /train/index.php?act=top
ERR: 模板不存在:./Application/Shopadmin/View/Index/index.html

[ 2017-02-27T13:55:04+08:00 ] ::1 /train/index.php?act=top
ERR: 模板不存在:./Application/Shopadmin/View/Index/index.html

[ 2017-02-27T13:55:04+08:00 ] ::1 /train/index.php?act=top
ERR: 模板不存在:./Application/Shopadmin/View/Index/index.html

[ 2017-02-27T13:55:04+08:00 ] ::1 /train/index.php?act=top
ERR: 模板不存在:./Application/Shopadmin/View/Index/index.html

[ 2017-02-27T13:55:04+08:00 ] ::1 /train/index.php?act=top
ERR: 模板不存在:./Application/Shopadmin/View/Index/index.html

[ 2017-02-27T13:55:04+08:00 ] ::1 /train/index.php?act=top
ERR: 模板不存在:./Application/Shopadmin/View/Index/index.html

[ 2017-02-27T13:55:04+08:00 ] ::1 /train/index.php?act=top
ERR: 模板不存在:./Application/Shopadmin/View/Index/index.html

[ 2017-02-27T13:55:05+08:00 ] ::1 /train/index.php?act=top
ERR: 模板不存在:./Application/Shopadmin/View/Index/index.html

[ 2017-02-27T13:55:05+08:00 ] ::1 /train/index.php?act=top
ERR: 模板不存在:./Application/Shopadmin/View/Index/index.html

[ 2017-02-27T13:55:05+08:00 ] ::1 /train/index.php?act=top
ERR: 模板不存在:./Application/Shopadmin/View/Index/index.html

[ 2017-02-27T13:55:05+08:00 ] ::1 /train/index.php?act=top
ERR: 模板不存在:./Application/Shopadmin/View/Index/index.html

[ 2017-02-27T13:55:05+08:00 ] ::1 /train/index.php?act=top
ERR: 模板不存在:./Application/Shopadmin/View/Index/index.html

[ 2017-02-27T13:55:05+08:00 ] ::1 /train/index.php?act=top
ERR: 模板不存在:./Application/Shopadmin/View/Index/index.html

[ 2017-02-27T13:55:05+08:00 ] ::1 /train/index.php?act=top
ERR: 模板不存在:./Application/Shopadmin/View/Index/index.html

[ 2017-02-27T13:55:05+08:00 ] ::1 /train/index.php?act=top
ERR: 模板不存在:./Application/Shopadmin/View/Index/index.html

[ 2017-02-27T13:55:05+08:00 ] ::1 /train/index.php?act=top
ERR: 模板不存在:./Application/Shopadmin/View/Index/index.html

[ 2017-02-27T13:55:05+08:00 ] ::1 /train/index.php?act=top
ERR: 模板不存在:./Application/Shopadmin/View/Index/index.html

[ 2017-02-27T13:55:05+08:00 ] ::1 /train/index.php?act=top
ERR: 模板不存在:./Application/Shopadmin/View/Index/index.html

[ 2017-02-27T13:55:05+08:00 ] ::1 /train/index.php?act=top
ERR: 模板不存在:./Application/Shopadmin/View/Index/index.html

[ 2017-02-27T13:55:05+08:00 ] ::1 /train/index.php?act=top
ERR: 模板不存在:./Application/Shopadmin/View/Index/index.html

[ 2017-02-27T13:55:05+08:00 ] ::1 /train/index.php?act=top
ERR: 模板不存在:./Application/Shopadmin/View/Index/index.html

[ 2017-02-27T13:55:05+08:00 ] ::1 /train/index.php?act=top
ERR: 模板不存在:./Application/Shopadmin/View/Index/index.html

[ 2017-02-27T13:55:05+08:00 ] ::1 /train/index.php?act=top
ERR: 模板不存在:./Application/Shopadmin/View/Index/index.html

[ 2017-02-27T13:55:05+08:00 ] ::1 /train/index.php?act=top
ERR: 模板不存在:./Application/Shopadmin/View/Index/index.html

[ 2017-02-27T13:55:05+08:00 ] ::1 /train/index.php?act=top
ERR: 模板不存在:./Application/Shopadmin/View/Index/index.html

[ 2017-02-27T13:55:05+08:00 ] ::1 /train/index.php?act=top
ERR: 模板不存在:./Application/Shopadmin/View/Index/index.html

[ 2017-02-27T13:55:05+08:00 ] ::1 /train/index.php?act=top
ERR: 模板不存在:./Application/Shopadmin/View/Index/index.html

[ 2017-02-27T13:58:53+08:00 ] ::1 /train/index.php?act=top
ERR: 模板不存在:./Application/Shopadmin/View/Index/index.html

[ 2017-02-27T13:58:53+08:00 ] ::1 /train/index.php?act=menu
ERR: 模板不存在:./Application/Shopadmin/View/Index/index.html

[ 2017-02-27T13:58:53+08:00 ] ::1 /train/index.php?act=drag
ERR: 模板不存在:./Application/Shopadmin/View/Index/index.html

[ 2017-02-27T13:58:53+08:00 ] ::1 /train/index.php?act=main
ERR: 模板不存在:./Application/Shopadmin/View/Index/index.html

[ 2017-02-27T13:58:53+08:00 ] ::1 /train/index.php?act=top
ERR: 模板不存在:./Application/Shopadmin/View/Index/index.html

[ 2017-02-27T13:58:53+08:00 ] ::1 /train/index.php?act=menu
ERR: 模板不存在:./Application/Shopadmin/View/Index/index.html

[ 2017-02-27T13:58:53+08:00 ] ::1 /train/index.php?act=menu
ERR: 模板不存在:./Application/Shopadmin/View/Index/index.html

[ 2017-02-27T13:58:54+08:00 ] ::1 /train/index.php?act=drag
ERR: 模板不存在:./Application/Shopadmin/View/Index/index.html

[ 2017-02-27T13:58:54+08:00 ] ::1 /train/index.php?act=menu
ERR: 模板不存在:./Application/Shopadmin/View/Index/index.html

[ 2017-02-27T13:58:54+08:00 ] ::1 /train/index.php?act=top
ERR: 模板不存在:./Application/Shopadmin/View/Index/index.html

[ 2017-02-27T13:58:54+08:00 ] ::1 /train/index.php?act=main
ERR: 模板不存在:./Application/Shopadmin/View/Index/index.html

[ 2017-02-27T13:58:54+08:00 ] ::1 /train/index.php?act=drag
ERR: 模板不存在:./Application/Shopadmin/View/Index/index.html

[ 2017-02-27T13:58:54+08:00 ] ::1 /train/index.php?act=menu
ERR: 模板不存在:./Application/Shopadmin/View/Index/index.html

[ 2017-02-27T13:58:54+08:00 ] ::1 /train/index.php?act=menu
ERR: 模板不存在:./Application/Shopadmin/View/Index/index.html

[ 2017-02-27T13:58:54+08:00 ] ::1 /train/index.php?act=menu
ERR: 模板不存在:./Application/Shopadmin/View/Index/index.html

[ 2017-02-27T13:58:54+08:00 ] ::1 /train/index.php?act=menu
ERR: 模板不存在:./Application/Shopadmin/View/Index/index.html

[ 2017-02-27T13:58:54+08:00 ] ::1 /train/index.php?act=menu
ERR: 模板不存在:./Application/Shopadmin/View/Index/index.html

[ 2017-02-27T13:58:54+08:00 ] ::1 /train/index.php?act=menu
ERR: 模板不存在:./Application/Shopadmin/View/Index/index.html

[ 2017-02-27T13:58:54+08:00 ] ::1 /train/index.php?act=menu
ERR: 模板不存在:./Application/Shopadmin/View/Index/index.html

[ 2017-02-27T13:58:54+08:00 ] ::1 /train/index.php?act=menu
ERR: 模板不存在:./Application/Shopadmin/View/Index/index.html

[ 2017-02-27T13:58:54+08:00 ] ::1 /train/index.php?act=menu
ERR: 模板不存在:./Application/Shopadmin/View/Index/index.html

[ 2017-02-27T13:58:54+08:00 ] ::1 /train/index.php?act=top
ERR: 模板不存在:./Application/Shopadmin/View/Index/index.html

[ 2017-02-27T13:58:54+08:00 ] ::1 /train/index.php?act=top
ERR: 模板不存在:./Application/Shopadmin/View/Index/index.html

[ 2017-02-27T13:58:54+08:00 ] ::1 /train/index.php?act=top
ERR: 模板不存在:./Application/Shopadmin/View/Index/index.html

[ 2017-02-27T13:58:54+08:00 ] ::1 /train/index.php?act=top
ERR: 模板不存在:./Application/Shopadmin/View/Index/index.html

[ 2017-02-27T13:58:54+08:00 ] ::1 /train/index.php?act=top
ERR: 模板不存在:./Application/Shopadmin/View/Index/index.html

[ 2017-02-27T13:58:54+08:00 ] ::1 /train/index.php?act=top
ERR: 模板不存在:./Application/Shopadmin/View/Index/index.html

[ 2017-02-27T13:58:54+08:00 ] ::1 /train/index.php?act=top
ERR: 模板不存在:./Application/Shopadmin/View/Index/index.html

[ 2017-02-27T13:58:54+08:00 ] ::1 /train/index.php?act=top
ERR: 模板不存在:./Application/Shopadmin/View/Index/index.html

[ 2017-02-27T13:58:54+08:00 ] ::1 /train/index.php?act=top
ERR: 模板不存在:./Application/Shopadmin/View/Index/index.html

[ 2017-02-27T13:58:54+08:00 ] ::1 /train/index.php?act=main
ERR: 模板不存在:./Application/Shopadmin/View/Index/index.html

[ 2017-02-27T13:58:54+08:00 ] ::1 /train/index.php?act=main
ERR: 模板不存在:./Application/Shopadmin/View/Index/index.html

[ 2017-02-27T13:58:54+08:00 ] ::1 /train/index.php?act=main
ERR: 模板不存在:./Application/Shopadmin/View/Index/index.html

[ 2017-02-27T13:58:54+08:00 ] ::1 /train/index.php?act=main
ERR: 模板不存在:./Application/Shopadmin/View/Index/index.html

[ 2017-02-27T13:58:54+08:00 ] ::1 /train/index.php?act=main
ERR: 模板不存在:./Application/Shopadmin/View/Index/index.html

[ 2017-02-27T13:58:54+08:00 ] ::1 /train/index.php?act=main
ERR: 模板不存在:./Application/Shopadmin/View/Index/index.html

[ 2017-02-27T13:58:54+08:00 ] ::1 /train/index.php?act=main
ERR: 模板不存在:./Application/Shopadmin/View/Index/index.html

[ 2017-02-27T13:58:54+08:00 ] ::1 /train/index.php?act=main
ERR: 模板不存在:./Application/Shopadmin/View/Index/index.html

[ 2017-02-27T13:58:54+08:00 ] ::1 /train/index.php?act=main
ERR: 模板不存在:./Application/Shopadmin/View/Index/index.html

[ 2017-02-27T13:58:54+08:00 ] ::1 /train/index.php?act=main
ERR: 模板不存在:./Application/Shopadmin/View/Index/index.html

[ 2017-02-27T13:58:54+08:00 ] ::1 /train/index.php?act=main
ERR: 模板不存在:./Application/Shopadmin/View/Index/index.html

[ 2017-02-27T13:58:54+08:00 ] ::1 /train/index.php?act=drag
ERR: 模板不存在:./Application/Shopadmin/View/Index/index.html

[ 2017-02-27T13:58:54+08:00 ] ::1 /train/index.php?act=drag
ERR: 模板不存在:./Application/Shopadmin/View/Index/index.html

[ 2017-02-27T13:58:54+08:00 ] ::1 /train/index.php?act=drag
ERR: 模板不存在:./Application/Shopadmin/View/Index/index.html

[ 2017-02-27T13:58:54+08:00 ] ::1 /train/index.php?act=drag
ERR: 模板不存在:./Application/Shopadmin/View/Index/index.html

[ 2017-02-27T13:58:54+08:00 ] ::1 /train/index.php?act=drag
ERR: 模板不存在:./Application/Shopadmin/View/Index/index.html

[ 2017-02-27T13:58:54+08:00 ] ::1 /train/index.php?act=drag
ERR: 模板不存在:./Application/Shopadmin/View/Index/index.html

[ 2017-02-27T13:58:54+08:00 ] ::1 /train/index.php?act=drag
ERR: 模板不存在:./Application/Shopadmin/View/Index/index.html

[ 2017-02-27T13:58:54+08:00 ] ::1 /train/index.php?act=top
ERR: 模板不存在:./Application/Shopadmin/View/Index/index.html

[ 2017-02-27T13:58:54+08:00 ] ::1 /train/index.php?act=menu
ERR: 模板不存在:./Application/Shopadmin/View/Index/index.html

[ 2017-02-27T13:58:54+08:00 ] ::1 /train/index.php?act=main
ERR: 模板不存在:./Application/Shopadmin/View/Index/index.html

[ 2017-02-27T13:58:54+08:00 ] ::1 /train/index.php?act=top
ERR: 模板不存在:./Application/Shopadmin/View/Index/index.html

[ 2017-02-27T13:58:54+08:00 ] ::1 /train/index.php?act=menu
ERR: 模板不存在:./Application/Shopadmin/View/Index/index.html

[ 2017-02-27T13:58:54+08:00 ] ::1 /train/index.php?act=drag
ERR: 模板不存在:./Application/Shopadmin/View/Index/index.html

[ 2017-02-27T13:58:54+08:00 ] ::1 /train/index.php?act=main
ERR: 模板不存在:./Application/Shopadmin/View/Index/index.html

[ 2017-02-27T13:58:54+08:00 ] ::1 /train/index.php?act=menu
ERR: 模板不存在:./Application/Shopadmin/View/Index/index.html

[ 2017-02-27T13:58:54+08:00 ] ::1 /train/index.php?act=drag
ERR: 模板不存在:./Application/Shopadmin/View/Index/index.html

[ 2017-02-27T13:58:54+08:00 ] ::1 /train/index.php?act=main
ERR: 模板不存在:./Application/Shopadmin/View/Index/index.html

[ 2017-02-27T13:58:55+08:00 ] ::1 /train/index.php?act=top
ERR: 模板不存在:./Application/Shopadmin/View/Index/index.html

[ 2017-02-27T13:58:55+08:00 ] ::1 /train/index.php?act=menu
ERR: 模板不存在:./Application/Shopadmin/View/Index/index.html

[ 2017-02-27T13:58:55+08:00 ] ::1 /train/index.php?act=drag
ERR: 模板不存在:./Application/Shopadmin/View/Index/index.html

[ 2017-02-27T13:58:55+08:00 ] ::1 /train/index.php?act=main
ERR: 模板不存在:./Application/Shopadmin/View/Index/index.html

[ 2017-02-27T13:58:55+08:00 ] ::1 /train/index.php?act=top
ERR: 模板不存在:./Application/Shopadmin/View/Index/index.html

[ 2017-02-27T13:58:55+08:00 ] ::1 /train/index.php?act=menu
ERR: 模板不存在:./Application/Shopadmin/View/Index/index.html

[ 2017-02-27T13:58:55+08:00 ] ::1 /train/index.php?act=main
ERR: 模板不存在:./Application/Shopadmin/View/Index/index.html

[ 2017-02-27T13:58:55+08:00 ] ::1 /train/index.php?act=top
ERR: 模板不存在:./Application/Shopadmin/View/Index/index.html

[ 2017-02-27T13:58:55+08:00 ] ::1 /train/index.php?act=menu
ERR: 模板不存在:./Application/Shopadmin/View/Index/index.html

[ 2017-02-27T13:58:55+08:00 ] ::1 /train/index.php?act=drag
ERR: 模板不存在:./Application/Shopadmin/View/Index/index.html

[ 2017-02-27T14:00:02+08:00 ] ::1 /train/
ERR: 模板不存在:./Application/Shopadmin/View/Index/index.html

[ 2017-02-27T14:00:18+08:00 ] ::1 /train/
ERR: 模板不存在:./Application/Shopadmin/View/Index/index.html

[ 2017-02-27T15:54:02+08:00 ] ::1 /train/shopadmin
ERR: 模板不存在:./Application/Shopadmin/View//addm/index.html

[ 2017-02-27T15:54:10+08:00 ] ::1 /train/shopadmin
ERR: 模板不存在:./Application/Shopadmin/View/ddm/index.html

