[ 2017-03-07T14:17:05+08:00 ] ::1 /train/Home/Index/user.php
ERR: 非法操作:user.php

[ 2017-03-07T14:17:08+08:00 ] ::1 /train/Home/Index/category.php?id=3
ERR: 非法操作:category.php

[ 2017-03-07T14:20:16+08:00 ] ::1 /train/Home/Index/user.php
ERR: 非法操作:user.php

[ 2017-03-07T14:23:18+08:00 ] ::1 /train/Home/Index/user.php
ERR: 非法操作:user.php

[ 2017-03-07T14:24:04+08:00 ] ::1 /train/Home/Index/user.php
ERR: 非法操作:user.php

[ 2017-03-07T14:51:01+08:00 ] ::1 /train/Home/User/affiliate.php?charset=&gid=&u=&type=
ERR: 非法操作:affiliate.php

[ 2017-03-07T14:51:01+08:00 ] ::1 /train/Home/User/affiliate.php?charset=&gid=&u=&type=
ERR: 非法操作:affiliate.php

[ 2017-03-07T14:51:28+08:00 ] ::1 /train/Home/User/affiliate.php?charset=&gid=&u=&type=
ERR: 非法操作:affiliate.php

[ 2017-03-07T14:52:31+08:00 ] ::1 /train/Home/User/affiliate.php?charset=&gid=&u=&type=
ERR: 非法操作:affiliate.php

[ 2017-03-07T14:52:32+08:00 ] ::1 /train/Home/User/affiliate.php?charset=&gid=&u=&type=
ERR: 非法操作:affiliate.php

[ 2017-03-07T14:52:33+08:00 ] ::1 /train/Home/User/affiliate.php?charset=&gid=&u=&type=
ERR: 非法操作:affiliate.php

[ 2017-03-07T14:52:34+08:00 ] ::1 /train/Home/User/affiliate.php?charset=&gid=&u=&type=
ERR: 非法操作:affiliate.php

[ 2017-03-07T14:53:16+08:00 ] ::1 /train/Home/User/affiliate.php?charset=&gid=&u=&type=
ERR: 非法操作:affiliate.php

[ 2017-03-07T14:54:20+08:00 ] ::1 /train/Home/User/affiliate.php?charset=&gid=&u=&type=
ERR: 非法操作:affiliate.php

[ 2017-03-07T14:54:23+08:00 ] ::1 /train/Home/index.php
ERR: 无法加载控制器:Index.php

[ 2017-03-07T14:54:25+08:00 ] ::1 /train/Home/User/affiliate.php?charset=&gid=&u=&type=
ERR: 非法操作:affiliate.php

[ 2017-03-07T14:55:02+08:00 ] ::1 /train/Home/User/affiliate.php?charset=&gid=&u=&type=
ERR: 非法操作:affiliate.php

[ 2017-03-07T14:55:03+08:00 ] ::1 /train/Home/User/affiliate.php?charset=&gid=&u=&type=
ERR: 非法操作:affiliate.php

[ 2017-03-07T14:55:04+08:00 ] ::1 /train/Home/User/affiliate.php?charset=&gid=&u=&type=
ERR: 非法操作:affiliate.php

[ 2017-03-07T14:55:05+08:00 ] ::1 /train/Home/User/affiliate.php?charset=&gid=&u=&type=
ERR: 非法操作:affiliate.php

[ 2017-03-07T14:55:06+08:00 ] ::1 /train/Home/User/affiliate.php?charset=&gid=&u=&type=
ERR: 非法操作:affiliate.php

[ 2017-03-07T14:55:20+08:00 ] ::1 /train/Home/User/affiliate.php?charset=&gid=&u=&type=
ERR: 非法操作:affiliate.php

[ 2017-03-07T14:55:24+08:00 ] ::1 /train/Home/User/affiliate.php?charset=&gid=&u=&type=
ERR: 非法操作:affiliate.php

[ 2017-03-07T14:56:11+08:00 ] ::1 /train/Home/User/affiliate.php?charset=&gid=&u=&type=
ERR: 非法操作:affiliate.php

[ 2017-03-07T14:56:12+08:00 ] ::1 /train/Home/User/affiliate.php?charset=&gid=&u=&type=
ERR: 非法操作:affiliate.php

[ 2017-03-07T14:59:21+08:00 ] ::1 /train/Home/User/affiliate.php?charset=&gid=&u=&type=
ERR: 非法操作:affiliate.php

[ 2017-03-07T14:59:23+08:00 ] ::1 /train/Home/User/affiliate.php?charset=&gid=&u=&type=
ERR: 非法操作:affiliate.php

[ 2017-03-07T15:02:06+08:00 ] ::1 /train/Home/User/affiliate.php?charset=&gid=&u=&type=
ERR: 非法操作:affiliate.php

[ 2017-03-07T15:03:05+08:00 ] ::1 /train/Home/User/affiliate.php?charset=&gid=&u=&type=
ERR: 非法操作:affiliate.php

[ 2017-03-07T15:03:06+08:00 ] ::1 /train/Home/User/affiliate.php?charset=&gid=&u=&type=
ERR: 非法操作:affiliate.php

[ 2017-03-07T15:03:07+08:00 ] ::1 /train/Home/User/affiliate.php?charset=&gid=&u=&type=
ERR: 非法操作:affiliate.php

[ 2017-03-07T15:05:56+08:00 ] ::1 /train/Home/User/affiliate.php?charset=&gid=&u=&type=
ERR: 非法操作:affiliate.php

[ 2017-03-07T15:06:05+08:00 ] ::1 /train/Home/User/affiliate.php?charset=&gid=&u=&type=
ERR: 非法操作:affiliate.php

[ 2017-03-07T15:24:39+08:00 ] ::1 /train/Home/User/affiliate.php?charset=&gid=&u=&type=
ERR: 非法操作:affiliate.php

[ 2017-03-07T15:26:48+08:00 ] ::1 /train/Home/User/affiliate.php?charset=&gid=&u=&type=
ERR: 非法操作:affiliate.php

[ 2017-03-07T15:28:53+08:00 ] ::1 /train/Home/Index/user.php?act=register
ERR: 非法操作:user.php

[ 2017-03-07T15:49:21+08:00 ] ::1 /train/Home/User/affiliate.php?charset=&gid=&u=&type=
ERR: 非法操作:affiliate.php

[ 2017-03-07T17:39:32+08:00 ] ::1 /train/Home/User/affiliate.php?charset=&gid=&u=&type=
ERR: 非法操作:affiliate.php

[ 2017-03-07T17:42:35+08:00 ] ::1 /train/Home/User/index.html
ERR: 1146:Table 'train_sp.ap_user_bonus' doesn't exist
 [ SQL语句 ] : SHOW COLUMNS FROM `ap_user_bonus`

[ 2017-03-07T17:55:04+08:00 ] ::1 /train/Home/User/index.html
ERR: Think\Model:get_order_count方法不存在！

[ 2017-03-07T17:55:26+08:00 ] ::1 /train/Home/User/affiliate.php?charset=&gid=&u=&type=
ERR: 非法操作:affiliate.php

[ 2017-03-07T17:55:28+08:00 ] ::1 /train/Home/User/affiliate.php?charset=&gid=&u=&type=
ERR: 非法操作:affiliate.php

[ 2017-03-07T17:55:29+08:00 ] ::1 /train/Home/User/affiliate.php?charset=&gid=&u=&type=
ERR: 非法操作:affiliate.php

[ 2017-03-07T17:55:30+08:00 ] ::1 /train/Home/User/affiliate.php?charset=&gid=&u=&type=
ERR: 非法操作:affiliate.php

[ 2017-03-07T18:13:11+08:00 ] ::1 /train/Home/User/index.html
ERR: 1054:Unknown column 'order_id' in 'field list'
 [ SQL语句 ] : SELECT `order_id`,`order_sn` FROM `sp_users` WHERE `user_id` = 2 

[ 2017-03-07T18:24:56+08:00 ] ::1 /train/Home/User/affiliate.php?charset=&gid=&u=&type=
ERR: 非法操作:affiliate.php

[ 2017-03-07T18:28:47+08:00 ] ::1 /train/Home/User/affiliate.php?charset=&gid=&u=&type=
ERR: 非法操作:affiliate.php

[ 2017-03-07T18:29:47+08:00 ] ::1 /train/Home/User/affiliate.php?charset=&gid=&u=&type=
ERR: 非法操作:affiliate.php

[ 2017-03-07T18:36:21+08:00 ] ::1 /train/Home/User/affiliate.php?charset=&gid=&u=&type=
ERR: 非法操作:affiliate.php

[ 2017-03-07T18:36:22+08:00 ] ::1 /train/Home/User/affiliate.php?charset=&gid=&u=&type=
ERR: 非法操作:affiliate.php

[ 2017-03-07T19:24:41+08:00 ] ::1 /train/Home/User/index.html
ERR: Think\Model:get_count_by_id方法不存在！

[ 2017-03-07T19:25:23+08:00 ] ::1 /train/Home/User/index.html
ERR: Think\Model:get_count_by_id方法不存在！

[ 2017-03-07T19:25:24+08:00 ] ::1 /train/Home/User/index.html
ERR: Think\Model:get_count_by_id方法不存在！

[ 2017-03-07T19:25:24+08:00 ] ::1 /train/Home/User/index.html
ERR: Think\Model:get_count_by_id方法不存在！

[ 2017-03-07T19:25:24+08:00 ] ::1 /train/Home/User/index.html
ERR: Think\Model:get_count_by_id方法不存在！

[ 2017-03-07T19:25:24+08:00 ] ::1 /train/Home/User/index.html
ERR: Think\Model:get_count_by_id方法不存在！

[ 2017-03-07T19:26:02+08:00 ] ::1 /train/Home/User/index.html
ERR: Think\Model:get_count_by_id方法不存在！

[ 2017-03-07T19:26:03+08:00 ] ::1 /train/Home/User/index.html
ERR: Think\Model:get_count_by_id方法不存在！

[ 2017-03-07T19:26:03+08:00 ] ::1 /train/Home/User/index.html
ERR: Think\Model:get_count_by_id方法不存在！

[ 2017-03-07T19:26:03+08:00 ] ::1 /train/Home/User/index.html
ERR: Think\Model:get_count_by_id方法不存在！

[ 2017-03-07T19:26:04+08:00 ] ::1 /train/Home/User/index.html
ERR: Think\Model:get_count_by_id方法不存在！

[ 2017-03-07T19:26:04+08:00 ] ::1 /train/Home/User/index.html
ERR: Think\Model:get_count_by_id方法不存在！

[ 2017-03-07T19:26:46+08:00 ] ::1 /train/Home/User/index.html
ERR: Think\Model:get_count_by_id方法不存在！

[ 2017-03-07T19:26:46+08:00 ] ::1 /train/Home/User/index.html
ERR: Think\Model:get_count_by_id方法不存在！

[ 2017-03-07T19:26:46+08:00 ] ::1 /train/Home/User/index.html
ERR: Think\Model:get_count_by_id方法不存在！

[ 2017-03-07T19:28:20+08:00 ] ::1 /train/Home/User/index.html
ERR: Think\Model:get_count_by_id方法不存在！

[ 2017-03-07T19:28:21+08:00 ] ::1 /train/Home/User/index.html
ERR: Think\Model:get_count_by_id方法不存在！

[ 2017-03-07T19:28:21+08:00 ] ::1 /train/Home/User/index.html
ERR: Think\Model:get_count_by_id方法不存在！

[ 2017-03-07T19:28:21+08:00 ] ::1 /train/Home/User/index.html
ERR: Think\Model:get_count_by_id方法不存在！

[ 2017-03-07T19:28:45+08:00 ] ::1 /train/Home/User/index.html
ERR: Think\Model:get_count_by_extensionid方法不存在！

[ 2017-03-07T19:28:46+08:00 ] ::1 /train/Home/User/index.html
ERR: Think\Model:get_count_by_extensionid方法不存在！

[ 2017-03-07T19:28:46+08:00 ] ::1 /train/Home/User/index.html
ERR: Think\Model:get_count_by_extensionid方法不存在！

[ 2017-03-07T19:28:46+08:00 ] ::1 /train/Home/User/index.html
ERR: Think\Model:get_count_by_extensionid方法不存在！

[ 2017-03-07T21:55:29+08:00 ] ::1 /train/Home/User/affiliate.php?charset=&gid=&u=&type=
ERR: 非法操作:affiliate.php

