[ 2017-03-15T11:20:29+08:00 ] ::1 /train/
ERR: SQLSTATE[HY000] [1045] Access denied for user 'root'@'localhost' (using password: NO)

[ 2017-03-15T11:20:58+08:00 ] ::1 /train/
ERR: SQLSTATE[HY000] [1045] Access denied for user 'root'@'localhost' (using password: NO)

[ 2017-03-15T11:21:32+08:00 ] ::1 /train/
ERR: SQLSTATE[HY000] [1045] Access denied for user 'root'@'localhost' (using password: NO)

[ 2017-03-15T11:21:32+08:00 ] ::1 /train/
ERR: SQLSTATE[HY000] [1045] Access denied for user 'root'@'localhost' (using password: NO)

[ 2017-03-15T11:21:35+08:00 ] ::1 /train/
ERR: SQLSTATE[HY000] [1045] Access denied for user 'root'@'localhost' (using password: NO)

[ 2017-03-15T11:21:36+08:00 ] ::1 /train/
ERR: SQLSTATE[HY000] [1045] Access denied for user 'root'@'localhost' (using password: NO)

[ 2017-03-15T11:21:42+08:00 ] ::1 /train/Home/User/index.html
ERR: SQLSTATE[HY000] [1045] Access denied for user 'root'@'localhost' (using password: NO)

[ 2017-03-15T11:38:42+08:00 ] ::1 /train/Home/User/index.html
ERR: SQLSTATE[HY000] [1045] Access denied for user 'root'@'localhost' (using password: NO)

[ 2017-03-15T11:49:10+08:00 ] ::1 /train/Home/User/index.html
ERR: SQLSTATE[HY000] [1045] Access denied for user 'root'@'localhost' (using password: NO)

[ 2017-03-15T12:04:11+08:00 ] ::1 /train/Home/User/index.html
ERR: SQLSTATE[HY000] [1049] Unknown database 'train_sp'

[ 2017-03-15T16:09:31+08:00 ] ::1 /train/Home/User/act_login.html
ERR: Think\Model:check_user方法不存在！

[ 2017-03-15T16:21:51+08:00 ] ::1 /train/Home/User/act_login.html
ERR: Think\Model:getfields方法不存在！

[ 2017-03-15T16:22:13+08:00 ] ::1 /train/Home/User/act_login.html
ERR: Think\Model:getFields方法不存在！

[ 2017-03-15T16:25:02+08:00 ] ::1 /train/Home/User/act_login.html
ERR: Think\Model:getFields方法不存在！

[ 2017-03-15T17:06:34+08:00 ] ::1 /train/Home/Message/show_message.html
ERR: 参数错误或者未定义:content

[ 2017-03-15T17:11:38+08:00 ] ::1 /train/Home/Message/show_message.html
ERR: 参数错误或者未定义:content

[ 2017-03-15T17:11:39+08:00 ] ::1 /train/Home/Message/show_message.html
ERR: 参数错误或者未定义:content

[ 2017-03-15T17:11:39+08:00 ] ::1 /train/Home/Message/show_message.html
ERR: 参数错误或者未定义:content

[ 2017-03-15T17:11:40+08:00 ] ::1 /train/Home/Message/show_message.html
ERR: 参数错误或者未定义:content

[ 2017-03-15T17:11:40+08:00 ] ::1 /train/Home/Message/show_message.html
ERR: 参数错误或者未定义:content

[ 2017-03-15T17:12:22+08:00 ] ::1 /train/Home/Message/show_message.html
ERR: 模板不存在:./Shop/Home/View/lbi/message.html

[ 2017-03-15T17:14:20+08:00 ] ::1 /train/Home/Message/show_message.html
ERR: 参数错误或者未定义:params

[ 2017-03-15T17:17:43+08:00 ] ::1 /train/Home/Message
ERR: 非法操作:index

[ 2017-03-15T17:30:15+08:00 ] ::1 /train/index.php?s=/Home/Message/show_message/content/%E7%94%A8%E6%88%B7%E5%90%8D%E6%88%96%E5%AF%86%E7%A0%81%E9%94%99%E8%AF%AF/link/%E9%87%8D%E6%96%B0%E7%99%BB%E5%BD%95/href/%2Ftrain%2Findex.php%3Fs%3D%2FHome%2FUser%2Findex.html/type/error.html
ERR: 模板不存在:./Shop/Home/View/Message/message.dwt.html

