[ 2017-03-08T11:01:32+08:00 ] ::1 /train/Home/User/affiliate.php?charset=&gid=&u=&type=
ERR: 非法操作:affiliate.php

[ 2017-03-08T11:02:25+08:00 ] ::1 /train/Home/User/affiliate.php?charset=&gid=&u=&type=
ERR: 非法操作:affiliate.php

[ 2017-03-08T11:02:39+08:00 ] ::1 /train/Home/User/affiliate.php?charset=&gid=&u=&type=
ERR: 非法操作:affiliate.php

[ 2017-03-08T11:03:00+08:00 ] ::1 /train/Home/User/affiliate.php?charset=&gid=&u=&type=
ERR: 非法操作:affiliate.php

[ 2017-03-08T11:52:22+08:00 ] ::1 /train/Home/User/affiliate.php?charset=&gid=&u=&type=
ERR: 非法操作:affiliate.php

[ 2017-03-08T11:52:24+08:00 ] ::1 /train/Home/User/affiliate.php?charset=&gid=&u=&type=
ERR: 非法操作:affiliate.php

[ 2017-03-08T12:03:17+08:00 ] ::1 /train/Home/User/affiliate.php?charset=&gid=&u=&type=
ERR: 非法操作:affiliate.php

[ 2017-03-08T13:04:08+08:00 ] ::1 /train/Home/User/affiliate.php?charset=&gid=&u=&type=
ERR: 非法操作:affiliate.php

[ 2017-03-08T13:10:42+08:00 ] ::1 /train/Home/User/affiliate.php?charset=&gid=&u=&type=
ERR: 非法操作:affiliate.php

[ 2017-03-08T13:26:08+08:00 ] ::1 /train/Home/User/affiliate.php?charset=&gid=&u=&type=
ERR: 非法操作:affiliate.php

[ 2017-03-08T13:40:19+08:00 ] ::1 /train/Home/User/affiliate.php?charset=&gid=&u=&type=
ERR: 非法操作:affiliate.php

[ 2017-03-08T13:47:40+08:00 ] ::1 /train/Home/User/affiliate.php?charset=&gid=&u=&type=
ERR: 非法操作:affiliate.php

[ 2017-03-08T13:47:42+08:00 ] ::1 /train/Home/User/affiliate.php?charset=&gid=&u=&type=
ERR: 非法操作:affiliate.php

[ 2017-03-08T14:53:53+08:00 ] ::1 /train/Home/User/index.html
ERR: XML标签语法错误 : $action eq 'collection_list'

[ 2017-03-08T14:54:16+08:00 ] ::1 /train/Home/User/affiliate.php?charset=&gid=&u=&type=
ERR: 非法操作:affiliate.php

[ 2017-03-08T14:56:28+08:00 ] ::1 /train/Home/User/affiliate.php?charset=&gid=&u=&type=
ERR: 非法操作:affiliate.php

[ 2017-03-08T19:37:36+08:00 ] ::1 /train/Home/User/captcha.php?is_login=1&
ERR: 非法操作:captcha.php

[ 2017-03-08T19:37:37+08:00 ] ::1 /train/Home/User/captcha.php?
ERR: 非法操作:captcha.php

[ 2017-03-08T20:18:04+08:00 ] ::1 /train/Home/User/captcha.php?
ERR: 非法操作:captcha.php

[ 2017-03-08T20:18:04+08:00 ] ::1 /train/Home/User/captcha.php?is_login=1&
ERR: 非法操作:captcha.php

