[ 2017-03-03T12:58:49+08:00 ] ::1 /train/admin
ERR: 1064:You have an error in your SQL syntax; check the manual that corresponds to your MySQL server version for the right syntax to use near ') ) LIMIT 1' at line 1
 [ SQL语句 ] : SELECT COUNT(*) AS tp_count FROM `sp_order_info` WHERE `order_status` IN (1,5,6) AND `shipping_status` IN (0,3,5) AND (  `pay_status` IN (1,2) OR `pay_id` IN () ) LIMIT 1  

[ 2017-03-03T12:58:49+08:00 ] ::1 /train/admin
ERR: 1064:You have an error in your SQL syntax; check the manual that corresponds to your MySQL server version for the right syntax to use near ') ) LIMIT 1' at line 1
 [ SQL语句 ] : SELECT COUNT(*) AS tp_count FROM `sp_order_info` WHERE `order_status` IN (1,5,6) AND `shipping_status` IN (0,3,5) AND (  `pay_status` IN (1,2) OR `pay_id` IN () ) LIMIT 1  

[ 2017-03-03T12:59:52+08:00 ] ::1 /train/admin
ERR: 1054:Unknown column 'Array' in 'where clause'
 [ SQL语句 ] : SELECT COUNT(*) AS tp_count FROM `sp_order_info` WHERE `order_status` IN (1,5,6) AND `shipping_status` IN (0,3,5) AND (  `pay_status` IN (1,2) OR `pay_id` IN (Array,Array,Array,Array,Array,Array,Array,Array,Array,Array,Array,Array,Array,Array,Array,Array,Array,Array,Array) ) LIMIT 1  

[ 2017-03-03T13:00:43+08:00 ] ::1 /train/admin
ERR: Think\Model:payment_id_list方法不存在！

[ 2017-03-03T13:03:03+08:00 ] ::1 /train/admin
ERR: 1146:Table 'train_sp.payment' doesn't exist
 [ SQL语句 ] : SHOW COLUMNS FROM `payment`

[ 2017-03-03T13:07:00+08:00 ] ::1 /train/admin
ERR: Think\Model:getFields方法不存在！

[ 2017-03-03T13:07:59+08:00 ] ::1 /train/admin
ERR: 1054:Unknown column 'pay_idd' in 'field list'
 [ SQL语句 ] : SELECT `pay_idd` FROM `sp_payment` WHERE `is_cod` = 1 

[ 2017-03-03T14:46:39+08:00 ] ::1 /train/admin
ERR: 1111:Invalid use of group function
 [ SQL语句 ] : SELECT * FROM `sp_order_info` WHERE COUNT(*) = 'oCount' AND IFNULL(SUM(order_amount), 0) = 'oAmount' LIMIT 1  

[ 2017-03-03T14:50:56+08:00 ] ::1 /train/Admin/Login/login.html
INFO: [ app_begin ] --START--
INFO: Run Behavior\ReadHtmlCacheBehavior [ RunTime:0.000000s ]
INFO: [ app_begin ] --END-- [ RunTime:0.000000s ]
SQL: SHOW COLUMNS FROM `sp_admin_user` [ RunTime:0.0000s ]
SQL: SELECT `ec_salt` FROM `sp_admin_user` WHERE `user_name` = 'admin' LIMIT 1   [ RunTime:0.0156s ]
NOTIC: [8] Undefined variable: sqlt E:\wamp\www\train\Shop\Admin\Model\AdminUserModel.class.php 第 14 行.
SQL: SELECT user_id, user_name,`password`,`last_login`,`action_list`,`last_login`,`suppliers_id`,`ec_salt` FROM `sp_admin_user` WHERE `user_name` = 'admin' AND `password` = 'eff85d38d18a04f3905db1128cd915d6' LIMIT 1   [ RunTime:0.0000s ]

[ 2017-03-03T14:50:56+08:00 ] ::1 /train/Admin/Index/styles/general.css
ERR: 非法操作:styles

[ 2017-03-03T15:01:41+08:00 ] ::1 /train/Admin/Index/index.html
ERR: 1146:Table 'train_sp.sp_new_repay' doesn't exist
 [ SQL语句 ] : SHOW COLUMNS FROM `sp_new_repay`

[ 2017-03-03T15:02:42+08:00 ] ::1 /train/Admin/Index/styles/general.css
ERR: 非法操作:styles

[ 2017-03-03T15:35:50+08:00 ] ::1 /train/Admin/Index/styles/general.css
ERR: 非法操作:styles

[ 2017-03-03T15:56:07+08:00 ] ::1 /train/Admin/Index/styles/general.css
ERR: 非法操作:styles

[ 2017-03-03T15:58:58+08:00 ] ::1 /train/Admin/Index/index.html
ERR: Think\Model:order_count_all方法不存在！

[ 2017-03-03T15:59:14+08:00 ] ::1 /train/Admin/Index/index.html
ERR: Think\Model:order_count_all方法不存在！

[ 2017-03-03T15:59:14+08:00 ] ::1 /train/Admin/Index/index.html
ERR: Think\Model:order_count_all方法不存在！

[ 2017-03-03T15:59:15+08:00 ] ::1 /train/Admin/Index/index.html
ERR: Think\Model:order_count_all方法不存在！

[ 2017-03-03T15:59:15+08:00 ] ::1 /train/Admin/Index/index.html
ERR: Think\Model:order_count_all方法不存在！

[ 2017-03-03T15:59:15+08:00 ] ::1 /train/Admin/Index/index.html
ERR: Think\Model:order_count_all方法不存在！

[ 2017-03-03T15:59:15+08:00 ] ::1 /train/Admin/Index/index.html
ERR: Think\Model:order_count_all方法不存在！

[ 2017-03-03T15:59:40+08:00 ] ::1 /train/Admin/Index/styles/general.css
ERR: 非法操作:styles

[ 2017-03-03T16:01:44+08:00 ] ::1 /train/Admin/Index/index.html
ERR: Think\Model:goods_admin_count方法不存在！

[ 2017-03-03T16:01:52+08:00 ] ::1 /train/Admin/Index/styles/general.css
ERR: 非法操作:styles

[ 2017-03-03T16:11:01+08:00 ] ::1 /train/Admin/Index/styles/general.css
ERR: 非法操作:styles

